13:20:01 **** Incremental Build of configuration Debug for project lab2_simple ****
make pre-build main-build 
make: Warning: File 'src/subdir.mk' has modification time 18 s in the future
a9-linaro-pre-build-step
 
make: warning:  Clock skew detected.  Your build may be incomplete.
make: Nothing to be done for 'main-build'.
13:22:20 **** Incremental Build of configuration Debug for project lab2_simple ****
make pre-build main-build 
make: Warning: File 'src/subdir.mk' has modification time 18 s in the future
a9-linaro-pre-build-step
 
make: Nothing to be done for 'main-build'.
make: warning:  Clock skew detected.  Your build may be incomplete.
13:22:26 **** Incremental Build of configuration Debug for project lab2_simple ****
make pre-build main-build 
make: Warning: File 'src/subdir.mk' has modification time 18 s in the future
a9-linaro-pre-build-step
 
make: warning:  Clock skew detected.  Your build may be incomplete.
make: Nothing to be done for 'main-build'.
13:23:10 **** Incremental Build of configuration Debug for project lab2_simple ****
make pre-build main-build 
make: Warning: File 'src/subdir.mk' has modification time 18 s in the future
a9-linaro-pre-build-step
 
make: Nothing to be done for 'main-build'.
make: warning:  Clock skew detected.  Your build may be incomplete.
13:27:20 **** Incremental Build of configuration Debug for project lab2_simple ****
make pre-build main-build 
make: Warning: File 'src/subdir.mk' has modification time 18 s in the future
a9-linaro-pre-build-step
 
make: warning:  Clock skew detected.  Your build may be incomplete.
make: Nothing to be done for 'main-build'.
13:27:40 **** Incremental Build of configuration Debug for project lab2_simple ****
make pre-build main-build 
make: Warning: File 'src/subdir.mk' has modification time 18 s in the future
a9-linaro-pre-build-step
 
make: warning:  Clock skew detected.  Your build may be incomplete.
make: Nothing to be done for 'main-build'.
13:29:27 **** Incremental Build of configuration Debug for project lab2_simple ****
make pre-build main-build 
make: Warning: File 'src/subdir.mk' has modification time 18 s in the future
a9-linaro-pre-build-step
 
make: Nothing to be done for 'main-build'.
make: warning:  Clock skew detected.  Your build may be incomplete.
