

================================================================
== Vivado HLS Report for 'array_io'
================================================================
* Date:           Tue May 16 14:11:51 2017

* Version:        2016.4 (Build 1756540 on Mon Jan 23 19:31:01 MST 2017)
* Project:        array_io_prj
* Solution:       solution4
* Product family: kintex7
* Target device:  xc7k160tfbg484-1


================================================================
== Performance Estimates
================================================================
+ Timing (ns): 
    * Summary: 
    +--------+-------+----------+------------+
    |  Clock | Target| Estimated| Uncertainty|
    +--------+-------+----------+------------+
    |ap_clk  |   4.00|      2.96|        0.50|
    +--------+-------+----------+------------+

+ Latency (clock cycles): 
    * Summary: 
    +-----+-----+-----+-----+---------+
    |  Latency  |  Interval | Pipeline|
    | min | max | min | max |   Type  |
    +-----+-----+-----+-----+---------+
    |    2|    2|    3|    3|   none  |
    +-----+-----+-----+-----+---------+

    + Detail: 
        * Instance: 
        N/A

        * Loop: 
        N/A

============================================================
+ Verbose Summary: Synthesis Manager
============================================================
InlineROM: 1
ExposeGlobal: 0
============================================================
+ Verbose Summary: CDFG Model
============================================================
IsTopModel: 1
ResetActiveHigh: 1
IsCombinational: 0
IsDatapathOnly: 0
HasWiredReturn: 1
HasMFsm: 0
HasVarLatency: 1
IsPipeline: 0
IsRtlPipelined: 0
IsInstanceOverlapped: 0
IsDontTouch: 0
HasImplIP: 0
IsGatedGlobalClock: 0


============================================================
+ Verbose Summary: Schedule
============================================================
* Number of FSM states: 3
* Pipeline: 0
* Dataflow Pipeline: 0

* FSM state transitions: 
1 --> 
	2  / true
2 --> 
	3  / true
3 --> 
* FSM state operations: 

 <State 1>: 1.46ns
ST_1: acc_0_load (139)  [1/1] 0.00ns  loc: array_io.c:66
:66  %acc_0_load = load i32* @acc_0, align 4

ST_1: d_i_0_read (140)  [1/1] 0.00ns  loc: array_io.c:66
:67  %d_i_0_read = call i16 @_ssdm_op_Read.ap_auto.i16P(i16* %d_i_0)

ST_1: tmp (142)  [1/1] 0.00ns  loc: array_io.c:66
:69  %tmp = trunc i32 %acc_0_load to i16

ST_1: tmp_s (143)  [1/1] 1.46ns  loc: array_io.c:67
:70  %tmp_s = add i16 %d_i_0_read, %tmp

ST_1: acc_1_load (145)  [1/1] 0.00ns  loc: array_io.c:66
:72  %acc_1_load = load i32* @acc_1, align 4

ST_1: d_i_1_read (146)  [1/1] 0.00ns  loc: array_io.c:66
:73  %d_i_1_read = call i16 @_ssdm_op_Read.ap_auto.i16P(i16* %d_i_1)

ST_1: tmp_1 (148)  [1/1] 0.00ns  loc: array_io.c:66
:75  %tmp_1 = trunc i32 %acc_1_load to i16

ST_1: tmp_4_1 (149)  [1/1] 1.46ns  loc: array_io.c:67
:76  %tmp_4_1 = add i16 %d_i_1_read, %tmp_1

ST_1: acc_2_load (151)  [1/1] 0.00ns  loc: array_io.c:66
:78  %acc_2_load = load i32* @acc_2, align 4

ST_1: d_i_2_read (152)  [1/1] 0.00ns  loc: array_io.c:66
:79  %d_i_2_read = call i16 @_ssdm_op_Read.ap_auto.i16P(i16* %d_i_2)

ST_1: tmp_3 (154)  [1/1] 0.00ns  loc: array_io.c:66
:81  %tmp_3 = trunc i32 %acc_2_load to i16

ST_1: tmp_4_2 (155)  [1/1] 1.46ns  loc: array_io.c:67
:82  %tmp_4_2 = add i16 %d_i_2_read, %tmp_3

ST_1: acc_3_load (157)  [1/1] 0.00ns  loc: array_io.c:66
:84  %acc_3_load = load i32* @acc_3, align 4

ST_1: d_i_3_read (158)  [1/1] 0.00ns  loc: array_io.c:66
:85  %d_i_3_read = call i16 @_ssdm_op_Read.ap_auto.i16P(i16* %d_i_3)

ST_1: tmp_4 (160)  [1/1] 0.00ns  loc: array_io.c:66
:87  %tmp_4 = trunc i32 %acc_3_load to i16

ST_1: tmp_4_3 (161)  [1/1] 1.46ns  loc: array_io.c:67
:88  %tmp_4_3 = add i16 %d_i_3_read, %tmp_4

ST_1: acc_4_load (163)  [1/1] 0.00ns  loc: array_io.c:66
:90  %acc_4_load = load i32* @acc_4, align 4

ST_1: d_i_4_read (164)  [1/1] 0.00ns  loc: array_io.c:66
:91  %d_i_4_read = call i16 @_ssdm_op_Read.ap_auto.i16P(i16* %d_i_4)

ST_1: tmp_5 (166)  [1/1] 0.00ns  loc: array_io.c:66
:93  %tmp_5 = trunc i32 %acc_4_load to i16

ST_1: tmp_4_4 (167)  [1/1] 1.46ns  loc: array_io.c:67
:94  %tmp_4_4 = add i16 %d_i_4_read, %tmp_5

ST_1: acc_5_load (169)  [1/1] 0.00ns  loc: array_io.c:66
:96  %acc_5_load = load i32* @acc_5, align 4

ST_1: d_i_5_read (170)  [1/1] 0.00ns  loc: array_io.c:66
:97  %d_i_5_read = call i16 @_ssdm_op_Read.ap_auto.i16P(i16* %d_i_5)

ST_1: tmp_6 (172)  [1/1] 0.00ns  loc: array_io.c:66
:99  %tmp_6 = trunc i32 %acc_5_load to i16

ST_1: tmp_4_5 (173)  [1/1] 1.46ns  loc: array_io.c:67
:100  %tmp_4_5 = add i16 %d_i_5_read, %tmp_6

ST_1: acc_6_load (175)  [1/1] 0.00ns  loc: array_io.c:66
:102  %acc_6_load = load i32* @acc_6, align 4

ST_1: d_i_6_read (176)  [1/1] 0.00ns  loc: array_io.c:66
:103  %d_i_6_read = call i16 @_ssdm_op_Read.ap_auto.i16P(i16* %d_i_6)

ST_1: tmp_7 (178)  [1/1] 0.00ns  loc: array_io.c:66
:105  %tmp_7 = trunc i32 %acc_6_load to i16

ST_1: tmp_4_6 (179)  [1/1] 1.46ns  loc: array_io.c:67
:106  %tmp_4_6 = add i16 %d_i_6_read, %tmp_7

ST_1: acc_7_load (181)  [1/1] 0.00ns  loc: array_io.c:66
:108  %acc_7_load = load i32* @acc_7, align 4

ST_1: d_i_7_read (182)  [1/1] 0.00ns  loc: array_io.c:66
:109  %d_i_7_read = call i16 @_ssdm_op_Read.ap_auto.i16P(i16* %d_i_7)

ST_1: tmp_8 (184)  [1/1] 0.00ns  loc: array_io.c:66
:111  %tmp_8 = trunc i32 %acc_7_load to i16

ST_1: tmp_4_7 (185)  [1/1] 1.46ns  loc: array_io.c:67
:112  %tmp_4_7 = add i16 %d_i_7_read, %tmp_8

ST_1: d_i_16_read (219)  [1/1] 0.00ns  loc: array_io.c:66
:146  %d_i_16_read = call i16 @_ssdm_op_Read.ap_auto.i16P(i16* %d_i_16)

ST_1: tmp_2_15_cast (220)  [1/1] 0.00ns  loc: array_io.c:67
:147  %tmp_2_15_cast = sext i16 %d_i_16_read to i17

ST_1: d_i_17_read (223)  [1/1] 0.00ns  loc: array_io.c:66
:150  %d_i_17_read = call i16 @_ssdm_op_Read.ap_auto.i16P(i16* %d_i_17)

ST_1: tmp_2_16_cast (224)  [1/1] 0.00ns  loc: array_io.c:67
:151  %tmp_2_16_cast = sext i16 %d_i_17_read to i17

ST_1: d_i_18_read (227)  [1/1] 0.00ns  loc: array_io.c:66
:154  %d_i_18_read = call i16 @_ssdm_op_Read.ap_auto.i16P(i16* %d_i_18)

ST_1: tmp_2_17_cast (228)  [1/1] 0.00ns  loc: array_io.c:67
:155  %tmp_2_17_cast = sext i16 %d_i_18_read to i17

ST_1: d_i_19_read (231)  [1/1] 0.00ns  loc: array_io.c:66
:158  %d_i_19_read = call i16 @_ssdm_op_Read.ap_auto.i16P(i16* %d_i_19)

ST_1: tmp_2_18_cast (232)  [1/1] 0.00ns  loc: array_io.c:67
:159  %tmp_2_18_cast = sext i16 %d_i_19_read to i17

ST_1: d_i_20_read (235)  [1/1] 0.00ns  loc: array_io.c:66
:162  %d_i_20_read = call i16 @_ssdm_op_Read.ap_auto.i16P(i16* %d_i_20)

ST_1: tmp_2_19_cast (236)  [1/1] 0.00ns  loc: array_io.c:67
:163  %tmp_2_19_cast = sext i16 %d_i_20_read to i17

ST_1: d_i_21_read (239)  [1/1] 0.00ns  loc: array_io.c:66
:166  %d_i_21_read = call i16 @_ssdm_op_Read.ap_auto.i16P(i16* %d_i_21)

ST_1: tmp_2_20_cast (240)  [1/1] 0.00ns  loc: array_io.c:67
:167  %tmp_2_20_cast = sext i16 %d_i_21_read to i17

ST_1: d_i_22_read (243)  [1/1] 0.00ns  loc: array_io.c:66
:170  %d_i_22_read = call i16 @_ssdm_op_Read.ap_auto.i16P(i16* %d_i_22)

ST_1: tmp_2_21_cast (244)  [1/1] 0.00ns  loc: array_io.c:67
:171  %tmp_2_21_cast = sext i16 %d_i_22_read to i17

ST_1: d_i_23_read (247)  [1/1] 0.00ns  loc: array_io.c:66
:174  %d_i_23_read = call i16 @_ssdm_op_Read.ap_auto.i16P(i16* %d_i_23)

ST_1: tmp_2_22_cast (248)  [1/1] 0.00ns  loc: array_io.c:67
:175  %tmp_2_22_cast = sext i16 %d_i_23_read to i17

ST_1: d_i_24_read (251)  [1/1] 0.00ns  loc: array_io.c:66
:178  %d_i_24_read = call i16 @_ssdm_op_Read.ap_auto.i16P(i16* %d_i_24)

ST_1: tmp_2_23_cast (252)  [1/1] 0.00ns  loc: array_io.c:66
:179  %tmp_2_23_cast = sext i16 %d_i_24_read to i17

ST_1: tmp3 (254)  [1/1] 1.46ns  loc: array_io.c:66
:181  %tmp3 = add i17 %tmp_2_15_cast, %tmp_2_23_cast

ST_1: d_i_25_read (262)  [1/1] 0.00ns  loc: array_io.c:66
:189  %d_i_25_read = call i16 @_ssdm_op_Read.ap_auto.i16P(i16* %d_i_25)

ST_1: tmp_2_24_cast (263)  [1/1] 0.00ns  loc: array_io.c:66
:190  %tmp_2_24_cast = sext i16 %d_i_25_read to i17

ST_1: tmp6 (265)  [1/1] 1.46ns  loc: array_io.c:66
:192  %tmp6 = add i17 %tmp_2_16_cast, %tmp_2_24_cast

ST_1: d_i_26_read (273)  [1/1] 0.00ns  loc: array_io.c:66
:200  %d_i_26_read = call i16 @_ssdm_op_Read.ap_auto.i16P(i16* %d_i_26)

ST_1: tmp_2_25_cast (274)  [1/1] 0.00ns  loc: array_io.c:66
:201  %tmp_2_25_cast = sext i16 %d_i_26_read to i17

ST_1: tmp9 (276)  [1/1] 1.46ns  loc: array_io.c:66
:203  %tmp9 = add i17 %tmp_2_17_cast, %tmp_2_25_cast

ST_1: d_i_27_read (284)  [1/1] 0.00ns  loc: array_io.c:66
:211  %d_i_27_read = call i16 @_ssdm_op_Read.ap_auto.i16P(i16* %d_i_27)

ST_1: tmp_2_26_cast (285)  [1/1] 0.00ns  loc: array_io.c:66
:212  %tmp_2_26_cast = sext i16 %d_i_27_read to i17

ST_1: tmp12 (287)  [1/1] 1.46ns  loc: array_io.c:66
:214  %tmp12 = add i17 %tmp_2_18_cast, %tmp_2_26_cast

ST_1: d_i_28_read (295)  [1/1] 0.00ns  loc: array_io.c:66
:222  %d_i_28_read = call i16 @_ssdm_op_Read.ap_auto.i16P(i16* %d_i_28)

ST_1: tmp_2_27_cast (296)  [1/1] 0.00ns  loc: array_io.c:66
:223  %tmp_2_27_cast = sext i16 %d_i_28_read to i17

ST_1: tmp15 (298)  [1/1] 1.46ns  loc: array_io.c:66
:225  %tmp15 = add i17 %tmp_2_19_cast, %tmp_2_27_cast

ST_1: d_i_29_read (306)  [1/1] 0.00ns  loc: array_io.c:66
:233  %d_i_29_read = call i16 @_ssdm_op_Read.ap_auto.i16P(i16* %d_i_29)

ST_1: tmp_2_28_cast (307)  [1/1] 0.00ns  loc: array_io.c:66
:234  %tmp_2_28_cast = sext i16 %d_i_29_read to i17

ST_1: tmp18 (309)  [1/1] 1.46ns  loc: array_io.c:66
:236  %tmp18 = add i17 %tmp_2_20_cast, %tmp_2_28_cast

ST_1: d_i_30_read (317)  [1/1] 0.00ns  loc: array_io.c:66
:244  %d_i_30_read = call i16 @_ssdm_op_Read.ap_auto.i16P(i16* %d_i_30)

ST_1: tmp_2_29_cast (318)  [1/1] 0.00ns  loc: array_io.c:66
:245  %tmp_2_29_cast = sext i16 %d_i_30_read to i17

ST_1: tmp21 (320)  [1/1] 1.46ns  loc: array_io.c:66
:247  %tmp21 = add i17 %tmp_2_21_cast, %tmp_2_29_cast

ST_1: d_i_31_read (328)  [1/1] 0.00ns  loc: array_io.c:66
:255  %d_i_31_read = call i16 @_ssdm_op_Read.ap_auto.i16P(i16* %d_i_31)

ST_1: tmp_2_30_cast (329)  [1/1] 0.00ns  loc: array_io.c:66
:256  %tmp_2_30_cast = sext i16 %d_i_31_read to i17

ST_1: tmp24 (331)  [1/1] 1.46ns  loc: array_io.c:66
:258  %tmp24 = add i17 %tmp_2_22_cast, %tmp_2_30_cast


 <State 2>: 2.96ns
ST_2: tmp_2 (141)  [1/1] 0.00ns  loc: array_io.c:66
:68  %tmp_2 = sext i16 %d_i_0_read to i32

ST_2: tmp_2_1 (147)  [1/1] 0.00ns  loc: array_io.c:66
:74  %tmp_2_1 = sext i16 %d_i_1_read to i32

ST_2: tmp_2_2 (153)  [1/1] 0.00ns  loc: array_io.c:66
:80  %tmp_2_2 = sext i16 %d_i_2_read to i32

ST_2: tmp_2_3 (159)  [1/1] 0.00ns  loc: array_io.c:66
:86  %tmp_2_3 = sext i16 %d_i_3_read to i32

ST_2: tmp_2_4 (165)  [1/1] 0.00ns  loc: array_io.c:66
:92  %tmp_2_4 = sext i16 %d_i_4_read to i32

ST_2: tmp_2_5 (171)  [1/1] 0.00ns  loc: array_io.c:66
:98  %tmp_2_5 = sext i16 %d_i_5_read to i32

ST_2: tmp_2_6 (177)  [1/1] 0.00ns  loc: array_io.c:66
:104  %tmp_2_6 = sext i16 %d_i_6_read to i32

ST_2: tmp_2_7 (183)  [1/1] 0.00ns  loc: array_io.c:66
:110  %tmp_2_7 = sext i16 %d_i_7_read to i32

ST_2: d_i_8_read (187)  [1/1] 0.00ns  loc: array_io.c:66
:114  %d_i_8_read = call i16 @_ssdm_op_Read.ap_auto.i16P(i16* %d_i_8)

ST_2: tmp_2_8_cast (188)  [1/1] 0.00ns  loc: array_io.c:67
:115  %tmp_2_8_cast = sext i16 %d_i_8_read to i18

ST_2: tmp_4_8 (189)  [1/1] 1.46ns  loc: array_io.c:67
:116  %tmp_4_8 = add i16 %d_i_8_read, %tmp_s

ST_2: d_i_9_read (191)  [1/1] 0.00ns  loc: array_io.c:66
:118  %d_i_9_read = call i16 @_ssdm_op_Read.ap_auto.i16P(i16* %d_i_9)

ST_2: tmp_2_9_cast (192)  [1/1] 0.00ns  loc: array_io.c:67
:119  %tmp_2_9_cast = sext i16 %d_i_9_read to i18

ST_2: tmp_4_9 (193)  [1/1] 1.46ns  loc: array_io.c:67
:120  %tmp_4_9 = add i16 %d_i_9_read, %tmp_4_1

ST_2: d_i_10_read (195)  [1/1] 0.00ns  loc: array_io.c:66
:122  %d_i_10_read = call i16 @_ssdm_op_Read.ap_auto.i16P(i16* %d_i_10)

ST_2: tmp_2_cast (196)  [1/1] 0.00ns  loc: array_io.c:67
:123  %tmp_2_cast = sext i16 %d_i_10_read to i18

ST_2: tmp_4_s (197)  [1/1] 1.46ns  loc: array_io.c:67
:124  %tmp_4_s = add i16 %d_i_10_read, %tmp_4_2

ST_2: d_i_11_read (199)  [1/1] 0.00ns  loc: array_io.c:66
:126  %d_i_11_read = call i16 @_ssdm_op_Read.ap_auto.i16P(i16* %d_i_11)

ST_2: tmp_2_10_cast (200)  [1/1] 0.00ns  loc: array_io.c:67
:127  %tmp_2_10_cast = sext i16 %d_i_11_read to i18

ST_2: tmp_4_10 (201)  [1/1] 1.46ns  loc: array_io.c:67
:128  %tmp_4_10 = add i16 %d_i_11_read, %tmp_4_3

ST_2: d_i_12_read (203)  [1/1] 0.00ns  loc: array_io.c:66
:130  %d_i_12_read = call i16 @_ssdm_op_Read.ap_auto.i16P(i16* %d_i_12)

ST_2: tmp_2_11_cast (204)  [1/1] 0.00ns  loc: array_io.c:67
:131  %tmp_2_11_cast = sext i16 %d_i_12_read to i18

ST_2: tmp_4_11 (205)  [1/1] 1.46ns  loc: array_io.c:67
:132  %tmp_4_11 = add i16 %d_i_12_read, %tmp_4_4

ST_2: d_i_13_read (207)  [1/1] 0.00ns  loc: array_io.c:66
:134  %d_i_13_read = call i16 @_ssdm_op_Read.ap_auto.i16P(i16* %d_i_13)

ST_2: tmp_2_12_cast (208)  [1/1] 0.00ns  loc: array_io.c:67
:135  %tmp_2_12_cast = sext i16 %d_i_13_read to i18

ST_2: tmp_4_12 (209)  [1/1] 1.46ns  loc: array_io.c:67
:136  %tmp_4_12 = add i16 %d_i_13_read, %tmp_4_5

ST_2: d_i_14_read (211)  [1/1] 0.00ns  loc: array_io.c:66
:138  %d_i_14_read = call i16 @_ssdm_op_Read.ap_auto.i16P(i16* %d_i_14)

ST_2: tmp_2_13_cast (212)  [1/1] 0.00ns  loc: array_io.c:67
:139  %tmp_2_13_cast = sext i16 %d_i_14_read to i18

ST_2: tmp_4_13 (213)  [1/1] 1.46ns  loc: array_io.c:67
:140  %tmp_4_13 = add i16 %d_i_14_read, %tmp_4_6

ST_2: d_i_15_read (215)  [1/1] 0.00ns  loc: array_io.c:66
:142  %d_i_15_read = call i16 @_ssdm_op_Read.ap_auto.i16P(i16* %d_i_15)

ST_2: tmp_2_14_cast (216)  [1/1] 0.00ns  loc: array_io.c:67
:143  %tmp_2_14_cast = sext i16 %d_i_15_read to i18

ST_2: tmp_4_14 (217)  [1/1] 1.46ns  loc: array_io.c:67
:144  %tmp_4_14 = add i16 %d_i_15_read, %tmp_4_7

ST_2: tmp_4_15 (221)  [1/1] 1.46ns  loc: array_io.c:67
:148  %tmp_4_15 = add i16 %d_i_16_read, %tmp_4_8

ST_2: tmp_4_16 (225)  [1/1] 1.46ns  loc: array_io.c:67
:152  %tmp_4_16 = add i16 %d_i_17_read, %tmp_4_9

ST_2: tmp_4_17 (229)  [1/1] 1.46ns  loc: array_io.c:67
:156  %tmp_4_17 = add i16 %d_i_18_read, %tmp_4_s

ST_2: tmp_4_18 (233)  [1/1] 1.46ns  loc: array_io.c:67
:160  %tmp_4_18 = add i16 %d_i_19_read, %tmp_4_10

ST_2: tmp_4_19 (237)  [1/1] 1.46ns  loc: array_io.c:67
:164  %tmp_4_19 = add i16 %d_i_20_read, %tmp_4_11

ST_2: tmp_4_20 (241)  [1/1] 1.46ns  loc: array_io.c:67
:168  %tmp_4_20 = add i16 %d_i_21_read, %tmp_4_12

ST_2: tmp_4_21 (245)  [1/1] 1.46ns  loc: array_io.c:67
:172  %tmp_4_21 = add i16 %d_i_22_read, %tmp_4_13

ST_2: tmp_4_22 (249)  [1/1] 1.46ns  loc: array_io.c:67
:176  %tmp_4_22 = add i16 %d_i_23_read, %tmp_4_14

ST_2: tmp1 (253)  [1/1] 1.44ns  loc: array_io.c:66
:180  %tmp1 = add i32 %acc_0_load, %tmp_2

ST_2: tmp3_cast (255)  [1/1] 0.00ns  loc: array_io.c:66
:182  %tmp3_cast = sext i17 %tmp3 to i18

ST_2: tmp2 (256)  [1/1] 1.52ns  loc: array_io.c:66
:183  %tmp2 = add i18 %tmp3_cast, %tmp_2_8_cast

ST_2: tmp2_cast (257)  [1/1] 0.00ns  loc: array_io.c:66
:184  %tmp2_cast = sext i18 %tmp2 to i32

ST_2: tmp_3_s (258)  [1/1] 1.44ns  loc: array_io.c:66
:185  %tmp_3_s = add nsw i32 %tmp2_cast, %tmp1

ST_2: StgValue_121 (259)  [1/1] 0.00ns  loc: array_io.c:66
:186  store i32 %tmp_3_s, i32* @acc_0, align 16

ST_2: tmp4 (264)  [1/1] 1.44ns  loc: array_io.c:66
:191  %tmp4 = add i32 %acc_1_load, %tmp_2_1

ST_2: tmp6_cast (266)  [1/1] 0.00ns  loc: array_io.c:66
:193  %tmp6_cast = sext i17 %tmp6 to i18

ST_2: tmp5 (267)  [1/1] 1.52ns  loc: array_io.c:66
:194  %tmp5 = add i18 %tmp6_cast, %tmp_2_9_cast

ST_2: tmp5_cast (268)  [1/1] 0.00ns  loc: array_io.c:66
:195  %tmp5_cast = sext i18 %tmp5 to i32

ST_2: tmp_3_1 (269)  [1/1] 1.44ns  loc: array_io.c:66
:196  %tmp_3_1 = add nsw i32 %tmp5_cast, %tmp4

ST_2: StgValue_127 (270)  [1/1] 0.00ns  loc: array_io.c:66
:197  store i32 %tmp_3_1, i32* @acc_1, align 4

ST_2: tmp7 (275)  [1/1] 1.44ns  loc: array_io.c:66
:202  %tmp7 = add i32 %acc_2_load, %tmp_2_2

ST_2: tmp9_cast (277)  [1/1] 0.00ns  loc: array_io.c:66
:204  %tmp9_cast = sext i17 %tmp9 to i18

ST_2: tmp8 (278)  [1/1] 1.52ns  loc: array_io.c:66
:205  %tmp8 = add i18 %tmp9_cast, %tmp_2_cast

ST_2: tmp8_cast (279)  [1/1] 0.00ns  loc: array_io.c:66
:206  %tmp8_cast = sext i18 %tmp8 to i32

ST_2: tmp_3_2 (280)  [1/1] 1.44ns  loc: array_io.c:66
:207  %tmp_3_2 = add nsw i32 %tmp8_cast, %tmp7

ST_2: StgValue_133 (281)  [1/1] 0.00ns  loc: array_io.c:66
:208  store i32 %tmp_3_2, i32* @acc_2, align 8

ST_2: tmp10 (286)  [1/1] 1.44ns  loc: array_io.c:66
:213  %tmp10 = add i32 %acc_3_load, %tmp_2_3

ST_2: tmp12_cast (288)  [1/1] 0.00ns  loc: array_io.c:66
:215  %tmp12_cast = sext i17 %tmp12 to i18

ST_2: tmp11 (289)  [1/1] 1.52ns  loc: array_io.c:66
:216  %tmp11 = add i18 %tmp12_cast, %tmp_2_10_cast

ST_2: tmp11_cast (290)  [1/1] 0.00ns  loc: array_io.c:66
:217  %tmp11_cast = sext i18 %tmp11 to i32

ST_2: tmp_3_3 (291)  [1/1] 1.44ns  loc: array_io.c:66
:218  %tmp_3_3 = add nsw i32 %tmp11_cast, %tmp10

ST_2: StgValue_139 (292)  [1/1] 0.00ns  loc: array_io.c:66
:219  store i32 %tmp_3_3, i32* @acc_3, align 4

ST_2: tmp13 (297)  [1/1] 1.44ns  loc: array_io.c:66
:224  %tmp13 = add i32 %acc_4_load, %tmp_2_4

ST_2: tmp15_cast (299)  [1/1] 0.00ns  loc: array_io.c:66
:226  %tmp15_cast = sext i17 %tmp15 to i18

ST_2: tmp14 (300)  [1/1] 1.52ns  loc: array_io.c:66
:227  %tmp14 = add i18 %tmp15_cast, %tmp_2_11_cast

ST_2: tmp14_cast (301)  [1/1] 0.00ns  loc: array_io.c:66
:228  %tmp14_cast = sext i18 %tmp14 to i32

ST_2: tmp_3_4 (302)  [1/1] 1.44ns  loc: array_io.c:66
:229  %tmp_3_4 = add nsw i32 %tmp14_cast, %tmp13

ST_2: StgValue_145 (303)  [1/1] 0.00ns  loc: array_io.c:66
:230  store i32 %tmp_3_4, i32* @acc_4, align 16

ST_2: tmp16 (308)  [1/1] 1.44ns  loc: array_io.c:66
:235  %tmp16 = add i32 %acc_5_load, %tmp_2_5

ST_2: tmp18_cast (310)  [1/1] 0.00ns  loc: array_io.c:66
:237  %tmp18_cast = sext i17 %tmp18 to i18

ST_2: tmp17 (311)  [1/1] 1.52ns  loc: array_io.c:66
:238  %tmp17 = add i18 %tmp18_cast, %tmp_2_12_cast

ST_2: tmp17_cast (312)  [1/1] 0.00ns  loc: array_io.c:66
:239  %tmp17_cast = sext i18 %tmp17 to i32

ST_2: tmp_3_5 (313)  [1/1] 1.44ns  loc: array_io.c:66
:240  %tmp_3_5 = add nsw i32 %tmp17_cast, %tmp16

ST_2: StgValue_151 (314)  [1/1] 0.00ns  loc: array_io.c:66
:241  store i32 %tmp_3_5, i32* @acc_5, align 4

ST_2: tmp19 (319)  [1/1] 1.44ns  loc: array_io.c:66
:246  %tmp19 = add i32 %acc_6_load, %tmp_2_6

ST_2: tmp21_cast (321)  [1/1] 0.00ns  loc: array_io.c:66
:248  %tmp21_cast = sext i17 %tmp21 to i18

ST_2: tmp20 (322)  [1/1] 1.52ns  loc: array_io.c:66
:249  %tmp20 = add i18 %tmp21_cast, %tmp_2_13_cast

ST_2: tmp20_cast (323)  [1/1] 0.00ns  loc: array_io.c:66
:250  %tmp20_cast = sext i18 %tmp20 to i32

ST_2: tmp_3_6 (324)  [1/1] 1.44ns  loc: array_io.c:66
:251  %tmp_3_6 = add nsw i32 %tmp20_cast, %tmp19

ST_2: StgValue_157 (325)  [1/1] 0.00ns  loc: array_io.c:66
:252  store i32 %tmp_3_6, i32* @acc_6, align 8

ST_2: tmp22 (330)  [1/1] 1.44ns  loc: array_io.c:66
:257  %tmp22 = add i32 %acc_7_load, %tmp_2_7

ST_2: tmp24_cast (332)  [1/1] 0.00ns  loc: array_io.c:66
:259  %tmp24_cast = sext i17 %tmp24 to i18

ST_2: tmp23 (333)  [1/1] 1.52ns  loc: array_io.c:66
:260  %tmp23 = add i18 %tmp24_cast, %tmp_2_14_cast

ST_2: tmp23_cast (334)  [1/1] 0.00ns  loc: array_io.c:66
:261  %tmp23_cast = sext i18 %tmp23 to i32

ST_2: tmp_3_7 (335)  [1/1] 1.44ns  loc: array_io.c:66
:262  %tmp_3_7 = add nsw i32 %tmp23_cast, %tmp22

ST_2: StgValue_163 (336)  [1/1] 0.00ns  loc: array_io.c:66
:263  store i32 %tmp_3_7, i32* @acc_7, align 4


 <State 3>: 2.46ns
ST_3: StgValue_164 (73)  [1/1] 0.00ns
:0  call void (...)* @_ssdm_op_SpecBitsMap(i16* %d_o_31), !map !7

ST_3: StgValue_165 (74)  [1/1] 0.00ns
:1  call void (...)* @_ssdm_op_SpecBitsMap(i16* %d_o_30), !map !13

ST_3: StgValue_166 (75)  [1/1] 0.00ns
:2  call void (...)* @_ssdm_op_SpecBitsMap(i16* %d_o_29), !map !19

ST_3: StgValue_167 (76)  [1/1] 0.00ns
:3  call void (...)* @_ssdm_op_SpecBitsMap(i16* %d_o_28), !map !25

ST_3: StgValue_168 (77)  [1/1] 0.00ns
:4  call void (...)* @_ssdm_op_SpecBitsMap(i16* %d_o_27), !map !31

ST_3: StgValue_169 (78)  [1/1] 0.00ns
:5  call void (...)* @_ssdm_op_SpecBitsMap(i16* %d_o_26), !map !37

ST_3: StgValue_170 (79)  [1/1] 0.00ns
:6  call void (...)* @_ssdm_op_SpecBitsMap(i16* %d_o_25), !map !43

ST_3: StgValue_171 (80)  [1/1] 0.00ns
:7  call void (...)* @_ssdm_op_SpecBitsMap(i16* %d_o_24), !map !49

ST_3: StgValue_172 (81)  [1/1] 0.00ns
:8  call void (...)* @_ssdm_op_SpecBitsMap(i16* %d_o_23), !map !55

ST_3: StgValue_173 (82)  [1/1] 0.00ns
:9  call void (...)* @_ssdm_op_SpecBitsMap(i16* %d_o_22), !map !61

ST_3: StgValue_174 (83)  [1/1] 0.00ns
:10  call void (...)* @_ssdm_op_SpecBitsMap(i16* %d_o_21), !map !67

ST_3: StgValue_175 (84)  [1/1] 0.00ns
:11  call void (...)* @_ssdm_op_SpecBitsMap(i16* %d_o_20), !map !73

ST_3: StgValue_176 (85)  [1/1] 0.00ns
:12  call void (...)* @_ssdm_op_SpecBitsMap(i16* %d_o_19), !map !79

ST_3: StgValue_177 (86)  [1/1] 0.00ns
:13  call void (...)* @_ssdm_op_SpecBitsMap(i16* %d_o_18), !map !85

ST_3: StgValue_178 (87)  [1/1] 0.00ns
:14  call void (...)* @_ssdm_op_SpecBitsMap(i16* %d_o_17), !map !91

ST_3: StgValue_179 (88)  [1/1] 0.00ns
:15  call void (...)* @_ssdm_op_SpecBitsMap(i16* %d_o_16), !map !97

ST_3: StgValue_180 (89)  [1/1] 0.00ns
:16  call void (...)* @_ssdm_op_SpecBitsMap(i16* %d_o_15), !map !103

ST_3: StgValue_181 (90)  [1/1] 0.00ns
:17  call void (...)* @_ssdm_op_SpecBitsMap(i16* %d_o_14), !map !109

ST_3: StgValue_182 (91)  [1/1] 0.00ns
:18  call void (...)* @_ssdm_op_SpecBitsMap(i16* %d_o_13), !map !115

ST_3: StgValue_183 (92)  [1/1] 0.00ns
:19  call void (...)* @_ssdm_op_SpecBitsMap(i16* %d_o_12), !map !121

ST_3: StgValue_184 (93)  [1/1] 0.00ns
:20  call void (...)* @_ssdm_op_SpecBitsMap(i16* %d_o_11), !map !127

ST_3: StgValue_185 (94)  [1/1] 0.00ns
:21  call void (...)* @_ssdm_op_SpecBitsMap(i16* %d_o_10), !map !133

ST_3: StgValue_186 (95)  [1/1] 0.00ns
:22  call void (...)* @_ssdm_op_SpecBitsMap(i16* %d_o_9), !map !139

ST_3: StgValue_187 (96)  [1/1] 0.00ns
:23  call void (...)* @_ssdm_op_SpecBitsMap(i16* %d_o_8), !map !145

ST_3: StgValue_188 (97)  [1/1] 0.00ns
:24  call void (...)* @_ssdm_op_SpecBitsMap(i16* %d_o_7), !map !151

ST_3: StgValue_189 (98)  [1/1] 0.00ns
:25  call void (...)* @_ssdm_op_SpecBitsMap(i16* %d_o_6), !map !157

ST_3: StgValue_190 (99)  [1/1] 0.00ns
:26  call void (...)* @_ssdm_op_SpecBitsMap(i16* %d_o_5), !map !163

ST_3: StgValue_191 (100)  [1/1] 0.00ns
:27  call void (...)* @_ssdm_op_SpecBitsMap(i16* %d_o_4), !map !169

ST_3: StgValue_192 (101)  [1/1] 0.00ns
:28  call void (...)* @_ssdm_op_SpecBitsMap(i16* %d_o_3), !map !175

ST_3: StgValue_193 (102)  [1/1] 0.00ns
:29  call void (...)* @_ssdm_op_SpecBitsMap(i16* %d_o_2), !map !181

ST_3: StgValue_194 (103)  [1/1] 0.00ns
:30  call void (...)* @_ssdm_op_SpecBitsMap(i16* %d_o_1), !map !187

ST_3: StgValue_195 (104)  [1/1] 0.00ns
:31  call void (...)* @_ssdm_op_SpecBitsMap(i16* %d_o_0), !map !193

ST_3: StgValue_196 (105)  [1/1] 0.00ns
:32  call void (...)* @_ssdm_op_SpecBitsMap(i16* %d_i_31), !map !199

ST_3: StgValue_197 (106)  [1/1] 0.00ns
:33  call void (...)* @_ssdm_op_SpecBitsMap(i16* %d_i_30), !map !203

ST_3: StgValue_198 (107)  [1/1] 0.00ns
:34  call void (...)* @_ssdm_op_SpecBitsMap(i16* %d_i_29), !map !207

ST_3: StgValue_199 (108)  [1/1] 0.00ns
:35  call void (...)* @_ssdm_op_SpecBitsMap(i16* %d_i_28), !map !211

ST_3: StgValue_200 (109)  [1/1] 0.00ns
:36  call void (...)* @_ssdm_op_SpecBitsMap(i16* %d_i_27), !map !215

ST_3: StgValue_201 (110)  [1/1] 0.00ns
:37  call void (...)* @_ssdm_op_SpecBitsMap(i16* %d_i_26), !map !219

ST_3: StgValue_202 (111)  [1/1] 0.00ns
:38  call void (...)* @_ssdm_op_SpecBitsMap(i16* %d_i_25), !map !223

ST_3: StgValue_203 (112)  [1/1] 0.00ns
:39  call void (...)* @_ssdm_op_SpecBitsMap(i16* %d_i_24), !map !227

ST_3: StgValue_204 (113)  [1/1] 0.00ns
:40  call void (...)* @_ssdm_op_SpecBitsMap(i16* %d_i_23), !map !231

ST_3: StgValue_205 (114)  [1/1] 0.00ns
:41  call void (...)* @_ssdm_op_SpecBitsMap(i16* %d_i_22), !map !235

ST_3: StgValue_206 (115)  [1/1] 0.00ns
:42  call void (...)* @_ssdm_op_SpecBitsMap(i16* %d_i_21), !map !239

ST_3: StgValue_207 (116)  [1/1] 0.00ns
:43  call void (...)* @_ssdm_op_SpecBitsMap(i16* %d_i_20), !map !243

ST_3: StgValue_208 (117)  [1/1] 0.00ns
:44  call void (...)* @_ssdm_op_SpecBitsMap(i16* %d_i_19), !map !247

ST_3: StgValue_209 (118)  [1/1] 0.00ns
:45  call void (...)* @_ssdm_op_SpecBitsMap(i16* %d_i_18), !map !251

ST_3: StgValue_210 (119)  [1/1] 0.00ns
:46  call void (...)* @_ssdm_op_SpecBitsMap(i16* %d_i_17), !map !255

ST_3: StgValue_211 (120)  [1/1] 0.00ns
:47  call void (...)* @_ssdm_op_SpecBitsMap(i16* %d_i_16), !map !259

ST_3: StgValue_212 (121)  [1/1] 0.00ns
:48  call void (...)* @_ssdm_op_SpecBitsMap(i16* %d_i_15), !map !263

ST_3: StgValue_213 (122)  [1/1] 0.00ns
:49  call void (...)* @_ssdm_op_SpecBitsMap(i16* %d_i_14), !map !267

ST_3: StgValue_214 (123)  [1/1] 0.00ns
:50  call void (...)* @_ssdm_op_SpecBitsMap(i16* %d_i_13), !map !271

ST_3: StgValue_215 (124)  [1/1] 0.00ns
:51  call void (...)* @_ssdm_op_SpecBitsMap(i16* %d_i_12), !map !275

ST_3: StgValue_216 (125)  [1/1] 0.00ns
:52  call void (...)* @_ssdm_op_SpecBitsMap(i16* %d_i_11), !map !279

ST_3: StgValue_217 (126)  [1/1] 0.00ns
:53  call void (...)* @_ssdm_op_SpecBitsMap(i16* %d_i_10), !map !283

ST_3: StgValue_218 (127)  [1/1] 0.00ns
:54  call void (...)* @_ssdm_op_SpecBitsMap(i16* %d_i_9), !map !287

ST_3: StgValue_219 (128)  [1/1] 0.00ns
:55  call void (...)* @_ssdm_op_SpecBitsMap(i16* %d_i_8), !map !291

ST_3: StgValue_220 (129)  [1/1] 0.00ns
:56  call void (...)* @_ssdm_op_SpecBitsMap(i16* %d_i_7), !map !295

ST_3: StgValue_221 (130)  [1/1] 0.00ns
:57  call void (...)* @_ssdm_op_SpecBitsMap(i16* %d_i_6), !map !299

ST_3: StgValue_222 (131)  [1/1] 0.00ns
:58  call void (...)* @_ssdm_op_SpecBitsMap(i16* %d_i_5), !map !303

ST_3: StgValue_223 (132)  [1/1] 0.00ns
:59  call void (...)* @_ssdm_op_SpecBitsMap(i16* %d_i_4), !map !307

ST_3: StgValue_224 (133)  [1/1] 0.00ns
:60  call void (...)* @_ssdm_op_SpecBitsMap(i16* %d_i_3), !map !311

ST_3: StgValue_225 (134)  [1/1] 0.00ns
:61  call void (...)* @_ssdm_op_SpecBitsMap(i16* %d_i_2), !map !315

ST_3: StgValue_226 (135)  [1/1] 0.00ns
:62  call void (...)* @_ssdm_op_SpecBitsMap(i16* %d_i_1), !map !319

ST_3: StgValue_227 (136)  [1/1] 0.00ns
:63  call void (...)* @_ssdm_op_SpecBitsMap(i16* %d_i_0), !map !323

ST_3: StgValue_228 (137)  [1/1] 0.00ns
:64  call void (...)* @_ssdm_op_SpecTopModule([9 x i8]* @array_io_str) nounwind

ST_3: StgValue_229 (138)  [1/1] 0.00ns
:65  call void (...)* @_ssdm_op_SpecInterface(i16* %d_o_0, i16* %d_o_1, i16* %d_o_2, i16* %d_o_3, i16* %d_o_4, i16* %d_o_5, i16* %d_o_6, i16* %d_o_7, i16* %d_o_8, i16* %d_o_9, i16* %d_o_10, i16* %d_o_11, i16* %d_o_12, i16* %d_o_13, i16* %d_o_14, i16* %d_o_15, i16* %d_o_16, i16* %d_o_17, i16* %d_o_18, i16* %d_o_19, i16* %d_o_20, i16* %d_o_21, i16* %d_o_22, i16* %d_o_23, i16* %d_o_24, i16* %d_o_25, i16* %d_o_26, i16* %d_o_27, i16* %d_o_28, i16* %d_o_29, i16* %d_o_30, i16* %d_o_31, [8 x i8]* @p_str2, i32 0, i32 0, [1 x i8]* @p_str1, i32 0, i32 0, [1 x i8]* @p_str1, [1 x i8]* @p_str1, [1 x i8]* @p_str1, i32 0, i32 0, i32 0, i32 0, [1 x i8]* @p_str1, [1 x i8]* @p_str1) nounwind

ST_3: StgValue_230 (144)  [1/1] 1.00ns  loc: array_io.c:67
:71  call void @_ssdm_op_Write.ap_fifo.i16P(i16* %d_o_0, i16 %tmp_s)

ST_3: StgValue_231 (150)  [1/1] 1.00ns  loc: array_io.c:67
:77  call void @_ssdm_op_Write.ap_fifo.i16P(i16* %d_o_1, i16 %tmp_4_1)

ST_3: StgValue_232 (156)  [1/1] 1.00ns  loc: array_io.c:67
:83  call void @_ssdm_op_Write.ap_fifo.i16P(i16* %d_o_2, i16 %tmp_4_2)

ST_3: StgValue_233 (162)  [1/1] 1.00ns  loc: array_io.c:67
:89  call void @_ssdm_op_Write.ap_fifo.i16P(i16* %d_o_3, i16 %tmp_4_3)

ST_3: StgValue_234 (168)  [1/1] 1.00ns  loc: array_io.c:67
:95  call void @_ssdm_op_Write.ap_fifo.i16P(i16* %d_o_4, i16 %tmp_4_4)

ST_3: StgValue_235 (174)  [1/1] 1.00ns  loc: array_io.c:67
:101  call void @_ssdm_op_Write.ap_fifo.i16P(i16* %d_o_5, i16 %tmp_4_5)

ST_3: StgValue_236 (180)  [1/1] 1.00ns  loc: array_io.c:67
:107  call void @_ssdm_op_Write.ap_fifo.i16P(i16* %d_o_6, i16 %tmp_4_6)

ST_3: StgValue_237 (186)  [1/1] 1.00ns  loc: array_io.c:67
:113  call void @_ssdm_op_Write.ap_fifo.i16P(i16* %d_o_7, i16 %tmp_4_7)

ST_3: StgValue_238 (190)  [1/1] 1.00ns  loc: array_io.c:67
:117  call void @_ssdm_op_Write.ap_fifo.i16P(i16* %d_o_8, i16 %tmp_4_8)

ST_3: StgValue_239 (194)  [1/1] 1.00ns  loc: array_io.c:67
:121  call void @_ssdm_op_Write.ap_fifo.i16P(i16* %d_o_9, i16 %tmp_4_9)

ST_3: StgValue_240 (198)  [1/1] 1.00ns  loc: array_io.c:67
:125  call void @_ssdm_op_Write.ap_fifo.i16P(i16* %d_o_10, i16 %tmp_4_s)

ST_3: StgValue_241 (202)  [1/1] 1.00ns  loc: array_io.c:67
:129  call void @_ssdm_op_Write.ap_fifo.i16P(i16* %d_o_11, i16 %tmp_4_10)

ST_3: StgValue_242 (206)  [1/1] 1.00ns  loc: array_io.c:67
:133  call void @_ssdm_op_Write.ap_fifo.i16P(i16* %d_o_12, i16 %tmp_4_11)

ST_3: StgValue_243 (210)  [1/1] 1.00ns  loc: array_io.c:67
:137  call void @_ssdm_op_Write.ap_fifo.i16P(i16* %d_o_13, i16 %tmp_4_12)

ST_3: StgValue_244 (214)  [1/1] 1.00ns  loc: array_io.c:67
:141  call void @_ssdm_op_Write.ap_fifo.i16P(i16* %d_o_14, i16 %tmp_4_13)

ST_3: StgValue_245 (218)  [1/1] 1.00ns  loc: array_io.c:67
:145  call void @_ssdm_op_Write.ap_fifo.i16P(i16* %d_o_15, i16 %tmp_4_14)

ST_3: StgValue_246 (222)  [1/1] 1.00ns  loc: array_io.c:67
:149  call void @_ssdm_op_Write.ap_fifo.i16P(i16* %d_o_16, i16 %tmp_4_15)

ST_3: StgValue_247 (226)  [1/1] 1.00ns  loc: array_io.c:67
:153  call void @_ssdm_op_Write.ap_fifo.i16P(i16* %d_o_17, i16 %tmp_4_16)

ST_3: StgValue_248 (230)  [1/1] 1.00ns  loc: array_io.c:67
:157  call void @_ssdm_op_Write.ap_fifo.i16P(i16* %d_o_18, i16 %tmp_4_17)

ST_3: StgValue_249 (234)  [1/1] 1.00ns  loc: array_io.c:67
:161  call void @_ssdm_op_Write.ap_fifo.i16P(i16* %d_o_19, i16 %tmp_4_18)

ST_3: StgValue_250 (238)  [1/1] 1.00ns  loc: array_io.c:67
:165  call void @_ssdm_op_Write.ap_fifo.i16P(i16* %d_o_20, i16 %tmp_4_19)

ST_3: StgValue_251 (242)  [1/1] 1.00ns  loc: array_io.c:67
:169  call void @_ssdm_op_Write.ap_fifo.i16P(i16* %d_o_21, i16 %tmp_4_20)

ST_3: StgValue_252 (246)  [1/1] 1.00ns  loc: array_io.c:67
:173  call void @_ssdm_op_Write.ap_fifo.i16P(i16* %d_o_22, i16 %tmp_4_21)

ST_3: StgValue_253 (250)  [1/1] 1.00ns  loc: array_io.c:67
:177  call void @_ssdm_op_Write.ap_fifo.i16P(i16* %d_o_23, i16 %tmp_4_22)

ST_3: tmp_4_23 (260)  [1/1] 1.46ns  loc: array_io.c:67
:187  %tmp_4_23 = add i16 %d_i_24_read, %tmp_4_15

ST_3: StgValue_255 (261)  [1/1] 1.00ns  loc: array_io.c:67
:188  call void @_ssdm_op_Write.ap_fifo.i16P(i16* %d_o_24, i16 %tmp_4_23)

ST_3: tmp_4_24 (271)  [1/1] 1.46ns  loc: array_io.c:67
:198  %tmp_4_24 = add i16 %d_i_25_read, %tmp_4_16

ST_3: StgValue_257 (272)  [1/1] 1.00ns  loc: array_io.c:67
:199  call void @_ssdm_op_Write.ap_fifo.i16P(i16* %d_o_25, i16 %tmp_4_24)

ST_3: tmp_4_25 (282)  [1/1] 1.46ns  loc: array_io.c:67
:209  %tmp_4_25 = add i16 %d_i_26_read, %tmp_4_17

ST_3: StgValue_259 (283)  [1/1] 1.00ns  loc: array_io.c:67
:210  call void @_ssdm_op_Write.ap_fifo.i16P(i16* %d_o_26, i16 %tmp_4_25)

ST_3: tmp_4_26 (293)  [1/1] 1.46ns  loc: array_io.c:67
:220  %tmp_4_26 = add i16 %d_i_27_read, %tmp_4_18

ST_3: StgValue_261 (294)  [1/1] 1.00ns  loc: array_io.c:67
:221  call void @_ssdm_op_Write.ap_fifo.i16P(i16* %d_o_27, i16 %tmp_4_26)

ST_3: tmp_4_27 (304)  [1/1] 1.46ns  loc: array_io.c:67
:231  %tmp_4_27 = add i16 %d_i_28_read, %tmp_4_19

ST_3: StgValue_263 (305)  [1/1] 1.00ns  loc: array_io.c:67
:232  call void @_ssdm_op_Write.ap_fifo.i16P(i16* %d_o_28, i16 %tmp_4_27)

ST_3: tmp_4_28 (315)  [1/1] 1.46ns  loc: array_io.c:67
:242  %tmp_4_28 = add i16 %d_i_29_read, %tmp_4_20

ST_3: StgValue_265 (316)  [1/1] 1.00ns  loc: array_io.c:67
:243  call void @_ssdm_op_Write.ap_fifo.i16P(i16* %d_o_29, i16 %tmp_4_28)

ST_3: tmp_4_29 (326)  [1/1] 1.46ns  loc: array_io.c:67
:253  %tmp_4_29 = add i16 %d_i_30_read, %tmp_4_21

ST_3: StgValue_267 (327)  [1/1] 1.00ns  loc: array_io.c:67
:254  call void @_ssdm_op_Write.ap_fifo.i16P(i16* %d_o_30, i16 %tmp_4_29)

ST_3: tmp_4_30 (337)  [1/1] 1.46ns  loc: array_io.c:67
:264  %tmp_4_30 = add i16 %d_i_31_read, %tmp_4_22

ST_3: StgValue_269 (338)  [1/1] 1.00ns  loc: array_io.c:67
:265  call void @_ssdm_op_Write.ap_fifo.i16P(i16* %d_o_31, i16 %tmp_4_30)

ST_3: StgValue_270 (339)  [1/1] 0.00ns  loc: array_io.c:69
:266  ret void



============================================================
+ Verbose Summary: Timing violations
============================================================
Target clock period: 4ns, clock uncertainty: 0.5ns.

 <State 1>: 1.46ns
The critical path consists of the following:
	'load' operation ('acc_0_load', array_io.c:66) on static variable 'acc_0' [139]  (0 ns)
	'add' operation ('tmp_s', array_io.c:67) [143]  (1.46 ns)

 <State 2>: 2.96ns
The critical path consists of the following:
	wire read on port 'd_i_8' (array_io.c:66) [187]  (0 ns)
	'add' operation ('tmp2', array_io.c:66) [256]  (1.52 ns)
	'add' operation ('tmp_3_s', array_io.c:66) [258]  (1.44 ns)

 <State 3>: 2.46ns
The critical path consists of the following:
	'add' operation ('tmp_4_23', array_io.c:67) [260]  (1.46 ns)
	fifo write on port 'd_o_24' (array_io.c:67) [261]  (1 ns)


============================================================
+ Verbose Summary: Binding
============================================================
N/A
* FSMD analyzer results:
  - Output states:
 - Input state : 
  - Chain level:
	State 1
	State 2
	State 3


============================================================
+ Verbose Summary: Datapath Resource usage 
============================================================
N/A
