

================================================================
== Vivado HLS Report for 'array_io'
================================================================
* Date:           Mon May 15 21:04:35 2017

* Version:        2016.4 (Build 1756540 on Mon Jan 23 19:31:01 MST 2017)
* Project:        array_io_prj
* Solution:       solution2
* Product family: kintex7
* Target device:  xc7k160tfbg484-1


================================================================
== Performance Estimates
================================================================
+ Timing (ns): 
    * Summary: 
    +--------+-------+----------+------------+
    |  Clock | Target| Estimated| Uncertainty|
    +--------+-------+----------+------------+
    |ap_clk  |   4.00|      2.98|        0.50|
    +--------+-------+----------+------------+

+ Latency (clock cycles): 
    * Summary: 
    +-----+-----+-----+-----+---------+
    |  Latency  |  Interval | Pipeline|
    | min | max | min | max |   Type  |
    +-----+-----+-----+-----+---------+
    |   33|   33|   34|   34|   none  |
    +-----+-----+-----+-----+---------+

    + Detail: 
        * Instance: 
        N/A

        * Loop: 
        N/A



================================================================
== Utilization Estimates
================================================================
* Summary: 
+-----------------+---------+-------+--------+--------+
|       Name      | BRAM_18K| DSP48E|   FF   |   LUT  |
+-----------------+---------+-------+--------+--------+
|DSP              |        -|      -|       -|       -|
|Expression       |        -|      -|       0|    1048|
|FIFO             |        -|      -|       -|       -|
|Instance         |        -|      -|       -|       -|
|Memory           |        -|      -|       -|       -|
|Multiplexer      |        -|      -|       -|     271|
|Register         |        -|      -|    1346|       -|
+-----------------+---------+-------+--------+--------+
|Total            |        0|      0|    1346|    1319|
+-----------------+---------+-------+--------+--------+
|Available        |      650|    600|  202800|  101400|
+-----------------+---------+-------+--------+--------+
|Utilization (%)  |        0|      0|   ~0   |       1|
+-----------------+---------+-------+--------+--------+

+ Detail: 
    * Instance: 
    N/A

    * DSP48: 
    N/A

    * Memory: 
    N/A

    * FIFO: 
    N/A

    * Expression: 
    +---------------------+----------+-------+---+----+------------+------------+
    |    Variable Name    | Operation| DSP48E| FF| LUT| Bitwidth P0| Bitwidth P1|
    +---------------------+----------+-------+---+----+------------+------------+
    |tmp10_fu_801_p2      |     +    |      0|  0|  16|          32|          32|
    |tmp11_fu_742_p2      |     +    |      0|  0|  18|          18|          18|
    |tmp12_fu_732_p2      |     +    |      0|  0|  17|          17|          17|
    |tmp13_fu_893_p2      |     +    |      0|  0|  16|          32|          32|
    |tmp14_fu_835_p2      |     +    |      0|  0|  18|          18|          18|
    |tmp15_fu_825_p2      |     +    |      0|  0|  17|          17|          17|
    |tmp16_fu_913_p2      |     +    |      0|  0|  16|          32|          32|
    |tmp17_fu_855_p2      |     +    |      0|  0|  18|          18|          18|
    |tmp18_fu_845_p2      |     +    |      0|  0|  17|          17|          17|
    |tmp19_fu_983_p2      |     +    |      0|  0|  16|          32|          32|
    |tmp1_fu_668_p2       |     +    |      0|  0|  16|          32|          32|
    |tmp20_fu_947_p2      |     +    |      0|  0|  18|          18|          18|
    |tmp21_fu_937_p2      |     +    |      0|  0|  17|          17|          17|
    |tmp22_fu_1003_p2     |     +    |      0|  0|  16|          32|          32|
    |tmp23_fu_967_p2      |     +    |      0|  0|  18|          18|          18|
    |tmp24_fu_957_p2      |     +    |      0|  0|  17|          17|          17|
    |tmp2_fu_610_p2       |     +    |      0|  0|  18|          18|          18|
    |tmp3_fu_600_p2       |     +    |      0|  0|  17|          17|          17|
    |tmp4_fu_688_p2       |     +    |      0|  0|  16|          32|          32|
    |tmp5_fu_629_p2       |     +    |      0|  0|  18|          18|          18|
    |tmp6_fu_619_p2       |     +    |      0|  0|  17|          17|          17|
    |tmp7_fu_781_p2       |     +    |      0|  0|  16|          32|          32|
    |tmp8_fu_722_p2       |     +    |      0|  0|  18|          18|          18|
    |tmp9_fu_712_p2       |     +    |      0|  0|  17|          17|          17|
    |tmp_3_1_fu_696_p2    |     +    |      0|  0|  16|          32|          32|
    |tmp_3_2_fu_789_p2    |     +    |      0|  0|  16|          32|          32|
    |tmp_3_3_fu_809_p2    |     +    |      0|  0|  16|          32|          32|
    |tmp_3_4_fu_901_p2    |     +    |      0|  0|  16|          32|          32|
    |tmp_3_5_fu_921_p2    |     +    |      0|  0|  16|          32|          32|
    |tmp_3_6_fu_991_p2    |     +    |      0|  0|  16|          32|          32|
    |tmp_3_7_fu_1011_p2   |     +    |      0|  0|  16|          32|          32|
    |tmp_3_s_fu_676_p2    |     +    |      0|  0|  16|          32|          32|
    |tmp_4_10_fu_565_p2   |     +    |      0|  0|  16|          16|          16|
    |tmp_4_11_fu_578_p2   |     +    |      0|  0|  16|          16|          16|
    |tmp_4_12_fu_649_p2   |     +    |      0|  0|  16|          16|          16|
    |tmp_4_13_fu_762_p2   |     +    |      0|  0|  16|          16|          16|
    |tmp_4_14_fu_873_p2   |     +    |      0|  0|  16|          16|          16|
    |tmp_4_15_fu_586_p2   |     +    |      0|  0|  16|          16|          16|
    |tmp_4_16_fu_593_p2   |     +    |      0|  0|  16|          16|          16|
    |tmp_4_17_fu_657_p2   |     +    |      0|  0|  16|          16|          16|
    |tmp_4_18_fu_664_p2   |     +    |      0|  0|  16|          16|          16|
    |tmp_4_19_fu_770_p2   |     +    |      0|  0|  16|          16|          16|
    |tmp_4_1_fu_455_p2    |     +    |      0|  0|  16|          16|          16|
    |tmp_4_20_fu_777_p2   |     +    |      0|  0|  16|          16|          16|
    |tmp_4_21_fu_881_p2   |     +    |      0|  0|  16|          16|          16|
    |tmp_4_22_fu_888_p2   |     +    |      0|  0|  16|          16|          16|
    |tmp_4_23_fu_979_p2   |     +    |      0|  0|  16|          16|          16|
    |tmp_4_24_fu_1023_p2  |     +    |      0|  0|  16|          16|          16|
    |tmp_4_25_fu_1027_p2  |     +    |      0|  0|  16|          16|          16|
    |tmp_4_26_fu_1032_p2  |     +    |      0|  0|  16|          16|          16|
    |tmp_4_27_fu_1037_p2  |     +    |      0|  0|  16|          16|          16|
    |tmp_4_28_fu_1042_p2  |     +    |      0|  0|  16|          16|          16|
    |tmp_4_29_fu_1047_p2  |     +    |      0|  0|  16|          16|          16|
    |tmp_4_2_fu_470_p2    |     +    |      0|  0|  16|          16|          16|
    |tmp_4_30_fu_1052_p2  |     +    |      0|  0|  16|          16|          16|
    |tmp_4_3_fu_485_p2    |     +    |      0|  0|  16|          16|          16|
    |tmp_4_4_fu_500_p2    |     +    |      0|  0|  16|          16|          16|
    |tmp_4_5_fu_514_p2    |     +    |      0|  0|  16|          16|          16|
    |tmp_4_6_fu_528_p2    |     +    |      0|  0|  16|          16|          16|
    |tmp_4_7_fu_542_p2    |     +    |      0|  0|  16|          16|          16|
    |tmp_4_8_fu_548_p2    |     +    |      0|  0|  16|          16|          16|
    |tmp_4_9_fu_554_p2    |     +    |      0|  0|  16|          16|          16|
    |tmp_4_s_fu_560_p2    |     +    |      0|  0|  16|          16|          16|
    |tmp_s_fu_440_p2      |     +    |      0|  0|  16|          16|          16|
    +---------------------+----------+-------+---+----+------------+------------+
    |Total                |          |      0|  0|1048|        1304|        1304|
    +---------------------+----------+-------+---+----+------------+------------+

    * Multiplexer: 
    +--------------+-----+-----------+-----+-----------+
    |     Name     | LUT | Input Size| Bits| Total Bits|
    +--------------+-----+-----------+-----+-----------+
    |ap_NS_fsm     |   60|         35|    1|         35|
    |d_i_address0  |   25|         17|    5|         85|
    |d_i_address1  |   25|         17|    5|         85|
    |d_o_blk_n     |    1|          2|    1|          2|
    |d_o_din       |  160|         33|   16|        528|
    +--------------+-----+-----------+-----+-----------+
    |Total         |  271|        104|   28|        735|
    +--------------+-----+-----------+-----+-----------+

    * Register: 
    +----------------------+----+----+-----+-----------+
    |         Name         | FF | LUT| Bits| Const Bits|
    +----------------------+----+----+-----+-----------+
    |acc_0                 |  32|   0|   32|          0|
    |acc_1                 |  32|   0|   32|          0|
    |acc_2                 |  32|   0|   32|          0|
    |acc_3                 |  32|   0|   32|          0|
    |acc_4                 |  32|   0|   32|          0|
    |acc_5                 |  32|   0|   32|          0|
    |acc_6                 |  32|   0|   32|          0|
    |acc_7                 |  32|   0|   32|          0|
    |ap_CS_fsm             |  34|   0|   34|          0|
    |d_i_load_10_reg_1191  |  16|   0|   16|          0|
    |d_i_load_11_reg_1197  |  16|   0|   16|          0|
    |d_i_load_12_reg_1223  |  16|   0|   16|          0|
    |d_i_load_13_reg_1229  |  16|   0|   16|          0|
    |d_i_load_14_reg_1255  |  16|   0|   16|          0|
    |d_i_load_15_reg_1261  |  16|   0|   16|          0|
    |d_i_load_16_reg_1287  |  16|   0|   16|          0|
    |d_i_load_17_reg_1293  |  16|   0|   16|          0|
    |d_i_load_18_reg_1314  |  16|   0|   16|          0|
    |d_i_load_19_reg_1320  |  16|   0|   16|          0|
    |d_i_load_20_reg_1341  |  16|   0|   16|          0|
    |d_i_load_21_reg_1347  |  16|   0|   16|          0|
    |d_i_load_22_reg_1368  |  16|   0|   16|          0|
    |d_i_load_23_reg_1374  |  16|   0|   16|          0|
    |d_i_load_24_reg_1395  |  16|   0|   16|          0|
    |d_i_load_25_reg_1401  |  16|   0|   16|          0|
    |d_i_load_4_reg_1107   |  16|   0|   16|          0|
    |d_i_load_5_reg_1113   |  16|   0|   16|          0|
    |d_i_load_6_reg_1139   |  16|   0|   16|          0|
    |d_i_load_7_reg_1145   |  16|   0|   16|          0|
    |reg_408               |  16|   0|   16|          0|
    |reg_412               |  16|   0|   16|          0|
    |reg_416               |  16|   0|   16|          0|
    |reg_420               |  16|   0|   16|          0|
    |reg_424               |  16|   0|   16|          0|
    |reg_428               |  16|   0|   16|          0|
    |tmp11_reg_1476        |  18|   0|   18|          0|
    |tmp14_reg_1508        |  18|   0|   18|          0|
    |tmp17_reg_1513        |  18|   0|   18|          0|
    |tmp20_reg_1530        |  18|   0|   18|          0|
    |tmp23_reg_1535        |  18|   0|   18|          0|
    |tmp2_reg_1434         |  18|   0|   18|          0|
    |tmp5_reg_1439         |  18|   0|   18|          0|
    |tmp8_reg_1471         |  18|   0|   18|          0|
    |tmp_4_10_reg_1390     |  16|   0|   16|          0|
    |tmp_4_11_reg_1417     |  16|   0|   16|          0|
    |tmp_4_12_reg_1454     |  16|   0|   16|          0|
    |tmp_4_13_reg_1491     |  16|   0|   16|          0|
    |tmp_4_15_reg_1422     |  16|   0|   16|          0|
    |tmp_4_16_reg_1428     |  16|   0|   16|          0|
    |tmp_4_17_reg_1459     |  16|   0|   16|          0|
    |tmp_4_18_reg_1465     |  16|   0|   16|          0|
    |tmp_4_19_reg_1496     |  16|   0|   16|          0|
    |tmp_4_1_reg_1102      |  16|   0|   16|          0|
    |tmp_4_20_reg_1502     |  16|   0|   16|          0|
    |tmp_4_21_reg_1518     |  16|   0|   16|          0|
    |tmp_4_22_reg_1524     |  16|   0|   16|          0|
    |tmp_4_23_reg_1540     |  16|   0|   16|          0|
    |tmp_4_24_reg_1545     |  16|   0|   16|          0|
    |tmp_4_25_reg_1550     |  16|   0|   16|          0|
    |tmp_4_26_reg_1555     |  16|   0|   16|          0|
    |tmp_4_27_reg_1560     |  16|   0|   16|          0|
    |tmp_4_28_reg_1565     |  16|   0|   16|          0|
    |tmp_4_29_reg_1570     |  16|   0|   16|          0|
    |tmp_4_2_reg_1134      |  16|   0|   16|          0|
    |tmp_4_30_reg_1575     |  16|   0|   16|          0|
    |tmp_4_3_reg_1166      |  16|   0|   16|          0|
    |tmp_4_4_reg_1186      |  16|   0|   16|          0|
    |tmp_4_5_reg_1218      |  16|   0|   16|          0|
    |tmp_4_6_reg_1250      |  16|   0|   16|          0|
    |tmp_4_7_reg_1282      |  16|   0|   16|          0|
    |tmp_4_8_reg_1309      |  16|   0|   16|          0|
    |tmp_4_9_reg_1336      |  16|   0|   16|          0|
    |tmp_4_s_reg_1363      |  16|   0|   16|          0|
    |tmp_s_reg_1082        |  16|   0|   16|          0|
    +----------------------+----+----+-----+-----------+
    |Total                 |1346|   0| 1346|          0|
    +----------------------+----+----+-----+-----------+



================================================================
== Interface
================================================================
* Summary: 
+--------------+-----+-----+------------+--------------+--------------+
|   RTL Ports  | Dir | Bits|  Protocol  | Source Object|    C Type    |
+--------------+-----+-----+------------+--------------+--------------+
|ap_clk        |  in |    1| ap_ctrl_hs |   array_io   | return value |
|ap_rst        |  in |    1| ap_ctrl_hs |   array_io   | return value |
|ap_start      |  in |    1| ap_ctrl_hs |   array_io   | return value |
|ap_done       | out |    1| ap_ctrl_hs |   array_io   | return value |
|ap_idle       | out |    1| ap_ctrl_hs |   array_io   | return value |
|ap_ready      | out |    1| ap_ctrl_hs |   array_io   | return value |
|d_o_din       | out |   16|   ap_fifo  |      d_o     |    pointer   |
|d_o_full_n    |  in |    1|   ap_fifo  |      d_o     |    pointer   |
|d_o_write     | out |    1|   ap_fifo  |      d_o     |    pointer   |
|d_i_address0  | out |    5|  ap_memory |      d_i     |     array    |
|d_i_ce0       | out |    1|  ap_memory |      d_i     |     array    |
|d_i_q0        |  in |   16|  ap_memory |      d_i     |     array    |
|d_i_address1  | out |    5|  ap_memory |      d_i     |     array    |
|d_i_ce1       | out |    1|  ap_memory |      d_i     |     array    |
|d_i_q1        |  in |   16|  ap_memory |      d_i     |     array    |
+--------------+-----+-----+------------+--------------+--------------+

