
*** Running vivado
    with args -log lab2_simple_arm_auto_pc_0.vds -m64 -product Vivado -mode batch -messageDb vivado.pb -notrace -source lab2_simple_arm_auto_pc_0.tcl


****** Vivado v2016.4 (64-bit)
  **** SW Build 1756540 on Mon Jan 23 19:11:19 MST 2017
  **** IP Build 1755317 on Mon Jan 23 20:30:07 MST 2017
    ** Copyright 1986-2016 Xilinx, Inc. All Rights Reserved.

source lab2_simple_arm_auto_pc_0.tcl -notrace
Starting RTL Elaboration : Time (s): cpu = 00:00:16 ; elapsed = 00:00:17 . Memory (MB): peak = 1103.008 ; gain = 176.086 ; free physical = 1413 ; free virtual = 5728
INFO: [Synth 8-638] synthesizing module 'lab2_simple_arm_auto_pc_0' [/home/inf2013/nxiromeritis/embedded/ce435_2/lab2_interrupt_arm/lab2_interrupt_arm.srcs/sources_1/bd/lab2_simple_arm/ip/lab2_simple_arm_auto_pc_0/synth/lab2_simple_arm_auto_pc_0.v:58]
INFO: [Synth 8-638] synthesizing module 'axi_protocol_converter_v2_1_11_axi_protocol_converter' [/home/inf2013/nxiromeritis/embedded/ce435_2/lab2_interrupt_arm/lab2_interrupt_arm.srcs/sources_1/bd/lab2_simple_arm/ipshared/df1b/hdl/axi_protocol_converter_v2_1_vl_rfs.v:4806]
INFO: [Synth 8-638] synthesizing module 'axi_protocol_converter_v2_1_11_b2s' [/home/inf2013/nxiromeritis/embedded/ce435_2/lab2_interrupt_arm/lab2_interrupt_arm.srcs/sources_1/bd/lab2_simple_arm/ipshared/df1b/hdl/axi_protocol_converter_v2_1_vl_rfs.v:4224]
INFO: [Synth 8-638] synthesizing module 'axi_protocol_converter_v2_1_11_b2s_aw_channel' [/home/inf2013/nxiromeritis/embedded/ce435_2/lab2_interrupt_arm/lab2_interrupt_arm.srcs/sources_1/bd/lab2_simple_arm/ipshared/df1b/hdl/axi_protocol_converter_v2_1_vl_rfs.v:3969]
INFO: [Synth 8-638] synthesizing module 'axi_protocol_converter_v2_1_11_b2s_cmd_translator' [/home/inf2013/nxiromeritis/embedded/ce435_2/lab2_interrupt_arm/lab2_interrupt_arm.srcs/sources_1/bd/lab2_simple_arm/ipshared/df1b/hdl/axi_protocol_converter_v2_1_vl_rfs.v:3467]
INFO: [Synth 8-638] synthesizing module 'axi_protocol_converter_v2_1_11_b2s_incr_cmd' [/home/inf2013/nxiromeritis/embedded/ce435_2/lab2_interrupt_arm/lab2_interrupt_arm.srcs/sources_1/bd/lab2_simple_arm/ipshared/df1b/hdl/axi_protocol_converter_v2_1_vl_rfs.v:3093]
INFO: [Synth 8-256] done synthesizing module 'axi_protocol_converter_v2_1_11_b2s_incr_cmd' (1#1) [/home/inf2013/nxiromeritis/embedded/ce435_2/lab2_interrupt_arm/lab2_interrupt_arm.srcs/sources_1/bd/lab2_simple_arm/ipshared/df1b/hdl/axi_protocol_converter_v2_1_vl_rfs.v:3093]
INFO: [Synth 8-638] synthesizing module 'axi_protocol_converter_v2_1_11_b2s_wrap_cmd' [/home/inf2013/nxiromeritis/embedded/ce435_2/lab2_interrupt_arm/lab2_interrupt_arm.srcs/sources_1/bd/lab2_simple_arm/ipshared/df1b/hdl/axi_protocol_converter_v2_1_vl_rfs.v:2903]
INFO: [Synth 8-256] done synthesizing module 'axi_protocol_converter_v2_1_11_b2s_wrap_cmd' (2#1) [/home/inf2013/nxiromeritis/embedded/ce435_2/lab2_interrupt_arm/lab2_interrupt_arm.srcs/sources_1/bd/lab2_simple_arm/ipshared/df1b/hdl/axi_protocol_converter_v2_1_vl_rfs.v:2903]
INFO: [Synth 8-256] done synthesizing module 'axi_protocol_converter_v2_1_11_b2s_cmd_translator' (3#1) [/home/inf2013/nxiromeritis/embedded/ce435_2/lab2_interrupt_arm/lab2_interrupt_arm.srcs/sources_1/bd/lab2_simple_arm/ipshared/df1b/hdl/axi_protocol_converter_v2_1_vl_rfs.v:3467]
INFO: [Synth 8-638] synthesizing module 'axi_protocol_converter_v2_1_11_b2s_wr_cmd_fsm' [/home/inf2013/nxiromeritis/embedded/ce435_2/lab2_interrupt_arm/lab2_interrupt_arm.srcs/sources_1/bd/lab2_simple_arm/ipshared/df1b/hdl/axi_protocol_converter_v2_1_vl_rfs.v:3225]
INFO: [Synth 8-256] done synthesizing module 'axi_protocol_converter_v2_1_11_b2s_wr_cmd_fsm' (4#1) [/home/inf2013/nxiromeritis/embedded/ce435_2/lab2_interrupt_arm/lab2_interrupt_arm.srcs/sources_1/bd/lab2_simple_arm/ipshared/df1b/hdl/axi_protocol_converter_v2_1_vl_rfs.v:3225]
INFO: [Synth 8-256] done synthesizing module 'axi_protocol_converter_v2_1_11_b2s_aw_channel' (5#1) [/home/inf2013/nxiromeritis/embedded/ce435_2/lab2_interrupt_arm/lab2_interrupt_arm.srcs/sources_1/bd/lab2_simple_arm/ipshared/df1b/hdl/axi_protocol_converter_v2_1_vl_rfs.v:3969]
INFO: [Synth 8-638] synthesizing module 'axi_protocol_converter_v2_1_11_b2s_b_channel' [/home/inf2013/nxiromeritis/embedded/ce435_2/lab2_interrupt_arm/lab2_interrupt_arm.srcs/sources_1/bd/lab2_simple_arm/ipshared/df1b/hdl/axi_protocol_converter_v2_1_vl_rfs.v:3609]
INFO: [Synth 8-638] synthesizing module 'axi_protocol_converter_v2_1_11_b2s_simple_fifo' [/home/inf2013/nxiromeritis/embedded/ce435_2/lab2_interrupt_arm/lab2_interrupt_arm.srcs/sources_1/bd/lab2_simple_arm/ipshared/df1b/hdl/axi_protocol_converter_v2_1_vl_rfs.v:2816]
INFO: [Synth 8-256] done synthesizing module 'axi_protocol_converter_v2_1_11_b2s_simple_fifo' (6#1) [/home/inf2013/nxiromeritis/embedded/ce435_2/lab2_interrupt_arm/lab2_interrupt_arm.srcs/sources_1/bd/lab2_simple_arm/ipshared/df1b/hdl/axi_protocol_converter_v2_1_vl_rfs.v:2816]
INFO: [Synth 8-638] synthesizing module 'axi_protocol_converter_v2_1_11_b2s_simple_fifo__parameterized0' [/home/inf2013/nxiromeritis/embedded/ce435_2/lab2_interrupt_arm/lab2_interrupt_arm.srcs/sources_1/bd/lab2_simple_arm/ipshared/df1b/hdl/axi_protocol_converter_v2_1_vl_rfs.v:2816]
INFO: [Synth 8-256] done synthesizing module 'axi_protocol_converter_v2_1_11_b2s_simple_fifo__parameterized0' (6#1) [/home/inf2013/nxiromeritis/embedded/ce435_2/lab2_interrupt_arm/lab2_interrupt_arm.srcs/sources_1/bd/lab2_simple_arm/ipshared/df1b/hdl/axi_protocol_converter_v2_1_vl_rfs.v:2816]
INFO: [Synth 8-256] done synthesizing module 'axi_protocol_converter_v2_1_11_b2s_b_channel' (7#1) [/home/inf2013/nxiromeritis/embedded/ce435_2/lab2_interrupt_arm/lab2_interrupt_arm.srcs/sources_1/bd/lab2_simple_arm/ipshared/df1b/hdl/axi_protocol_converter_v2_1_vl_rfs.v:3609]
INFO: [Synth 8-638] synthesizing module 'axi_protocol_converter_v2_1_11_b2s_ar_channel' [/home/inf2013/nxiromeritis/embedded/ce435_2/lab2_interrupt_arm/lab2_interrupt_arm.srcs/sources_1/bd/lab2_simple_arm/ipshared/df1b/hdl/axi_protocol_converter_v2_1_vl_rfs.v:4080]
INFO: [Synth 8-638] synthesizing module 'axi_protocol_converter_v2_1_11_b2s_rd_cmd_fsm' [/home/inf2013/nxiromeritis/embedded/ce435_2/lab2_interrupt_arm/lab2_interrupt_arm.srcs/sources_1/bd/lab2_simple_arm/ipshared/df1b/hdl/axi_protocol_converter_v2_1_vl_rfs.v:3336]
INFO: [Synth 8-256] done synthesizing module 'axi_protocol_converter_v2_1_11_b2s_rd_cmd_fsm' (8#1) [/home/inf2013/nxiromeritis/embedded/ce435_2/lab2_interrupt_arm/lab2_interrupt_arm.srcs/sources_1/bd/lab2_simple_arm/ipshared/df1b/hdl/axi_protocol_converter_v2_1_vl_rfs.v:3336]
INFO: [Synth 8-256] done synthesizing module 'axi_protocol_converter_v2_1_11_b2s_ar_channel' (9#1) [/home/inf2013/nxiromeritis/embedded/ce435_2/lab2_interrupt_arm/lab2_interrupt_arm.srcs/sources_1/bd/lab2_simple_arm/ipshared/df1b/hdl/axi_protocol_converter_v2_1_vl_rfs.v:4080]
INFO: [Synth 8-638] synthesizing module 'axi_protocol_converter_v2_1_11_b2s_r_channel' [/home/inf2013/nxiromeritis/embedded/ce435_2/lab2_interrupt_arm/lab2_interrupt_arm.srcs/sources_1/bd/lab2_simple_arm/ipshared/df1b/hdl/axi_protocol_converter_v2_1_vl_rfs.v:3809]
INFO: [Synth 8-638] synthesizing module 'axi_protocol_converter_v2_1_11_b2s_simple_fifo__parameterized1' [/home/inf2013/nxiromeritis/embedded/ce435_2/lab2_interrupt_arm/lab2_interrupt_arm.srcs/sources_1/bd/lab2_simple_arm/ipshared/df1b/hdl/axi_protocol_converter_v2_1_vl_rfs.v:2816]
INFO: [Synth 8-256] done synthesizing module 'axi_protocol_converter_v2_1_11_b2s_simple_fifo__parameterized1' (9#1) [/home/inf2013/nxiromeritis/embedded/ce435_2/lab2_interrupt_arm/lab2_interrupt_arm.srcs/sources_1/bd/lab2_simple_arm/ipshared/df1b/hdl/axi_protocol_converter_v2_1_vl_rfs.v:2816]
INFO: [Synth 8-638] synthesizing module 'axi_protocol_converter_v2_1_11_b2s_simple_fifo__parameterized2' [/home/inf2013/nxiromeritis/embedded/ce435_2/lab2_interrupt_arm/lab2_interrupt_arm.srcs/sources_1/bd/lab2_simple_arm/ipshared/df1b/hdl/axi_protocol_converter_v2_1_vl_rfs.v:2816]
INFO: [Synth 8-256] done synthesizing module 'axi_protocol_converter_v2_1_11_b2s_simple_fifo__parameterized2' (9#1) [/home/inf2013/nxiromeritis/embedded/ce435_2/lab2_interrupt_arm/lab2_interrupt_arm.srcs/sources_1/bd/lab2_simple_arm/ipshared/df1b/hdl/axi_protocol_converter_v2_1_vl_rfs.v:2816]
INFO: [Synth 8-256] done synthesizing module 'axi_protocol_converter_v2_1_11_b2s_r_channel' (10#1) [/home/inf2013/nxiromeritis/embedded/ce435_2/lab2_interrupt_arm/lab2_interrupt_arm.srcs/sources_1/bd/lab2_simple_arm/ipshared/df1b/hdl/axi_protocol_converter_v2_1_vl_rfs.v:3809]
INFO: [Synth 8-638] synthesizing module 'axi_register_slice_v2_1_11_axi_register_slice' [/home/inf2013/nxiromeritis/embedded/ce435_2/lab2_interrupt_arm/lab2_interrupt_arm.srcs/sources_1/bd/lab2_simple_arm/ipshared/0b6b/hdl/axi_register_slice_v2_1_vl_rfs.v:791]
INFO: [Synth 8-638] synthesizing module 'axi_infrastructure_v1_1_0_axi2vector' [/home/inf2013/nxiromeritis/embedded/ce435_2/lab2_interrupt_arm/lab2_interrupt_arm.srcs/sources_1/bd/lab2_simple_arm/ipshared/7e3a/hdl/axi_infrastructure_v1_1_vl_rfs.v:60]
INFO: [Synth 8-256] done synthesizing module 'axi_infrastructure_v1_1_0_axi2vector' (11#1) [/home/inf2013/nxiromeritis/embedded/ce435_2/lab2_interrupt_arm/lab2_interrupt_arm.srcs/sources_1/bd/lab2_simple_arm/ipshared/7e3a/hdl/axi_infrastructure_v1_1_vl_rfs.v:60]
INFO: [Synth 8-638] synthesizing module 'axi_register_slice_v2_1_11_axic_register_slice' [/home/inf2013/nxiromeritis/embedded/ce435_2/lab2_interrupt_arm/lab2_interrupt_arm.srcs/sources_1/bd/lab2_simple_arm/ipshared/0b6b/hdl/axi_register_slice_v2_1_vl_rfs.v:85]
INFO: [Synth 8-256] done synthesizing module 'axi_register_slice_v2_1_11_axic_register_slice' (12#1) [/home/inf2013/nxiromeritis/embedded/ce435_2/lab2_interrupt_arm/lab2_interrupt_arm.srcs/sources_1/bd/lab2_simple_arm/ipshared/0b6b/hdl/axi_register_slice_v2_1_vl_rfs.v:85]
INFO: [Synth 8-638] synthesizing module 'axi_register_slice_v2_1_11_axic_register_slice__parameterized0' [/home/inf2013/nxiromeritis/embedded/ce435_2/lab2_interrupt_arm/lab2_interrupt_arm.srcs/sources_1/bd/lab2_simple_arm/ipshared/0b6b/hdl/axi_register_slice_v2_1_vl_rfs.v:85]
INFO: [Synth 8-256] done synthesizing module 'axi_register_slice_v2_1_11_axic_register_slice__parameterized0' (12#1) [/home/inf2013/nxiromeritis/embedded/ce435_2/lab2_interrupt_arm/lab2_interrupt_arm.srcs/sources_1/bd/lab2_simple_arm/ipshared/0b6b/hdl/axi_register_slice_v2_1_vl_rfs.v:85]
INFO: [Synth 8-638] synthesizing module 'axi_register_slice_v2_1_11_axic_register_slice__parameterized1' [/home/inf2013/nxiromeritis/embedded/ce435_2/lab2_interrupt_arm/lab2_interrupt_arm.srcs/sources_1/bd/lab2_simple_arm/ipshared/0b6b/hdl/axi_register_slice_v2_1_vl_rfs.v:85]
INFO: [Synth 8-256] done synthesizing module 'axi_register_slice_v2_1_11_axic_register_slice__parameterized1' (12#1) [/home/inf2013/nxiromeritis/embedded/ce435_2/lab2_interrupt_arm/lab2_interrupt_arm.srcs/sources_1/bd/lab2_simple_arm/ipshared/0b6b/hdl/axi_register_slice_v2_1_vl_rfs.v:85]
INFO: [Synth 8-638] synthesizing module 'axi_register_slice_v2_1_11_axic_register_slice__parameterized2' [/home/inf2013/nxiromeritis/embedded/ce435_2/lab2_interrupt_arm/lab2_interrupt_arm.srcs/sources_1/bd/lab2_simple_arm/ipshared/0b6b/hdl/axi_register_slice_v2_1_vl_rfs.v:85]
INFO: [Synth 8-256] done synthesizing module 'axi_register_slice_v2_1_11_axic_register_slice__parameterized2' (12#1) [/home/inf2013/nxiromeritis/embedded/ce435_2/lab2_interrupt_arm/lab2_interrupt_arm.srcs/sources_1/bd/lab2_simple_arm/ipshared/0b6b/hdl/axi_register_slice_v2_1_vl_rfs.v:85]
INFO: [Synth 8-638] synthesizing module 'axi_infrastructure_v1_1_0_vector2axi' [/home/inf2013/nxiromeritis/embedded/ce435_2/lab2_interrupt_arm/lab2_interrupt_arm.srcs/sources_1/bd/lab2_simple_arm/ipshared/7e3a/hdl/axi_infrastructure_v1_1_vl_rfs.v:474]
INFO: [Synth 8-256] done synthesizing module 'axi_infrastructure_v1_1_0_vector2axi' (13#1) [/home/inf2013/nxiromeritis/embedded/ce435_2/lab2_interrupt_arm/lab2_interrupt_arm.srcs/sources_1/bd/lab2_simple_arm/ipshared/7e3a/hdl/axi_infrastructure_v1_1_vl_rfs.v:474]
INFO: [Synth 8-256] done synthesizing module 'axi_register_slice_v2_1_11_axi_register_slice' (14#1) [/home/inf2013/nxiromeritis/embedded/ce435_2/lab2_interrupt_arm/lab2_interrupt_arm.srcs/sources_1/bd/lab2_simple_arm/ipshared/0b6b/hdl/axi_register_slice_v2_1_vl_rfs.v:791]
INFO: [Synth 8-638] synthesizing module 'axi_register_slice_v2_1_11_axi_register_slice__parameterized0' [/home/inf2013/nxiromeritis/embedded/ce435_2/lab2_interrupt_arm/lab2_interrupt_arm.srcs/sources_1/bd/lab2_simple_arm/ipshared/0b6b/hdl/axi_register_slice_v2_1_vl_rfs.v:791]
INFO: [Synth 8-638] synthesizing module 'axi_infrastructure_v1_1_0_axi2vector__parameterized0' [/home/inf2013/nxiromeritis/embedded/ce435_2/lab2_interrupt_arm/lab2_interrupt_arm.srcs/sources_1/bd/lab2_simple_arm/ipshared/7e3a/hdl/axi_infrastructure_v1_1_vl_rfs.v:60]
INFO: [Synth 8-256] done synthesizing module 'axi_infrastructure_v1_1_0_axi2vector__parameterized0' (14#1) [/home/inf2013/nxiromeritis/embedded/ce435_2/lab2_interrupt_arm/lab2_interrupt_arm.srcs/sources_1/bd/lab2_simple_arm/ipshared/7e3a/hdl/axi_infrastructure_v1_1_vl_rfs.v:60]
INFO: [Synth 8-638] synthesizing module 'axi_register_slice_v2_1_11_axic_register_slice__parameterized3' [/home/inf2013/nxiromeritis/embedded/ce435_2/lab2_interrupt_arm/lab2_interrupt_arm.srcs/sources_1/bd/lab2_simple_arm/ipshared/0b6b/hdl/axi_register_slice_v2_1_vl_rfs.v:85]
INFO: [Synth 8-256] done synthesizing module 'axi_register_slice_v2_1_11_axic_register_slice__parameterized3' (14#1) [/home/inf2013/nxiromeritis/embedded/ce435_2/lab2_interrupt_arm/lab2_interrupt_arm.srcs/sources_1/bd/lab2_simple_arm/ipshared/0b6b/hdl/axi_register_slice_v2_1_vl_rfs.v:85]
INFO: [Synth 8-638] synthesizing module 'axi_register_slice_v2_1_11_axic_register_slice__parameterized4' [/home/inf2013/nxiromeritis/embedded/ce435_2/lab2_interrupt_arm/lab2_interrupt_arm.srcs/sources_1/bd/lab2_simple_arm/ipshared/0b6b/hdl/axi_register_slice_v2_1_vl_rfs.v:85]
INFO: [Synth 8-256] done synthesizing module 'axi_register_slice_v2_1_11_axic_register_slice__parameterized4' (14#1) [/home/inf2013/nxiromeritis/embedded/ce435_2/lab2_interrupt_arm/lab2_interrupt_arm.srcs/sources_1/bd/lab2_simple_arm/ipshared/0b6b/hdl/axi_register_slice_v2_1_vl_rfs.v:85]
INFO: [Synth 8-638] synthesizing module 'axi_register_slice_v2_1_11_axic_register_slice__parameterized5' [/home/inf2013/nxiromeritis/embedded/ce435_2/lab2_interrupt_arm/lab2_interrupt_arm.srcs/sources_1/bd/lab2_simple_arm/ipshared/0b6b/hdl/axi_register_slice_v2_1_vl_rfs.v:85]
INFO: [Synth 8-256] done synthesizing module 'axi_register_slice_v2_1_11_axic_register_slice__parameterized5' (14#1) [/home/inf2013/nxiromeritis/embedded/ce435_2/lab2_interrupt_arm/lab2_interrupt_arm.srcs/sources_1/bd/lab2_simple_arm/ipshared/0b6b/hdl/axi_register_slice_v2_1_vl_rfs.v:85]
INFO: [Synth 8-638] synthesizing module 'axi_register_slice_v2_1_11_axic_register_slice__parameterized6' [/home/inf2013/nxiromeritis/embedded/ce435_2/lab2_interrupt_arm/lab2_interrupt_arm.srcs/sources_1/bd/lab2_simple_arm/ipshared/0b6b/hdl/axi_register_slice_v2_1_vl_rfs.v:85]
INFO: [Synth 8-256] done synthesizing module 'axi_register_slice_v2_1_11_axic_register_slice__parameterized6' (14#1) [/home/inf2013/nxiromeritis/embedded/ce435_2/lab2_interrupt_arm/lab2_interrupt_arm.srcs/sources_1/bd/lab2_simple_arm/ipshared/0b6b/hdl/axi_register_slice_v2_1_vl_rfs.v:85]
INFO: [Synth 8-638] synthesizing module 'axi_register_slice_v2_1_11_axic_register_slice__parameterized7' [/home/inf2013/nxiromeritis/embedded/ce435_2/lab2_interrupt_arm/lab2_interrupt_arm.srcs/sources_1/bd/lab2_simple_arm/ipshared/0b6b/hdl/axi_register_slice_v2_1_vl_rfs.v:85]
INFO: [Synth 8-256] done synthesizing module 'axi_register_slice_v2_1_11_axic_register_slice__parameterized7' (14#1) [/home/inf2013/nxiromeritis/embedded/ce435_2/lab2_interrupt_arm/lab2_interrupt_arm.srcs/sources_1/bd/lab2_simple_arm/ipshared/0b6b/hdl/axi_register_slice_v2_1_vl_rfs.v:85]
INFO: [Synth 8-638] synthesizing module 'axi_infrastructure_v1_1_0_vector2axi__parameterized0' [/home/inf2013/nxiromeritis/embedded/ce435_2/lab2_interrupt_arm/lab2_interrupt_arm.srcs/sources_1/bd/lab2_simple_arm/ipshared/7e3a/hdl/axi_infrastructure_v1_1_vl_rfs.v:474]
INFO: [Synth 8-256] done synthesizing module 'axi_infrastructure_v1_1_0_vector2axi__parameterized0' (14#1) [/home/inf2013/nxiromeritis/embedded/ce435_2/lab2_interrupt_arm/lab2_interrupt_arm.srcs/sources_1/bd/lab2_simple_arm/ipshared/7e3a/hdl/axi_infrastructure_v1_1_vl_rfs.v:474]
INFO: [Synth 8-256] done synthesizing module 'axi_register_slice_v2_1_11_axi_register_slice__parameterized0' (14#1) [/home/inf2013/nxiromeritis/embedded/ce435_2/lab2_interrupt_arm/lab2_interrupt_arm.srcs/sources_1/bd/lab2_simple_arm/ipshared/0b6b/hdl/axi_register_slice_v2_1_vl_rfs.v:791]
INFO: [Synth 8-256] done synthesizing module 'axi_protocol_converter_v2_1_11_b2s' (15#1) [/home/inf2013/nxiromeritis/embedded/ce435_2/lab2_interrupt_arm/lab2_interrupt_arm.srcs/sources_1/bd/lab2_simple_arm/ipshared/df1b/hdl/axi_protocol_converter_v2_1_vl_rfs.v:4224]
INFO: [Synth 8-256] done synthesizing module 'axi_protocol_converter_v2_1_11_axi_protocol_converter' (16#1) [/home/inf2013/nxiromeritis/embedded/ce435_2/lab2_interrupt_arm/lab2_interrupt_arm.srcs/sources_1/bd/lab2_simple_arm/ipshared/df1b/hdl/axi_protocol_converter_v2_1_vl_rfs.v:4806]
INFO: [Synth 8-256] done synthesizing module 'lab2_simple_arm_auto_pc_0' (17#1) [/home/inf2013/nxiromeritis/embedded/ce435_2/lab2_interrupt_arm/lab2_interrupt_arm.srcs/sources_1/bd/lab2_simple_arm/ip/lab2_simple_arm_auto_pc_0/synth/lab2_simple_arm_auto_pc_0.v:58]
Finished RTL Elaboration : Time (s): cpu = 00:00:48 ; elapsed = 00:00:49 . Memory (MB): peak = 1224.480 ; gain = 297.559 ; free physical = 1276 ; free virtual = 5600
Finished RTL Optimization Phase 1 : Time (s): cpu = 00:00:48 ; elapsed = 00:00:49 . Memory (MB): peak = 1224.480 ; gain = 297.559 ; free physical = 1276 ; free virtual = 5600
INFO: [Device 21-403] Loading part xc7z020clg484-1
Constraint Validation Runtime : Time (s): cpu = 00:00:00.12 ; elapsed = 00:00:00.09 . Memory (MB): peak = 1499.637 ; gain = 1.004 ; free physical = 1117 ; free virtual = 5452
Finished Constraint Validation : Time (s): cpu = 00:01:06 ; elapsed = 00:01:08 . Memory (MB): peak = 1499.637 ; gain = 572.715 ; free physical = 1122 ; free virtual = 5453
Finished Loading Part and Timing Information : Time (s): cpu = 00:01:06 ; elapsed = 00:01:08 . Memory (MB): peak = 1499.637 ; gain = 572.715 ; free physical = 1122 ; free virtual = 5453
Finished applying 'set_property' XDC Constraints : Time (s): cpu = 00:01:06 ; elapsed = 00:01:08 . Memory (MB): peak = 1499.637 ; gain = 572.715 ; free physical = 1122 ; free virtual = 5453
Finished RTL Optimization Phase 2 : Time (s): cpu = 00:01:06 ; elapsed = 00:01:09 . Memory (MB): peak = 1499.637 ; gain = 572.715 ; free physical = 1116 ; free virtual = 5447
Finished Cross Boundary and Area Optimization : Time (s): cpu = 00:01:09 ; elapsed = 00:01:12 . Memory (MB): peak = 1499.641 ; gain = 572.719 ; free physical = 1098 ; free virtual = 5429
Finished Applying XDC Timing Constraints : Time (s): cpu = 00:01:23 ; elapsed = 00:01:25 . Memory (MB): peak = 1499.641 ; gain = 572.719 ; free physical = 1084 ; free virtual = 5415
Finished Timing Optimization : Time (s): cpu = 00:01:25 ; elapsed = 00:01:28 . Memory (MB): peak = 1513.234 ; gain = 586.312 ; free physical = 1044 ; free virtual = 5375
Finished Technology Mapping : Time (s): cpu = 00:01:26 ; elapsed = 00:01:28 . Memory (MB): peak = 1521.242 ; gain = 594.320 ; free physical = 1036 ; free virtual = 5366
Finished IO Insertion : Time (s): cpu = 00:01:26 ; elapsed = 00:01:29 . Memory (MB): peak = 1521.246 ; gain = 594.324 ; free physical = 1035 ; free virtual = 5366
Finished Renaming Generated Instances : Time (s): cpu = 00:01:26 ; elapsed = 00:01:29 . Memory (MB): peak = 1521.246 ; gain = 594.324 ; free physical = 1035 ; free virtual = 5366
Finished Rebuilding User Hierarchy : Time (s): cpu = 00:01:27 ; elapsed = 00:01:29 . Memory (MB): peak = 1521.246 ; gain = 594.324 ; free physical = 1036 ; free virtual = 5366
Finished Renaming Generated Ports : Time (s): cpu = 00:01:27 ; elapsed = 00:01:29 . Memory (MB): peak = 1521.246 ; gain = 594.324 ; free physical = 1036 ; free virtual = 5366
Finished Handling Custom Attributes : Time (s): cpu = 00:01:27 ; elapsed = 00:01:29 . Memory (MB): peak = 1521.246 ; gain = 594.324 ; free physical = 1036 ; free virtual = 5366
Finished Renaming Generated Nets : Time (s): cpu = 00:01:27 ; elapsed = 00:01:29 . Memory (MB): peak = 1521.246 ; gain = 594.324 ; free physical = 1036 ; free virtual = 5366

Report Cell Usage: 
+------+--------+------+
|      |Cell    |Count |
+------+--------+------+
|1     |CARRY4  |    18|
|2     |LUT1    |    38|
|3     |LUT2    |    18|
|4     |LUT3    |   235|
|5     |LUT4    |    41|
|6     |LUT5    |    70|
|7     |LUT6    |   106|
|8     |SRL16E  |    18|
|9     |SRLC32E |    47|
|10    |FDRE    |   548|
|11    |FDSE    |    51|
+------+--------+------+
Finished Writing Synthesis Report : Time (s): cpu = 00:01:27 ; elapsed = 00:01:29 . Memory (MB): peak = 1521.246 ; gain = 594.324 ; free physical = 1036 ; free virtual = 5366
synth_design: Time (s): cpu = 00:01:23 ; elapsed = 00:01:25 . Memory (MB): peak = 1521.250 ; gain = 505.824 ; free physical = 1037 ; free virtual = 5368
