#! /usr/bin/vvp
:ivl_version "0.9.7 " "(v0_9_7)";
:vpi_time_precision - 12;
:vpi_module "system";
:vpi_module "v2005_math";
:vpi_module "va_math";
S_0x18efb00 .scope module, "TB1" "TB1" 2 14;
 .timescale -9 -12;
P_0x1903388 .param/l "ONE" 2 21, C4<1>;
v0x1938180_0 .var "clk", 0 0;
v0x1938220_0 .net "leds", 3 0, v0x19380a0_0; 1 drivers
v0x19382d0_0 .var "rst", 0 0;
S_0x18ef950 .scope module, "DUT" "gray_4bits" 2 51, 3 28, S_0x18efb00;
 .timescale -9 -12;
v0x1903760_0 .var "bcount", 3 0;
v0x1937e10_0 .net "clk", 0 0, v0x1938180_0; 1 drivers
v0x1937eb0_0 .net "clk_en", 0 0, C4<1>; 1 drivers
v0x1937f50_0 .alias "gray_out", 3 0, v0x1938220_0;
v0x1938000_0 .net "rst", 0 0, v0x19382d0_0; 1 drivers
v0x19380a0_0 .var "state", 3 0;
E_0x1902420 .event posedge, v0x1938000_0, v0x1937e10_0;
    .scope S_0x18ef950;
T_0 ;
    %wait E_0x1902420;
    %load/v 8, v0x1938000_0, 1;
    %jmp/0xz  T_0.0, 8;
    %ix/load 0, 4, 0;
    %assign/v0 v0x19380a0_0, 0, 0;
    %ix/load 0, 4, 0;
    %assign/v0 v0x1903760_0, 0, 0;
    %jmp T_0.1;
T_0.0 ;
    %load/v 8, v0x1903760_0, 4;
    %mov 12, 0, 28;
    %addi 8, 1, 32;
    %ix/load 0, 4, 0;
    %assign/v0 v0x1903760_0, 0, 8;
    %ix/load 1, 1, 0;
    %mov 4, 0, 1;
    %jmp/1 T_0.2, 4;
    %load/x1p 12, v0x1903760_0, 1;
    %jmp T_0.3;
T_0.2 ;
    %mov 12, 2, 1;
T_0.3 ;
; Save base=12 wid=1 in lookaside.
    %load/v 13, v0x1903760_0, 1; Only need 1 of 4 bits
; Save base=13 wid=1 in lookaside.
    %xor 12, 13, 1;
    %mov 8, 12, 1;
    %ix/load 1, 2, 0;
    %mov 4, 0, 1;
    %jmp/1 T_0.4, 4;
    %load/x1p 12, v0x1903760_0, 1;
    %jmp T_0.5;
T_0.4 ;
    %mov 12, 2, 1;
T_0.5 ;
; Save base=12 wid=1 in lookaside.
    %ix/load 1, 1, 0;
    %mov 4, 0, 1;
    %jmp/1 T_0.6, 4;
    %load/x1p 13, v0x1903760_0, 1;
    %jmp T_0.7;
T_0.6 ;
    %mov 13, 2, 1;
T_0.7 ;
; Save base=13 wid=1 in lookaside.
    %xor 12, 13, 1;
    %mov 9, 12, 1;
    %ix/load 1, 3, 0;
    %mov 4, 0, 1;
    %jmp/1 T_0.8, 4;
    %load/x1p 12, v0x1903760_0, 1;
    %jmp T_0.9;
T_0.8 ;
    %mov 12, 2, 1;
T_0.9 ;
; Save base=12 wid=1 in lookaside.
    %ix/load 1, 2, 0;
    %mov 4, 0, 1;
    %jmp/1 T_0.10, 4;
    %load/x1p 13, v0x1903760_0, 1;
    %jmp T_0.11;
T_0.10 ;
    %mov 13, 2, 1;
T_0.11 ;
; Save base=13 wid=1 in lookaside.
    %xor 12, 13, 1;
    %mov 10, 12, 1;
    %ix/load 1, 3, 0;
    %mov 4, 0, 1;
    %jmp/1 T_0.12, 4;
    %load/x1p 12, v0x1903760_0, 1;
    %jmp T_0.13;
T_0.12 ;
    %mov 12, 2, 1;
T_0.13 ;
    %mov 11, 12, 1; Move signal select into place
    %ix/load 0, 4, 0;
    %assign/v0 v0x19380a0_0, 0, 8;
T_0.1 ;
    %jmp T_0;
    .thread T_0;
    .scope S_0x18efb00;
T_1 ;
    %vpi_call 2 29 "$dumpfile", "test.vcd";
    %vpi_call 2 30 "$dumpvars", 1'sb0, S_0x18efb00;
    %set/v v0x19382d0_0, 1, 1;
    %set/v v0x1938180_0, 1, 1;
    %delay 5000, 0;
    %set/v v0x19382d0_0, 0, 1;
    %delay 5000, 0;
    %delay 320000, 0;
    %vpi_call 2 39 "$finish";
    %end;
    .thread T_1;
    .scope S_0x18efb00;
T_2 ;
    %delay 5000, 0;
    %load/v 8, v0x1938180_0, 1;
    %inv 8, 1;
    %ix/load 0, 1, 0;
    %assign/v0 v0x1938180_0, 0, 8;
    %jmp T_2;
    .thread T_2;
# The file index is used to find the file name in the following table.
:file_names 4;
    "N/A";
    "<interactive>";
    "TB1_Gray.v";
    "Gray_4bits_RTL.v";
