Copyright 1986-2018 Xilinx, Inc. All Rights Reserved.
-------------------------------------------------------------------------------------------
| Tool Version : Vivado v.2018.2.2 (lin64) Build 2348494 Mon Oct  1 18:25:39 MDT 2018
| Date         : Tue May  7 11:50:28 2019
| Host         : elsa running 64-bit Antergos Linux
| Command      : report_control_sets -verbose -file system_wrapper_control_sets_placed.rpt
| Design       : system_wrapper
| Device       : xc7z020
-------------------------------------------------------------------------------------------

Control Set Information

Table of Contents
-----------------
1. Summary
2. Histogram
3. Flip-Flop Distribution
4. Detailed Control Set Information

1. Summary
----------

+----------------------------------------------------------+-------+
|                          Status                          | Count |
+----------------------------------------------------------+-------+
| Number of unique control sets                            |   170 |
| Unused register locations in slices containing registers |   234 |
+----------------------------------------------------------+-------+


2. Histogram
------------

+--------+--------------+
| Fanout | Control Sets |
+--------+--------------+
|      4 |            3 |
|      8 |           24 |
|     10 |            7 |
|     12 |            6 |
|     14 |            1 |
|    16+ |          129 |
+--------+--------------+


3. Flip-Flop Distribution
-------------------------

+--------------+-----------------------+------------------------+-----------------+--------------+
| Clock Enable | Synchronous Set/Reset | Asynchronous Set/Reset | Total Registers | Total Slices |
+--------------+-----------------------+------------------------+-----------------+--------------+
| No           | No                    | No                     |             278 |           53 |
| No           | No                    | Yes                    |               0 |            0 |
| No           | Yes                   | No                     |             292 |           63 |
| Yes          | No                    | No                     |            1154 |          192 |
| Yes          | No                    | Yes                    |               0 |            0 |
| Yes          | Yes                   | No                     |            3250 |          472 |
+--------------+-----------------------+------------------------+-----------------+--------------+


4. Detailed Control Set Information
-----------------------------------

+-----------------------------------------------+-------------------------------------------------------------------------------------------------------------------------------------------------------------------------------------------------------+------------------------------------------------------------------------------------------------------------------------------------------------------+------------------+----------------+
|                  Clock Signal                 |                                                                                             Enable Signal                                                                                             |                                                                   Set/Reset Signal                                                                   | Slice Load Count | Bel Load Count |
+-----------------------------------------------+-------------------------------------------------------------------------------------------------------------------------------------------------------------------------------------------------------+------------------------------------------------------------------------------------------------------------------------------------------------------+------------------+----------------+
|  system_i/processing_system7_0/inst/FCLK_CLK0 | system_i/ps7_0_axi_periph/m00_couplers/auto_pc/inst/gen_axilite.gen_b2s_conv.axilite_b2s/WR.b_channel_0/bid_fifo_0/bresp_push                                                                         |                                                                                                                                                      |                1 |              4 |
|  system_i/processing_system7_0/inst/FCLK_CLK0 | system_i/ps7_0_axi_periph/xbar/inst/gen_samd.crossbar_samd/gen_slave_slots[0].gen_si_write.wdata_router_w/wrouter_aw_fifo/load_s1                                                                     |                                                                                                                                                      |                1 |              4 |
|  system_i/processing_system7_0/inst/FCLK_CLK0 | system_i/ps7_0_axi_periph/xbar/inst/gen_samd.crossbar_samd/gen_slave_slots[0].gen_si_write.wdata_router_w/wrouter_aw_fifo/gen_srls[0].gen_rep[3].srl_nx1/push                                         |                                                                                                                                                      |                1 |              4 |
|  system_i/processing_system7_0/inst/FCLK_CLK0 | system_i/ps7_0_axi_periph/xbar/inst/gen_samd.crossbar_samd/gen_slave_slots[0].gen_si_read.si_transactor_ar/gen_multi_thread.mux_resp_multi_thread/gen_multi_thread.active_cnt_reg[2][0]               | system_i/ps7_0_axi_periph/xbar/inst/gen_samd.crossbar_samd/gen_slave_slots[0].gen_si_write.si_transactor_aw/gen_multi_thread.arbiter_resp_inst/SR[0] |                1 |              8 |
|  system_i/processing_system7_0/inst/FCLK_CLK0 | system_i/ps7_0_axi_periph/xbar/inst/gen_samd.crossbar_samd/gen_slave_slots[0].gen_si_write.si_transactor_aw/gen_multi_thread.mux_resp_multi_thread/E[0]                                               | system_i/ps7_0_axi_periph/xbar/inst/gen_samd.crossbar_samd/gen_slave_slots[0].gen_si_write.si_transactor_aw/gen_multi_thread.arbiter_resp_inst/SR[0] |                1 |              8 |
|  system_i/processing_system7_0/inst/FCLK_CLK0 | system_i/ps7_0_axi_periph/xbar/inst/gen_samd.crossbar_samd/gen_slave_slots[0].gen_si_write.si_transactor_aw/gen_multi_thread.mux_resp_multi_thread/gen_multi_thread.active_cnt_reg[18][0]             | system_i/ps7_0_axi_periph/xbar/inst/gen_samd.crossbar_samd/gen_slave_slots[0].gen_si_write.si_transactor_aw/gen_multi_thread.arbiter_resp_inst/SR[0] |                1 |              8 |
|  system_i/processing_system7_0/inst/FCLK_CLK0 | system_i/ps7_0_axi_periph/xbar/inst/gen_samd.crossbar_samd/gen_slave_slots[0].gen_si_write.si_transactor_aw/gen_multi_thread.arbiter_resp_inst/gen_multi_thread.active_cnt_reg[2][0]                  | system_i/ps7_0_axi_periph/xbar/inst/gen_samd.crossbar_samd/gen_slave_slots[0].gen_si_write.si_transactor_aw/gen_multi_thread.arbiter_resp_inst/SR[0] |                1 |              8 |
|  system_i/processing_system7_0/inst/FCLK_CLK0 | system_i/ps7_0_axi_periph/xbar/inst/gen_samd.crossbar_samd/gen_slave_slots[0].gen_si_write.si_transactor_aw/gen_multi_thread.arbiter_resp_inst/E[0]                                                   | system_i/ps7_0_axi_periph/xbar/inst/gen_samd.crossbar_samd/gen_slave_slots[0].gen_si_write.si_transactor_aw/gen_multi_thread.arbiter_resp_inst/SR[0] |                2 |              8 |
|  system_i/processing_system7_0/inst/FCLK_CLK0 | system_i/ZedboardOLED_0/inst/ZedboardOLED_v1_0_S00_AXI_inst/after_state[98]_i_1_n_0                                                                                                                   | system_i/ZedboardOLED_0/inst/ZedboardOLED_v1_0_S00_AXI_inst/after_state[62]_i_1_n_0                                                                  |                2 |              8 |
|  system_i/processing_system7_0/inst/FCLK_CLK0 | system_i/ps7_0_axi_periph/xbar/inst/gen_samd.crossbar_samd/gen_slave_slots[0].gen_si_read.si_transactor_ar/gen_multi_thread.mux_resp_multi_thread/gen_multi_thread.active_cnt_reg[58][0]              | system_i/ps7_0_axi_periph/xbar/inst/gen_samd.crossbar_samd/gen_slave_slots[0].gen_si_write.si_transactor_aw/gen_multi_thread.arbiter_resp_inst/SR[0] |                1 |              8 |
|  system_i/processing_system7_0/inst/FCLK_CLK0 | system_i/ps7_0_axi_periph/xbar/inst/gen_samd.crossbar_samd/gen_slave_slots[0].gen_si_read.si_transactor_ar/gen_multi_thread.mux_resp_multi_thread/gen_multi_thread.active_cnt_reg[50][0]              | system_i/ps7_0_axi_periph/xbar/inst/gen_samd.crossbar_samd/gen_slave_slots[0].gen_si_write.si_transactor_aw/gen_multi_thread.arbiter_resp_inst/SR[0] |                1 |              8 |
|  system_i/processing_system7_0/inst/FCLK_CLK0 | system_i/ps7_0_axi_periph/xbar/inst/gen_samd.crossbar_samd/gen_slave_slots[0].gen_si_read.si_transactor_ar/gen_multi_thread.mux_resp_multi_thread/gen_multi_thread.active_cnt_reg[42][0]              | system_i/ps7_0_axi_periph/xbar/inst/gen_samd.crossbar_samd/gen_slave_slots[0].gen_si_write.si_transactor_aw/gen_multi_thread.arbiter_resp_inst/SR[0] |                1 |              8 |
|  system_i/processing_system7_0/inst/FCLK_CLK0 | system_i/ps7_0_axi_periph/xbar/inst/gen_samd.crossbar_samd/gen_slave_slots[0].gen_si_write.wdata_router_w/wrouter_aw_fifo/m_valid_i                                                                   | system_i/ps7_0_axi_periph/xbar/inst/gen_samd.crossbar_samd/gen_slave_slots[0].gen_si_write.wdata_router_w/wrouter_aw_fifo/areset_d1                  |                2 |              8 |
|  system_i/processing_system7_0/inst/FCLK_CLK0 | system_i/ps7_0_axi_periph/xbar/inst/gen_samd.crossbar_samd/gen_slave_slots[0].gen_si_read.si_transactor_ar/gen_multi_thread.mux_resp_multi_thread/gen_multi_thread.active_cnt_reg[26][0]              | system_i/ps7_0_axi_periph/xbar/inst/gen_samd.crossbar_samd/gen_slave_slots[0].gen_si_write.si_transactor_aw/gen_multi_thread.arbiter_resp_inst/SR[0] |                1 |              8 |
|  system_i/processing_system7_0/inst/FCLK_CLK0 | system_i/ps7_0_axi_periph/xbar/inst/gen_samd.crossbar_samd/gen_slave_slots[0].gen_si_read.si_transactor_ar/gen_multi_thread.mux_resp_multi_thread/gen_multi_thread.active_cnt_reg[10][0]              | system_i/ps7_0_axi_periph/xbar/inst/gen_samd.crossbar_samd/gen_slave_slots[0].gen_si_write.si_transactor_aw/gen_multi_thread.arbiter_resp_inst/SR[0] |                1 |              8 |
|  system_i/processing_system7_0/inst/FCLK_CLK0 | system_i/ps7_0_axi_periph/xbar/inst/gen_samd.crossbar_samd/gen_slave_slots[0].gen_si_read.si_transactor_ar/gen_multi_thread.mux_resp_multi_thread/E[0]                                                | system_i/ps7_0_axi_periph/xbar/inst/gen_samd.crossbar_samd/gen_slave_slots[0].gen_si_write.si_transactor_aw/gen_multi_thread.arbiter_resp_inst/SR[0] |                2 |              8 |
|  system_i/processing_system7_0/inst/FCLK_CLK0 | system_i/ps7_0_axi_periph/xbar/inst/gen_samd.crossbar_samd/gen_slave_slots[0].gen_si_read.si_transactor_ar/gen_multi_thread.mux_resp_multi_thread/gen_multi_thread.active_cnt_reg[18][0]              | system_i/ps7_0_axi_periph/xbar/inst/gen_samd.crossbar_samd/gen_slave_slots[0].gen_si_write.si_transactor_aw/gen_multi_thread.arbiter_resp_inst/SR[0] |                1 |              8 |
|  system_i/processing_system7_0/inst/FCLK_CLK0 | system_i/ps7_0_axi_periph/xbar/inst/gen_samd.crossbar_samd/gen_slave_slots[0].gen_si_read.si_transactor_ar/gen_multi_thread.arbiter_resp_inst/E[0]                                                    | system_i/ps7_0_axi_periph/xbar/inst/gen_samd.crossbar_samd/gen_slave_slots[0].gen_si_write.si_transactor_aw/gen_multi_thread.arbiter_resp_inst/SR[0] |                2 |              8 |
|  system_i/processing_system7_0/inst/FCLK_CLK0 | system_i/ps7_0_axi_periph/xbar/inst/gen_samd.crossbar_samd/gen_slave_slots[0].gen_si_write.si_transactor_aw/gen_multi_thread.mux_resp_multi_thread/gen_multi_thread.active_cnt_reg[26][0]             | system_i/ps7_0_axi_periph/xbar/inst/gen_samd.crossbar_samd/gen_slave_slots[0].gen_si_write.si_transactor_aw/gen_multi_thread.arbiter_resp_inst/SR[0] |                1 |              8 |
|  system_i/processing_system7_0/inst/FCLK_CLK0 | system_i/ps7_0_axi_periph/xbar/inst/gen_samd.crossbar_samd/gen_master_slots[0].reg_slice_mi/r.r_pipe/E[0]                                                                                             | system_i/ps7_0_axi_periph/xbar/inst/gen_samd.crossbar_samd/gen_slave_slots[0].gen_si_write.si_transactor_aw/gen_multi_thread.arbiter_resp_inst/SR[0] |                2 |              8 |
|  system_i/processing_system7_0/inst/FCLK_CLK0 |                                                                                                                                                                                                       | system_i/ps7_0_axi_periph/m00_couplers/auto_pc/inst/gen_axilite.gen_b2s_conv.axilite_b2s/SI_REG/ar.ar_pipe/m_valid_i_reg_0                           |                4 |              8 |
|  system_i/processing_system7_0/inst/FCLK_CLK0 |                                                                                                                                                                                                       | system_i/ps7_0_axi_periph/m00_couplers/auto_pc/inst/gen_axilite.gen_b2s_conv.axilite_b2s/SI_REG/aw.aw_pipe/s_ready_i_reg_0                           |                4 |              8 |
|  system_i/processing_system7_0/inst/FCLK_CLK0 | system_i/ps7_0_axi_periph/xbar/inst/gen_samd.crossbar_samd/gen_slave_slots[0].gen_si_write.si_transactor_aw/gen_multi_thread.mux_resp_multi_thread/gen_multi_thread.active_cnt_reg[50][0]             | system_i/ps7_0_axi_periph/xbar/inst/gen_samd.crossbar_samd/gen_slave_slots[0].gen_si_write.si_transactor_aw/gen_multi_thread.arbiter_resp_inst/SR[0] |                1 |              8 |
|  system_i/processing_system7_0/inst/FCLK_CLK0 | system_i/ps7_0_axi_periph/xbar/inst/gen_samd.crossbar_samd/addr_arbiter_aw/E[0]                                                                                                                       | system_i/ps7_0_axi_periph/xbar/inst/gen_samd.crossbar_samd/gen_slave_slots[0].gen_si_write.si_transactor_aw/gen_multi_thread.arbiter_resp_inst/SR[0] |                1 |              8 |
|  system_i/processing_system7_0/inst/FCLK_CLK0 | system_i/ps7_0_axi_periph/xbar/inst/gen_samd.crossbar_samd/gen_slave_slots[0].gen_si_write.si_transactor_aw/gen_multi_thread.mux_resp_multi_thread/gen_multi_thread.active_cnt_reg[42][0]             | system_i/ps7_0_axi_periph/xbar/inst/gen_samd.crossbar_samd/gen_slave_slots[0].gen_si_write.si_transactor_aw/gen_multi_thread.arbiter_resp_inst/SR[0] |                1 |              8 |
|  system_i/processing_system7_0/inst/FCLK_CLK0 | system_i/ps7_0_axi_periph/xbar/inst/gen_samd.crossbar_samd/gen_slave_slots[0].gen_si_write.si_transactor_aw/gen_multi_thread.mux_resp_multi_thread/gen_multi_thread.active_cnt_reg[34][0]             | system_i/ps7_0_axi_periph/xbar/inst/gen_samd.crossbar_samd/gen_slave_slots[0].gen_si_write.si_transactor_aw/gen_multi_thread.arbiter_resp_inst/SR[0] |                1 |              8 |
|  system_i/processing_system7_0/inst/FCLK_CLK0 | system_i/ps7_0_axi_periph/xbar/inst/gen_samd.crossbar_samd/gen_slave_slots[0].gen_si_write.si_transactor_aw/gen_multi_thread.mux_resp_multi_thread/gen_multi_thread.active_cnt_reg[10][0]             | system_i/ps7_0_axi_periph/xbar/inst/gen_samd.crossbar_samd/gen_slave_slots[0].gen_si_write.si_transactor_aw/gen_multi_thread.arbiter_resp_inst/SR[0] |                1 |              8 |
|  system_i/processing_system7_0/inst/FCLK_CLK0 | system_i/ZedboardOLED_0/inst/ZedboardOLED_v1_0_S00_AXI_inst/after_state[98]_i_1_n_0                                                                                                                   | system_i/ZedboardOLED_0/inst/ZedboardOLED_v1_0_S00_AXI_inst/after_state[60]_i_1_n_0                                                                  |                4 |             10 |
|  system_i/processing_system7_0/inst/FCLK_CLK0 | system_i/ZedboardOLED_0/inst/ZedboardOLED_v1_0_S00_AXI_inst/axi_awready0                                                                                                                              | system_i/ZedboardOLED_0/inst/axi_awready_i_1_n_0                                                                                                     |                2 |             10 |
|  system_i/processing_system7_0/inst/FCLK_CLK0 | system_i/ZedboardOLED_0/inst/ZedboardOLED_v1_0_S00_AXI_inst/SPI_COMP/temp_sdo                                                                                                                         | system_i/ZedboardOLED_0/inst/ZedboardOLED_v1_0_S00_AXI_inst/SPI_COMP/current_state[0]                                                                |                1 |             10 |
|  system_i/processing_system7_0/inst/FCLK_CLK0 | system_i/ZedboardOLED_0/inst/ZedboardOLED_v1_0_S00_AXI_inst/axi_arready0                                                                                                                              | system_i/ZedboardOLED_0/inst/axi_awready_i_1_n_0                                                                                                     |                2 |             10 |
|  system_i/processing_system7_0/inst/FCLK_CLK0 |                                                                                                                                                                                                       | system_i/ZedboardOLED_0/inst/axi_awready_i_1_n_0                                                                                                     |                4 |             10 |
|  system_i/processing_system7_0/inst/FCLK_CLK0 |                                                                                                                                                                                                       | system_i/rst_ps7_0_100M/U0/EXT_LPF/lpf_int                                                                                                           |                2 |             10 |
|  system_i/processing_system7_0/inst/FCLK_CLK0 |                                                                                                                                                                                                       | system_i/ZedboardOLED_0/inst/ZedboardOLED_v1_0_S00_AXI_inst/SPI_COMP/counter                                                                         |                1 |             10 |
|  system_i/processing_system7_0/inst/FCLK_CLK0 | system_i/ps7_0_axi_periph/xbar/inst/gen_samd.crossbar_samd/gen_slave_slots[0].gen_si_write.si_transactor_aw/gen_multi_thread.arbiter_resp_inst/need_arbitration                                       | system_i/ps7_0_axi_periph/xbar/inst/gen_samd.crossbar_samd/gen_slave_slots[0].gen_si_write.si_transactor_aw/gen_multi_thread.arbiter_resp_inst/SR[0] |                2 |             12 |
|  system_i/processing_system7_0/inst/FCLK_CLK0 | system_i/ps7_0_axi_periph/xbar/inst/gen_samd.crossbar_samd/gen_slave_slots[0].gen_si_write.si_transactor_aw/gen_multi_thread.arbiter_resp_inst/last_rr_hot                                            | system_i/ps7_0_axi_periph/xbar/inst/gen_samd.crossbar_samd/gen_slave_slots[0].gen_si_write.si_transactor_aw/gen_multi_thread.arbiter_resp_inst/SR[0] |                2 |             12 |
|  system_i/processing_system7_0/inst/FCLK_CLK0 |                                                                                                                                                                                                       | system_i/ZedboardOLED_0/inst/ZedboardOLED_v1_0_S00_AXI_inst/FSM_onehot_current_state_reg[0]_0                                                        |                2 |             12 |
|  system_i/processing_system7_0/inst/FCLK_CLK0 | system_i/ps7_0_axi_periph/xbar/inst/gen_samd.crossbar_samd/gen_slave_slots[0].gen_si_read.si_transactor_ar/gen_multi_thread.arbiter_resp_inst/last_rr_hot                                             | system_i/ps7_0_axi_periph/xbar/inst/gen_samd.crossbar_samd/gen_slave_slots[0].gen_si_write.si_transactor_aw/gen_multi_thread.arbiter_resp_inst/SR[0] |                2 |             12 |
|  system_i/processing_system7_0/inst/FCLK_CLK0 | system_i/ps7_0_axi_periph/xbar/inst/gen_samd.crossbar_samd/gen_slave_slots[0].gen_si_read.si_transactor_ar/gen_multi_thread.arbiter_resp_inst/need_arbitration                                        | system_i/ps7_0_axi_periph/xbar/inst/gen_samd.crossbar_samd/gen_slave_slots[0].gen_si_write.si_transactor_aw/gen_multi_thread.arbiter_resp_inst/SR[0] |                1 |             12 |
|  system_i/processing_system7_0/inst/FCLK_CLK0 | system_i/rst_ps7_0_100M/U0/SEQ/seq_cnt_en                                                                                                                                                             | system_i/rst_ps7_0_100M/U0/SEQ/SEQ_COUNTER/clear                                                                                                     |                1 |             12 |
|  system_i/processing_system7_0/inst/FCLK_CLK0 | system_i/ZedboardOLED_0/inst/ZedboardOLED_v1_0_S00_AXI_inst/SPI_COMP/shift_register                                                                                                                   |                                                                                                                                                      |                3 |             14 |
|  system_i/processing_system7_0/inst/FCLK_CLK0 | system_i/ZedboardOLED_0/inst/ZedboardOLED_v1_0_S00_AXI_inst/slv_reg3[15]_i_1_n_0                                                                                                                      | system_i/ZedboardOLED_0/inst/axi_awready_i_1_n_0                                                                                                     |                1 |             16 |
|  system_i/processing_system7_0/inst/FCLK_CLK0 | system_i/ZedboardOLED_0/inst/ZedboardOLED_v1_0_S00_AXI_inst/slv_reg14[7]_i_1_n_0                                                                                                                      | system_i/ZedboardOLED_0/inst/axi_awready_i_1_n_0                                                                                                     |                1 |             16 |
|  system_i/processing_system7_0/inst/FCLK_CLK0 | system_i/ZedboardOLED_0/inst/ZedboardOLED_v1_0_S00_AXI_inst/slv_reg15[15]_i_1_n_0                                                                                                                     | system_i/ZedboardOLED_0/inst/axi_awready_i_1_n_0                                                                                                     |                3 |             16 |
|  system_i/processing_system7_0/inst/FCLK_CLK0 | system_i/ZedboardOLED_0/inst/ZedboardOLED_v1_0_S00_AXI_inst/slv_reg15[23]_i_1_n_0                                                                                                                     | system_i/ZedboardOLED_0/inst/axi_awready_i_1_n_0                                                                                                     |                1 |             16 |
|  system_i/processing_system7_0/inst/FCLK_CLK0 | system_i/ZedboardOLED_0/inst/ZedboardOLED_v1_0_S00_AXI_inst/slv_reg15[31]_i_1_n_0                                                                                                                     | system_i/ZedboardOLED_0/inst/axi_awready_i_1_n_0                                                                                                     |                1 |             16 |
|  system_i/processing_system7_0/inst/FCLK_CLK0 | system_i/ZedboardOLED_0/inst/ZedboardOLED_v1_0_S00_AXI_inst/slv_reg15[7]_i_1_n_0                                                                                                                      | system_i/ZedboardOLED_0/inst/axi_awready_i_1_n_0                                                                                                     |                5 |             16 |
|  system_i/processing_system7_0/inst/FCLK_CLK0 | system_i/ZedboardOLED_0/inst/ZedboardOLED_v1_0_S00_AXI_inst/slv_reg1[7]_i_1_n_0                                                                                                                       | system_i/ZedboardOLED_0/inst/axi_awready_i_1_n_0                                                                                                     |                2 |             16 |
|  system_i/processing_system7_0/inst/FCLK_CLK0 | system_i/ZedboardOLED_0/inst/ZedboardOLED_v1_0_S00_AXI_inst/slv_reg2[15]_i_1_n_0                                                                                                                      | system_i/ZedboardOLED_0/inst/axi_awready_i_1_n_0                                                                                                     |                1 |             16 |
|  system_i/processing_system7_0/inst/FCLK_CLK0 | system_i/ps7_0_axi_periph/m00_couplers/auto_pc/inst/gen_axilite.gen_b2s_conv.axilite_b2s/WR.aw_channel_0/aw_cmd_fsm_0/E[0]                                                                            |                                                                                                                                                      |                4 |             16 |
|  system_i/processing_system7_0/inst/FCLK_CLK0 | system_i/ps7_0_axi_periph/m00_couplers/auto_pc/inst/gen_axilite.gen_b2s_conv.axilite_b2s/WR.aw_channel_0/aw_cmd_fsm_0/axaddr_incr_reg[0][0]                                                           |                                                                                                                                                      |                2 |             16 |
|  system_i/processing_system7_0/inst/FCLK_CLK0 | system_i/ps7_0_axi_periph/m00_couplers/auto_pc/inst/gen_axilite.gen_b2s_conv.axilite_b2s/WR.b_channel_0/mhandshake_r                                                                                  | system_i/ps7_0_axi_periph/m00_couplers/auto_pc/inst/gen_axilite.gen_b2s_conv.axilite_b2s/WR.b_channel_0/bid_fifo_0/SR[0]                             |                3 |             16 |
|  system_i/processing_system7_0/inst/FCLK_CLK0 | system_i/ZedboardOLED_0/inst/ZedboardOLED_v1_0_S00_AXI_inst/slv_reg2[23]_i_1_n_0                                                                                                                      | system_i/ZedboardOLED_0/inst/axi_awready_i_1_n_0                                                                                                     |                1 |             16 |
|  system_i/processing_system7_0/inst/FCLK_CLK0 | system_i/ZedboardOLED_0/inst/ZedboardOLED_v1_0_S00_AXI_inst/slv_reg2[31]_i_1_n_0                                                                                                                      | system_i/ZedboardOLED_0/inst/axi_awready_i_1_n_0                                                                                                     |                1 |             16 |
|  system_i/processing_system7_0/inst/FCLK_CLK0 | system_i/ZedboardOLED_0/inst/ZedboardOLED_v1_0_S00_AXI_inst/slv_reg2[7]_i_1_n_0                                                                                                                       | system_i/ZedboardOLED_0/inst/axi_awready_i_1_n_0                                                                                                     |                1 |             16 |
|  system_i/processing_system7_0/inst/FCLK_CLK0 | system_i/ps7_0_axi_periph/xbar/inst/gen_samd.crossbar_samd/gen_decerr_slave.decerr_slave_inst/gen_axi.read_cnt[7]_i_1_n_0                                                                             | system_i/ps7_0_axi_periph/xbar/inst/gen_samd.crossbar_samd/gen_slave_slots[0].gen_si_write.si_transactor_aw/gen_multi_thread.arbiter_resp_inst/SR[0] |                3 |             16 |
|  system_i/processing_system7_0/inst/FCLK_CLK0 | system_i/ZedboardOLED_0/inst/ZedboardOLED_v1_0_S00_AXI_inst/slv_reg3[23]_i_1_n_0                                                                                                                      | system_i/ZedboardOLED_0/inst/axi_awready_i_1_n_0                                                                                                     |                1 |             16 |
|  system_i/processing_system7_0/inst/FCLK_CLK0 | system_i/ZedboardOLED_0/inst/ZedboardOLED_v1_0_S00_AXI_inst/slv_reg3[31]_i_1_n_0                                                                                                                      | system_i/ZedboardOLED_0/inst/axi_awready_i_1_n_0                                                                                                     |                1 |             16 |
|  system_i/processing_system7_0/inst/FCLK_CLK0 | system_i/ZedboardOLED_0/inst/ZedboardOLED_v1_0_S00_AXI_inst/slv_reg1[15]_i_1_n_0                                                                                                                      | system_i/ZedboardOLED_0/inst/axi_awready_i_1_n_0                                                                                                     |                1 |             16 |
|  system_i/processing_system7_0/inst/FCLK_CLK0 | system_i/ZedboardOLED_0/inst/ZedboardOLED_v1_0_S00_AXI_inst/slv_reg1[23]_i_1_n_0                                                                                                                      | system_i/ZedboardOLED_0/inst/axi_awready_i_1_n_0                                                                                                     |                3 |             16 |
|  system_i/processing_system7_0/inst/FCLK_CLK0 | system_i/ZedboardOLED_0/inst/ZedboardOLED_v1_0_S00_AXI_inst/slv_reg1[31]_i_1_n_0                                                                                                                      | system_i/ZedboardOLED_0/inst/axi_awready_i_1_n_0                                                                                                     |                1 |             16 |
|  system_i/processing_system7_0/inst/FCLK_CLK0 | system_i/ZedboardOLED_0/inst/ZedboardOLED_v1_0_S00_AXI_inst/slv_reg8[7]_i_1_n_0                                                                                                                       | system_i/ZedboardOLED_0/inst/axi_awready_i_1_n_0                                                                                                     |                4 |             16 |
|  system_i/processing_system7_0/inst/FCLK_CLK0 | system_i/ZedboardOLED_0/inst/ZedboardOLED_v1_0_S00_AXI_inst/slv_reg9[15]_i_1_n_0                                                                                                                      | system_i/ZedboardOLED_0/inst/axi_awready_i_1_n_0                                                                                                     |                8 |             16 |
|  system_i/processing_system7_0/inst/FCLK_CLK0 | system_i/ZedboardOLED_0/inst/ZedboardOLED_v1_0_S00_AXI_inst/slv_reg9[23]_i_1_n_0                                                                                                                      | system_i/ZedboardOLED_0/inst/axi_awready_i_1_n_0                                                                                                     |                5 |             16 |
|  system_i/processing_system7_0/inst/FCLK_CLK0 | system_i/ZedboardOLED_0/inst/ZedboardOLED_v1_0_S00_AXI_inst/slv_reg9[31]_i_1_n_0                                                                                                                      | system_i/ZedboardOLED_0/inst/axi_awready_i_1_n_0                                                                                                     |                1 |             16 |
|  system_i/processing_system7_0/inst/FCLK_CLK0 | system_i/ZedboardOLED_0/inst/ZedboardOLED_v1_0_S00_AXI_inst/slv_reg3[7]_i_1_n_0                                                                                                                       | system_i/ZedboardOLED_0/inst/axi_awready_i_1_n_0                                                                                                     |                5 |             16 |
|  system_i/processing_system7_0/inst/FCLK_CLK0 | system_i/ZedboardOLED_0/inst/ZedboardOLED_v1_0_S00_AXI_inst/slv_reg4[15]_i_1_n_0                                                                                                                      | system_i/ZedboardOLED_0/inst/axi_awready_i_1_n_0                                                                                                     |                3 |             16 |
|  system_i/processing_system7_0/inst/FCLK_CLK0 | system_i/ZedboardOLED_0/inst/ZedboardOLED_v1_0_S00_AXI_inst/slv_reg4[23]_i_1_n_0                                                                                                                      | system_i/ZedboardOLED_0/inst/axi_awready_i_1_n_0                                                                                                     |                5 |             16 |
|  system_i/processing_system7_0/inst/FCLK_CLK0 | system_i/ZedboardOLED_0/inst/ZedboardOLED_v1_0_S00_AXI_inst/slv_reg4[31]_i_1_n_0                                                                                                                      | system_i/ZedboardOLED_0/inst/axi_awready_i_1_n_0                                                                                                     |                1 |             16 |
|  system_i/processing_system7_0/inst/FCLK_CLK0 | system_i/ZedboardOLED_0/inst/ZedboardOLED_v1_0_S00_AXI_inst/slv_reg13[31]_i_1_n_0                                                                                                                     | system_i/ZedboardOLED_0/inst/axi_awready_i_1_n_0                                                                                                     |                1 |             16 |
|  system_i/processing_system7_0/inst/FCLK_CLK0 | system_i/ZedboardOLED_0/inst/ZedboardOLED_v1_0_S00_AXI_inst/slv_reg12[15]_i_1_n_0                                                                                                                     | system_i/ZedboardOLED_0/inst/axi_awready_i_1_n_0                                                                                                     |                1 |             16 |
|  system_i/processing_system7_0/inst/FCLK_CLK0 | system_i/ZedboardOLED_0/inst/ZedboardOLED_v1_0_S00_AXI_inst/slv_reg12[23]_i_1_n_0                                                                                                                     | system_i/ZedboardOLED_0/inst/axi_awready_i_1_n_0                                                                                                     |                1 |             16 |
|  system_i/processing_system7_0/inst/FCLK_CLK0 | system_i/ZedboardOLED_0/inst/ZedboardOLED_v1_0_S00_AXI_inst/slv_reg11[7]_i_1_n_0                                                                                                                      | system_i/ZedboardOLED_0/inst/axi_awready_i_1_n_0                                                                                                     |                7 |             16 |
|  system_i/processing_system7_0/inst/FCLK_CLK0 | system_i/ZedboardOLED_0/inst/ZedboardOLED_v1_0_S00_AXI_inst/slv_reg0[31]_i_1_n_0                                                                                                                      | system_i/ZedboardOLED_0/inst/axi_awready_i_1_n_0                                                                                                     |                1 |             16 |
|  system_i/processing_system7_0/inst/FCLK_CLK0 | system_i/ZedboardOLED_0/inst/ZedboardOLED_v1_0_S00_AXI_inst/slv_reg0[23]_i_1_n_0                                                                                                                      | system_i/ZedboardOLED_0/inst/axi_awready_i_1_n_0                                                                                                     |                1 |             16 |
|  system_i/processing_system7_0/inst/FCLK_CLK0 | system_i/ZedboardOLED_0/inst/ZedboardOLED_v1_0_S00_AXI_inst/slv_reg0[15]_i_1_n_0                                                                                                                      | system_i/ZedboardOLED_0/inst/axi_awready_i_1_n_0                                                                                                     |                1 |             16 |
|  system_i/processing_system7_0/inst/FCLK_CLK0 | system_i/ZedboardOLED_0/inst/ZedboardOLED_v1_0_S00_AXI_inst/slv_reg11[31]_i_1_n_0                                                                                                                     | system_i/ZedboardOLED_0/inst/axi_awready_i_1_n_0                                                                                                     |                1 |             16 |
|  system_i/processing_system7_0/inst/FCLK_CLK0 | system_i/ZedboardOLED_0/inst/ZedboardOLED_v1_0_S00_AXI_inst/slv_reg11[23]_i_1_n_0                                                                                                                     | system_i/ZedboardOLED_0/inst/axi_awready_i_1_n_0                                                                                                     |                1 |             16 |
|  system_i/processing_system7_0/inst/FCLK_CLK0 | system_i/ZedboardOLED_0/inst/ZedboardOLED_v1_0_S00_AXI_inst/slv_reg11[15]_i_1_n_0                                                                                                                     | system_i/ZedboardOLED_0/inst/axi_awready_i_1_n_0                                                                                                     |                1 |             16 |
|  system_i/processing_system7_0/inst/FCLK_CLK0 | system_i/ZedboardOLED_0/inst/ZedboardOLED_v1_0_S00_AXI_inst/slv_reg12[31]_i_1_n_0                                                                                                                     | system_i/ZedboardOLED_0/inst/axi_awready_i_1_n_0                                                                                                     |                1 |             16 |
|  system_i/processing_system7_0/inst/FCLK_CLK0 | system_i/ZedboardOLED_0/inst/ZedboardOLED_v1_0_S00_AXI_inst/slv_reg12[7]_i_1_n_0                                                                                                                      | system_i/ZedboardOLED_0/inst/axi_awready_i_1_n_0                                                                                                     |                4 |             16 |
|  system_i/processing_system7_0/inst/FCLK_CLK0 | system_i/ZedboardOLED_0/inst/ZedboardOLED_v1_0_S00_AXI_inst/slv_reg13[15]_i_1_n_0                                                                                                                     | system_i/ZedboardOLED_0/inst/axi_awready_i_1_n_0                                                                                                     |                1 |             16 |
|  system_i/processing_system7_0/inst/FCLK_CLK0 | system_i/ZedboardOLED_0/inst/ZedboardOLED_v1_0_S00_AXI_inst/slv_reg13[23]_i_1_n_0                                                                                                                     | system_i/ZedboardOLED_0/inst/axi_awready_i_1_n_0                                                                                                     |                1 |             16 |
|  system_i/processing_system7_0/inst/FCLK_CLK0 | system_i/ZedboardOLED_0/inst/ZedboardOLED_v1_0_S00_AXI_inst/slv_reg14[31]_i_1_n_0                                                                                                                     | system_i/ZedboardOLED_0/inst/axi_awready_i_1_n_0                                                                                                     |                1 |             16 |
|  system_i/processing_system7_0/inst/FCLK_CLK0 | system_i/ZedboardOLED_0/inst/ZedboardOLED_v1_0_S00_AXI_inst/slv_reg13[7]_i_1_n_0                                                                                                                      | system_i/ZedboardOLED_0/inst/axi_awready_i_1_n_0                                                                                                     |                3 |             16 |
|  system_i/processing_system7_0/inst/FCLK_CLK0 | system_i/ZedboardOLED_0/inst/ZedboardOLED_v1_0_S00_AXI_inst/slv_reg14[15]_i_1_n_0                                                                                                                     | system_i/ZedboardOLED_0/inst/axi_awready_i_1_n_0                                                                                                     |                1 |             16 |
|  system_i/processing_system7_0/inst/FCLK_CLK0 | system_i/ZedboardOLED_0/inst/ZedboardOLED_v1_0_S00_AXI_inst/slv_reg14[23]_i_1_n_0                                                                                                                     | system_i/ZedboardOLED_0/inst/axi_awready_i_1_n_0                                                                                                     |                1 |             16 |
|  system_i/processing_system7_0/inst/FCLK_CLK0 | system_i/ZedboardOLED_0/inst/ZedboardOLED_v1_0_S00_AXI_inst/slv_reg10[7]_i_1_n_0                                                                                                                      | system_i/ZedboardOLED_0/inst/axi_awready_i_1_n_0                                                                                                     |                4 |             16 |
|  system_i/processing_system7_0/inst/FCLK_CLK0 | system_i/ZedboardOLED_0/inst/ZedboardOLED_v1_0_S00_AXI_inst/slv_reg10[31]_i_1_n_0                                                                                                                     | system_i/ZedboardOLED_0/inst/axi_awready_i_1_n_0                                                                                                     |                2 |             16 |
|  system_i/processing_system7_0/inst/FCLK_CLK0 | system_i/ZedboardOLED_0/inst/ZedboardOLED_v1_0_S00_AXI_inst/slv_reg10[23]_i_1_n_0                                                                                                                     | system_i/ZedboardOLED_0/inst/axi_awready_i_1_n_0                                                                                                     |                1 |             16 |
|  system_i/processing_system7_0/inst/FCLK_CLK0 | system_i/ZedboardOLED_0/inst/ZedboardOLED_v1_0_S00_AXI_inst/slv_reg10[15]_i_1_n_0                                                                                                                     | system_i/ZedboardOLED_0/inst/axi_awready_i_1_n_0                                                                                                     |                1 |             16 |
|  system_i/processing_system7_0/inst/FCLK_CLK0 | system_i/ZedboardOLED_0/inst/ZedboardOLED_v1_0_S00_AXI_inst/slv_reg0[7]_i_1_n_0                                                                                                                       | system_i/ZedboardOLED_0/inst/axi_awready_i_1_n_0                                                                                                     |                5 |             16 |
|  system_i/processing_system7_0/inst/FCLK_CLK0 | system_i/ZedboardOLED_0/inst/ZedboardOLED_v1_0_S00_AXI_inst/p_1_in[23]                                                                                                                                | system_i/ZedboardOLED_0/inst/axi_awready_i_1_n_0                                                                                                     |                1 |             16 |
|  system_i/processing_system7_0/inst/FCLK_CLK0 | system_i/ZedboardOLED_0/inst/ZedboardOLED_v1_0_S00_AXI_inst/p_1_in[31]                                                                                                                                | system_i/ZedboardOLED_0/inst/axi_awready_i_1_n_0                                                                                                     |                1 |             16 |
|  system_i/processing_system7_0/inst/FCLK_CLK0 | system_i/ZedboardOLED_0/inst/ZedboardOLED_v1_0_S00_AXI_inst/p_1_in[1]                                                                                                                                 | system_i/ZedboardOLED_0/inst/axi_awready_i_1_n_0                                                                                                     |                1 |             16 |
|  system_i/processing_system7_0/inst/FCLK_CLK0 | system_i/ZedboardOLED_0/inst/ZedboardOLED_v1_0_S00_AXI_inst/p_1_in[15]                                                                                                                                | system_i/ZedboardOLED_0/inst/axi_awready_i_1_n_0                                                                                                     |                1 |             16 |
|  system_i/processing_system7_0/inst/FCLK_CLK0 | system_i/ZedboardOLED_0/inst/ZedboardOLED_v1_0_S00_AXI_inst/slv_reg5[15]_i_1_n_0                                                                                                                      | system_i/ZedboardOLED_0/inst/axi_awready_i_1_n_0                                                                                                     |                1 |             16 |
|  system_i/processing_system7_0/inst/FCLK_CLK0 | system_i/ZedboardOLED_0/inst/ZedboardOLED_v1_0_S00_AXI_inst/slv_reg4[7]_i_1_n_0                                                                                                                       | system_i/ZedboardOLED_0/inst/axi_awready_i_1_n_0                                                                                                     |                7 |             16 |
|  system_i/processing_system7_0/inst/FCLK_CLK0 | system_i/ps7_0_axi_periph/m00_couplers/auto_pc/inst/gen_axilite.gen_b2s_conv.axilite_b2s/RD.ar_channel_0/ar_cmd_fsm_0/axaddr_incr_reg[0][0]                                                           |                                                                                                                                                      |                3 |             16 |
|  system_i/processing_system7_0/inst/FCLK_CLK0 | system_i/ps7_0_axi_periph/m00_couplers/auto_pc/inst/gen_axilite.gen_b2s_conv.axilite_b2s/RD.ar_channel_0/ar_cmd_fsm_0/E[0]                                                                            |                                                                                                                                                      |                5 |             16 |
|  system_i/processing_system7_0/inst/FCLK_CLK0 | system_i/ZedboardOLED_0/inst/ZedboardOLED_v1_0_S00_AXI_inst/temp_spi_data[7]_i_1_n_0                                                                                                                  |                                                                                                                                                      |                4 |             16 |
|  system_i/processing_system7_0/inst/FCLK_CLK0 | system_i/ZedboardOLED_0/inst/ZedboardOLED_v1_0_S00_AXI_inst/slv_reg9[7]_i_1_n_0                                                                                                                       | system_i/ZedboardOLED_0/inst/axi_awready_i_1_n_0                                                                                                     |                6 |             16 |
|  system_i/processing_system7_0/inst/FCLK_CLK0 | system_i/ZedboardOLED_0/inst/ZedboardOLED_v1_0_S00_AXI_inst/slv_reg8[31]_i_1_n_0                                                                                                                      | system_i/ZedboardOLED_0/inst/axi_awready_i_1_n_0                                                                                                     |                4 |             16 |
|  system_i/processing_system7_0/inst/FCLK_CLK0 | system_i/ZedboardOLED_0/inst/ZedboardOLED_v1_0_S00_AXI_inst/slv_reg8[23]_i_1_n_0                                                                                                                      | system_i/ZedboardOLED_0/inst/axi_awready_i_1_n_0                                                                                                     |                8 |             16 |
|  system_i/processing_system7_0/inst/FCLK_CLK0 | system_i/ZedboardOLED_0/inst/ZedboardOLED_v1_0_S00_AXI_inst/slv_reg8[15]_i_1_n_0                                                                                                                      | system_i/ZedboardOLED_0/inst/axi_awready_i_1_n_0                                                                                                     |                3 |             16 |
|  system_i/processing_system7_0/inst/FCLK_CLK0 | system_i/ZedboardOLED_0/inst/ZedboardOLED_v1_0_S00_AXI_inst/slv_reg7[7]_i_1_n_0                                                                                                                       | system_i/ZedboardOLED_0/inst/axi_awready_i_1_n_0                                                                                                     |                6 |             16 |
|  system_i/processing_system7_0/inst/FCLK_CLK0 | system_i/ZedboardOLED_0/inst/ZedboardOLED_v1_0_S00_AXI_inst/slv_reg7[31]_i_1_n_0                                                                                                                      | system_i/ZedboardOLED_0/inst/axi_awready_i_1_n_0                                                                                                     |                7 |             16 |
|  system_i/processing_system7_0/inst/FCLK_CLK0 | system_i/ZedboardOLED_0/inst/ZedboardOLED_v1_0_S00_AXI_inst/slv_reg7[15]_i_1_n_0                                                                                                                      | system_i/ZedboardOLED_0/inst/axi_awready_i_1_n_0                                                                                                     |                6 |             16 |
|  system_i/processing_system7_0/inst/FCLK_CLK0 | system_i/ZedboardOLED_0/inst/ZedboardOLED_v1_0_S00_AXI_inst/slv_reg6[7]_i_1_n_0                                                                                                                       | system_i/ZedboardOLED_0/inst/axi_awready_i_1_n_0                                                                                                     |                6 |             16 |
|  system_i/processing_system7_0/inst/FCLK_CLK0 | system_i/ZedboardOLED_0/inst/ZedboardOLED_v1_0_S00_AXI_inst/slv_reg6[31]_i_1_n_0                                                                                                                      | system_i/ZedboardOLED_0/inst/axi_awready_i_1_n_0                                                                                                     |                6 |             16 |
|  system_i/processing_system7_0/inst/FCLK_CLK0 | system_i/ZedboardOLED_0/inst/ZedboardOLED_v1_0_S00_AXI_inst/slv_reg6[23]_i_1_n_0                                                                                                                      | system_i/ZedboardOLED_0/inst/axi_awready_i_1_n_0                                                                                                     |                1 |             16 |
|  system_i/processing_system7_0/inst/FCLK_CLK0 | system_i/ZedboardOLED_0/inst/ZedboardOLED_v1_0_S00_AXI_inst/slv_reg6[15]_i_1_n_0                                                                                                                      | system_i/ZedboardOLED_0/inst/axi_awready_i_1_n_0                                                                                                     |                5 |             16 |
|  system_i/processing_system7_0/inst/FCLK_CLK0 | system_i/ZedboardOLED_0/inst/ZedboardOLED_v1_0_S00_AXI_inst/slv_reg5[23]_i_1_n_0                                                                                                                      | system_i/ZedboardOLED_0/inst/axi_awready_i_1_n_0                                                                                                     |                4 |             16 |
|  system_i/processing_system7_0/inst/FCLK_CLK0 | system_i/ZedboardOLED_0/inst/ZedboardOLED_v1_0_S00_AXI_inst/slv_reg5[7]_i_1_n_0                                                                                                                       | system_i/ZedboardOLED_0/inst/axi_awready_i_1_n_0                                                                                                     |                4 |             16 |
|  system_i/processing_system7_0/inst/FCLK_CLK0 | system_i/ZedboardOLED_0/inst/ZedboardOLED_v1_0_S00_AXI_inst/slv_reg5[31]_i_1_n_0                                                                                                                      | system_i/ZedboardOLED_0/inst/axi_awready_i_1_n_0                                                                                                     |                6 |             16 |
|  system_i/processing_system7_0/inst/FCLK_CLK0 | system_i/ZedboardOLED_0/inst/ZedboardOLED_v1_0_S00_AXI_inst/slv_reg7[23]_i_1_n_0                                                                                                                      | system_i/ZedboardOLED_0/inst/axi_awready_i_1_n_0                                                                                                     |                7 |             16 |
|  system_i/processing_system7_0/inst/FCLK_CLK0 | system_i/ZedboardOLED_0/inst/ZedboardOLED_v1_0_S00_AXI_inst/temp_addr[10]_i_1_n_0                                                                                                                     |                                                                                                                                                      |                3 |             22 |
|  system_i/processing_system7_0/inst/FCLK_CLK0 | system_i/ZedboardOLED_0/inst/ZedboardOLED_v1_0_S00_AXI_inst/DELAY_COMP/ms_counter                                                                                                                     | system_i/ZedboardOLED_0/inst/ZedboardOLED_v1_0_S00_AXI_inst/DELAY_COMP/clk_counter__0                                                                |                3 |             24 |
|  system_i/processing_system7_0/inst/FCLK_CLK0 | system_i/ps7_0_axi_periph/xbar/inst/gen_samd.crossbar_samd/gen_master_slots[5].reg_slice_mi/b.b_pipe/gen_slave_slots[0].gen_si_write.si_transactor_aw/gen_multi_thread.arbiter_resp_inst/chosen4      |                                                                                                                                                      |                4 |             24 |
|  system_i/processing_system7_0/inst/FCLK_CLK0 | system_i/ps7_0_axi_periph/xbar/inst/gen_samd.crossbar_samd/addr_arbiter_ar/E[0]                                                                                                                       | system_i/ps7_0_axi_periph/xbar/inst/gen_samd.crossbar_samd/gen_slave_slots[0].gen_si_write.si_transactor_aw/gen_multi_thread.arbiter_resp_inst/SR[0] |                4 |             24 |
|  system_i/processing_system7_0/inst/FCLK_CLK0 |                                                                                                                                                                                                       | system_i/ps7_0_axi_periph/xbar/inst/gen_samd.crossbar_samd/gen_master_slots[4].reg_slice_mi/b.b_pipe/p_1_in                                          |                7 |             24 |
|  system_i/processing_system7_0/inst/FCLK_CLK0 |                                                                                                                                                                                                       | system_i/ps7_0_axi_periph/xbar/inst/gen_samd.crossbar_samd/gen_master_slots[5].reg_slice_mi/b.b_pipe/m_valid_i_reg_0                                 |                8 |             24 |
|  system_i/processing_system7_0/inst/FCLK_CLK0 | system_i/ZedboardOLED_0/inst/ZedboardOLED_v1_0_S00_AXI_inst/temp_page[1]_i_1_n_0                                                                                                                      |                                                                                                                                                      |                4 |             24 |
|  system_i/processing_system7_0/inst/FCLK_CLK0 | system_i/ZedboardOLED_0/inst/ZedboardOLED_v1_0_S00_AXI_inst/FSM_onehot_current_state_reg[0]_0                                                                                                         |                                                                                                                                                      |                3 |             24 |
|  system_i/processing_system7_0/inst/FCLK_CLK0 | system_i/ps7_0_axi_periph/xbar/inst/gen_samd.crossbar_samd/gen_decerr_slave.decerr_slave_inst/gen_axi.s_axi_bid_i[11]_i_1_n_0                                                                         | system_i/ps7_0_axi_periph/xbar/inst/gen_samd.crossbar_samd/gen_slave_slots[0].gen_si_write.si_transactor_aw/gen_multi_thread.arbiter_resp_inst/SR[0] |                2 |             24 |
|  system_i/processing_system7_0/inst/FCLK_CLK0 | system_i/ps7_0_axi_periph/xbar/inst/gen_samd.crossbar_samd/gen_slave_slots[0].gen_si_read.si_transactor_ar/gen_multi_thread.cmd_push_5                                                                | system_i/ps7_0_axi_periph/xbar/inst/gen_samd.crossbar_samd/gen_slave_slots[0].gen_si_write.si_transactor_aw/gen_multi_thread.arbiter_resp_inst/SR[0] |                3 |             26 |
|  system_i/processing_system7_0/inst/FCLK_CLK0 | system_i/ps7_0_axi_periph/m00_couplers/auto_pc/inst/gen_axilite.gen_b2s_conv.axilite_b2s/RD.r_channel_0/r_push_r                                                                                      |                                                                                                                                                      |                4 |             26 |
|  system_i/processing_system7_0/inst/FCLK_CLK0 | system_i/ps7_0_axi_periph/xbar/inst/gen_samd.crossbar_samd/gen_master_slots[5].reg_slice_mi/r.r_pipe/skid_buffer_reg[34]_0                                                                            |                                                                                                                                                      |                3 |             26 |
|  system_i/processing_system7_0/inst/FCLK_CLK0 | system_i/ps7_0_axi_periph/xbar/inst/gen_samd.crossbar_samd/gen_slave_slots[0].gen_si_read.si_transactor_ar/gen_multi_thread.arbiter_resp_inst/m_payload_i_reg[34]_0[0]                                |                                                                                                                                                      |                3 |             26 |
|  system_i/processing_system7_0/inst/FCLK_CLK0 | system_i/ps7_0_axi_periph/xbar/inst/gen_samd.crossbar_samd/gen_slave_slots[0].gen_si_read.si_transactor_ar/gen_multi_thread.cmd_push_7                                                                | system_i/ps7_0_axi_periph/xbar/inst/gen_samd.crossbar_samd/gen_slave_slots[0].gen_si_write.si_transactor_aw/gen_multi_thread.arbiter_resp_inst/SR[0] |                2 |             26 |
|  system_i/processing_system7_0/inst/FCLK_CLK0 | system_i/ps7_0_axi_periph/xbar/inst/gen_samd.crossbar_samd/gen_slave_slots[0].gen_si_write.si_transactor_aw/gen_multi_thread.cmd_push_5                                                               | system_i/ps7_0_axi_periph/xbar/inst/gen_samd.crossbar_samd/gen_slave_slots[0].gen_si_write.si_transactor_aw/gen_multi_thread.arbiter_resp_inst/SR[0] |                4 |             26 |
|  system_i/processing_system7_0/inst/FCLK_CLK0 | system_i/ps7_0_axi_periph/xbar/inst/gen_samd.crossbar_samd/gen_slave_slots[0].gen_si_write.si_transactor_aw/gen_multi_thread.cmd_push_4                                                               | system_i/ps7_0_axi_periph/xbar/inst/gen_samd.crossbar_samd/gen_slave_slots[0].gen_si_write.si_transactor_aw/gen_multi_thread.arbiter_resp_inst/SR[0] |                3 |             26 |
|  system_i/processing_system7_0/inst/FCLK_CLK0 | system_i/ps7_0_axi_periph/xbar/inst/gen_samd.crossbar_samd/gen_slave_slots[0].gen_si_write.si_transactor_aw/gen_multi_thread.cmd_push_3                                                               | system_i/ps7_0_axi_periph/xbar/inst/gen_samd.crossbar_samd/gen_slave_slots[0].gen_si_write.si_transactor_aw/gen_multi_thread.arbiter_resp_inst/SR[0] |                3 |             26 |
|  system_i/processing_system7_0/inst/FCLK_CLK0 | system_i/ps7_0_axi_periph/xbar/inst/gen_samd.crossbar_samd/gen_slave_slots[0].gen_si_write.si_transactor_aw/gen_multi_thread.cmd_push_2                                                               | system_i/ps7_0_axi_periph/xbar/inst/gen_samd.crossbar_samd/gen_slave_slots[0].gen_si_write.si_transactor_aw/gen_multi_thread.arbiter_resp_inst/SR[0] |                3 |             26 |
|  system_i/processing_system7_0/inst/FCLK_CLK0 | system_i/ps7_0_axi_periph/xbar/inst/gen_samd.crossbar_samd/gen_slave_slots[0].gen_si_read.si_transactor_ar/gen_multi_thread.cmd_push_0                                                                | system_i/ps7_0_axi_periph/xbar/inst/gen_samd.crossbar_samd/gen_slave_slots[0].gen_si_write.si_transactor_aw/gen_multi_thread.arbiter_resp_inst/SR[0] |                2 |             26 |
|  system_i/processing_system7_0/inst/FCLK_CLK0 | system_i/ps7_0_axi_periph/xbar/inst/gen_samd.crossbar_samd/gen_slave_slots[0].gen_si_write.si_transactor_aw/gen_multi_thread.cmd_push_1                                                               | system_i/ps7_0_axi_periph/xbar/inst/gen_samd.crossbar_samd/gen_slave_slots[0].gen_si_write.si_transactor_aw/gen_multi_thread.arbiter_resp_inst/SR[0] |                3 |             26 |
|  system_i/processing_system7_0/inst/FCLK_CLK0 | system_i/ps7_0_axi_periph/xbar/inst/gen_samd.crossbar_samd/gen_slave_slots[0].gen_si_write.si_transactor_aw/gen_multi_thread.cmd_push_0                                                               | system_i/ps7_0_axi_periph/xbar/inst/gen_samd.crossbar_samd/gen_slave_slots[0].gen_si_write.si_transactor_aw/gen_multi_thread.arbiter_resp_inst/SR[0] |                4 |             26 |
|  system_i/processing_system7_0/inst/FCLK_CLK0 | system_i/ps7_0_axi_periph/xbar/inst/gen_samd.crossbar_samd/gen_slave_slots[0].gen_si_read.si_transactor_ar/gen_multi_thread.cmd_push_6                                                                | system_i/ps7_0_axi_periph/xbar/inst/gen_samd.crossbar_samd/gen_slave_slots[0].gen_si_write.si_transactor_aw/gen_multi_thread.arbiter_resp_inst/SR[0] |                4 |             26 |
|  system_i/processing_system7_0/inst/FCLK_CLK0 | system_i/ps7_0_axi_periph/xbar/inst/gen_samd.crossbar_samd/gen_slave_slots[0].gen_si_write.si_transactor_aw/gen_multi_thread.cmd_push_6                                                               | system_i/ps7_0_axi_periph/xbar/inst/gen_samd.crossbar_samd/gen_slave_slots[0].gen_si_write.si_transactor_aw/gen_multi_thread.arbiter_resp_inst/SR[0] |                4 |             26 |
|  system_i/processing_system7_0/inst/FCLK_CLK0 | system_i/ps7_0_axi_periph/xbar/inst/gen_samd.crossbar_samd/gen_slave_slots[0].gen_si_write.si_transactor_aw/gen_multi_thread.cmd_push_7                                                               | system_i/ps7_0_axi_periph/xbar/inst/gen_samd.crossbar_samd/gen_slave_slots[0].gen_si_write.si_transactor_aw/gen_multi_thread.arbiter_resp_inst/SR[0] |                4 |             26 |
|  system_i/processing_system7_0/inst/FCLK_CLK0 | system_i/ps7_0_axi_periph/xbar/inst/gen_samd.crossbar_samd/gen_slave_slots[0].gen_si_read.si_transactor_ar/gen_multi_thread.cmd_push_4                                                                | system_i/ps7_0_axi_periph/xbar/inst/gen_samd.crossbar_samd/gen_slave_slots[0].gen_si_write.si_transactor_aw/gen_multi_thread.arbiter_resp_inst/SR[0] |                3 |             26 |
|  system_i/processing_system7_0/inst/FCLK_CLK0 | system_i/ps7_0_axi_periph/xbar/inst/gen_samd.crossbar_samd/gen_slave_slots[0].gen_si_read.si_transactor_ar/gen_multi_thread.cmd_push_3                                                                | system_i/ps7_0_axi_periph/xbar/inst/gen_samd.crossbar_samd/gen_slave_slots[0].gen_si_write.si_transactor_aw/gen_multi_thread.arbiter_resp_inst/SR[0] |                4 |             26 |
|  system_i/processing_system7_0/inst/FCLK_CLK0 | system_i/ps7_0_axi_periph/xbar/inst/gen_samd.crossbar_samd/gen_slave_slots[0].gen_si_read.si_transactor_ar/gen_multi_thread.cmd_push_2                                                                | system_i/ps7_0_axi_periph/xbar/inst/gen_samd.crossbar_samd/gen_slave_slots[0].gen_si_write.si_transactor_aw/gen_multi_thread.arbiter_resp_inst/SR[0] |                3 |             26 |
|  system_i/processing_system7_0/inst/FCLK_CLK0 | system_i/ps7_0_axi_periph/xbar/inst/gen_samd.crossbar_samd/gen_slave_slots[0].gen_si_read.si_transactor_ar/gen_multi_thread.cmd_push_1                                                                | system_i/ps7_0_axi_periph/xbar/inst/gen_samd.crossbar_samd/gen_slave_slots[0].gen_si_write.si_transactor_aw/gen_multi_thread.arbiter_resp_inst/SR[0] |                4 |             26 |
|  system_i/processing_system7_0/inst/FCLK_CLK0 | system_i/ps7_0_axi_periph/m00_couplers/auto_pc/inst/gen_axilite.gen_b2s_conv.axilite_b2s/SI_REG/b.b_pipe/p_1_in                                                                                       |                                                                                                                                                      |                3 |             28 |
|  system_i/processing_system7_0/inst/FCLK_CLK0 | system_i/ZedboardOLED_0/inst/ZedboardOLED_v1_0_S00_AXI_inst/temp_index[3]_i_1_n_0                                                                                                                     |                                                                                                                                                      |               11 |             28 |
|  system_i/processing_system7_0/inst/FCLK_CLK0 | system_i/ps7_0_axi_periph/xbar/inst/gen_samd.crossbar_samd/gen_master_slots[0].reg_slice_mi/b.b_pipe/gen_slave_slots[0].gen_si_write.si_transactor_aw/gen_multi_thread.arbiter_resp_inst/chosen416_in |                                                                                                                                                      |                5 |             28 |
|  system_i/processing_system7_0/inst/FCLK_CLK0 | system_i/ps7_0_axi_periph/m00_couplers/auto_pc/inst/gen_axilite.gen_b2s_conv.axilite_b2s/SI_REG/b.b_pipe/skid_buffer_reg[0]_0                                                                         |                                                                                                                                                      |                2 |             28 |
|  system_i/processing_system7_0/inst/FCLK_CLK0 | system_i/ps7_0_axi_periph/m00_couplers/auto_pc/inst/gen_axilite.gen_b2s_conv.axilite_b2s/WR.aw_channel_0/aw_cmd_fsm_0/m_payload_i_reg[0]                                                              |                                                                                                                                                      |                3 |             32 |
|  system_i/processing_system7_0/inst/FCLK_CLK0 |                                                                                                                                                                                                       | system_i/ps7_0_axi_periph/xbar/inst/gen_samd.crossbar_samd/gen_slave_slots[0].gen_si_write.si_transactor_aw/gen_multi_thread.arbiter_resp_inst/SR[0] |                9 |             32 |
|  system_i/processing_system7_0/inst/FCLK_CLK0 |                                                                                                                                                                                                       | system_i/ZedboardOLED_0/inst/ZedboardOLED_v1_0_S00_AXI_inst/DELAY_COMP/clk_counter__0                                                                |                5 |             34 |
|  system_i/processing_system7_0/inst/FCLK_CLK0 | system_i/ps7_0_axi_periph/m00_couplers/auto_pc/inst/gen_axilite.gen_b2s_conv.axilite_b2s/WR.aw_channel_0/aw_cmd_fsm_0/axaddr_wrap_reg[11][0]                                                          |                                                                                                                                                      |                6 |             40 |
|  system_i/processing_system7_0/inst/FCLK_CLK0 | system_i/ps7_0_axi_periph/m00_couplers/auto_pc/inst/gen_axilite.gen_b2s_conv.axilite_b2s/RD.ar_channel_0/ar_cmd_fsm_0/axaddr_wrap_reg[11]_0[0]                                                        |                                                                                                                                                      |                8 |             40 |
|  system_i/processing_system7_0/inst/FCLK_CLK0 | system_i/ps7_0_axi_periph/m00_couplers/auto_pc/inst/gen_axilite.gen_b2s_conv.axilite_b2s/RD.ar_channel_0/ar_cmd_fsm_0/m_payload_i_reg[0][0]                                                           |                                                                                                                                                      |                9 |             56 |
|  system_i/processing_system7_0/inst/FCLK_CLK0 | system_i/ps7_0_axi_periph/m00_couplers/auto_pc/inst/gen_axilite.gen_b2s_conv.axilite_b2s/WR.aw_channel_0/aw_cmd_fsm_0/m_payload_i_reg[0]_0[0]                                                         |                                                                                                                                                      |                7 |             56 |
|  system_i/processing_system7_0/inst/FCLK_CLK0 | system_i/ps7_0_axi_periph/m00_couplers/auto_pc/inst/gen_axilite.gen_b2s_conv.axilite_b2s/SI_REG/ar.ar_pipe/s_axi_arready                                                                              |                                                                                                                                                      |                8 |             56 |
|  system_i/processing_system7_0/inst/FCLK_CLK0 | system_i/ps7_0_axi_periph/m00_couplers/auto_pc/inst/gen_axilite.gen_b2s_conv.axilite_b2s/SI_REG/aw.aw_pipe/s_axi_awready                                                                              |                                                                                                                                                      |                5 |             56 |
|  system_i/processing_system7_0/inst/FCLK_CLK0 | system_i/ps7_0_axi_periph/xbar/inst/gen_samd.crossbar_samd/addr_arbiter_aw/p_1_in                                                                                                                     | system_i/ps7_0_axi_periph/xbar/inst/gen_samd.crossbar_samd/gen_slave_slots[0].gen_si_write.si_transactor_aw/gen_multi_thread.arbiter_resp_inst/SR[0] |                7 |             56 |
|  system_i/processing_system7_0/inst/FCLK_CLK0 | system_i/ps7_0_axi_periph/xbar/inst/gen_samd.crossbar_samd/addr_arbiter_ar/p_1_in                                                                                                                     | system_i/ps7_0_axi_periph/xbar/inst/gen_samd.crossbar_samd/gen_slave_slots[0].gen_si_write.si_transactor_aw/gen_multi_thread.arbiter_resp_inst/SR[0] |                7 |             56 |
|  system_i/processing_system7_0/inst/FCLK_CLK0 | system_i/ps7_0_axi_periph/m00_couplers/auto_pc/inst/gen_axilite.gen_b2s_conv.axilite_b2s/RD.r_channel_0/rd_data_fifo_0/wr_en0                                                                         |                                                                                                                                                      |                8 |             64 |
|  system_i/processing_system7_0/inst/FCLK_CLK0 | system_i/ZedboardOLED_0/inst/ZedboardOLED_v1_0_S00_AXI_inst/slv_reg_rden                                                                                                                              | system_i/ZedboardOLED_0/inst/axi_awready_i_1_n_0                                                                                                     |               11 |             64 |
|  system_i/processing_system7_0/inst/FCLK_CLK0 | system_i/ps7_0_axi_periph/xbar/inst/gen_samd.crossbar_samd/gen_master_slots[0].reg_slice_mi/r.r_pipe/m_axi_rready[0]                                                                                  |                                                                                                                                                      |               14 |             90 |
|  system_i/processing_system7_0/inst/FCLK_CLK0 | system_i/ps7_0_axi_periph/m00_couplers/auto_pc/inst/gen_axilite.gen_b2s_conv.axilite_b2s/SI_REG/r.r_pipe/skid_buffer_reg[0]_0                                                                         |                                                                                                                                                      |               11 |             90 |
|  system_i/processing_system7_0/inst/FCLK_CLK0 | system_i/ps7_0_axi_periph/m00_couplers/auto_pc/inst/gen_axilite.gen_b2s_conv.axilite_b2s/SI_REG/r.r_pipe/p_1_in                                                                                       |                                                                                                                                                      |               10 |             90 |
|  system_i/processing_system7_0/inst/FCLK_CLK0 | system_i/ps7_0_axi_periph/xbar/inst/gen_samd.crossbar_samd/gen_master_slots[0].reg_slice_mi/r.r_pipe/p_1_in_0                                                                                         |                                                                                                                                                      |               15 |             90 |
|  system_i/processing_system7_0/inst/FCLK_CLK0 |                                                                                                                                                                                                       | system_i/ps7_0_axi_periph/m00_couplers/auto_pc/inst/gen_axilite.gen_b2s_conv.axilite_b2s/areset_d1                                                   |               17 |            120 |
|  system_i/processing_system7_0/inst/FCLK_CLK0 | system_i/ZedboardOLED_0/inst/ZedboardOLED_v1_0_S00_AXI_inst/after_state[98]_i_1_n_0                                                                                                                   |                                                                                                                                                      |               36 |            134 |
|  system_i/processing_system7_0/inst/FCLK_CLK0 | system_i/ZedboardOLED_0/inst/ZedboardOLED_v1_0_S00_AXI_inst/SPI_COMP/current_state_reg[9]_rep__1                                                                                                      | system_i/ZedboardOLED_0/inst/ZedboardOLED_v1_0_S00_AXI_inst/FSM_onehot_current_state_reg[0]_0                                                        |               31 |            166 |
|  system_i/processing_system7_0/inst/FCLK_CLK0 |                                                                                                                                                                                                       |                                                                                                                                                      |               54 |            280 |
|  system_i/processing_system7_0/inst/FCLK_CLK0 | system_i/ZedboardOLED_0/inst/ZedboardOLED_v1_0_S00_AXI_inst/current_screen[3][0][7]_i_2_n_0                                                                                                           | system_i/ZedboardOLED_0/inst/ZedboardOLED_v1_0_S00_AXI_inst/current_screen[3][0][7]_i_1_n_0                                                          |              113 |           1024 |
+-----------------------------------------------+-------------------------------------------------------------------------------------------------------------------------------------------------------------------------------------------------------+------------------------------------------------------------------------------------------------------------------------------------------------------+------------------+----------------+


