
*** Running vivado
    with args -log lab2_simple_arm_wrapper.vdi -applog -m64 -product Vivado -messageDb vivado.pb -mode batch -source lab2_simple_arm_wrapper.tcl -notrace

awk: symbol lookup error: awk: undefined symbol: mpfr_z_sub

****** Vivado v2016.4 (64-bit)
  **** SW Build 1756540 on Mon Jan 23 19:11:19 MST 2017
  **** IP Build 1755317 on Mon Jan 23 20:30:07 MST 2017
    ** Copyright 1986-2016 Xilinx, Inc. All Rights Reserved.

source lab2_simple_arm_wrapper.tcl -notrace
Design is defaulting to srcset: sources_1
Design is defaulting to constrset: constrs_1
INFO: [Project 1-454] Reading design checkpoint '/home/nikolas/Git_Repos/CE435/lab2/vivado_proj/Lab_2_interupt/lab2_interrupt_arm/lab2_interrupt_arm.srcs/sources_1/bd/lab2_simple_arm/ip/lab2_simple_arm_axi_gpio_0_1/lab2_simple_arm_axi_gpio_0_1.dcp' for cell 'lab2_simple_arm_i/btns_5bit'
INFO: [Project 1-454] Reading design checkpoint '/home/nikolas/Git_Repos/CE435/lab2/vivado_proj/Lab_2_interupt/lab2_interrupt_arm/lab2_interrupt_arm.srcs/sources_1/bd/lab2_simple_arm/ip/lab2_simple_arm_processing_system7_0_0/lab2_simple_arm_processing_system7_0_0.dcp' for cell 'lab2_simple_arm_i/processing_system7_0'
INFO: [Project 1-454] Reading design checkpoint '/home/nikolas/Git_Repos/CE435/lab2/vivado_proj/Lab_2_interupt/lab2_interrupt_arm/lab2_interrupt_arm.srcs/sources_1/bd/lab2_simple_arm/ip/lab2_simple_arm_rst_ps7_0_100M_0/lab2_simple_arm_rst_ps7_0_100M_0.dcp' for cell 'lab2_simple_arm_i/rst_ps7_0_100M'
INFO: [Project 1-454] Reading design checkpoint '/home/nikolas/Git_Repos/CE435/lab2/vivado_proj/Lab_2_interupt/lab2_interrupt_arm/lab2_interrupt_arm.srcs/sources_1/bd/lab2_simple_arm/ip/lab2_simple_arm_axi_gpio_0_0/lab2_simple_arm_axi_gpio_0_0.dcp' for cell 'lab2_simple_arm_i/sw_8bit'
INFO: [Project 1-454] Reading design checkpoint '/home/nikolas/Git_Repos/CE435/lab2/vivado_proj/Lab_2_interupt/lab2_interrupt_arm/lab2_interrupt_arm.srcs/sources_1/bd/lab2_simple_arm/ip/lab2_simple_arm_xbar_0/lab2_simple_arm_xbar_0.dcp' for cell 'lab2_simple_arm_i/ps7_0_axi_periph/xbar'
INFO: [Project 1-454] Reading design checkpoint '/home/nikolas/Git_Repos/CE435/lab2/vivado_proj/Lab_2_interupt/lab2_interrupt_arm/lab2_interrupt_arm.srcs/sources_1/bd/lab2_simple_arm/ip/lab2_simple_arm_auto_pc_0/lab2_simple_arm_auto_pc_0.dcp' for cell 'lab2_simple_arm_i/ps7_0_axi_periph/s00_couplers/auto_pc'
INFO: [Netlist 29-17] Analyzing 31 Unisim elements for replacement
INFO: [Netlist 29-28] Unisim Transformation completed in 0 CPU seconds
INFO: [Project 1-479] Netlist was created with Vivado 2016.4
INFO: [Device 21-403] Loading part xc7z020clg484-1
INFO: [Project 1-570] Preparing netlist for logic optimization
WARNING: [Constraints 18-550] Could not create 'IOSTANDARD' constraint because net 'lab2_simple_arm_i/btns_5bit/gpio_io_i[0]' is not directly connected to top level port. 'IOSTANDARD' is ignored by Vivado but preserved for implementation tool. [/home/nikolas/Git_Repos/CE435/lab2/vivado_proj/Lab_2_interupt/lab2_interrupt_arm/lab2_interrupt_arm.runs/impl_1/.Xil/Vivado-11986-Elsa/dcp_5/lab2_simple_arm_axi_gpio_0_1.edf:6197]
WARNING: [Constraints 18-550] Could not create 'IOSTANDARD' constraint because net 'lab2_simple_arm_i/btns_5bit/gpio_io_i[1]' is not directly connected to top level port. 'IOSTANDARD' is ignored by Vivado but preserved for implementation tool. [/home/nikolas/Git_Repos/CE435/lab2/vivado_proj/Lab_2_interupt/lab2_interrupt_arm/lab2_interrupt_arm.runs/impl_1/.Xil/Vivado-11986-Elsa/dcp_5/lab2_simple_arm_axi_gpio_0_1.edf:6204]
WARNING: [Constraints 18-550] Could not create 'IOSTANDARD' constraint because net 'lab2_simple_arm_i/btns_5bit/gpio_io_i[2]' is not directly connected to top level port. 'IOSTANDARD' is ignored by Vivado but preserved for implementation tool. [/home/nikolas/Git_Repos/CE435/lab2/vivado_proj/Lab_2_interupt/lab2_interrupt_arm/lab2_interrupt_arm.runs/impl_1/.Xil/Vivado-11986-Elsa/dcp_5/lab2_simple_arm_axi_gpio_0_1.edf:6211]
WARNING: [Constraints 18-550] Could not create 'IOSTANDARD' constraint because net 'lab2_simple_arm_i/btns_5bit/gpio_io_i[3]' is not directly connected to top level port. 'IOSTANDARD' is ignored by Vivado but preserved for implementation tool. [/home/nikolas/Git_Repos/CE435/lab2/vivado_proj/Lab_2_interupt/lab2_interrupt_arm/lab2_interrupt_arm.runs/impl_1/.Xil/Vivado-11986-Elsa/dcp_5/lab2_simple_arm_axi_gpio_0_1.edf:6218]
WARNING: [Constraints 18-550] Could not create 'IOSTANDARD' constraint because net 'lab2_simple_arm_i/btns_5bit/gpio_io_i[4]' is not directly connected to top level port. 'IOSTANDARD' is ignored by Vivado but preserved for implementation tool. [/home/nikolas/Git_Repos/CE435/lab2/vivado_proj/Lab_2_interupt/lab2_interrupt_arm/lab2_interrupt_arm.runs/impl_1/.Xil/Vivado-11986-Elsa/dcp_5/lab2_simple_arm_axi_gpio_0_1.edf:6225]
WARNING: [Constraints 18-550] Could not create 'IOSTANDARD' constraint because net 'lab2_simple_arm_i/sw_8bit/gpio_io_i[0]' is not directly connected to top level port. 'IOSTANDARD' is ignored by Vivado but preserved for implementation tool. [/home/nikolas/Git_Repos/CE435/lab2/vivado_proj/Lab_2_interupt/lab2_interrupt_arm/lab2_interrupt_arm.runs/impl_1/.Xil/Vivado-11986-Elsa/dcp_3/lab2_simple_arm_axi_gpio_0_0.edf:5151]
WARNING: [Constraints 18-550] Could not create 'IOSTANDARD' constraint because net 'lab2_simple_arm_i/sw_8bit/gpio_io_i[1]' is not directly connected to top level port. 'IOSTANDARD' is ignored by Vivado but preserved for implementation tool. [/home/nikolas/Git_Repos/CE435/lab2/vivado_proj/Lab_2_interupt/lab2_interrupt_arm/lab2_interrupt_arm.runs/impl_1/.Xil/Vivado-11986-Elsa/dcp_3/lab2_simple_arm_axi_gpio_0_0.edf:5158]
WARNING: [Constraints 18-550] Could not create 'IOSTANDARD' constraint because net 'lab2_simple_arm_i/sw_8bit/gpio_io_i[2]' is not directly connected to top level port. 'IOSTANDARD' is ignored by Vivado but preserved for implementation tool. [/home/nikolas/Git_Repos/CE435/lab2/vivado_proj/Lab_2_interupt/lab2_interrupt_arm/lab2_interrupt_arm.runs/impl_1/.Xil/Vivado-11986-Elsa/dcp_3/lab2_simple_arm_axi_gpio_0_0.edf:5165]
WARNING: [Constraints 18-550] Could not create 'IOSTANDARD' constraint because net 'lab2_simple_arm_i/sw_8bit/gpio_io_i[3]' is not directly connected to top level port. 'IOSTANDARD' is ignored by Vivado but preserved for implementation tool. [/home/nikolas/Git_Repos/CE435/lab2/vivado_proj/Lab_2_interupt/lab2_interrupt_arm/lab2_interrupt_arm.runs/impl_1/.Xil/Vivado-11986-Elsa/dcp_3/lab2_simple_arm_axi_gpio_0_0.edf:5172]
WARNING: [Constraints 18-550] Could not create 'IOSTANDARD' constraint because net 'lab2_simple_arm_i/sw_8bit/gpio_io_i[4]' is not directly connected to top level port. 'IOSTANDARD' is ignored by Vivado but preserved for implementation tool. [/home/nikolas/Git_Repos/CE435/lab2/vivado_proj/Lab_2_interupt/lab2_interrupt_arm/lab2_interrupt_arm.runs/impl_1/.Xil/Vivado-11986-Elsa/dcp_3/lab2_simple_arm_axi_gpio_0_0.edf:5179]
WARNING: [Constraints 18-550] Could not create 'IOSTANDARD' constraint because net 'lab2_simple_arm_i/sw_8bit/gpio_io_i[5]' is not directly connected to top level port. 'IOSTANDARD' is ignored by Vivado but preserved for implementation tool. [/home/nikolas/Git_Repos/CE435/lab2/vivado_proj/Lab_2_interupt/lab2_interrupt_arm/lab2_interrupt_arm.runs/impl_1/.Xil/Vivado-11986-Elsa/dcp_3/lab2_simple_arm_axi_gpio_0_0.edf:5186]
WARNING: [Constraints 18-550] Could not create 'IOSTANDARD' constraint because net 'lab2_simple_arm_i/sw_8bit/gpio_io_i[6]' is not directly connected to top level port. 'IOSTANDARD' is ignored by Vivado but preserved for implementation tool. [/home/nikolas/Git_Repos/CE435/lab2/vivado_proj/Lab_2_interupt/lab2_interrupt_arm/lab2_interrupt_arm.runs/impl_1/.Xil/Vivado-11986-Elsa/dcp_3/lab2_simple_arm_axi_gpio_0_0.edf:5193]
WARNING: [Constraints 18-550] Could not create 'IOSTANDARD' constraint because net 'lab2_simple_arm_i/sw_8bit/gpio_io_i[7]' is not directly connected to top level port. 'IOSTANDARD' is ignored by Vivado but preserved for implementation tool. [/home/nikolas/Git_Repos/CE435/lab2/vivado_proj/Lab_2_interupt/lab2_interrupt_arm/lab2_interrupt_arm.runs/impl_1/.Xil/Vivado-11986-Elsa/dcp_3/lab2_simple_arm_axi_gpio_0_0.edf:5200]
Parsing XDC File [/home/nikolas/Git_Repos/CE435/lab2/vivado_proj/Lab_2_interupt/lab2_interrupt_arm/lab2_interrupt_arm.srcs/sources_1/bd/lab2_simple_arm/ip/lab2_simple_arm_processing_system7_0_0/lab2_simple_arm_processing_system7_0_0.xdc] for cell 'lab2_simple_arm_i/processing_system7_0/inst'
Finished Parsing XDC File [/home/nikolas/Git_Repos/CE435/lab2/vivado_proj/Lab_2_interupt/lab2_interrupt_arm/lab2_interrupt_arm.srcs/sources_1/bd/lab2_simple_arm/ip/lab2_simple_arm_processing_system7_0_0/lab2_simple_arm_processing_system7_0_0.xdc] for cell 'lab2_simple_arm_i/processing_system7_0/inst'
Parsing XDC File [/home/nikolas/Git_Repos/CE435/lab2/vivado_proj/Lab_2_interupt/lab2_interrupt_arm/lab2_interrupt_arm.srcs/sources_1/bd/lab2_simple_arm/ip/lab2_simple_arm_axi_gpio_0_0/lab2_simple_arm_axi_gpio_0_0_board.xdc] for cell 'lab2_simple_arm_i/sw_8bit/U0'
Finished Parsing XDC File [/home/nikolas/Git_Repos/CE435/lab2/vivado_proj/Lab_2_interupt/lab2_interrupt_arm/lab2_interrupt_arm.srcs/sources_1/bd/lab2_simple_arm/ip/lab2_simple_arm_axi_gpio_0_0/lab2_simple_arm_axi_gpio_0_0_board.xdc] for cell 'lab2_simple_arm_i/sw_8bit/U0'
Parsing XDC File [/home/nikolas/Git_Repos/CE435/lab2/vivado_proj/Lab_2_interupt/lab2_interrupt_arm/lab2_interrupt_arm.srcs/sources_1/bd/lab2_simple_arm/ip/lab2_simple_arm_axi_gpio_0_0/lab2_simple_arm_axi_gpio_0_0.xdc] for cell 'lab2_simple_arm_i/sw_8bit/U0'
Finished Parsing XDC File [/home/nikolas/Git_Repos/CE435/lab2/vivado_proj/Lab_2_interupt/lab2_interrupt_arm/lab2_interrupt_arm.srcs/sources_1/bd/lab2_simple_arm/ip/lab2_simple_arm_axi_gpio_0_0/lab2_simple_arm_axi_gpio_0_0.xdc] for cell 'lab2_simple_arm_i/sw_8bit/U0'
Parsing XDC File [/home/nikolas/Git_Repos/CE435/lab2/vivado_proj/Lab_2_interupt/lab2_interrupt_arm/lab2_interrupt_arm.srcs/sources_1/bd/lab2_simple_arm/ip/lab2_simple_arm_rst_ps7_0_100M_0/lab2_simple_arm_rst_ps7_0_100M_0_board.xdc] for cell 'lab2_simple_arm_i/rst_ps7_0_100M/U0'
Finished Parsing XDC File [/home/nikolas/Git_Repos/CE435/lab2/vivado_proj/Lab_2_interupt/lab2_interrupt_arm/lab2_interrupt_arm.srcs/sources_1/bd/lab2_simple_arm/ip/lab2_simple_arm_rst_ps7_0_100M_0/lab2_simple_arm_rst_ps7_0_100M_0_board.xdc] for cell 'lab2_simple_arm_i/rst_ps7_0_100M/U0'
Parsing XDC File [/home/nikolas/Git_Repos/CE435/lab2/vivado_proj/Lab_2_interupt/lab2_interrupt_arm/lab2_interrupt_arm.srcs/sources_1/bd/lab2_simple_arm/ip/lab2_simple_arm_rst_ps7_0_100M_0/lab2_simple_arm_rst_ps7_0_100M_0.xdc] for cell 'lab2_simple_arm_i/rst_ps7_0_100M/U0'
Finished Parsing XDC File [/home/nikolas/Git_Repos/CE435/lab2/vivado_proj/Lab_2_interupt/lab2_interrupt_arm/lab2_interrupt_arm.srcs/sources_1/bd/lab2_simple_arm/ip/lab2_simple_arm_rst_ps7_0_100M_0/lab2_simple_arm_rst_ps7_0_100M_0.xdc] for cell 'lab2_simple_arm_i/rst_ps7_0_100M/U0'
Parsing XDC File [/home/nikolas/Git_Repos/CE435/lab2/vivado_proj/Lab_2_interupt/lab2_interrupt_arm/lab2_interrupt_arm.srcs/sources_1/bd/lab2_simple_arm/ip/lab2_simple_arm_axi_gpio_0_1/lab2_simple_arm_axi_gpio_0_1_board.xdc] for cell 'lab2_simple_arm_i/btns_5bit/U0'
Finished Parsing XDC File [/home/nikolas/Git_Repos/CE435/lab2/vivado_proj/Lab_2_interupt/lab2_interrupt_arm/lab2_interrupt_arm.srcs/sources_1/bd/lab2_simple_arm/ip/lab2_simple_arm_axi_gpio_0_1/lab2_simple_arm_axi_gpio_0_1_board.xdc] for cell 'lab2_simple_arm_i/btns_5bit/U0'
Parsing XDC File [/home/nikolas/Git_Repos/CE435/lab2/vivado_proj/Lab_2_interupt/lab2_interrupt_arm/lab2_interrupt_arm.srcs/sources_1/bd/lab2_simple_arm/ip/lab2_simple_arm_axi_gpio_0_1/lab2_simple_arm_axi_gpio_0_1.xdc] for cell 'lab2_simple_arm_i/btns_5bit/U0'
Finished Parsing XDC File [/home/nikolas/Git_Repos/CE435/lab2/vivado_proj/Lab_2_interupt/lab2_interrupt_arm/lab2_interrupt_arm.srcs/sources_1/bd/lab2_simple_arm/ip/lab2_simple_arm_axi_gpio_0_1/lab2_simple_arm_axi_gpio_0_1.xdc] for cell 'lab2_simple_arm_i/btns_5bit/U0'
INFO: [Project 1-538] Using original IP XDC constraints instead of the XDC constraints in dcp '/home/nikolas/Git_Repos/CE435/lab2/vivado_proj/Lab_2_interupt/lab2_interrupt_arm/lab2_interrupt_arm.srcs/sources_1/bd/lab2_simple_arm/ip/lab2_simple_arm_processing_system7_0_0/lab2_simple_arm_processing_system7_0_0.dcp'
INFO: [Project 1-538] Using original IP XDC constraints instead of the XDC constraints in dcp '/home/nikolas/Git_Repos/CE435/lab2/vivado_proj/Lab_2_interupt/lab2_interrupt_arm/lab2_interrupt_arm.srcs/sources_1/bd/lab2_simple_arm/ip/lab2_simple_arm_axi_gpio_0_0/lab2_simple_arm_axi_gpio_0_0.dcp'
INFO: [Project 1-538] Using original IP XDC constraints instead of the XDC constraints in dcp '/home/nikolas/Git_Repos/CE435/lab2/vivado_proj/Lab_2_interupt/lab2_interrupt_arm/lab2_interrupt_arm.srcs/sources_1/bd/lab2_simple_arm/ip/lab2_simple_arm_rst_ps7_0_100M_0/lab2_simple_arm_rst_ps7_0_100M_0.dcp'
INFO: [Project 1-538] Using original IP XDC constraints instead of the XDC constraints in dcp '/home/nikolas/Git_Repos/CE435/lab2/vivado_proj/Lab_2_interupt/lab2_interrupt_arm/lab2_interrupt_arm.srcs/sources_1/bd/lab2_simple_arm/ip/lab2_simple_arm_axi_gpio_0_1/lab2_simple_arm_axi_gpio_0_1.dcp'
INFO: [Project 1-538] Using original IP XDC constraints instead of the XDC constraints in dcp '/home/nikolas/Git_Repos/CE435/lab2/vivado_proj/Lab_2_interupt/lab2_interrupt_arm/lab2_interrupt_arm.srcs/sources_1/bd/lab2_simple_arm/ip/lab2_simple_arm_xbar_0/lab2_simple_arm_xbar_0.dcp'
INFO: [Project 1-538] Using original IP XDC constraints instead of the XDC constraints in dcp '/home/nikolas/Git_Repos/CE435/lab2/vivado_proj/Lab_2_interupt/lab2_interrupt_arm/lab2_interrupt_arm.srcs/sources_1/bd/lab2_simple_arm/ip/lab2_simple_arm_auto_pc_0/lab2_simple_arm_auto_pc_0.dcp'
INFO: [Opt 31-138] Pushed 0 inverter(s) to 0 load pin(s).
INFO: [Project 1-111] Unisim Transformation Summary:
No Unisim elements were transformed.

link_design: Time (s): cpu = 00:00:07 ; elapsed = 00:00:07 . Memory (MB): peak = 1307.637 ; gain = 309.648 ; free physical = 1305 ; free virtual = 8531
CRITICAL WARNING: [Pfi 67-13] Hardware Handoff file lab2_simple_arm_processing_system7_0_0.hwdef does not exist for instance lab2_simple_arm_i/processing_system7_0/inst
Command: opt_design
Attempting to get a license for feature 'Implementation' and/or device 'xc7z020'
INFO: [Common 17-349] Got license for feature 'Implementation' and/or device 'xc7z020'
Running DRC as a precondition to command opt_design

Starting DRC Task
INFO: [DRC 23-27] Running DRC with 4 threads
INFO: [Project 1-461] DRC finished with 0 Errors
INFO: [Project 1-462] Please refer to the DRC report (report_drc) for more information.

Time (s): cpu = 00:00:01 ; elapsed = 00:00:00.33 . Memory (MB): peak = 1359.652 ; gain = 52.016 ; free physical = 1293 ; free virtual = 8519
INFO: [Timing 38-35] Done setting XDC timing constraints.

Starting Logic Optimization Task
Implement Debug Cores | Checksum: 1a5c46f92

Phase 1 Retarget
INFO: [Opt 31-138] Pushed 0 inverter(s) to 0 load pin(s).
INFO: [Opt 31-49] Retargeted 0 cell(s).
Phase 1 Retarget | Checksum: 1c15c93e8

Time (s): cpu = 00:00:00.24 ; elapsed = 00:00:00.17 . Memory (MB): peak = 1779.145 ; gain = 0.000 ; free physical = 934 ; free virtual = 8159

Phase 2 Constant propagation
INFO: [Opt 31-138] Pushed 0 inverter(s) to 0 load pin(s).
INFO: [Opt 31-10] Eliminated 124 cells.
Phase 2 Constant propagation | Checksum: 1bbaf0d0e

Time (s): cpu = 00:00:00.54 ; elapsed = 00:00:00.41 . Memory (MB): peak = 1779.145 ; gain = 0.000 ; free physical = 932 ; free virtual = 8157

Phase 3 Sweep
INFO: [Opt 31-12] Eliminated 183 unconnected nets.
INFO: [Opt 31-11] Eliminated 199 unconnected cells.
Phase 3 Sweep | Checksum: 1d59598d2

Time (s): cpu = 00:00:00.96 ; elapsed = 00:00:00.78 . Memory (MB): peak = 1779.145 ; gain = 0.000 ; free physical = 932 ; free virtual = 8157

Phase 4 BUFG optimization
INFO: [Opt 31-12] Eliminated 0 unconnected nets.
INFO: [Opt 31-11] Eliminated 0 unconnected cells.
Phase 4 BUFG optimization | Checksum: 15c5d49f3

Time (s): cpu = 00:00:01 ; elapsed = 00:00:01 . Memory (MB): peak = 1779.145 ; gain = 0.000 ; free physical = 932 ; free virtual = 8157

Starting Connectivity Check Task

Time (s): cpu = 00:00:00 ; elapsed = 00:00:00 . Memory (MB): peak = 1779.145 ; gain = 0.000 ; free physical = 932 ; free virtual = 8157
Ending Logic Optimization Task | Checksum: 15c5d49f3

Time (s): cpu = 00:00:01 ; elapsed = 00:00:01 . Memory (MB): peak = 1779.145 ; gain = 0.000 ; free physical = 932 ; free virtual = 8157

Starting Power Optimization Task
INFO: [Pwropt 34-132] Skipping clock gating for clocks with a period < 2.00 ns.
Ending Power Optimization Task | Checksum: 15c5d49f3

Time (s): cpu = 00:00:00.01 ; elapsed = 00:00:00.01 . Memory (MB): peak = 1779.145 ; gain = 0.000 ; free physical = 932 ; free virtual = 8157
INFO: [Common 17-83] Releasing license: Implementation
34 Infos, 13 Warnings, 1 Critical Warnings and 0 Errors encountered.
opt_design completed successfully
opt_design: Time (s): cpu = 00:00:11 ; elapsed = 00:00:10 . Memory (MB): peak = 1779.145 ; gain = 471.508 ; free physical = 932 ; free virtual = 8157
Writing placer database...
Writing XDEF routing.
Writing XDEF routing logical nets.
Writing XDEF routing special nets.
Write XDEF Complete: Time (s): cpu = 00:00:00.16 ; elapsed = 00:00:00.06 . Memory (MB): peak = 1803.156 ; gain = 0.000 ; free physical = 930 ; free virtual = 8156
INFO: [Common 17-1381] The checkpoint '/home/nikolas/Git_Repos/CE435/lab2/vivado_proj/Lab_2_interupt/lab2_interrupt_arm/lab2_interrupt_arm.runs/impl_1/lab2_simple_arm_wrapper_opt.dcp' has been generated.
INFO: [DRC 23-27] Running DRC with 4 threads
INFO: [Coretcl 2-168] The results of DRC are in file /home/nikolas/Git_Repos/CE435/lab2/vivado_proj/Lab_2_interupt/lab2_interrupt_arm/lab2_interrupt_arm.runs/impl_1/lab2_simple_arm_wrapper_drc_opted.rpt.
INFO: [Chipscope 16-241] No debug cores found in the current design.
Before running the implement_debug_core command, either use the Set Up Debug wizard (GUI mode)
or use the create_debug_core and connect_debug_core Tcl commands to insert debug cores into the design.
Command: place_design
Attempting to get a license for feature 'Implementation' and/or device 'xc7z020'
INFO: [Common 17-349] Got license for feature 'Implementation' and/or device 'xc7z020'
INFO: [DRC 23-27] Running DRC with 4 threads
INFO: [Vivado_Tcl 4-198] DRC finished with 0 Errors
INFO: [Vivado_Tcl 4-199] Please refer to the DRC report (report_drc) for more information.
Running DRC as a precondition to command place_design
INFO: [DRC 23-27] Running DRC with 4 threads
INFO: [Vivado_Tcl 4-198] DRC finished with 0 Errors
INFO: [Vivado_Tcl 4-199] Please refer to the DRC report (report_drc) for more information.

Starting Placer Task
INFO: [Place 30-611] Multithreading enabled for place_design using a maximum of 4 CPUs

Phase 1 Placer Initialization
Netlist sorting complete. Time (s): cpu = 00:00:00 ; elapsed = 00:00:00 . Memory (MB): peak = 1811.160 ; gain = 0.000 ; free physical = 923 ; free virtual = 8147
Netlist sorting complete. Time (s): cpu = 00:00:00 ; elapsed = 00:00:00 . Memory (MB): peak = 1811.160 ; gain = 0.000 ; free physical = 923 ; free virtual = 8147

Phase 1.1 IO Placement/ Clock Placement/ Build Placer Device
INFO: [Timing 38-35] Done setting XDC timing constraints.
Phase 1.1 IO Placement/ Clock Placement/ Build Placer Device | Checksum: 117963b01

Time (s): cpu = 00:00:02 ; elapsed = 00:00:02 . Memory (MB): peak = 1834.160 ; gain = 23.000 ; free physical = 921 ; free virtual = 8146

Phase 1.2 Build Placer Netlist Model
Phase 1.2 Build Placer Netlist Model | Checksum: 17f8581d7

Time (s): cpu = 00:00:03 ; elapsed = 00:00:02 . Memory (MB): peak = 1844.805 ; gain = 33.645 ; free physical = 913 ; free virtual = 8138

Phase 1.3 Constrain Clocks/Macros
Phase 1.3 Constrain Clocks/Macros | Checksum: 17f8581d7

Time (s): cpu = 00:00:03 ; elapsed = 00:00:02 . Memory (MB): peak = 1844.805 ; gain = 33.645 ; free physical = 913 ; free virtual = 8138
Phase 1 Placer Initialization | Checksum: 17f8581d7

Time (s): cpu = 00:00:03 ; elapsed = 00:00:02 . Memory (MB): peak = 1844.805 ; gain = 33.645 ; free physical = 913 ; free virtual = 8138

Phase 2 Global Placement
Phase 2 Global Placement | Checksum: 221662230

Time (s): cpu = 00:00:08 ; elapsed = 00:00:04 . Memory (MB): peak = 1868.816 ; gain = 57.656 ; free physical = 906 ; free virtual = 8131

Phase 3 Detail Placement

Phase 3.1 Commit Multi Column Macros
Phase 3.1 Commit Multi Column Macros | Checksum: 221662230

Time (s): cpu = 00:00:08 ; elapsed = 00:00:04 . Memory (MB): peak = 1868.816 ; gain = 57.656 ; free physical = 906 ; free virtual = 8131

Phase 3.2 Commit Most Macros & LUTRAMs
Phase 3.2 Commit Most Macros & LUTRAMs | Checksum: 18dfa89c1

Time (s): cpu = 00:00:08 ; elapsed = 00:00:04 . Memory (MB): peak = 1868.816 ; gain = 57.656 ; free physical = 906 ; free virtual = 8131

Phase 3.3 Area Swap Optimization
Phase 3.3 Area Swap Optimization | Checksum: cdc24652

Time (s): cpu = 00:00:09 ; elapsed = 00:00:04 . Memory (MB): peak = 1868.816 ; gain = 57.656 ; free physical = 906 ; free virtual = 8131

Phase 3.4 Pipeline Register Optimization
Phase 3.4 Pipeline Register Optimization | Checksum: cdc24652

Time (s): cpu = 00:00:09 ; elapsed = 00:00:04 . Memory (MB): peak = 1868.816 ; gain = 57.656 ; free physical = 906 ; free virtual = 8131

Phase 3.5 Timing Path Optimizer
Phase 3.5 Timing Path Optimizer | Checksum: a146026e

Time (s): cpu = 00:00:09 ; elapsed = 00:00:05 . Memory (MB): peak = 1868.816 ; gain = 57.656 ; free physical = 906 ; free virtual = 8130

Phase 3.6 Small Shape Detail Placement
Phase 3.6 Small Shape Detail Placement | Checksum: 178a93e29

Time (s): cpu = 00:00:10 ; elapsed = 00:00:05 . Memory (MB): peak = 1868.816 ; gain = 57.656 ; free physical = 903 ; free virtual = 8128

Phase 3.7 Re-assign LUT pins
Phase 3.7 Re-assign LUT pins | Checksum: c4495935

Time (s): cpu = 00:00:10 ; elapsed = 00:00:05 . Memory (MB): peak = 1868.816 ; gain = 57.656 ; free physical = 903 ; free virtual = 8128

Phase 3.8 Pipeline Register Optimization
Phase 3.8 Pipeline Register Optimization | Checksum: c4495935

Time (s): cpu = 00:00:10 ; elapsed = 00:00:05 . Memory (MB): peak = 1868.816 ; gain = 57.656 ; free physical = 903 ; free virtual = 8128
Phase 3 Detail Placement | Checksum: c4495935

Time (s): cpu = 00:00:10 ; elapsed = 00:00:05 . Memory (MB): peak = 1868.816 ; gain = 57.656 ; free physical = 903 ; free virtual = 8128

Phase 4 Post Placement Optimization and Clean-Up

Phase 4.1 Post Commit Optimization
INFO: [Timing 38-35] Done setting XDC timing constraints.

Phase 4.1.1 Post Placement Optimization
INFO: [Place 30-746] Post Placement Timing Summary WNS=4.109. For the most accurate timing information please run report_timing.
Phase 4.1.1 Post Placement Optimization | Checksum: 120bf7fc9

Time (s): cpu = 00:00:11 ; elapsed = 00:00:06 . Memory (MB): peak = 1868.816 ; gain = 57.656 ; free physical = 900 ; free virtual = 8125
Phase 4.1 Post Commit Optimization | Checksum: 120bf7fc9

Time (s): cpu = 00:00:11 ; elapsed = 00:00:06 . Memory (MB): peak = 1868.816 ; gain = 57.656 ; free physical = 900 ; free virtual = 8125

Phase 4.2 Post Placement Cleanup
Phase 4.2 Post Placement Cleanup | Checksum: 120bf7fc9

Time (s): cpu = 00:00:11 ; elapsed = 00:00:06 . Memory (MB): peak = 1868.816 ; gain = 57.656 ; free physical = 900 ; free virtual = 8125

Phase 4.3 Placer Reporting
Phase 4.3 Placer Reporting | Checksum: 120bf7fc9

Time (s): cpu = 00:00:11 ; elapsed = 00:00:06 . Memory (MB): peak = 1868.816 ; gain = 57.656 ; free physical = 900 ; free virtual = 8125

Phase 4.4 Final Placement Cleanup
Phase 4.4 Final Placement Cleanup | Checksum: 12c118cc8

Time (s): cpu = 00:00:11 ; elapsed = 00:00:06 . Memory (MB): peak = 1868.816 ; gain = 57.656 ; free physical = 899 ; free virtual = 8124
Phase 4 Post Placement Optimization and Clean-Up | Checksum: 12c118cc8

Time (s): cpu = 00:00:11 ; elapsed = 00:00:06 . Memory (MB): peak = 1868.816 ; gain = 57.656 ; free physical = 899 ; free virtual = 8124
Ending Placer Task | Checksum: a38a6b4c

Time (s): cpu = 00:00:11 ; elapsed = 00:00:06 . Memory (MB): peak = 1868.816 ; gain = 57.656 ; free physical = 899 ; free virtual = 8124
INFO: [Common 17-83] Releasing license: Implementation
50 Infos, 13 Warnings, 1 Critical Warnings and 0 Errors encountered.
place_design completed successfully
place_design: Time (s): cpu = 00:00:14 ; elapsed = 00:00:07 . Memory (MB): peak = 1868.816 ; gain = 57.656 ; free physical = 899 ; free virtual = 8124
Writing placer database...
Writing XDEF routing.
Writing XDEF routing logical nets.
Writing XDEF routing special nets.
Write XDEF Complete: Time (s): cpu = 00:00:00.44 ; elapsed = 00:00:00.15 . Memory (MB): peak = 1868.816 ; gain = 0.000 ; free physical = 896 ; free virtual = 8125
INFO: [Common 17-1381] The checkpoint '/home/nikolas/Git_Repos/CE435/lab2/vivado_proj/Lab_2_interupt/lab2_interrupt_arm/lab2_interrupt_arm.runs/impl_1/lab2_simple_arm_wrapper_placed.dcp' has been generated.
report_io: Time (s): cpu = 00:00:00.16 ; elapsed = 00:00:00.20 . Memory (MB): peak = 1868.816 ; gain = 0.000 ; free physical = 892 ; free virtual = 8118
report_utilization: Time (s): cpu = 00:00:00.12 ; elapsed = 00:00:00.15 . Memory (MB): peak = 1868.816 ; gain = 0.000 ; free physical = 891 ; free virtual = 8117
report_control_sets: Time (s): cpu = 00:00:00.07 ; elapsed = 00:00:00.12 . Memory (MB): peak = 1868.816 ; gain = 0.000 ; free physical = 892 ; free virtual = 8118
Command: route_design
Attempting to get a license for feature 'Implementation' and/or device 'xc7z020'
INFO: [Common 17-349] Got license for feature 'Implementation' and/or device 'xc7z020'
Running DRC as a precondition to command route_design
INFO: [DRC 23-27] Running DRC with 4 threads
INFO: [Vivado_Tcl 4-198] DRC finished with 0 Errors
INFO: [Vivado_Tcl 4-199] Please refer to the DRC report (report_drc) for more information.


Starting Routing Task
INFO: [Route 35-254] Multithreading enabled for route_design using a maximum of 4 CPUs
Checksum: PlaceDB: 32731315 ConstDB: 0 ShapeSum: 71175837 RouteDB: 0

Phase 1 Build RT Design
Phase 1 Build RT Design | Checksum: 1785eb2c4

Time (s): cpu = 00:00:22 ; elapsed = 00:00:17 . Memory (MB): peak = 1948.480 ; gain = 79.664 ; free physical = 738 ; free virtual = 7975

Phase 2 Router Initialization

Phase 2.1 Create Timer
Phase 2.1 Create Timer | Checksum: 1785eb2c4

Time (s): cpu = 00:00:22 ; elapsed = 00:00:17 . Memory (MB): peak = 1948.480 ; gain = 79.664 ; free physical = 738 ; free virtual = 7975

Phase 2.2 Fix Topology Constraints
Phase 2.2 Fix Topology Constraints | Checksum: 1785eb2c4

Time (s): cpu = 00:00:22 ; elapsed = 00:00:17 . Memory (MB): peak = 1948.480 ; gain = 79.664 ; free physical = 727 ; free virtual = 7965

Phase 2.3 Pre Route Cleanup
Phase 2.3 Pre Route Cleanup | Checksum: 1785eb2c4

Time (s): cpu = 00:00:22 ; elapsed = 00:00:17 . Memory (MB): peak = 1948.480 ; gain = 79.664 ; free physical = 727 ; free virtual = 7965
 Number of Nodes with overlaps = 0

Phase 2.4 Update Timing
Phase 2.4 Update Timing | Checksum: 13a920ab2

Time (s): cpu = 00:00:23 ; elapsed = 00:00:18 . Memory (MB): peak = 1971.832 ; gain = 103.016 ; free physical = 699 ; free virtual = 7937
INFO: [Route 35-416] Intermediate Timing Summary | WNS=4.050  | TNS=0.000  | WHS=-0.190 | THS=-21.512|

Phase 2 Router Initialization | Checksum: 2040d8717

Time (s): cpu = 00:00:23 ; elapsed = 00:00:18 . Memory (MB): peak = 1971.832 ; gain = 103.016 ; free physical = 699 ; free virtual = 7937

Phase 3 Initial Routing
Phase 3 Initial Routing | Checksum: 255862f68

Time (s): cpu = 00:00:24 ; elapsed = 00:00:18 . Memory (MB): peak = 1971.832 ; gain = 103.016 ; free physical = 699 ; free virtual = 7937

Phase 4 Rip-up And Reroute

Phase 4.1 Global Iteration 0
 Number of Nodes with overlaps = 120
 Number of Nodes with overlaps = 0

Phase 4.1.1 Update Timing
Phase 4.1.1 Update Timing | Checksum: 22c4e50b4

Time (s): cpu = 00:00:25 ; elapsed = 00:00:18 . Memory (MB): peak = 1971.832 ; gain = 103.016 ; free physical = 699 ; free virtual = 7937
INFO: [Route 35-416] Intermediate Timing Summary | WNS=3.256  | TNS=0.000  | WHS=N/A    | THS=N/A    |

Phase 4.1 Global Iteration 0 | Checksum: 22366202d

Time (s): cpu = 00:00:25 ; elapsed = 00:00:18 . Memory (MB): peak = 1971.832 ; gain = 103.016 ; free physical = 699 ; free virtual = 7937

Phase 4.2 Global Iteration 1
 Number of Nodes with overlaps = 1
 Number of Nodes with overlaps = 0

Phase 4.2.1 Update Timing
Phase 4.2.1 Update Timing | Checksum: f40fc821

Time (s): cpu = 00:00:25 ; elapsed = 00:00:19 . Memory (MB): peak = 1971.832 ; gain = 103.016 ; free physical = 699 ; free virtual = 7937
INFO: [Route 35-416] Intermediate Timing Summary | WNS=3.256  | TNS=0.000  | WHS=N/A    | THS=N/A    |

Phase 4.2 Global Iteration 1 | Checksum: 1e967b3a5

Time (s): cpu = 00:00:25 ; elapsed = 00:00:19 . Memory (MB): peak = 1971.832 ; gain = 103.016 ; free physical = 699 ; free virtual = 7937
Phase 4 Rip-up And Reroute | Checksum: 1e967b3a5

Time (s): cpu = 00:00:25 ; elapsed = 00:00:19 . Memory (MB): peak = 1971.832 ; gain = 103.016 ; free physical = 699 ; free virtual = 7937

Phase 5 Delay and Skew Optimization

Phase 5.1 Delay CleanUp

Phase 5.1.1 Update Timing
Phase 5.1.1 Update Timing | Checksum: 136c226f7

Time (s): cpu = 00:00:26 ; elapsed = 00:00:19 . Memory (MB): peak = 1971.832 ; gain = 103.016 ; free physical = 699 ; free virtual = 7937
INFO: [Route 35-416] Intermediate Timing Summary | WNS=3.256  | TNS=0.000  | WHS=N/A    | THS=N/A    |

Phase 5.1 Delay CleanUp | Checksum: 136c226f7

Time (s): cpu = 00:00:26 ; elapsed = 00:00:19 . Memory (MB): peak = 1971.832 ; gain = 103.016 ; free physical = 699 ; free virtual = 7937

Phase 5.2 Clock Skew Optimization
Phase 5.2 Clock Skew Optimization | Checksum: 136c226f7

Time (s): cpu = 00:00:26 ; elapsed = 00:00:19 . Memory (MB): peak = 1971.832 ; gain = 103.016 ; free physical = 699 ; free virtual = 7937
Phase 5 Delay and Skew Optimization | Checksum: 136c226f7

Time (s): cpu = 00:00:26 ; elapsed = 00:00:19 . Memory (MB): peak = 1971.832 ; gain = 103.016 ; free physical = 699 ; free virtual = 7937

Phase 6 Post Hold Fix

Phase 6.1 Hold Fix Iter

Phase 6.1.1 Update Timing
Phase 6.1.1 Update Timing | Checksum: 16183c4c9

Time (s): cpu = 00:00:26 ; elapsed = 00:00:19 . Memory (MB): peak = 1971.832 ; gain = 103.016 ; free physical = 699 ; free virtual = 7937
INFO: [Route 35-416] Intermediate Timing Summary | WNS=3.256  | TNS=0.000  | WHS=0.041  | THS=0.000  |

Phase 6.1 Hold Fix Iter | Checksum: 21278d67d

Time (s): cpu = 00:00:26 ; elapsed = 00:00:19 . Memory (MB): peak = 1971.832 ; gain = 103.016 ; free physical = 699 ; free virtual = 7937
Phase 6 Post Hold Fix | Checksum: 21278d67d

Time (s): cpu = 00:00:26 ; elapsed = 00:00:19 . Memory (MB): peak = 1971.832 ; gain = 103.016 ; free physical = 699 ; free virtual = 7937

Phase 7 Route finalize

Router Utilization Summary
  Global Vertical Routing Utilization    = 0.332816 %
  Global Horizontal Routing Utilization  = 0.29902 %
  Routable Net Status*
  *Does not include unroutable nets such as driverless and loadless.
  Run report_route_status for detailed report.
  Number of Failed Nets               = 0
  Number of Unrouted Nets             = 0
  Number of Partially Routed Nets     = 0
  Number of Node Overlaps             = 0

Phase 7 Route finalize | Checksum: 1e080a596

Time (s): cpu = 00:00:26 ; elapsed = 00:00:19 . Memory (MB): peak = 1971.832 ; gain = 103.016 ; free physical = 699 ; free virtual = 7937

Phase 8 Verifying routed nets

 Verification completed successfully
Phase 8 Verifying routed nets | Checksum: 1e080a596

Time (s): cpu = 00:00:26 ; elapsed = 00:00:19 . Memory (MB): peak = 1971.832 ; gain = 103.016 ; free physical = 699 ; free virtual = 7937

Phase 9 Depositing Routes
Phase 9 Depositing Routes | Checksum: 1c2d8d153

Time (s): cpu = 00:00:26 ; elapsed = 00:00:19 . Memory (MB): peak = 1971.832 ; gain = 103.016 ; free physical = 699 ; free virtual = 7937

Phase 10 Post Router Timing
INFO: [Route 35-57] Estimated Timing Summary | WNS=3.256  | TNS=0.000  | WHS=0.041  | THS=0.000  |

INFO: [Route 35-327] The final timing numbers are based on the router estimated timing analysis. For a complete and accurate timing signoff, please run report_timing_summary.
Phase 10 Post Router Timing | Checksum: 1c2d8d153

Time (s): cpu = 00:00:26 ; elapsed = 00:00:19 . Memory (MB): peak = 1971.832 ; gain = 103.016 ; free physical = 699 ; free virtual = 7937
INFO: [Route 35-16] Router Completed Successfully

Time (s): cpu = 00:00:26 ; elapsed = 00:00:19 . Memory (MB): peak = 1971.832 ; gain = 103.016 ; free physical = 699 ; free virtual = 7937

Routing Is Done.
INFO: [Common 17-83] Releasing license: Implementation
65 Infos, 13 Warnings, 1 Critical Warnings and 0 Errors encountered.
route_design completed successfully
route_design: Time (s): cpu = 00:00:29 ; elapsed = 00:00:20 . Memory (MB): peak = 1971.832 ; gain = 103.016 ; free physical = 699 ; free virtual = 7937
Writing placer database...
Writing XDEF routing.
Writing XDEF routing logical nets.
Writing XDEF routing special nets.
Write XDEF Complete: Time (s): cpu = 00:00:00.52 ; elapsed = 00:00:00.18 . Memory (MB): peak = 1971.832 ; gain = 0.000 ; free physical = 695 ; free virtual = 7937
INFO: [Common 17-1381] The checkpoint '/home/nikolas/Git_Repos/CE435/lab2/vivado_proj/Lab_2_interupt/lab2_interrupt_arm/lab2_interrupt_arm.runs/impl_1/lab2_simple_arm_wrapper_routed.dcp' has been generated.
INFO: [DRC 23-27] Running DRC with 4 threads
INFO: [Coretcl 2-168] The results of DRC are in file /home/nikolas/Git_Repos/CE435/lab2/vivado_proj/Lab_2_interupt/lab2_interrupt_arm/lab2_interrupt_arm.runs/impl_1/lab2_simple_arm_wrapper_drc_routed.rpt.
INFO: [Timing 38-35] Done setting XDC timing constraints.
INFO: [DRC 23-133] Running Methodology with 4 threads
INFO: [Coretcl 2-1520] The results of Report Methodology are in file /home/nikolas/Git_Repos/CE435/lab2/vivado_proj/Lab_2_interupt/lab2_interrupt_arm/lab2_interrupt_arm.runs/impl_1/lab2_simple_arm_wrapper_methodology_drc_routed.rpt.
INFO: [Timing 38-35] Done setting XDC timing constraints.
INFO: [Timing 38-91] UpdateTimingParams: Speed grade: -1, Delay Type: min_max.
INFO: [Timing 38-191] Multithreading enabled for timing update using a maximum of 4 CPUs
INFO: [Timing 38-35] Done setting XDC timing constraints.
Command: report_power -file lab2_simple_arm_wrapper_power_routed.rpt -pb lab2_simple_arm_wrapper_power_summary_routed.pb -rpx lab2_simple_arm_wrapper_power_routed.rpx
Running Vector-less Activity Propagation...

Finished Running Vector-less Activity Propagation
75 Infos, 13 Warnings, 1 Critical Warnings and 0 Errors encountered.
report_power completed successfully
Command: write_bitstream -force -no_partial_bitfile lab2_simple_arm_wrapper.bit
Attempting to get a license for feature 'Implementation' and/or device 'xc7z020'
INFO: [Common 17-349] Got license for feature 'Implementation' and/or device 'xc7z020'
Running DRC as a precondition to command write_bitstream
INFO: [DRC 23-27] Running DRC with 4 threads
INFO: [Vivado 12-3199] DRC finished with 0 Errors
INFO: [Vivado 12-3200] Please refer to the DRC report (report_drc) for more information.
Loading data files...
Loading site data...
Loading route data...
Processing options...
Creating bitmap...
Creating bitstream...
Writing bitstream ./lab2_simple_arm_wrapper.bit...
INFO: [Vivado 12-1842] Bitgen Completed Successfully.
INFO: [Project 1-118] WebTalk data collection is enabled (User setting is ON. Install Setting is ON.).
INFO: [Common 17-186] '/home/nikolas/Git_Repos/CE435/lab2/vivado_proj/Lab_2_interupt/lab2_interrupt_arm/lab2_interrupt_arm.runs/impl_1/usage_statistics_webtalk.xml' has been successfully sent to Xilinx on Fri Mar 17 20:53:07 2017. For additional details about this file, please refer to the WebTalk help file at /opt/Xilinx/Vivado/2016.4/doc/webtalk_introduction.html.
INFO: [Common 17-83] Releasing license: Implementation
83 Infos, 13 Warnings, 1 Critical Warnings and 0 Errors encountered.
write_bitstream completed successfully
write_bitstream: Time (s): cpu = 00:00:14 ; elapsed = 00:00:15 . Memory (MB): peak = 2305.520 ; gain = 285.648 ; free physical = 378 ; free virtual = 7622
INFO: [Common 17-206] Exiting Vivado at Fri Mar 17 20:53:08 2017...
