Copyright 1986-2018 Xilinx, Inc. All Rights Reserved.
----------------------------------------------------------------------------------------------------
| Tool Version : Vivado v.2018.2.2 (lin64) Build 2348494 Mon Oct  1 18:25:39 MDT 2018
| Date         : Tue Mar 19 21:05:27 2019
| Host         : elsa running 64-bit Antergos Linux
| Command      : report_control_sets -verbose -file lab2_simple_arm_wrapper_control_sets_placed.rpt
| Design       : lab2_simple_arm_wrapper
| Device       : xc7z020
----------------------------------------------------------------------------------------------------

Control Set Information

Table of Contents
-----------------
1. Summary
2. Histogram
3. Flip-Flop Distribution
4. Detailed Control Set Information

1. Summary
----------

+----------------------------------------------------------+-------+
|                          Status                          | Count |
+----------------------------------------------------------+-------+
| Number of unique control sets                            |    64 |
| Unused register locations in slices containing registers |    68 |
+----------------------------------------------------------+-------+


2. Histogram
------------

+--------+--------------+
| Fanout | Control Sets |
+--------+--------------+
|      4 |            1 |
|      8 |           10 |
|     10 |            3 |
|     12 |            2 |
|    16+ |           48 |
+--------+--------------+


3. Flip-Flop Distribution
-------------------------

+--------------+-----------------------+------------------------+-----------------+--------------+
| Clock Enable | Synchronous Set/Reset | Asynchronous Set/Reset | Total Registers | Total Slices |
+--------------+-----------------------+------------------------+-----------------+--------------+
| No           | No                    | No                     |             432 |           70 |
| No           | No                    | Yes                    |               0 |            0 |
| No           | Yes                   | No                     |             322 |           48 |
| Yes          | No                    | No                     |             904 |          110 |
| Yes          | No                    | Yes                    |               0 |            0 |
| Yes          | Yes                   | No                     |             506 |           61 |
+--------------+-----------------------+------------------------+-----------------+--------------+


4. Detailed Control Set Information
-----------------------------------

+--------------------------------------------------------+-----------------------------------------------------------------------------------------------------------------------------------------------------------------------+---------------------------------------------------------------------------------------------------------------------------------------------------+------------------+----------------+
|                      Clock Signal                      |                                                                             Enable Signal                                                                             |                                                                  Set/Reset Signal                                                                 | Slice Load Count | Bel Load Count |
+--------------------------------------------------------+-----------------------------------------------------------------------------------------------------------------------------------------------------------------------+---------------------------------------------------------------------------------------------------------------------------------------------------+------------------+----------------+
|  lab2_simple_arm_i/processing_system7_0/inst/FCLK_CLK0 | lab2_simple_arm_i/ps7_0_axi_periph/s00_couplers/auto_pc/inst/gen_axilite.gen_b2s_conv.axilite_b2s/WR.b_channel_0/bid_fifo_0/bresp_push                                |                                                                                                                                                   |                1 |              4 |
|  lab2_simple_arm_i/processing_system7_0/inst/FCLK_CLK0 | lab2_simple_arm_i/ps7_0_axi_periph/s00_couplers/auto_pc/inst/gen_axilite.gen_b2s_conv.axilite_b2s/WR.aw_channel_0/aw_cmd_fsm_0/axaddr_wrap_reg[11][0]                 | lab2_simple_arm_i/ps7_0_axi_periph/s00_couplers/auto_pc/inst/gen_axilite.gen_b2s_conv.axilite_b2s/WR.aw_channel_0/aw_cmd_fsm_0/axlen_cnt_reg[7]_1 |                2 |              8 |
|  lab2_simple_arm_i/processing_system7_0/inst/FCLK_CLK0 |                                                                                                                                                                       | lab2_simple_arm_i/btns_5bit/U0/AXI_LITE_IPIF_I/I_SLAVE_ATTACHMENT/clear                                                                           |                1 |              8 |
|  lab2_simple_arm_i/processing_system7_0/inst/FCLK_CLK0 |                                                                                                                                                                       | lab2_simple_arm_i/sw_8bit/U0/AXI_LITE_IPIF_I/I_SLAVE_ATTACHMENT/clear                                                                             |                1 |              8 |
|  lab2_simple_arm_i/processing_system7_0/inst/FCLK_CLK0 | lab2_simple_arm_i/ps7_0_axi_periph/s00_couplers/auto_pc/inst/gen_axilite.gen_b2s_conv.axilite_b2s/RD.ar_channel_0/ar_cmd_fsm_0/E[0]                                   | lab2_simple_arm_i/ps7_0_axi_periph/s00_couplers/auto_pc/inst/gen_axilite.gen_b2s_conv.axilite_b2s/RD.ar_channel_0/ar_cmd_fsm_0/axlen_cnt_reg[7]   |                1 |              8 |
|  lab2_simple_arm_i/processing_system7_0/inst/FCLK_CLK0 |                                                                                                                                                                       | lab2_simple_arm_i/ps7_0_axi_periph/s00_couplers/auto_pc/inst/gen_axilite.gen_b2s_conv.axilite_b2s/SI_REG/ar.ar_pipe/m_valid_i_reg_0               |                2 |              8 |
|  lab2_simple_arm_i/processing_system7_0/inst/FCLK_CLK0 |                                                                                                                                                                       | lab2_simple_arm_i/ps7_0_axi_periph/s00_couplers/auto_pc/inst/gen_axilite.gen_b2s_conv.axilite_b2s/SI_REG/aw.aw_pipe/s_ready_i_reg_0               |                2 |              8 |
|  lab2_simple_arm_i/processing_system7_0/inst/FCLK_CLK0 | lab2_simple_arm_i/btns_5bit/U0/AXI_LITE_IPIF_I/I_SLAVE_ATTACHMENT/bus2ip_addr_i[8]_i_1_n_0                                                                            | lab2_simple_arm_i/btns_5bit/U0/AXI_LITE_IPIF_I/I_SLAVE_ATTACHMENT/SR[0]                                                                           |                1 |              8 |
|  lab2_simple_arm_i/processing_system7_0/inst/FCLK_CLK0 | lab2_simple_arm_i/btns_5bit/U0/AXI_LITE_IPIF_I/I_SLAVE_ATTACHMENT/start2                                                                                              | lab2_simple_arm_i/btns_5bit/U0/AXI_LITE_IPIF_I/I_SLAVE_ATTACHMENT/I_DECODER/cs_ce_clr                                                             |                1 |              8 |
|  lab2_simple_arm_i/processing_system7_0/inst/FCLK_CLK0 | lab2_simple_arm_i/sw_8bit/U0/AXI_LITE_IPIF_I/I_SLAVE_ATTACHMENT/start2                                                                                                | lab2_simple_arm_i/sw_8bit/U0/AXI_LITE_IPIF_I/I_SLAVE_ATTACHMENT/I_DECODER/cs_ce_clr                                                               |                1 |              8 |
|  lab2_simple_arm_i/processing_system7_0/inst/FCLK_CLK0 | lab2_simple_arm_i/sw_8bit/U0/AXI_LITE_IPIF_I/I_SLAVE_ATTACHMENT/bus2ip_addr_i[8]_i_1_n_0                                                                              | lab2_simple_arm_i/sw_8bit/U0/AXI_LITE_IPIF_I/I_SLAVE_ATTACHMENT/SR[0]                                                                             |                1 |              8 |
|  lab2_simple_arm_i/processing_system7_0/inst/FCLK_CLK0 |                                                                                                                                                                       | lab2_simple_arm_i/rst_ps7_0_100M/U0/EXT_LPF/lpf_int                                                                                               |                2 |             10 |
|  lab2_simple_arm_i/processing_system7_0/inst/FCLK_CLK0 |                                                                                                                                                                       | lab2_simple_arm_i/btns_5bit/U0/AXI_LITE_IPIF_I/I_SLAVE_ATTACHMENT/I_DECODER/Not_Dual.ALLIN1_ND.READ_REG_GEN[0].reg1_reg[27]                       |                2 |             10 |
|  lab2_simple_arm_i/processing_system7_0/inst/FCLK_CLK0 | lab2_simple_arm_i/btns_5bit/U0/AXI_LITE_IPIF_I/I_SLAVE_ATTACHMENT/I_DECODER/Not_Dual.gpio_OE_reg[0][0]                                                                | lab2_simple_arm_i/btns_5bit/U0/AXI_LITE_IPIF_I/I_SLAVE_ATTACHMENT/SR[0]                                                                           |                1 |             10 |
|  lab2_simple_arm_i/processing_system7_0/inst/FCLK_CLK0 | lab2_simple_arm_i/btns_5bit/U0/AXI_LITE_IPIF_I/I_SLAVE_ATTACHMENT/s_axi_rresp_i                                                                                       | lab2_simple_arm_i/btns_5bit/U0/AXI_LITE_IPIF_I/I_SLAVE_ATTACHMENT/SR[0]                                                                           |                1 |             12 |
|  lab2_simple_arm_i/processing_system7_0/inst/FCLK_CLK0 | lab2_simple_arm_i/rst_ps7_0_100M/U0/SEQ/seq_cnt_en                                                                                                                    | lab2_simple_arm_i/rst_ps7_0_100M/U0/SEQ/SEQ_COUNTER/clear                                                                                         |                1 |             12 |
|  lab2_simple_arm_i/processing_system7_0/inst/FCLK_CLK0 | lab2_simple_arm_i/led_ip_0/inst/led_ip_v1_0_S_AXI_inst/slv_reg0[7]_i_1_n_0                                                                                            | lab2_simple_arm_i/led_ip_0/inst/led_ip_v1_0_S_AXI_inst/U1/SR[0]                                                                                   |                2 |             16 |
|  lab2_simple_arm_i/processing_system7_0/inst/FCLK_CLK0 | lab2_simple_arm_i/led_ip_0/inst/led_ip_v1_0_S_AXI_inst/slv_reg0[23]_i_1_n_0                                                                                           | lab2_simple_arm_i/led_ip_0/inst/led_ip_v1_0_S_AXI_inst/U1/SR[0]                                                                                   |                1 |             16 |
|  lab2_simple_arm_i/processing_system7_0/inst/FCLK_CLK0 | lab2_simple_arm_i/led_ip_0/inst/led_ip_v1_0_S_AXI_inst/slv_reg0[15]_i_1_n_0                                                                                           | lab2_simple_arm_i/led_ip_0/inst/led_ip_v1_0_S_AXI_inst/U1/SR[0]                                                                                   |                1 |             16 |
|  lab2_simple_arm_i/processing_system7_0/inst/FCLK_CLK0 | lab2_simple_arm_i/ps7_0_axi_periph/s00_couplers/auto_pc/inst/gen_axilite.gen_b2s_conv.axilite_b2s/WR.b_channel_0/mhandshake_r                                         | lab2_simple_arm_i/ps7_0_axi_periph/s00_couplers/auto_pc/inst/gen_axilite.gen_b2s_conv.axilite_b2s/WR.b_channel_0/bid_fifo_0/SR[0]                 |                3 |             16 |
|  lab2_simple_arm_i/processing_system7_0/inst/FCLK_CLK0 | lab2_simple_arm_i/led_ip_0/inst/led_ip_v1_0_S_AXI_inst/slv_reg2[7]_i_1_n_0                                                                                            | lab2_simple_arm_i/led_ip_0/inst/led_ip_v1_0_S_AXI_inst/U1/SR[0]                                                                                   |                1 |             16 |
|  lab2_simple_arm_i/processing_system7_0/inst/FCLK_CLK0 | lab2_simple_arm_i/led_ip_0/inst/led_ip_v1_0_S_AXI_inst/p_1_in[15]                                                                                                     | lab2_simple_arm_i/led_ip_0/inst/led_ip_v1_0_S_AXI_inst/U1/SR[0]                                                                                   |                1 |             16 |
|  lab2_simple_arm_i/processing_system7_0/inst/FCLK_CLK0 | lab2_simple_arm_i/led_ip_0/inst/led_ip_v1_0_S_AXI_inst/p_1_in[7]                                                                                                      | lab2_simple_arm_i/led_ip_0/inst/led_ip_v1_0_S_AXI_inst/U1/SR[0]                                                                                   |                1 |             16 |
|  lab2_simple_arm_i/processing_system7_0/inst/FCLK_CLK0 | lab2_simple_arm_i/led_ip_0/inst/led_ip_v1_0_S_AXI_inst/p_1_in[23]                                                                                                     | lab2_simple_arm_i/led_ip_0/inst/led_ip_v1_0_S_AXI_inst/U1/SR[0]                                                                                   |                1 |             16 |
|  lab2_simple_arm_i/processing_system7_0/inst/FCLK_CLK0 | lab2_simple_arm_i/led_ip_0/inst/led_ip_v1_0_S_AXI_inst/p_1_in[31]                                                                                                     | lab2_simple_arm_i/led_ip_0/inst/led_ip_v1_0_S_AXI_inst/U1/SR[0]                                                                                   |                1 |             16 |
|  lab2_simple_arm_i/processing_system7_0/inst/FCLK_CLK0 | lab2_simple_arm_i/led_ip_0/inst/led_ip_v1_0_S_AXI_inst/slv_reg2[31]_i_1_n_0                                                                                           | lab2_simple_arm_i/led_ip_0/inst/led_ip_v1_0_S_AXI_inst/U1/SR[0]                                                                                   |                1 |             16 |
|  lab2_simple_arm_i/processing_system7_0/inst/FCLK_CLK0 | lab2_simple_arm_i/led_ip_0/inst/led_ip_v1_0_S_AXI_inst/slv_reg2[23]_i_1_n_0                                                                                           | lab2_simple_arm_i/led_ip_0/inst/led_ip_v1_0_S_AXI_inst/U1/SR[0]                                                                                   |                1 |             16 |
|  lab2_simple_arm_i/processing_system7_0/inst/FCLK_CLK0 | lab2_simple_arm_i/led_ip_0/inst/led_ip_v1_0_S_AXI_inst/U1/LED[7]_i_2_n_0                                                                                              | lab2_simple_arm_i/led_ip_0/inst/led_ip_v1_0_S_AXI_inst/U1/SR[0]                                                                                   |                2 |             16 |
|  lab2_simple_arm_i/processing_system7_0/inst/FCLK_CLK0 | lab2_simple_arm_i/led_ip_0/inst/led_ip_v1_0_S_AXI_inst/slv_reg0[31]_i_1_n_0                                                                                           | lab2_simple_arm_i/led_ip_0/inst/led_ip_v1_0_S_AXI_inst/U1/SR[0]                                                                                   |                1 |             16 |
|  lab2_simple_arm_i/processing_system7_0/inst/FCLK_CLK0 | lab2_simple_arm_i/led_ip_0/inst/led_ip_v1_0_S_AXI_inst/slv_reg2[15]_i_1_n_0                                                                                           | lab2_simple_arm_i/led_ip_0/inst/led_ip_v1_0_S_AXI_inst/U1/SR[0]                                                                                   |                1 |             16 |
|  lab2_simple_arm_i/processing_system7_0/inst/FCLK_CLK0 | lab2_simple_arm_i/led_ip_0/inst/led_ip_v1_0_S_AXI_inst/slv_reg1[7]_i_1_n_0                                                                                            | lab2_simple_arm_i/led_ip_0/inst/led_ip_v1_0_S_AXI_inst/U1/SR[0]                                                                                   |                2 |             16 |
|  lab2_simple_arm_i/processing_system7_0/inst/FCLK_CLK0 | lab2_simple_arm_i/led_ip_0/inst/led_ip_v1_0_S_AXI_inst/slv_reg1[31]_i_1_n_0                                                                                           | lab2_simple_arm_i/led_ip_0/inst/led_ip_v1_0_S_AXI_inst/U1/SR[0]                                                                                   |                3 |             16 |
|  lab2_simple_arm_i/processing_system7_0/inst/FCLK_CLK0 |                                                                                                                                                                       | lab2_simple_arm_i/sw_8bit/U0/AXI_LITE_IPIF_I/I_SLAVE_ATTACHMENT/I_DECODER/Not_Dual.ALLIN1_ND.READ_REG_GEN[0].reg1_reg[24]                         |                2 |             16 |
|  lab2_simple_arm_i/processing_system7_0/inst/FCLK_CLK0 | lab2_simple_arm_i/led_ip_0/inst/led_ip_v1_0_S_AXI_inst/slv_reg1[15]_i_1_n_0                                                                                           | lab2_simple_arm_i/led_ip_0/inst/led_ip_v1_0_S_AXI_inst/U1/SR[0]                                                                                   |                1 |             16 |
|  lab2_simple_arm_i/processing_system7_0/inst/FCLK_CLK0 | lab2_simple_arm_i/led_ip_0/inst/led_ip_v1_0_S_AXI_inst/slv_reg1[23]_i_1_n_0                                                                                           | lab2_simple_arm_i/led_ip_0/inst/led_ip_v1_0_S_AXI_inst/U1/SR[0]                                                                                   |                1 |             16 |
|  lab2_simple_arm_i/processing_system7_0/inst/FCLK_CLK0 | lab2_simple_arm_i/sw_8bit/U0/AXI_LITE_IPIF_I/I_SLAVE_ATTACHMENT/I_DECODER/Not_Dual.gpio_OE_reg[0][0]                                                                  | lab2_simple_arm_i/sw_8bit/U0/AXI_LITE_IPIF_I/I_SLAVE_ATTACHMENT/SR[0]                                                                             |                3 |             16 |
|  lab2_simple_arm_i/processing_system7_0/inst/FCLK_CLK0 |                                                                                                                                                                       | lab2_simple_arm_i/led_ip_0/inst/led_ip_v1_0_S_AXI_inst/U1/SR[0]                                                                                   |                4 |             18 |
|  lab2_simple_arm_i/processing_system7_0/inst/FCLK_CLK0 | lab2_simple_arm_i/sw_8bit/U0/AXI_LITE_IPIF_I/I_SLAVE_ATTACHMENT/s_axi_rresp_i                                                                                         | lab2_simple_arm_i/sw_8bit/U0/AXI_LITE_IPIF_I/I_SLAVE_ATTACHMENT/SR[0]                                                                             |                3 |             18 |
|  lab2_simple_arm_i/processing_system7_0/inst/FCLK_CLK0 | lab2_simple_arm_i/ps7_0_axi_periph/s00_couplers/auto_pc/inst/gen_axilite.gen_b2s_conv.axilite_b2s/RD.ar_channel_0/ar_cmd_fsm_0/wrap_boundary_axaddr_r_reg[11][0]      |                                                                                                                                                   |                6 |             24 |
|  lab2_simple_arm_i/processing_system7_0/inst/FCLK_CLK0 | lab2_simple_arm_i/ps7_0_axi_periph/s00_couplers/auto_pc/inst/gen_axilite.gen_b2s_conv.axilite_b2s/RD.ar_channel_0/ar_cmd_fsm_0/axaddr_incr_reg[0][0]                  |                                                                                                                                                   |                2 |             24 |
|  lab2_simple_arm_i/processing_system7_0/inst/FCLK_CLK0 | lab2_simple_arm_i/ps7_0_axi_periph/s00_couplers/auto_pc/inst/gen_axilite.gen_b2s_conv.axilite_b2s/WR.aw_channel_0/aw_cmd_fsm_0/E[0]                                   |                                                                                                                                                   |                5 |             24 |
|  lab2_simple_arm_i/processing_system7_0/inst/FCLK_CLK0 | lab2_simple_arm_i/ps7_0_axi_periph/s00_couplers/auto_pc/inst/gen_axilite.gen_b2s_conv.axilite_b2s/WR.aw_channel_0/cmd_translator_0/incr_cmd_0/axaddr_incr[11]_i_1_n_0 |                                                                                                                                                   |                2 |             24 |
|  lab2_simple_arm_i/processing_system7_0/inst/FCLK_CLK0 | lab2_simple_arm_i/ps7_0_axi_periph/s00_couplers/auto_pc/inst/gen_axilite.gen_b2s_conv.axilite_b2s/RD.r_channel_0/r_push_r                                             |                                                                                                                                                   |                4 |             26 |
|  lab2_simple_arm_i/processing_system7_0/inst/FCLK_CLK0 |                                                                                                                                                                       | lab2_simple_arm_i/ps7_0_axi_periph/xbar/inst/gen_sasd.crossbar_sasd_0/addr_arbiter_inst/SR[0]                                                     |                5 |             26 |
|  lab2_simple_arm_i/processing_system7_0/inst/FCLK_CLK0 | lab2_simple_arm_i/ps7_0_axi_periph/s00_couplers/auto_pc/inst/gen_axilite.gen_b2s_conv.axilite_b2s/SI_REG/b.b_pipe/skid_buffer_reg[0]_0                                |                                                                                                                                                   |                4 |             28 |
|  lab2_simple_arm_i/processing_system7_0/inst/FCLK_CLK0 | lab2_simple_arm_i/ps7_0_axi_periph/s00_couplers/auto_pc/inst/gen_axilite.gen_b2s_conv.axilite_b2s/SI_REG/b.b_pipe/p_1_in                                              |                                                                                                                                                   |                2 |             28 |
|  lab2_simple_arm_i/processing_system7_0/inst/FCLK_CLK0 | lab2_simple_arm_i/ps7_0_axi_periph/xbar/inst/gen_sasd.crossbar_sasd_0/reg_slice_r/aa_rready                                                                           |                                                                                                                                                   |                7 |             30 |
|  lab2_simple_arm_i/processing_system7_0/inst/FCLK_CLK0 | lab2_simple_arm_i/ps7_0_axi_periph/s00_couplers/auto_pc/inst/gen_axilite.gen_b2s_conv.axilite_b2s/WR.aw_channel_0/aw_cmd_fsm_0/b_push                                 |                                                                                                                                                   |                3 |             32 |
|  lab2_simple_arm_i/processing_system7_0/inst/FCLK_CLK0 | lab2_simple_arm_i/ps7_0_axi_periph/xbar/inst/gen_sasd.crossbar_sasd_0/addr_arbiter_inst/p_0_in1_in                                                                    | lab2_simple_arm_i/ps7_0_axi_periph/xbar/inst/gen_sasd.crossbar_sasd_0/addr_arbiter_inst/SR[0]                                                     |                9 |             38 |
|  lab2_simple_arm_i/processing_system7_0/inst/FCLK_CLK0 | lab2_simple_arm_i/ps7_0_axi_periph/s00_couplers/auto_pc/inst/gen_axilite.gen_b2s_conv.axilite_b2s/WR.aw_channel_0/aw_cmd_fsm_0/axaddr_wrap_reg[11][0]                 |                                                                                                                                                   |                8 |             40 |
|  lab2_simple_arm_i/processing_system7_0/inst/FCLK_CLK0 | lab2_simple_arm_i/ps7_0_axi_periph/s00_couplers/auto_pc/inst/gen_axilite.gen_b2s_conv.axilite_b2s/RD.ar_channel_0/ar_cmd_fsm_0/E[0]                                   |                                                                                                                                                   |                7 |             40 |
|  lab2_simple_arm_i/processing_system7_0/inst/FCLK_CLK0 |                                                                                                                                                                       | lab2_simple_arm_i/btns_5bit/U0/AXI_LITE_IPIF_I/I_SLAVE_ATTACHMENT/SR[0]                                                                           |                6 |             42 |
|  lab2_simple_arm_i/processing_system7_0/inst/FCLK_CLK0 |                                                                                                                                                                       | lab2_simple_arm_i/sw_8bit/U0/AXI_LITE_IPIF_I/I_SLAVE_ATTACHMENT/SR[0]                                                                             |                7 |             48 |
|  lab2_simple_arm_i/processing_system7_0/inst/FCLK_CLK0 | lab2_simple_arm_i/led_ip_0/inst/led_ip_v1_0_S_AXI_inst/slv_reg_rden__0                                                                                                | lab2_simple_arm_i/led_ip_0/inst/led_ip_v1_0_S_AXI_inst/U1/SR[0]                                                                                   |               11 |             64 |
|  lab2_simple_arm_i/processing_system7_0/inst/FCLK_CLK0 | lab2_simple_arm_i/ps7_0_axi_periph/s00_couplers/auto_pc/inst/gen_axilite.gen_b2s_conv.axilite_b2s/RD.r_channel_0/rd_data_fifo_0/wr_en0                                |                                                                                                                                                   |                9 |             68 |
|  lab2_simple_arm_i/processing_system7_0/inst/FCLK_CLK0 | lab2_simple_arm_i/ps7_0_axi_periph/xbar/inst/gen_sasd.crossbar_sasd_0/addr_arbiter_inst/E[0]                                                                          |                                                                                                                                                   |                7 |             70 |
|  lab2_simple_arm_i/processing_system7_0/inst/FCLK_CLK0 | lab2_simple_arm_i/ps7_0_axi_periph/s00_couplers/auto_pc/inst/gen_axilite.gen_b2s_conv.axilite_b2s/SI_REG/r.r_pipe/p_1_in                                              |                                                                                                                                                   |                8 |             94 |
|  lab2_simple_arm_i/processing_system7_0/inst/FCLK_CLK0 | lab2_simple_arm_i/ps7_0_axi_periph/s00_couplers/auto_pc/inst/gen_axilite.gen_b2s_conv.axilite_b2s/SI_REG/r.r_pipe/skid_buffer_reg[0]_0                                |                                                                                                                                                   |                8 |             94 |
|  lab2_simple_arm_i/processing_system7_0/inst/FCLK_CLK0 | lab2_simple_arm_i/ps7_0_axi_periph/s00_couplers/auto_pc/inst/gen_axilite.gen_b2s_conv.axilite_b2s/SI_REG/aw.aw_pipe/s_axi_awready                                     |                                                                                                                                                   |               12 |             96 |
|  lab2_simple_arm_i/processing_system7_0/inst/FCLK_CLK0 | lab2_simple_arm_i/ps7_0_axi_periph/s00_couplers/auto_pc/inst/gen_axilite.gen_b2s_conv.axilite_b2s/SI_REG/ar.ar_pipe/s_axi_arready                                     |                                                                                                                                                   |               12 |             96 |
|  lab2_simple_arm_i/processing_system7_0/inst/FCLK_CLK0 | lab2_simple_arm_i/ps7_0_axi_periph/s00_couplers/auto_pc/inst/gen_axilite.gen_b2s_conv.axilite_b2s/RD.ar_channel_0/ar_cmd_fsm_0/m_payload_i_reg[0]_1[0]                |                                                                                                                                                   |               10 |             96 |
|  lab2_simple_arm_i/processing_system7_0/inst/FCLK_CLK0 | lab2_simple_arm_i/ps7_0_axi_periph/s00_couplers/auto_pc/inst/gen_axilite.gen_b2s_conv.axilite_b2s/WR.aw_channel_0/aw_cmd_fsm_0/m_payload_i_reg[0][0]                  |                                                                                                                                                   |               10 |             96 |
|  lab2_simple_arm_i/processing_system7_0/inst/FCLK_CLK0 |                                                                                                                                                                       | lab2_simple_arm_i/ps7_0_axi_periph/s00_couplers/auto_pc/inst/gen_axilite.gen_b2s_conv.axilite_b2s/areset_d1                                       |               14 |            120 |
|  lab2_simple_arm_i/processing_system7_0/inst/FCLK_CLK0 |                                                                                                                                                                       |                                                                                                                                                   |               71 |            434 |
+--------------------------------------------------------+-----------------------------------------------------------------------------------------------------------------------------------------------------------------------+---------------------------------------------------------------------------------------------------------------------------------------------------+------------------+----------------+


