
*** Running vivado
    with args -log lab2_simple_arm_axi_gpio_0_1.vds -m64 -product Vivado -mode batch -messageDb vivado.pb -notrace -source lab2_simple_arm_axi_gpio_0_1.tcl


****** Vivado v2016.4 (64-bit)
  **** SW Build 1756540 on Mon Jan 23 19:11:19 MST 2017
  **** IP Build 1755317 on Mon Jan 23 20:30:07 MST 2017
    ** Copyright 1986-2016 Xilinx, Inc. All Rights Reserved.

source lab2_simple_arm_axi_gpio_0_1.tcl -notrace
Starting RTL Elaboration : Time (s): cpu = 00:00:15 ; elapsed = 00:00:15 . Memory (MB): peak = 1104.008 ; gain = 177.082 ; free physical = 1293 ; free virtual = 5138
INFO: [Synth 8-638] synthesizing module 'lab2_simple_arm_axi_gpio_0_1' [/home/inf2013/nxiromeritis/embedded/ce435_2/lab2_simple_arm/lab2_simple_arm.srcs/sources_1/bd/lab2_simple_arm/ip/lab2_simple_arm_axi_gpio_0_1/synth/lab2_simple_arm_axi_gpio_0_1.vhd:84]
INFO: [Synth 8-638] synthesizing module 'axi_gpio' [/home/inf2013/nxiromeritis/embedded/ce435_2/lab2_simple_arm/lab2_simple_arm.srcs/sources_1/bd/lab2_simple_arm/ipshared/4f16/hdl/axi_gpio_v2_0_vh_rfs.vhd:1091]
INFO: [Synth 8-638] synthesizing module 'axi_lite_ipif' [/home/inf2013/nxiromeritis/embedded/ce435_2/lab2_simple_arm/lab2_simple_arm.srcs/sources_1/bd/lab2_simple_arm/ipshared/0ba0/hdl/axi_lite_ipif_v3_0_vh_rfs.vhd:2948]
INFO: [Synth 8-638] synthesizing module 'slave_attachment' [/home/inf2013/nxiromeritis/embedded/ce435_2/lab2_simple_arm/lab2_simple_arm.srcs/sources_1/bd/lab2_simple_arm/ipshared/0ba0/hdl/axi_lite_ipif_v3_0_vh_rfs.vhd:2341]
INFO: [Synth 8-638] synthesizing module 'address_decoder' [/home/inf2013/nxiromeritis/embedded/ce435_2/lab2_simple_arm/lab2_simple_arm.srcs/sources_1/bd/lab2_simple_arm/ipshared/0ba0/hdl/axi_lite_ipif_v3_0_vh_rfs.vhd:1775]
INFO: [Synth 8-638] synthesizing module 'pselect_f' [/home/inf2013/nxiromeritis/embedded/ce435_2/lab2_simple_arm/lab2_simple_arm.srcs/sources_1/bd/lab2_simple_arm/ipshared/0ba0/hdl/axi_lite_ipif_v3_0_vh_rfs.vhd:1534]
INFO: [Synth 8-256] done synthesizing module 'pselect_f' (1#1) [/home/inf2013/nxiromeritis/embedded/ce435_2/lab2_simple_arm/lab2_simple_arm.srcs/sources_1/bd/lab2_simple_arm/ipshared/0ba0/hdl/axi_lite_ipif_v3_0_vh_rfs.vhd:1534]
INFO: [Synth 8-638] synthesizing module 'pselect_f__parameterized0' [/home/inf2013/nxiromeritis/embedded/ce435_2/lab2_simple_arm/lab2_simple_arm.srcs/sources_1/bd/lab2_simple_arm/ipshared/0ba0/hdl/axi_lite_ipif_v3_0_vh_rfs.vhd:1534]
INFO: [Synth 8-256] done synthesizing module 'pselect_f__parameterized0' (1#1) [/home/inf2013/nxiromeritis/embedded/ce435_2/lab2_simple_arm/lab2_simple_arm.srcs/sources_1/bd/lab2_simple_arm/ipshared/0ba0/hdl/axi_lite_ipif_v3_0_vh_rfs.vhd:1534]
INFO: [Synth 8-638] synthesizing module 'pselect_f__parameterized1' [/home/inf2013/nxiromeritis/embedded/ce435_2/lab2_simple_arm/lab2_simple_arm.srcs/sources_1/bd/lab2_simple_arm/ipshared/0ba0/hdl/axi_lite_ipif_v3_0_vh_rfs.vhd:1534]
INFO: [Synth 8-256] done synthesizing module 'pselect_f__parameterized1' (1#1) [/home/inf2013/nxiromeritis/embedded/ce435_2/lab2_simple_arm/lab2_simple_arm.srcs/sources_1/bd/lab2_simple_arm/ipshared/0ba0/hdl/axi_lite_ipif_v3_0_vh_rfs.vhd:1534]
INFO: [Synth 8-638] synthesizing module 'pselect_f__parameterized2' [/home/inf2013/nxiromeritis/embedded/ce435_2/lab2_simple_arm/lab2_simple_arm.srcs/sources_1/bd/lab2_simple_arm/ipshared/0ba0/hdl/axi_lite_ipif_v3_0_vh_rfs.vhd:1534]
INFO: [Synth 8-256] done synthesizing module 'pselect_f__parameterized2' (1#1) [/home/inf2013/nxiromeritis/embedded/ce435_2/lab2_simple_arm/lab2_simple_arm.srcs/sources_1/bd/lab2_simple_arm/ipshared/0ba0/hdl/axi_lite_ipif_v3_0_vh_rfs.vhd:1534]
INFO: [Synth 8-256] done synthesizing module 'address_decoder' (2#1) [/home/inf2013/nxiromeritis/embedded/ce435_2/lab2_simple_arm/lab2_simple_arm.srcs/sources_1/bd/lab2_simple_arm/ipshared/0ba0/hdl/axi_lite_ipif_v3_0_vh_rfs.vhd:1775]
INFO: [Synth 8-256] done synthesizing module 'slave_attachment' (3#1) [/home/inf2013/nxiromeritis/embedded/ce435_2/lab2_simple_arm/lab2_simple_arm.srcs/sources_1/bd/lab2_simple_arm/ipshared/0ba0/hdl/axi_lite_ipif_v3_0_vh_rfs.vhd:2341]
INFO: [Synth 8-256] done synthesizing module 'axi_lite_ipif' (4#1) [/home/inf2013/nxiromeritis/embedded/ce435_2/lab2_simple_arm/lab2_simple_arm.srcs/sources_1/bd/lab2_simple_arm/ipshared/0ba0/hdl/axi_lite_ipif_v3_0_vh_rfs.vhd:2948]
INFO: [Synth 8-638] synthesizing module 'GPIO_Core' [/home/inf2013/nxiromeritis/embedded/ce435_2/lab2_simple_arm/lab2_simple_arm.srcs/sources_1/bd/lab2_simple_arm/ipshared/4f16/hdl/axi_gpio_v2_0_vh_rfs.vhd:173]
INFO: [Synth 8-638] synthesizing module 'cdc_sync' [/home/inf2013/nxiromeritis/embedded/ce435_2/lab2_simple_arm/lab2_simple_arm.srcs/sources_1/bd/lab2_simple_arm/ipshared/52cb/hdl/lib_cdc_v1_0_rfs.vhd:106]
INFO: [Synth 8-256] done synthesizing module 'cdc_sync' (5#1) [/home/inf2013/nxiromeritis/embedded/ce435_2/lab2_simple_arm/lab2_simple_arm.srcs/sources_1/bd/lab2_simple_arm/ipshared/52cb/hdl/lib_cdc_v1_0_rfs.vhd:106]
INFO: [Synth 8-256] done synthesizing module 'GPIO_Core' (6#1) [/home/inf2013/nxiromeritis/embedded/ce435_2/lab2_simple_arm/lab2_simple_arm.srcs/sources_1/bd/lab2_simple_arm/ipshared/4f16/hdl/axi_gpio_v2_0_vh_rfs.vhd:173]
INFO: [Synth 8-256] done synthesizing module 'axi_gpio' (7#1) [/home/inf2013/nxiromeritis/embedded/ce435_2/lab2_simple_arm/lab2_simple_arm.srcs/sources_1/bd/lab2_simple_arm/ipshared/4f16/hdl/axi_gpio_v2_0_vh_rfs.vhd:1091]
INFO: [Synth 8-256] done synthesizing module 'lab2_simple_arm_axi_gpio_0_1' (8#1) [/home/inf2013/nxiromeritis/embedded/ce435_2/lab2_simple_arm/lab2_simple_arm.srcs/sources_1/bd/lab2_simple_arm/ip/lab2_simple_arm_axi_gpio_0_1/synth/lab2_simple_arm_axi_gpio_0_1.vhd:84]
Finished RTL Elaboration : Time (s): cpu = 00:00:16 ; elapsed = 00:00:17 . Memory (MB): peak = 1146.484 ; gain = 219.559 ; free physical = 1248 ; free virtual = 5095
Finished RTL Optimization Phase 1 : Time (s): cpu = 00:00:17 ; elapsed = 00:00:17 . Memory (MB): peak = 1146.484 ; gain = 219.559 ; free physical = 1248 ; free virtual = 5095
INFO: [Device 21-403] Loading part xc7z020clg484-1
Constraint Validation Runtime : Time (s): cpu = 00:00:00.04 ; elapsed = 00:00:00.04 . Memory (MB): peak = 1490.352 ; gain = 0.004 ; free physical = 1007 ; free virtual = 4852
Finished Constraint Validation : Time (s): cpu = 00:00:34 ; elapsed = 00:00:35 . Memory (MB): peak = 1490.352 ; gain = 563.426 ; free physical = 1561 ; free virtual = 5428
Finished Loading Part and Timing Information : Time (s): cpu = 00:00:34 ; elapsed = 00:00:35 . Memory (MB): peak = 1490.352 ; gain = 563.426 ; free physical = 1561 ; free virtual = 5428
Finished applying 'set_property' XDC Constraints : Time (s): cpu = 00:00:34 ; elapsed = 00:00:35 . Memory (MB): peak = 1490.352 ; gain = 563.426 ; free physical = 1561 ; free virtual = 5428
Finished RTL Optimization Phase 2 : Time (s): cpu = 00:00:34 ; elapsed = 00:00:36 . Memory (MB): peak = 1490.352 ; gain = 563.426 ; free physical = 1554 ; free virtual = 5421
Finished Cross Boundary and Area Optimization : Time (s): cpu = 00:00:35 ; elapsed = 00:00:36 . Memory (MB): peak = 1490.355 ; gain = 563.430 ; free physical = 1530 ; free virtual = 5397
Finished Applying XDC Timing Constraints : Time (s): cpu = 00:00:48 ; elapsed = 00:00:50 . Memory (MB): peak = 1490.355 ; gain = 563.430 ; free physical = 1526 ; free virtual = 5371
Finished Timing Optimization : Time (s): cpu = 00:00:48 ; elapsed = 00:00:50 . Memory (MB): peak = 1490.355 ; gain = 563.430 ; free physical = 1517 ; free virtual = 5362
Finished Technology Mapping : Time (s): cpu = 00:00:48 ; elapsed = 00:00:50 . Memory (MB): peak = 1490.355 ; gain = 563.430 ; free physical = 1508 ; free virtual = 5353
Finished IO Insertion : Time (s): cpu = 00:00:49 ; elapsed = 00:00:51 . Memory (MB): peak = 1490.355 ; gain = 563.430 ; free physical = 1515 ; free virtual = 5360
Finished Renaming Generated Instances : Time (s): cpu = 00:00:49 ; elapsed = 00:00:51 . Memory (MB): peak = 1490.355 ; gain = 563.430 ; free physical = 1515 ; free virtual = 5360
Finished Rebuilding User Hierarchy : Time (s): cpu = 00:00:49 ; elapsed = 00:00:51 . Memory (MB): peak = 1490.355 ; gain = 563.430 ; free physical = 1516 ; free virtual = 5361
Finished Renaming Generated Ports : Time (s): cpu = 00:00:49 ; elapsed = 00:00:51 . Memory (MB): peak = 1490.355 ; gain = 563.430 ; free physical = 1516 ; free virtual = 5361
Finished Handling Custom Attributes : Time (s): cpu = 00:00:49 ; elapsed = 00:00:51 . Memory (MB): peak = 1490.355 ; gain = 563.430 ; free physical = 1515 ; free virtual = 5360
Finished Renaming Generated Nets : Time (s): cpu = 00:00:49 ; elapsed = 00:00:51 . Memory (MB): peak = 1490.355 ; gain = 563.430 ; free physical = 1515 ; free virtual = 5360

Report Cell Usage: 
+------+-----+------+
|      |Cell |Count |
+------+-----+------+
|1     |LUT1 |     2|
|2     |LUT2 |     5|
|3     |LUT3 |     4|
|4     |LUT4 |     8|
|5     |LUT5 |    11|
|6     |LUT6 |    11|
|7     |FDR  |    20|
|8     |FDRE |    46|
|9     |FDSE |     5|
+------+-----+------+
Finished Writing Synthesis Report : Time (s): cpu = 00:00:49 ; elapsed = 00:00:51 . Memory (MB): peak = 1490.355 ; gain = 563.430 ; free physical = 1515 ; free virtual = 5360
synth_design: Time (s): cpu = 00:00:44 ; elapsed = 00:00:45 . Memory (MB): peak = 1490.355 ; gain = 472.926 ; free physical = 1484 ; free virtual = 5350
