
*** Running vivado
    with args -log lab2_simple_arm_processing_system7_0_0.vds -m64 -product Vivado -mode batch -messageDb vivado.pb -notrace -source lab2_simple_arm_processing_system7_0_0.tcl


****** Vivado v2016.4 (64-bit)
  **** SW Build 1756540 on Mon Jan 23 19:11:19 MST 2017
  **** IP Build 1755317 on Mon Jan 23 20:30:07 MST 2017
    ** Copyright 1986-2016 Xilinx, Inc. All Rights Reserved.

source lab2_simple_arm_processing_system7_0_0.tcl -notrace
Starting RTL Elaboration : Time (s): cpu = 00:00:15 ; elapsed = 00:00:16 . Memory (MB): peak = 1106.004 ; gain = 179.082 ; free physical = 1671 ; free virtual = 5441
INFO: [Synth 8-638] synthesizing module 'lab2_simple_arm_processing_system7_0_0' [/home/inf2013/nxiromeritis/embedded/ce435_2/lab2_simple_arm/lab2_simple_arm.srcs/sources_1/bd/lab2_simple_arm/ip/lab2_simple_arm_processing_system7_0_0/synth/lab2_simple_arm_processing_system7_0_0.v:60]
INFO: [Synth 8-638] synthesizing module 'processing_system7_v5_5_processing_system7' [/home/inf2013/nxiromeritis/embedded/ce435_2/lab2_simple_arm/lab2_simple_arm.srcs/sources_1/bd/lab2_simple_arm/ip/lab2_simple_arm_processing_system7_0_0/hdl/verilog/processing_system7_v5_5_processing_system7.v:161]
INFO: [Synth 8-638] synthesizing module 'BUFG' [/opt/Xilinx/Vivado/2016.4/scripts/rt/data/unisim_comp.v:607]
INFO: [Synth 8-256] done synthesizing module 'BUFG' (1#1) [/opt/Xilinx/Vivado/2016.4/scripts/rt/data/unisim_comp.v:607]
INFO: [Synth 8-638] synthesizing module 'BIBUF' [/opt/Xilinx/Vivado/2016.4/scripts/rt/data/unisim_comp.v:268]
INFO: [Synth 8-256] done synthesizing module 'BIBUF' (2#1) [/opt/Xilinx/Vivado/2016.4/scripts/rt/data/unisim_comp.v:268]
INFO: [Synth 8-638] synthesizing module 'PS7' [/opt/Xilinx/Vivado/2016.4/scripts/rt/data/unisim_comp.v:33182]
INFO: [Synth 8-256] done synthesizing module 'PS7' (3#1) [/opt/Xilinx/Vivado/2016.4/scripts/rt/data/unisim_comp.v:33182]
INFO: [Synth 8-256] done synthesizing module 'processing_system7_v5_5_processing_system7' (4#1) [/home/inf2013/nxiromeritis/embedded/ce435_2/lab2_simple_arm/lab2_simple_arm.srcs/sources_1/bd/lab2_simple_arm/ip/lab2_simple_arm_processing_system7_0_0/hdl/verilog/processing_system7_v5_5_processing_system7.v:161]
INFO: [Synth 8-256] done synthesizing module 'lab2_simple_arm_processing_system7_0_0' (5#1) [/home/inf2013/nxiromeritis/embedded/ce435_2/lab2_simple_arm/lab2_simple_arm.srcs/sources_1/bd/lab2_simple_arm/ip/lab2_simple_arm_processing_system7_0_0/synth/lab2_simple_arm_processing_system7_0_0.v:60]
Finished RTL Elaboration : Time (s): cpu = 00:00:17 ; elapsed = 00:00:18 . Memory (MB): peak = 1146.480 ; gain = 219.559 ; free physical = 1584 ; free virtual = 5355
Finished RTL Optimization Phase 1 : Time (s): cpu = 00:00:17 ; elapsed = 00:00:19 . Memory (MB): peak = 1146.480 ; gain = 219.559 ; free physical = 1579 ; free virtual = 5350
INFO: [Device 21-403] Loading part xc7z020clg484-1
Constraint Validation Runtime : Time (s): cpu = 00:00:00.05 ; elapsed = 00:00:00.05 . Memory (MB): peak = 1417.871 ; gain = 0.004 ; free physical = 999 ; free virtual = 4877
Finished Constraint Validation : Time (s): cpu = 00:00:35 ; elapsed = 00:00:38 . Memory (MB): peak = 1417.871 ; gain = 490.949 ; free physical = 1000 ; free virtual = 4878
Finished Loading Part and Timing Information : Time (s): cpu = 00:00:35 ; elapsed = 00:00:38 . Memory (MB): peak = 1417.871 ; gain = 490.949 ; free physical = 1000 ; free virtual = 4878
Finished applying 'set_property' XDC Constraints : Time (s): cpu = 00:00:35 ; elapsed = 00:00:39 . Memory (MB): peak = 1417.871 ; gain = 490.949 ; free physical = 1000 ; free virtual = 4878
Finished RTL Optimization Phase 2 : Time (s): cpu = 00:00:36 ; elapsed = 00:00:39 . Memory (MB): peak = 1417.871 ; gain = 490.949 ; free physical = 990 ; free virtual = 4876
Finished Cross Boundary and Area Optimization : Time (s): cpu = 00:00:36 ; elapsed = 00:00:40 . Memory (MB): peak = 1425.875 ; gain = 498.953 ; free physical = 981 ; free virtual = 4867
Finished Applying XDC Timing Constraints : Time (s): cpu = 00:00:50 ; elapsed = 00:00:54 . Memory (MB): peak = 1616.875 ; gain = 689.953 ; free physical = 845 ; free virtual = 4670
Finished Timing Optimization : Time (s): cpu = 00:00:50 ; elapsed = 00:00:54 . Memory (MB): peak = 1636.883 ; gain = 709.961 ; free physical = 825 ; free virtual = 4650
Finished Technology Mapping : Time (s): cpu = 00:00:52 ; elapsed = 00:00:56 . Memory (MB): peak = 1644.891 ; gain = 717.969 ; free physical = 791 ; free virtual = 4643
Finished IO Insertion : Time (s): cpu = 00:00:54 ; elapsed = 00:00:58 . Memory (MB): peak = 1644.895 ; gain = 717.973 ; free physical = 1341 ; free virtual = 5212
Finished Renaming Generated Instances : Time (s): cpu = 00:00:54 ; elapsed = 00:00:58 . Memory (MB): peak = 1644.895 ; gain = 717.973 ; free physical = 1340 ; free virtual = 5211
Finished Rebuilding User Hierarchy : Time (s): cpu = 00:00:54 ; elapsed = 00:00:58 . Memory (MB): peak = 1644.895 ; gain = 717.973 ; free physical = 1340 ; free virtual = 5211
Finished Renaming Generated Ports : Time (s): cpu = 00:00:54 ; elapsed = 00:00:58 . Memory (MB): peak = 1644.895 ; gain = 717.973 ; free physical = 1340 ; free virtual = 5211
Finished Handling Custom Attributes : Time (s): cpu = 00:00:54 ; elapsed = 00:00:58 . Memory (MB): peak = 1644.895 ; gain = 717.973 ; free physical = 1373 ; free virtual = 5210
Finished Renaming Generated Nets : Time (s): cpu = 00:00:54 ; elapsed = 00:00:58 . Memory (MB): peak = 1644.895 ; gain = 717.973 ; free physical = 1373 ; free virtual = 5210

Report Cell Usage: 
+------+------+------+
|      |Cell  |Count |
+------+------+------+
|1     |BIBUF |   130|
|2     |BUFG  |     1|
|3     |LUT1  |   112|
|4     |PS7   |     1|
+------+------+------+
Finished Writing Synthesis Report : Time (s): cpu = 00:00:54 ; elapsed = 00:00:58 . Memory (MB): peak = 1644.895 ; gain = 717.973 ; free physical = 1373 ; free virtual = 5210
synth_design: Time (s): cpu = 00:00:51 ; elapsed = 00:00:54 . Memory (MB): peak = 1656.895 ; gain = 636.469 ; free physical = 1340 ; free virtual = 5192
