Copyright 1986-2018 Xilinx, Inc. All Rights Reserved.
----------------------------------------------------------------------------------------------------------------------------------------------------------------------
| Tool Version     : Vivado v.2018.2.2 (lin64) Build 2348494 Mon Oct  1 18:25:39 MDT 2018
| Date             : Fri May 24 15:25:05 2019
| Host             : elsa running 64-bit Antergos Linux
| Command          : report_power -file design_1_wrapper_power_routed.rpt -pb design_1_wrapper_power_summary_routed.pb -rpx design_1_wrapper_power_routed.rpx
| Design           : design_1_wrapper
| Device           : xc7z020clg484-1
| Design State     : routed
| Grade            : commercial
| Process          : typical
| Characterization : Production
----------------------------------------------------------------------------------------------------------------------------------------------------------------------

Power Report

Table of Contents
-----------------
1. Summary
1.1 On-Chip Components
1.2 Power Supply Summary
1.3 Confidence Level
2. Settings
2.1 Environment
2.2 Clock Constraints
3. Detailed Reports
3.1 By Hierarchy

1. Summary
----------

+--------------------------+--------------+
| Total On-Chip Power (W)  | 2.460        |
| Design Power Budget (W)  | Unspecified* |
| Power Budget Margin (W)  | NA           |
| Dynamic (W)              | 2.292        |
| Device Static (W)        | 0.168        |
| Effective TJA (C/W)      | 11.5         |
| Max Ambient (C)          | 56.6         |
| Junction Temperature (C) | 53.4         |
| Confidence Level         | Medium       |
| Setting File             | ---          |
| Simulation Activity File | ---          |
| Design Nets Matched      | NA           |
+--------------------------+--------------+
* Specify Design Power Budget using, set_operating_conditions -design_power_budget <value in Watts>


1.1 On-Chip Components
----------------------

+--------------------------+-----------+----------+-----------+-----------------+
| On-Chip                  | Power (W) | Used     | Available | Utilization (%) |
+--------------------------+-----------+----------+-----------+-----------------+
| Clocks                   |     0.108 |        3 |       --- |             --- |
| Slice Logic              |     0.117 |    26067 |       --- |             --- |
|   LUT as Logic           |     0.102 |     9738 |     53200 |           18.30 |
|   Register               |     0.011 |    12936 |    106400 |           12.16 |
|   LUT as Distributed RAM |     0.002 |      584 |     17400 |            3.36 |
|   CARRY4                 |     0.002 |      284 |     13300 |            2.14 |
|   LUT as Shift Register  |    <0.001 |      293 |     17400 |            1.68 |
|   F7/F8 Muxes            |    <0.001 |        7 |     53200 |            0.01 |
|   Others                 |     0.000 |      647 |       --- |             --- |
| Signals                  |     0.301 |    20920 |       --- |             --- |
| Block RAM                |     0.208 |       17 |       140 |           12.14 |
| DSPs                     |     0.015 |       10 |       220 |            4.55 |
| PS7                      |     1.543 |        1 |       --- |             --- |
| Static Power             |     0.168 |          |           |                 |
| Total                    |     2.460 |          |           |                 |
+--------------------------+-----------+----------+-----------+-----------------+


1.2 Power Supply Summary
------------------------

+-----------+-------------+-----------+-------------+------------+
| Source    | Voltage (V) | Total (A) | Dynamic (A) | Static (A) |
+-----------+-------------+-----------+-------------+------------+
| Vccint    |       1.000 |     0.760 |       0.737 |      0.023 |
| Vccaux    |       1.800 |     0.018 |       0.000 |      0.018 |
| Vcco33    |       3.300 |     0.000 |       0.000 |      0.000 |
| Vcco25    |       2.500 |     0.000 |       0.000 |      0.000 |
| Vcco18    |       1.800 |     0.000 |       0.000 |      0.000 |
| Vcco15    |       1.500 |     0.000 |       0.000 |      0.000 |
| Vcco135   |       1.350 |     0.000 |       0.000 |      0.000 |
| Vcco12    |       1.200 |     0.000 |       0.000 |      0.000 |
| Vccaux_io |       1.800 |     0.000 |       0.000 |      0.000 |
| Vccbram   |       1.000 |     0.015 |       0.012 |      0.003 |
| MGTAVcc   |       1.000 |     0.000 |       0.000 |      0.000 |
| MGTAVtt   |       1.200 |     0.000 |       0.000 |      0.000 |
| MGTVccaux |       1.800 |     0.000 |       0.000 |      0.000 |
| Vccpint   |       1.000 |     0.772 |       0.732 |      0.041 |
| Vccpaux   |       1.800 |     0.061 |       0.051 |      0.010 |
| Vccpll    |       1.800 |     0.017 |       0.014 |      0.003 |
| Vcco_ddr  |       1.500 |     0.459 |       0.457 |      0.002 |
| Vcco_mio0 |       3.300 |     0.003 |       0.002 |      0.001 |
| Vcco_mio1 |       1.800 |     0.003 |       0.002 |      0.001 |
| Vccadc    |       1.800 |     0.020 |       0.000 |      0.020 |
+-----------+-------------+-----------+-------------+------------+


1.3 Confidence Level
--------------------

+-----------------------------+------------+------------------------------------------------+------------------------------------------------------------------------------------------------------------+
| User Input Data             | Confidence | Details                                        | Action                                                                                                     |
+-----------------------------+------------+------------------------------------------------+------------------------------------------------------------------------------------------------------------+
| Design implementation state | High       | Design is routed                               |                                                                                                            |
| Clock nodes activity        | High       | User specified more than 95% of clocks         |                                                                                                            |
| I/O nodes activity          | High       | User specified more than 95% of inputs         |                                                                                                            |
| Internal nodes activity     | Medium     | User specified less than 25% of internal nodes | Provide missing internal nodes activity with simulation results or by editing the "By Resource Type" views |
| Device models               | High       | Device models are Production                   |                                                                                                            |
|                             |            |                                                |                                                                                                            |
| Overall confidence level    | Medium     |                                                |                                                                                                            |
+-----------------------------+------------+------------------------------------------------+------------------------------------------------------------------------------------------------------------+


2. Settings
-----------

2.1 Environment
---------------

+-----------------------+------------------------+
| Ambient Temp (C)      | 25.0                   |
| ThetaJA (C/W)         | 11.5                   |
| Airflow (LFM)         | 250                    |
| Heat Sink             | none                   |
| ThetaSA (C/W)         | 0.0                    |
| Board Selection       | medium (10"x10")       |
| # of Board Layers     | 8to11 (8 to 11 Layers) |
| Board Temperature (C) | 25.0                   |
+-----------------------+------------------------+


2.2 Clock Constraints
---------------------

+------------+-------------------------------------------------------------+-----------------+
| Clock      | Domain                                                      | Constraint (ns) |
+------------+-------------------------------------------------------------+-----------------+
| clk_fpga_0 | design_1_i/processing_system7_0/inst/FCLK_CLK_unbuffered[0] |             4.0 |
+------------+-------------------------------------------------------------+-----------------+


3. Detailed Reports
-------------------

3.1 By Hierarchy
----------------

+---------------------------------------------------------------------------------------------------+-----------+
| Name                                                                                              | Power (W) |
+---------------------------------------------------------------------------------------------------+-----------+
| design_1_wrapper                                                                                  |     2.292 |
|   design_1_i                                                                                      |     2.292 |
|     axi_smc                                                                                       |     0.068 |
|       inst                                                                                        |     0.068 |
|         clk_map                                                                                   |    <0.001 |
|           psr_aclk                                                                                |    <0.001 |
|             U0                                                                                    |    <0.001 |
|               EXT_LPF                                                                             |    <0.001 |
|                 ACTIVE_LOW_AUX.ACT_LO_AUX                                                         |    <0.001 |
|               SEQ                                                                                 |    <0.001 |
|                 SEQ_COUNTER                                                                       |    <0.001 |
|         m00_exit_pipeline                                                                         |     0.011 |
|           m00_exit                                                                                |     0.011 |
|             inst                                                                                  |     0.011 |
|               ar_reg                                                                              |     0.002 |
|               aw_reg                                                                              |    <0.001 |
|               b_reg                                                                               |    <0.001 |
|               exit_inst                                                                           |    <0.001 |
|                 gen_r_cmd_fifo.r_cmd_fifo                                                         |    <0.001 |
|                   gen_srls[10].srl_nx1                                                            |    <0.001 |
|                   gen_srls[11].srl_nx1                                                            |    <0.001 |
|                   gen_srls[12].srl_nx1                                                            |    <0.001 |
|                   gen_srls[13].srl_nx1                                                            |    <0.001 |
|                   gen_srls[14].srl_nx1                                                            |    <0.001 |
|                   gen_srls[15].srl_nx1                                                            |    <0.001 |
|                   gen_srls[1].srl_nx1                                                             |    <0.001 |
|                   gen_srls[2].srl_nx1                                                             |    <0.001 |
|                   gen_srls[3].srl_nx1                                                             |    <0.001 |
|                   gen_srls[4].srl_nx1                                                             |    <0.001 |
|                   gen_srls[5].srl_nx1                                                             |    <0.001 |
|                   gen_srls[6].srl_nx1                                                             |    <0.001 |
|                   gen_srls[7].srl_nx1                                                             |    <0.001 |
|                   gen_srls[8].srl_nx1                                                             |    <0.001 |
|                   gen_srls[9].srl_nx1                                                             |    <0.001 |
|                 gen_w_cmd_fifo.w_cmd_fifo                                                         |    <0.001 |
|                   gen_srls[1].srl_nx1                                                             |    <0.001 |
|               r_reg                                                                               |     0.002 |
|               splitter_inst                                                                       |     0.004 |
|                 gen_axi3.axi3_conv_inst                                                           |     0.004 |
|                   USE_READ.USE_SPLIT_R.read_addr_inst                                             |     0.002 |
|                     USE_R_CHANNEL.cmd_queue                                                       |    <0.001 |
|                       gen_srls[0].srl_nx1                                                         |    <0.001 |
|                   USE_WRITE.USE_SPLIT_W.write_resp_inst                                           |    <0.001 |
|                   USE_WRITE.write_addr_inst                                                       |     0.002 |
|                     USE_BURSTS.cmd_queue                                                          |    <0.001 |
|                       gen_srls[0].srl_nx1                                                         |    <0.001 |
|                       gen_srls[1].srl_nx1                                                         |    <0.001 |
|                       gen_srls[2].srl_nx1                                                         |    <0.001 |
|                       gen_srls[3].srl_nx1                                                         |    <0.001 |
|                     USE_B_CHANNEL.cmd_b_queue                                                     |    <0.001 |
|                       gen_srls[0].srl_nx1                                                         |    <0.001 |
|                       gen_srls[1].srl_nx1                                                         |    <0.001 |
|                       gen_srls[2].srl_nx1                                                         |    <0.001 |
|                       gen_srls[3].srl_nx1                                                         |    <0.001 |
|                       gen_srls[4].srl_nx1                                                         |    <0.001 |
|                   USE_WRITE.write_data_inst                                                       |    <0.001 |
|               w_reg                                                                               |     0.001 |
|         m00_nodes                                                                                 |     0.015 |
|           m00_ar_node                                                                             |     0.003 |
|             inst                                                                                  |     0.003 |
|               inst_mi_handler                                                                     |     0.002 |
|                 gen_normal_area.gen_node_prog_full.inst_node_prog_full                            |    <0.001 |
|                   gen_xpm_memory_fifo.inst_fifo                                                   |    <0.001 |
|                     gen_mem_rep[0].inst_rd_addrb                                                  |    <0.001 |
|                     gen_mem_rep[0].inst_wr_addra                                                  |    <0.001 |
|                     gen_wr.inst_wr_addra_p1                                                       |    <0.001 |
|                 gen_normal_area.inst_fifo_node_payld                                              |     0.002 |
|                   gen_xpm_memory_fifo.inst_fifo                                                   |     0.002 |
|                     gen_mem_rep[0].inst_rd_addrb                                                  |    <0.001 |
|                     gen_mem_rep[0].inst_wr_addra                                                  |    <0.001 |
|                     gen_mem_rep[0].inst_xpm_memory                                                |     0.001 |
|                       xpm_memory_base_inst                                                        |     0.001 |
|                         gen_wr_a.gen_word_narrow.mem_reg_0_31_0_5                                 |    <0.001 |
|                         gen_wr_a.gen_word_narrow.mem_reg_0_31_102_107                             |    <0.001 |
|                         gen_wr_a.gen_word_narrow.mem_reg_0_31_108_113                             |    <0.001 |
|                         gen_wr_a.gen_word_narrow.mem_reg_0_31_114_119                             |    <0.001 |
|                         gen_wr_a.gen_word_narrow.mem_reg_0_31_120_125                             |    <0.001 |
|                         gen_wr_a.gen_word_narrow.mem_reg_0_31_126_131                             |    <0.001 |
|                         gen_wr_a.gen_word_narrow.mem_reg_0_31_132_137                             |    <0.001 |
|                         gen_wr_a.gen_word_narrow.mem_reg_0_31_138_143                             |    <0.001 |
|                         gen_wr_a.gen_word_narrow.mem_reg_0_31_6_11                                |    <0.001 |
|                         gen_wr_a.gen_word_narrow.mem_reg_0_31_84_89                               |    <0.001 |
|                         gen_wr_a.gen_word_narrow.mem_reg_0_31_90_95                               |    <0.001 |
|                         gen_wr_a.gen_word_narrow.mem_reg_0_31_96_101                              |    <0.001 |
|                     gen_wr.inst_wr_addra_p1                                                       |    <0.001 |
|                 inst_ingress                                                                      |    <0.001 |
|                   inst_pipeline_recv                                                              |    <0.001 |
|                   inst_pipeline_valid                                                             |    <0.001 |
|               inst_si_handler                                                                     |    <0.001 |
|                 gen_si_handler.gen_arbiter_rr_normal_area.inst_arbiter                            |    <0.001 |
|                 gen_si_handler.gen_request_counters.gen_req_counter[0].inst_req_counter           |    <0.001 |
|                 gen_si_handler.gen_request_counters.gen_req_counter[1].inst_req_counter           |    <0.001 |
|           m00_aw_node                                                                             |     0.002 |
|             inst                                                                                  |     0.002 |
|               inst_mi_handler                                                                     |     0.002 |
|                 gen_normal_area.gen_node_prog_full.inst_node_prog_full                            |    <0.001 |
|                   gen_xpm_memory_fifo.inst_fifo                                                   |    <0.001 |
|                     gen_mem_rep[0].inst_rd_addrb                                                  |    <0.001 |
|                     gen_mem_rep[0].inst_wr_addra                                                  |    <0.001 |
|                     gen_wr.inst_wr_addra_p1                                                       |    <0.001 |
|                 gen_normal_area.inst_fifo_node_payld                                              |     0.001 |
|                   gen_xpm_memory_fifo.inst_fifo                                                   |     0.001 |
|                     gen_mem_rep[0].inst_rd_addrb                                                  |    <0.001 |
|                     gen_mem_rep[0].inst_wr_addra                                                  |    <0.001 |
|                     gen_mem_rep[0].inst_xpm_memory                                                |     0.001 |
|                       xpm_memory_base_inst                                                        |     0.001 |
|                         gen_wr_a.gen_word_narrow.mem_reg_0_31_0_5                                 |    <0.001 |
|                         gen_wr_a.gen_word_narrow.mem_reg_0_31_102_107                             |    <0.001 |
|                         gen_wr_a.gen_word_narrow.mem_reg_0_31_108_113                             |    <0.001 |
|                         gen_wr_a.gen_word_narrow.mem_reg_0_31_114_119                             |    <0.001 |
|                         gen_wr_a.gen_word_narrow.mem_reg_0_31_120_125                             |    <0.001 |
|                         gen_wr_a.gen_word_narrow.mem_reg_0_31_126_131                             |    <0.001 |
|                         gen_wr_a.gen_word_narrow.mem_reg_0_31_132_137                             |    <0.001 |
|                         gen_wr_a.gen_word_narrow.mem_reg_0_31_138_143                             |    <0.001 |
|                         gen_wr_a.gen_word_narrow.mem_reg_0_31_6_11                                |    <0.001 |
|                         gen_wr_a.gen_word_narrow.mem_reg_0_31_90_95                               |    <0.001 |
|                         gen_wr_a.gen_word_narrow.mem_reg_0_31_96_101                              |    <0.001 |
|                     gen_wr.inst_wr_addra_p1                                                       |    <0.001 |
|                 inst_ingress                                                                      |    <0.001 |
|                   inst_pipeline_recv                                                              |    <0.001 |
|                   inst_pipeline_valid                                                             |    <0.001 |
|               inst_si_handler                                                                     |    <0.001 |
|                 gen_m_axis_arb_fifo.inst_axis_arb_fifo                                            |    <0.001 |
|                   gen_srls[0].srl_nx1                                                             |    <0.001 |
|                   gen_srls[1].srl_nx1                                                             |    <0.001 |
|                 gen_si_handler.gen_arbiter_rr_normal_area.inst_arbiter                            |    <0.001 |
|                 gen_si_handler.gen_request_counters.gen_req_counter[0].inst_req_counter           |    <0.001 |
|                 gen_si_handler.gen_request_counters.gen_req_counter[1].inst_req_counter           |    <0.001 |
|           m00_b_node                                                                              |     0.002 |
|             inst                                                                                  |     0.002 |
|               inst_mi_handler                                                                     |     0.002 |
|                 gen_normal_area.gen_fifo_req.inst_fifo_req                                        |    <0.001 |
|                   gen_xpm_memory_fifo.inst_fifo                                                   |    <0.001 |
|                     gen_mem_rep[0].inst_rd_addrb                                                  |    <0.001 |
|                     gen_mem_rep[0].inst_wr_addra                                                  |    <0.001 |
|                     gen_mem_rep[0].inst_xpm_memory                                                |    <0.001 |
|                       xpm_memory_base_inst                                                        |    <0.001 |
|                         gen_wr_a.gen_word_narrow.mem_reg_0_31_0_5                                 |    <0.001 |
|                     gen_wr.inst_wr_addra_p1                                                       |    <0.001 |
|                 gen_normal_area.inst_fifo_node_payld                                              |    <0.001 |
|                   gen_xpm_memory_fifo.inst_fifo                                                   |    <0.001 |
|                     gen_mem_rep[0].inst_rd_addrb                                                  |    <0.001 |
|                     gen_mem_rep[0].inst_wr_addra                                                  |    <0.001 |
|                     gen_wr.inst_wr_addra_p1                                                       |    <0.001 |
|                 gen_normal_area.inst_fifo_send                                                    |    <0.001 |
|               inst_si_handler                                                                     |    <0.001 |
|                 inst_arb_stall_late                                                               |    <0.001 |
|           m00_r_node                                                                              |     0.005 |
|             inst                                                                                  |     0.005 |
|               inst_mi_handler                                                                     |     0.005 |
|                 gen_normal_area.gen_fifo_req.inst_fifo_req                                        |     0.001 |
|                   gen_xpm_memory_fifo.inst_fifo                                                   |     0.001 |
|                     gen_mem_rep[0].inst_rd_addrb                                                  |    <0.001 |
|                     gen_mem_rep[0].inst_wr_addra                                                  |    <0.001 |
|                     gen_mem_rep[0].inst_xpm_memory                                                |    <0.001 |
|                       xpm_memory_base_inst                                                        |    <0.001 |
|                         gen_wr_a.gen_word_narrow.mem_reg_0_31_0_5                                 |    <0.001 |
|                     gen_wr.inst_wr_addra_p1                                                       |    <0.001 |
|                 gen_normal_area.inst_fifo_node_payld                                              |     0.003 |
|                   gen_xpm_memory_fifo.inst_fifo                                                   |     0.003 |
|                     gen_mem_rep[0].inst_rd_addrb                                                  |    <0.001 |
|                     gen_mem_rep[0].inst_wr_addra                                                  |    <0.001 |
|                     gen_mem_rep[0].inst_xpm_memory                                                |     0.002 |
|                       xpm_memory_base_inst                                                        |     0.002 |
|                         gen_wr_a.gen_word_narrow.mem_reg_0_31_0_5                                 |    <0.001 |
|                         gen_wr_a.gen_word_narrow.mem_reg_0_31_12_17                               |    <0.001 |
|                         gen_wr_a.gen_word_narrow.mem_reg_0_31_18_23                               |    <0.001 |
|                         gen_wr_a.gen_word_narrow.mem_reg_0_31_24_29                               |    <0.001 |
|                         gen_wr_a.gen_word_narrow.mem_reg_0_31_30_35                               |    <0.001 |
|                         gen_wr_a.gen_word_narrow.mem_reg_0_31_36_41                               |    <0.001 |
|                         gen_wr_a.gen_word_narrow.mem_reg_0_31_42_47                               |    <0.001 |
|                         gen_wr_a.gen_word_narrow.mem_reg_0_31_48_53                               |    <0.001 |
|                         gen_wr_a.gen_word_narrow.mem_reg_0_31_54_59                               |    <0.001 |
|                         gen_wr_a.gen_word_narrow.mem_reg_0_31_60_65                               |    <0.001 |
|                         gen_wr_a.gen_word_narrow.mem_reg_0_31_66_71                               |    <0.001 |
|                         gen_wr_a.gen_word_narrow.mem_reg_0_31_6_11                                |    <0.001 |
|                         gen_wr_a.gen_word_narrow.mem_reg_0_31_72_77                               |    <0.001 |
|                         gen_wr_a.gen_word_narrow.mem_reg_0_31_78_83                               |    <0.001 |
|                     gen_wr.inst_wr_addra_p1                                                       |    <0.001 |
|                 gen_normal_area.inst_fifo_send                                                    |    <0.001 |
|               inst_si_handler                                                                     |    <0.001 |
|                 inst_arb_stall_late                                                               |    <0.001 |
|           m00_w_node                                                                              |     0.003 |
|             inst                                                                                  |     0.003 |
|               inst_mi_handler                                                                     |     0.003 |
|                 gen_normal_area.gen_node_prog_full.inst_node_prog_full                            |    <0.001 |
|                   gen_xpm_memory_fifo.inst_fifo                                                   |    <0.001 |
|                     gen_mem_rep[0].inst_rd_addrb                                                  |    <0.001 |
|                     gen_mem_rep[0].inst_wr_addra                                                  |    <0.001 |
|                     gen_wr.inst_wr_addra_p1                                                       |    <0.001 |
|                 gen_normal_area.inst_fifo_node_payld                                              |     0.002 |
|                   gen_xpm_memory_fifo.inst_fifo                                                   |     0.002 |
|                     gen_mem_rep[0].inst_rd_addrb                                                  |    <0.001 |
|                     gen_mem_rep[0].inst_wr_addra                                                  |    <0.001 |
|                     gen_mem_rep[0].inst_xpm_memory                                                |     0.001 |
|                       xpm_memory_base_inst                                                        |     0.001 |
|                         gen_wr_a.gen_word_narrow.mem_reg_0_31_12_17                               |    <0.001 |
|                         gen_wr_a.gen_word_narrow.mem_reg_0_31_18_23                               |    <0.001 |
|                         gen_wr_a.gen_word_narrow.mem_reg_0_31_24_29                               |    <0.001 |
|                         gen_wr_a.gen_word_narrow.mem_reg_0_31_30_35                               |    <0.001 |
|                         gen_wr_a.gen_word_narrow.mem_reg_0_31_36_41                               |    <0.001 |
|                         gen_wr_a.gen_word_narrow.mem_reg_0_31_42_47                               |    <0.001 |
|                         gen_wr_a.gen_word_narrow.mem_reg_0_31_48_53                               |    <0.001 |
|                         gen_wr_a.gen_word_narrow.mem_reg_0_31_54_59                               |    <0.001 |
|                         gen_wr_a.gen_word_narrow.mem_reg_0_31_60_65                               |    <0.001 |
|                         gen_wr_a.gen_word_narrow.mem_reg_0_31_66_71                               |    <0.001 |
|                         gen_wr_a.gen_word_narrow.mem_reg_0_31_72_77                               |    <0.001 |
|                         gen_wr_a.gen_word_narrow.mem_reg_0_31_78_83                               |    <0.001 |
|                         gen_wr_a.gen_word_narrow.mem_reg_0_31_84_89                               |    <0.001 |
|                     gen_wr.inst_wr_addra_p1                                                       |    <0.001 |
|                 inst_ingress                                                                      |    <0.001 |
|                   inst_pipeline_valid                                                             |    <0.001 |
|               inst_si_handler                                                                     |    <0.001 |
|                 gen_si_handler.gen_axis_packet_slave_normal_area.inst_allow_transfer_late         |    <0.001 |
|                 gen_si_handler.gen_request_fifos.gen_req_fifo[0].inst_req_fifo                    |    <0.001 |
|                   gen_xpm_memory_fifo.inst_fifo                                                   |    <0.001 |
|                     gen_mem_rep[0].inst_rd_addrb                                                  |    <0.001 |
|                     gen_mem_rep[0].inst_wr_addra                                                  |    <0.001 |
|                     gen_mem_rep[0].inst_xpm_memory                                                |    <0.001 |
|                       xpm_memory_base_inst                                                        |    <0.001 |
|                         gen_wr_a.gen_word_narrow.mem_reg_0_3_0_0                                  |    <0.001 |
|                     gen_wr.inst_wr_addra_p1                                                       |    <0.001 |
|                 gen_si_handler.gen_request_fifos.gen_req_fifo[1].inst_req_fifo                    |    <0.001 |
|                   gen_xpm_memory_fifo.inst_fifo                                                   |    <0.001 |
|                     gen_mem_rep[0].inst_rd_addrb                                                  |    <0.001 |
|                     gen_mem_rep[0].inst_wr_addra                                                  |    <0.001 |
|                     gen_mem_rep[0].inst_xpm_memory                                                |    <0.001 |
|                       xpm_memory_base_inst                                                        |    <0.001 |
|                         gen_wr_a.gen_word_narrow.mem_reg_0_3_0_0                                  |    <0.001 |
|                     gen_wr.inst_wr_addra_p1                                                       |    <0.001 |
|         s00_entry_pipeline                                                                        |     0.007 |
|           s00_mmu                                                                                 |     0.007 |
|             inst                                                                                  |     0.007 |
|               ar_reg_stall                                                                        |     0.002 |
|               ar_sreg                                                                             |     0.001 |
|               aw_reg_stall                                                                        |    <0.001 |
|               aw_sreg                                                                             |    <0.001 |
|               b_sreg                                                                              |    <0.001 |
|               gen_endpoint.decerr_slave_inst                                                      |    <0.001 |
|               gen_wroute_fifo.wroute_fifo                                                         |    <0.001 |
|                 gen_srls[0].srl_nx1                                                               |     0.000 |
|               gen_wroute_fifo.wroute_split                                                        |    <0.001 |
|               r_sreg                                                                              |     0.002 |
|               w_sreg                                                                              |    <0.001 |
|           s00_si_converter                                                                        |    <0.001 |
|             inst                                                                                  |    <0.001 |
|               splitter_inst                                                                       |    <0.001 |
|                 gen_no_wsplitter.gen_endpoint_woffset.gen_wbypass_offset_fifo.wbypass_offset_fifo |    <0.001 |
|                   gen_srls[4].srl_nx1                                                             |     0.000 |
|                   gen_srls[5].srl_nx1                                                             |     0.000 |
|                   gen_srls[6].srl_nx1                                                             |     0.000 |
|         s00_nodes                                                                                 |     0.014 |
|           s00_ar_node                                                                             |     0.003 |
|             inst                                                                                  |     0.003 |
|               inst_mi_handler                                                                     |     0.003 |
|                 gen_normal_area.gen_fifo_req.inst_fifo_req                                        |    <0.001 |
|                   gen_xpm_memory_fifo.inst_fifo                                                   |    <0.001 |
|                     gen_mem_rep[0].inst_rd_addrb                                                  |    <0.001 |
|                     gen_mem_rep[0].inst_wr_addra                                                  |    <0.001 |
|                     gen_mem_rep[0].inst_xpm_memory                                                |    <0.001 |
|                       xpm_memory_base_inst                                                        |    <0.001 |
|                         gen_wr_a.gen_word_narrow.mem_reg_0_31_0_5                                 |    <0.001 |
|                     gen_wr.inst_wr_addra_p1                                                       |    <0.001 |
|                 gen_normal_area.inst_fifo_node_payld                                              |     0.002 |
|                   gen_xpm_memory_fifo.inst_fifo                                                   |     0.002 |
|                     gen_mem_rep[0].inst_rd_addrb                                                  |    <0.001 |
|                     gen_mem_rep[0].inst_wr_addra                                                  |    <0.001 |
|                     gen_mem_rep[0].inst_xpm_memory                                                |     0.002 |
|                       xpm_memory_base_inst                                                        |     0.002 |
|                         gen_wr_a.gen_word_narrow.mem_reg_0_31_0_5                                 |    <0.001 |
|                         gen_wr_a.gen_word_narrow.mem_reg_0_31_102_107                             |    <0.001 |
|                         gen_wr_a.gen_word_narrow.mem_reg_0_31_108_113                             |    <0.001 |
|                         gen_wr_a.gen_word_narrow.mem_reg_0_31_114_119                             |    <0.001 |
|                         gen_wr_a.gen_word_narrow.mem_reg_0_31_120_125                             |    <0.001 |
|                         gen_wr_a.gen_word_narrow.mem_reg_0_31_126_131                             |    <0.001 |
|                         gen_wr_a.gen_word_narrow.mem_reg_0_31_132_137                             |    <0.001 |
|                         gen_wr_a.gen_word_narrow.mem_reg_0_31_138_138                             |    <0.001 |
|                         gen_wr_a.gen_word_narrow.mem_reg_0_31_6_11                                |    <0.001 |
|                         gen_wr_a.gen_word_narrow.mem_reg_0_31_84_89                               |    <0.001 |
|                         gen_wr_a.gen_word_narrow.mem_reg_0_31_90_95                               |    <0.001 |
|                         gen_wr_a.gen_word_narrow.mem_reg_0_31_96_101                              |    <0.001 |
|                     gen_wr.inst_wr_addra_p1                                                       |    <0.001 |
|                 gen_normal_area.inst_fifo_send                                                    |    <0.001 |
|               inst_si_handler                                                                     |    <0.001 |
|                 inst_arb_stall_late                                                               |    <0.001 |
|           s00_aw_node                                                                             |     0.002 |
|             inst                                                                                  |     0.002 |
|               inst_mi_handler                                                                     |     0.002 |
|                 gen_normal_area.gen_fifo_req.inst_fifo_req                                        |    <0.001 |
|                   gen_xpm_memory_fifo.inst_fifo                                                   |    <0.001 |
|                     gen_mem_rep[0].inst_rd_addrb                                                  |    <0.001 |
|                     gen_mem_rep[0].inst_wr_addra                                                  |    <0.001 |
|                     gen_mem_rep[0].inst_xpm_memory                                                |    <0.001 |
|                       xpm_memory_base_inst                                                        |    <0.001 |
|                         gen_wr_a.gen_word_narrow.mem_reg_0_31_0_5                                 |    <0.001 |
|                     gen_wr.inst_wr_addra_p1                                                       |    <0.001 |
|                 gen_normal_area.inst_fifo_node_payld                                              |     0.001 |
|                   gen_xpm_memory_fifo.inst_fifo                                                   |     0.001 |
|                     gen_mem_rep[0].inst_rd_addrb                                                  |    <0.001 |
|                     gen_mem_rep[0].inst_wr_addra                                                  |    <0.001 |
|                     gen_mem_rep[0].inst_xpm_memory                                                |     0.001 |
|                       xpm_memory_base_inst                                                        |     0.001 |
|                         gen_wr_a.gen_word_narrow.mem_reg_0_31_0_5                                 |    <0.001 |
|                         gen_wr_a.gen_word_narrow.mem_reg_0_31_102_107                             |    <0.001 |
|                         gen_wr_a.gen_word_narrow.mem_reg_0_31_108_113                             |    <0.001 |
|                         gen_wr_a.gen_word_narrow.mem_reg_0_31_114_119                             |    <0.001 |
|                         gen_wr_a.gen_word_narrow.mem_reg_0_31_120_125                             |    <0.001 |
|                         gen_wr_a.gen_word_narrow.mem_reg_0_31_126_131                             |    <0.001 |
|                         gen_wr_a.gen_word_narrow.mem_reg_0_31_132_137                             |    <0.001 |
|                         gen_wr_a.gen_word_narrow.mem_reg_0_31_138_138                             |    <0.001 |
|                         gen_wr_a.gen_word_narrow.mem_reg_0_31_6_11                                |    <0.001 |
|                         gen_wr_a.gen_word_narrow.mem_reg_0_31_90_95                               |    <0.001 |
|                         gen_wr_a.gen_word_narrow.mem_reg_0_31_96_101                              |    <0.001 |
|                     gen_wr.inst_wr_addra_p1                                                       |    <0.001 |
|                 gen_normal_area.inst_fifo_send                                                    |    <0.001 |
|               inst_si_handler                                                                     |    <0.001 |
|                 inst_arb_stall_late                                                               |    <0.001 |
|           s00_b_node                                                                              |     0.002 |
|             inst                                                                                  |     0.002 |
|               inst_mi_handler                                                                     |     0.002 |
|                 gen_normal_area.gen_node_prog_full.inst_node_prog_full                            |     0.001 |
|                   gen_xpm_memory_fifo.inst_fifo                                                   |     0.001 |
|                     gen_mem_rep[0].inst_rd_addrb                                                  |    <0.001 |
|                     gen_mem_rep[0].inst_wr_addra                                                  |    <0.001 |
|                     gen_wr.inst_wr_addra_p1                                                       |    <0.001 |
|                 gen_normal_area.inst_fifo_node_payld                                              |    <0.001 |
|                   gen_xpm_memory_fifo.inst_fifo                                                   |    <0.001 |
|                     gen_mem_rep[0].inst_rd_addrb                                                  |    <0.001 |
|                     gen_mem_rep[0].inst_wr_addra                                                  |    <0.001 |
|                     gen_wr.inst_wr_addra_p1                                                       |    <0.001 |
|                 inst_ingress                                                                      |    <0.001 |
|                   inst_pipeline_valid                                                             |    <0.001 |
|               inst_si_handler                                                                     |    <0.001 |
|                 gen_si_handler.gen_arbiter_rr_normal_area.inst_arbiter                            |    <0.001 |
|                 gen_si_handler.gen_request_counters.gen_req_counter[0].inst_req_counter           |    <0.001 |
|           s00_r_node                                                                              |     0.004 |
|             inst                                                                                  |     0.004 |
|               inst_mi_handler                                                                     |     0.004 |
|                 gen_normal_area.gen_downsizer.inst_downsizer                                      |    <0.001 |
|                 gen_normal_area.gen_node_prog_full.inst_node_prog_full                            |    <0.001 |
|                   gen_xpm_memory_fifo.inst_fifo                                                   |    <0.001 |
|                     gen_mem_rep[0].inst_rd_addrb                                                  |    <0.001 |
|                     gen_mem_rep[0].inst_wr_addra                                                  |    <0.001 |
|                     gen_wr.inst_wr_addra_p1                                                       |    <0.001 |
|                 gen_normal_area.inst_fifo_node_payld                                              |     0.003 |
|                   gen_xpm_memory_fifo.inst_fifo                                                   |     0.003 |
|                     gen_mem_rep[0].inst_rd_addrb                                                  |    <0.001 |
|                     gen_mem_rep[0].inst_wr_addra                                                  |    <0.001 |
|                     gen_mem_rep[0].inst_xpm_memory                                                |     0.002 |
|                       xpm_memory_base_inst                                                        |     0.002 |
|                         gen_wr_a.gen_word_narrow.mem_reg_0_31_12_17                               |    <0.001 |
|                         gen_wr_a.gen_word_narrow.mem_reg_0_31_18_23                               |    <0.001 |
|                         gen_wr_a.gen_word_narrow.mem_reg_0_31_24_29                               |    <0.001 |
|                         gen_wr_a.gen_word_narrow.mem_reg_0_31_30_35                               |    <0.001 |
|                         gen_wr_a.gen_word_narrow.mem_reg_0_31_36_41                               |    <0.001 |
|                         gen_wr_a.gen_word_narrow.mem_reg_0_31_42_47                               |    <0.001 |
|                         gen_wr_a.gen_word_narrow.mem_reg_0_31_48_53                               |    <0.001 |
|                         gen_wr_a.gen_word_narrow.mem_reg_0_31_54_59                               |    <0.001 |
|                         gen_wr_a.gen_word_narrow.mem_reg_0_31_60_65                               |    <0.001 |
|                         gen_wr_a.gen_word_narrow.mem_reg_0_31_66_71                               |    <0.001 |
|                         gen_wr_a.gen_word_narrow.mem_reg_0_31_72_77                               |    <0.001 |
|                         gen_wr_a.gen_word_narrow.mem_reg_0_31_78_83                               |    <0.001 |
|                         gen_wr_a.gen_word_narrow.mem_reg_0_31_84_89                               |    <0.001 |
|                     gen_wr.inst_wr_addra_p1                                                       |    <0.001 |
|                 inst_ingress                                                                      |    <0.001 |
|                   inst_pipeline_valid                                                             |    <0.001 |
|               inst_si_handler                                                                     |    <0.001 |
|                 gen_si_handler.gen_arbiter_rr_normal_area.inst_arbiter                            |    <0.001 |
|                 gen_si_handler.gen_request_counters.gen_req_counter[0].inst_req_counter           |    <0.001 |
|           s00_w_node                                                                              |     0.002 |
|             inst                                                                                  |     0.002 |
|               inst_mi_handler                                                                     |     0.002 |
|                 gen_normal_area.gen_fi_regulator.inst_fi_regulator                                |    <0.001 |
|                 gen_normal_area.gen_fifo_req.inst_fifo_req                                        |    <0.001 |
|                   gen_xpm_memory_fifo.inst_fifo                                                   |    <0.001 |
|                     gen_mem_rep[0].inst_rd_addrb                                                  |    <0.001 |
|                     gen_mem_rep[0].inst_wr_addra                                                  |    <0.001 |
|                     gen_mem_rep[0].inst_xpm_memory                                                |    <0.001 |
|                       xpm_memory_base_inst                                                        |    <0.001 |
|                         gen_wr_a.gen_word_narrow.mem_reg_0_31_0_5                                 |    <0.001 |
|                     gen_wr.inst_wr_addra_p1                                                       |    <0.001 |
|                 gen_normal_area.gen_upsizer.inst_upsizer                                          |    <0.001 |
|                   inst_upsizer_target_pipeline                                                    |    <0.001 |
|                 gen_normal_area.inst_fifo_node_payld                                              |     0.002 |
|                   gen_xpm_memory_fifo.inst_fifo                                                   |     0.002 |
|                     gen_mem_rep[0].inst_rd_addrb                                                  |    <0.001 |
|                     gen_mem_rep[0].inst_wr_addra                                                  |    <0.001 |
|                     gen_mem_rep[0].inst_xpm_memory                                                |     0.001 |
|                       xpm_memory_base_inst                                                        |     0.001 |
|                         gen_wr_a.gen_word_narrow.mem_reg_0_31_12_17                               |    <0.001 |
|                         gen_wr_a.gen_word_narrow.mem_reg_0_31_18_23                               |    <0.001 |
|                         gen_wr_a.gen_word_narrow.mem_reg_0_31_24_29                               |    <0.001 |
|                         gen_wr_a.gen_word_narrow.mem_reg_0_31_30_35                               |    <0.001 |
|                         gen_wr_a.gen_word_narrow.mem_reg_0_31_36_41                               |    <0.001 |
|                         gen_wr_a.gen_word_narrow.mem_reg_0_31_42_47                               |    <0.001 |
|                         gen_wr_a.gen_word_narrow.mem_reg_0_31_48_53                               |    <0.001 |
|                         gen_wr_a.gen_word_narrow.mem_reg_0_31_54_59                               |    <0.001 |
|                         gen_wr_a.gen_word_narrow.mem_reg_0_31_60_65                               |    <0.001 |
|                         gen_wr_a.gen_word_narrow.mem_reg_0_31_66_71                               |    <0.001 |
|                         gen_wr_a.gen_word_narrow.mem_reg_0_31_72_77                               |    <0.001 |
|                         gen_wr_a.gen_word_narrow.mem_reg_0_31_78_83                               |    <0.001 |
|                         gen_wr_a.gen_word_narrow.mem_reg_0_31_84_88                               |    <0.001 |
|                     gen_wr.inst_wr_addra_p1                                                       |    <0.001 |
|                 gen_normal_area.inst_fifo_send                                                    |    <0.001 |
|               inst_si_handler                                                                     |    <0.001 |
|                 inst_arb_stall_late                                                               |    <0.001 |
|         s01_entry_pipeline                                                                        |     0.007 |
|           s01_mmu                                                                                 |     0.007 |
|             inst                                                                                  |     0.007 |
|               ar_reg_stall                                                                        |    <0.001 |
|               ar_sreg                                                                             |    <0.001 |
|               aw_reg_stall                                                                        |     0.002 |
|               aw_sreg                                                                             |     0.001 |
|               b_sreg                                                                              |    <0.001 |
|               gen_endpoint.decerr_slave_inst                                                      |    <0.001 |
|               gen_wroute_fifo.wroute_fifo                                                         |    <0.001 |
|                 gen_srls[0].srl_nx1                                                               |    <0.001 |
|               gen_wroute_fifo.wroute_split                                                        |    <0.001 |
|               r_sreg                                                                              |    <0.001 |
|               w_sreg                                                                              |     0.002 |
|           s01_si_converter                                                                        |    <0.001 |
|             inst                                                                                  |    <0.001 |
|               splitter_inst                                                                       |    <0.001 |
|                 gen_no_wsplitter.gen_endpoint_woffset.gen_wbypass_offset_fifo.wbypass_offset_fifo |    <0.001 |
|                   gen_srls[0].srl_nx1                                                             |    <0.001 |
|                   gen_srls[13].srl_nx1                                                            |    <0.001 |
|                   gen_srls[2].srl_nx1                                                             |    <0.001 |
|                   gen_srls[3].srl_nx1                                                             |    <0.001 |
|                   gen_srls[4].srl_nx1                                                             |    <0.001 |
|                   gen_srls[5].srl_nx1                                                             |    <0.001 |
|                   gen_srls[6].srl_nx1                                                             |    <0.001 |
|                   gen_srls[9].srl_nx1                                                             |    <0.001 |
|         s01_nodes                                                                                 |     0.012 |
|           s01_ar_node                                                                             |     0.003 |
|             inst                                                                                  |     0.003 |
|               inst_mi_handler                                                                     |     0.002 |
|                 gen_normal_area.gen_fifo_req.inst_fifo_req                                        |    <0.001 |
|                   gen_xpm_memory_fifo.inst_fifo                                                   |    <0.001 |
|                     gen_mem_rep[0].inst_rd_addrb                                                  |    <0.001 |
|                     gen_mem_rep[0].inst_wr_addra                                                  |    <0.001 |
|                     gen_mem_rep[0].inst_xpm_memory                                                |    <0.001 |
|                       xpm_memory_base_inst                                                        |    <0.001 |
|                         gen_wr_a.gen_word_narrow.mem_reg_0_31_0_5                                 |    <0.001 |
|                     gen_wr.inst_wr_addra_p1                                                       |    <0.001 |
|                 gen_normal_area.inst_fifo_node_payld                                              |     0.002 |
|                   gen_xpm_memory_fifo.inst_fifo                                                   |     0.002 |
|                     gen_mem_rep[0].inst_rd_addrb                                                  |    <0.001 |
|                     gen_mem_rep[0].inst_wr_addra                                                  |    <0.001 |
|                     gen_mem_rep[0].inst_xpm_memory                                                |     0.001 |
|                       xpm_memory_base_inst                                                        |     0.001 |
|                         gen_wr_a.gen_word_narrow.mem_reg_0_31_0_5                                 |    <0.001 |
|                         gen_wr_a.gen_word_narrow.mem_reg_0_31_102_107                             |    <0.001 |
|                         gen_wr_a.gen_word_narrow.mem_reg_0_31_108_113                             |    <0.001 |
|                         gen_wr_a.gen_word_narrow.mem_reg_0_31_114_119                             |    <0.001 |
|                         gen_wr_a.gen_word_narrow.mem_reg_0_31_120_125                             |    <0.001 |
|                         gen_wr_a.gen_word_narrow.mem_reg_0_31_126_131                             |    <0.001 |
|                         gen_wr_a.gen_word_narrow.mem_reg_0_31_132_137                             |    <0.001 |
|                         gen_wr_a.gen_word_narrow.mem_reg_0_31_138_138                             |    <0.001 |
|                         gen_wr_a.gen_word_narrow.mem_reg_0_31_6_11                                |    <0.001 |
|                         gen_wr_a.gen_word_narrow.mem_reg_0_31_84_89                               |    <0.001 |
|                         gen_wr_a.gen_word_narrow.mem_reg_0_31_90_95                               |    <0.001 |
|                         gen_wr_a.gen_word_narrow.mem_reg_0_31_96_101                              |    <0.001 |
|                     gen_wr.inst_wr_addra_p1                                                       |    <0.001 |
|                 gen_normal_area.inst_fifo_send                                                    |    <0.001 |
|               inst_si_handler                                                                     |    <0.001 |
|                 inst_arb_stall_late                                                               |    <0.001 |
|           s01_aw_node                                                                             |     0.002 |
|             inst                                                                                  |     0.002 |
|               inst_mi_handler                                                                     |     0.002 |
|                 gen_normal_area.gen_fifo_req.inst_fifo_req                                        |    <0.001 |
|                   gen_xpm_memory_fifo.inst_fifo                                                   |    <0.001 |
|                     gen_mem_rep[0].inst_rd_addrb                                                  |    <0.001 |
|                     gen_mem_rep[0].inst_wr_addra                                                  |    <0.001 |
|                     gen_mem_rep[0].inst_xpm_memory                                                |    <0.001 |
|                       xpm_memory_base_inst                                                        |    <0.001 |
|                         gen_wr_a.gen_word_narrow.mem_reg_0_31_0_5                                 |    <0.001 |
|                     gen_wr.inst_wr_addra_p1                                                       |    <0.001 |
|                 gen_normal_area.inst_fifo_node_payld                                              |     0.002 |
|                   gen_xpm_memory_fifo.inst_fifo                                                   |     0.002 |
|                     gen_mem_rep[0].inst_rd_addrb                                                  |    <0.001 |
|                     gen_mem_rep[0].inst_wr_addra                                                  |    <0.001 |
|                     gen_mem_rep[0].inst_xpm_memory                                                |     0.002 |
|                       xpm_memory_base_inst                                                        |     0.002 |
|                         gen_wr_a.gen_word_narrow.mem_reg_0_31_0_5                                 |    <0.001 |
|                         gen_wr_a.gen_word_narrow.mem_reg_0_31_102_107                             |    <0.001 |
|                         gen_wr_a.gen_word_narrow.mem_reg_0_31_108_113                             |    <0.001 |
|                         gen_wr_a.gen_word_narrow.mem_reg_0_31_114_119                             |    <0.001 |
|                         gen_wr_a.gen_word_narrow.mem_reg_0_31_120_125                             |    <0.001 |
|                         gen_wr_a.gen_word_narrow.mem_reg_0_31_126_131                             |    <0.001 |
|                         gen_wr_a.gen_word_narrow.mem_reg_0_31_132_137                             |    <0.001 |
|                         gen_wr_a.gen_word_narrow.mem_reg_0_31_138_138                             |    <0.001 |
|                         gen_wr_a.gen_word_narrow.mem_reg_0_31_6_11                                |    <0.001 |
|                         gen_wr_a.gen_word_narrow.mem_reg_0_31_90_95                               |    <0.001 |
|                         gen_wr_a.gen_word_narrow.mem_reg_0_31_96_101                              |    <0.001 |
|                     gen_wr.inst_wr_addra_p1                                                       |    <0.001 |
|                 gen_normal_area.inst_fifo_send                                                    |    <0.001 |
|               inst_si_handler                                                                     |    <0.001 |
|                 inst_arb_stall_late                                                               |    <0.001 |
|           s01_b_node                                                                              |     0.002 |
|             inst                                                                                  |     0.002 |
|               inst_mi_handler                                                                     |     0.002 |
|                 gen_normal_area.gen_node_prog_full.inst_node_prog_full                            |     0.001 |
|                   gen_xpm_memory_fifo.inst_fifo                                                   |     0.001 |
|                     gen_mem_rep[0].inst_rd_addrb                                                  |    <0.001 |
|                     gen_mem_rep[0].inst_wr_addra                                                  |    <0.001 |
|                     gen_wr.inst_wr_addra_p1                                                       |    <0.001 |
|                 gen_normal_area.inst_fifo_node_payld                                              |    <0.001 |
|                   gen_xpm_memory_fifo.inst_fifo                                                   |    <0.001 |
|                     gen_mem_rep[0].inst_rd_addrb                                                  |    <0.001 |
|                     gen_mem_rep[0].inst_wr_addra                                                  |    <0.001 |
|                     gen_wr.inst_wr_addra_p1                                                       |    <0.001 |
|                 inst_ingress                                                                      |    <0.001 |
|                   inst_pipeline_valid                                                             |    <0.001 |
|               inst_si_handler                                                                     |    <0.001 |
|                 gen_si_handler.gen_arbiter_rr_normal_area.inst_arbiter                            |    <0.001 |
|                 gen_si_handler.gen_request_counters.gen_req_counter[0].inst_req_counter           |    <0.001 |
|           s01_r_node                                                                              |     0.002 |
|             inst                                                                                  |     0.002 |
|               inst_mi_handler                                                                     |     0.002 |
|                 gen_normal_area.gen_downsizer.inst_downsizer                                      |    <0.001 |
|                 gen_normal_area.gen_node_prog_full.inst_node_prog_full                            |    <0.001 |
|                   gen_xpm_memory_fifo.inst_fifo                                                   |    <0.001 |
|                     gen_mem_rep[0].inst_rd_addrb                                                  |    <0.001 |
|                     gen_mem_rep[0].inst_wr_addra                                                  |    <0.001 |
|                     gen_wr.inst_wr_addra_p1                                                       |    <0.001 |
|                 gen_normal_area.inst_fifo_node_payld                                              |    <0.001 |
|                   gen_xpm_memory_fifo.inst_fifo                                                   |    <0.001 |
|                     gen_mem_rep[0].inst_rd_addrb                                                  |    <0.001 |
|                     gen_mem_rep[0].inst_wr_addra                                                  |    <0.001 |
|                     gen_mem_rep[0].inst_xpm_memory                                                |    <0.001 |
|                       xpm_memory_base_inst                                                        |    <0.001 |
|                         gen_wr_a.gen_word_narrow.mem_reg_0_31_18_23                               |    <0.001 |
|                         gen_wr_a.gen_word_narrow.mem_reg_0_31_84_89                               |    <0.001 |
|                     gen_wr.inst_wr_addra_p1                                                       |    <0.001 |
|                 inst_ingress                                                                      |    <0.001 |
|                   inst_pipeline_valid                                                             |    <0.001 |
|               inst_si_handler                                                                     |    <0.001 |
|                 gen_si_handler.gen_arbiter_rr_normal_area.inst_arbiter                            |    <0.001 |
|                 gen_si_handler.gen_request_counters.gen_req_counter[0].inst_req_counter           |    <0.001 |
|           s01_w_node                                                                              |     0.003 |
|             inst                                                                                  |     0.003 |
|               inst_mi_handler                                                                     |     0.003 |
|                 gen_normal_area.gen_fi_regulator.inst_fi_regulator                                |    <0.001 |
|                 gen_normal_area.gen_fifo_req.inst_fifo_req                                        |    <0.001 |
|                   gen_xpm_memory_fifo.inst_fifo                                                   |    <0.001 |
|                     gen_mem_rep[0].inst_rd_addrb                                                  |    <0.001 |
|                     gen_mem_rep[0].inst_wr_addra                                                  |    <0.001 |
|                     gen_mem_rep[0].inst_xpm_memory                                                |    <0.001 |
|                       xpm_memory_base_inst                                                        |    <0.001 |
|                         gen_wr_a.gen_word_narrow.mem_reg_0_31_0_5                                 |    <0.001 |
|                     gen_wr.inst_wr_addra_p1                                                       |    <0.001 |
|                 gen_normal_area.gen_upsizer.inst_upsizer                                          |     0.001 |
|                   inst_upsizer_target_pipeline                                                    |    <0.001 |
|                 gen_normal_area.inst_fifo_node_payld                                              |     0.002 |
|                   gen_xpm_memory_fifo.inst_fifo                                                   |     0.002 |
|                     gen_mem_rep[0].inst_rd_addrb                                                  |    <0.001 |
|                     gen_mem_rep[0].inst_wr_addra                                                  |    <0.001 |
|                     gen_mem_rep[0].inst_xpm_memory                                                |     0.001 |
|                       xpm_memory_base_inst                                                        |     0.001 |
|                         gen_wr_a.gen_word_narrow.mem_reg_0_31_12_17                               |    <0.001 |
|                         gen_wr_a.gen_word_narrow.mem_reg_0_31_18_23                               |    <0.001 |
|                         gen_wr_a.gen_word_narrow.mem_reg_0_31_24_29                               |    <0.001 |
|                         gen_wr_a.gen_word_narrow.mem_reg_0_31_30_35                               |    <0.001 |
|                         gen_wr_a.gen_word_narrow.mem_reg_0_31_36_41                               |    <0.001 |
|                         gen_wr_a.gen_word_narrow.mem_reg_0_31_42_47                               |    <0.001 |
|                         gen_wr_a.gen_word_narrow.mem_reg_0_31_48_53                               |    <0.001 |
|                         gen_wr_a.gen_word_narrow.mem_reg_0_31_54_59                               |    <0.001 |
|                         gen_wr_a.gen_word_narrow.mem_reg_0_31_60_65                               |    <0.001 |
|                         gen_wr_a.gen_word_narrow.mem_reg_0_31_66_71                               |    <0.001 |
|                         gen_wr_a.gen_word_narrow.mem_reg_0_31_72_77                               |    <0.001 |
|                         gen_wr_a.gen_word_narrow.mem_reg_0_31_78_83                               |    <0.001 |
|                         gen_wr_a.gen_word_narrow.mem_reg_0_31_84_88                               |    <0.001 |
|                     gen_wr.inst_wr_addra_p1                                                       |    <0.001 |
|                 gen_normal_area.inst_fifo_send                                                    |    <0.001 |
|               inst_si_handler                                                                     |    <0.001 |
|                 inst_arb_stall_late                                                               |    <0.001 |
|         switchboards                                                                              |     0.003 |
|           ar_switchboard                                                                          |    <0.001 |
|             inst                                                                                  |    <0.001 |
|               gen_mi[0].inst_mux_payld                                                            |    <0.001 |
|               gen_mi[0].inst_opipe_payld                                                          |    <0.001 |
|           aw_switchboard                                                                          |    <0.001 |
|             inst                                                                                  |    <0.001 |
|               gen_mi[0].inst_mux_payld                                                            |    <0.001 |
|               gen_mi[0].inst_opipe_payld                                                          |    <0.001 |
|           r_switchboard                                                                           |    <0.001 |
|             inst                                                                                  |    <0.001 |
|               gen_mi[0].inst_opipe_payld                                                          |    <0.001 |
|               gen_mi[1].inst_opipe_payld                                                          |    <0.001 |
|           w_switchboard                                                                           |    <0.001 |
|             inst                                                                                  |    <0.001 |
|               gen_mi[0].inst_mux_payld                                                            |    <0.001 |
|               gen_mi[0].inst_opipe_payld                                                          |    <0.001 |
|     processing_system7_0                                                                          |     1.544 |
|       inst                                                                                        |     1.544 |
|     ps7_0_axi_periph                                                                              |     0.012 |
|       s00_couplers                                                                                |     0.012 |
|         auto_pc                                                                                   |     0.012 |
|           inst                                                                                    |     0.012 |
|             gen_axilite.gen_b2s_conv.axilite_b2s                                                  |     0.012 |
|               RD.ar_channel_0                                                                     |     0.003 |
|                 ar_cmd_fsm_0                                                                      |    <0.001 |
|                 cmd_translator_0                                                                  |     0.002 |
|                   incr_cmd_0                                                                      |    <0.001 |
|                   wrap_cmd_0                                                                      |     0.001 |
|               RD.r_channel_0                                                                      |     0.002 |
|                 rd_data_fifo_0                                                                    |     0.001 |
|                 transaction_fifo_0                                                                |    <0.001 |
|               SI_REG                                                                              |     0.003 |
|                 ar.ar_pipe                                                                        |    <0.001 |
|                 aw.aw_pipe                                                                        |    <0.001 |
|                 b.b_pipe                                                                          |    <0.001 |
|                 r.r_pipe                                                                          |     0.001 |
|               WR.aw_channel_0                                                                     |     0.002 |
|                 aw_cmd_fsm_0                                                                      |    <0.001 |
|                 cmd_translator_0                                                                  |     0.001 |
|                   incr_cmd_0                                                                      |    <0.001 |
|                   wrap_cmd_0                                                                      |    <0.001 |
|               WR.b_channel_0                                                                      |    <0.001 |
|                 bid_fifo_0                                                                        |    <0.001 |
|                 bresp_fifo_0                                                                      |    <0.001 |
|     rst_ps7_0_100M                                                                                |    <0.001 |
|       U0                                                                                          |    <0.001 |
|         EXT_LPF                                                                                   |    <0.001 |
|           ACTIVE_LOW_AUX.ACT_LO_AUX                                                               |    <0.001 |
|           ACTIVE_LOW_EXT.ACT_LO_EXT                                                               |    <0.001 |
|         SEQ                                                                                       |    <0.001 |
|           SEQ_COUNTER                                                                             |    <0.001 |
|     sobel_0                                                                                       |     0.667 |
|       inst                                                                                        |     0.667 |
|         input_buffer_0_U                                                                          |     0.015 |
|           sobel_input_buffebkb_ram_U                                                              |     0.015 |
|         input_buffer_10_U                                                                         |     0.018 |
|           sobel_input_buffebkb_ram_U                                                              |     0.018 |
|         input_buffer_11_U                                                                         |     0.023 |
|           sobel_input_buffebkb_ram_U                                                              |     0.023 |
|         input_buffer_12_U                                                                         |     0.014 |
|           sobel_input_buffebkb_ram_U                                                              |     0.014 |
|         input_buffer_13_U                                                                         |     0.014 |
|           sobel_input_buffebkb_ram_U                                                              |     0.014 |
|         input_buffer_14_U                                                                         |     0.014 |
|           sobel_input_buffebkb_ram_U                                                              |     0.014 |
|         input_buffer_15_U                                                                         |     0.014 |
|           sobel_input_buffebkb_ram_U                                                              |     0.014 |
|         input_buffer_16_U                                                                         |     0.014 |
|           sobel_input_buffebkb_ram_U                                                              |     0.014 |
|         input_buffer_17_U                                                                         |     0.014 |
|           sobel_input_buffebkb_ram_U                                                              |     0.014 |
|         input_buffer_18_U                                                                         |     0.014 |
|           sobel_input_buffebkb_ram_U                                                              |     0.014 |
|         input_buffer_19_U                                                                         |     0.015 |
|           sobel_input_buffebkb_ram_U                                                              |     0.015 |
|         input_buffer_1_U                                                                          |     0.008 |
|           sobel_input_buffebkb_ram_U                                                              |     0.008 |
|         input_buffer_20_U                                                                         |     0.017 |
|           sobel_input_buffebkb_ram_U                                                              |     0.017 |
|         input_buffer_21_U                                                                         |     0.021 |
|           sobel_input_buffebkb_ram_U                                                              |     0.021 |
|         input_buffer_22_U                                                                         |     0.013 |
|           sobel_input_buffebkb_ram_U                                                              |     0.013 |
|         input_buffer_23_U                                                                         |     0.014 |
|           sobel_input_buffebkb_ram_U                                                              |     0.014 |
|         input_buffer_24_U                                                                         |     0.013 |
|           sobel_input_buffebkb_ram_U                                                              |     0.013 |
|         input_buffer_25_U                                                                         |     0.015 |
|           sobel_input_buffebkb_ram_U                                                              |     0.015 |
|         input_buffer_26_U                                                                         |     0.014 |
|           sobel_input_buffebkb_ram_U                                                              |     0.014 |
|         input_buffer_27_U                                                                         |     0.015 |
|           sobel_input_buffebkb_ram_U                                                              |     0.015 |
|         input_buffer_28_U                                                                         |     0.014 |
|           sobel_input_buffebkb_ram_U                                                              |     0.014 |
|         input_buffer_29_U                                                                         |     0.014 |
|           sobel_input_buffebkb_ram_U                                                              |     0.014 |
|         input_buffer_2_U                                                                          |     0.008 |
|           sobel_input_buffebkb_ram_U                                                              |     0.008 |
|         input_buffer_30_U                                                                         |     0.015 |
|           sobel_input_buffebkb_ram_U                                                              |     0.015 |
|         input_buffer_31_U                                                                         |     0.018 |
|           sobel_input_buffebkb_ram_U                                                              |     0.018 |
|         input_buffer_3_U                                                                          |     0.008 |
|           sobel_input_buffebkb_ram_U                                                              |     0.008 |
|         input_buffer_4_U                                                                          |     0.008 |
|           sobel_input_buffebkb_ram_U                                                              |     0.008 |
|         input_buffer_5_U                                                                          |     0.008 |
|           sobel_input_buffebkb_ram_U                                                              |     0.008 |
|         input_buffer_6_U                                                                          |     0.008 |
|           sobel_input_buffebkb_ram_U                                                              |     0.008 |
|         input_buffer_7_U                                                                          |     0.008 |
|           sobel_input_buffebkb_ram_U                                                              |     0.008 |
|         input_buffer_8_U                                                                          |     0.009 |
|           sobel_input_buffebkb_ram_U                                                              |     0.009 |
|         input_buffer_9_U                                                                          |     0.008 |
|           sobel_input_buffebkb_ram_U                                                              |     0.008 |
|         sobel_AXILiteS_s_axi_U                                                                    |     0.002 |
|         sobel_XSOBEL_INPUT_BUS_m_axi_U                                                            |     0.013 |
|           bus_read                                                                                |     0.013 |
|             buff_rdata                                                                            |     0.007 |
|             bus_wide_gen.fifo_burst                                                               |    <0.001 |
|             fifo_rctl                                                                             |    <0.001 |
|             fifo_rreq                                                                             |    <0.001 |
|             rs_rdata                                                                              |     0.001 |
|         sobel_XSOBEL_OUTPUT_BUS_m_axi_U                                                           |     0.014 |
|           bus_read                                                                                |    <0.001 |
|             buff_rdata                                                                            |    <0.001 |
|             rs_rdata                                                                              |    <0.001 |
|           bus_write                                                                               |     0.013 |
|             buff_wdata                                                                            |     0.008 |
|             bus_wide_gen.fifo_burst                                                               |    <0.001 |
|             fifo_resp                                                                             |    <0.001 |
|             fifo_resp_to_user                                                                     |    <0.001 |
|             fifo_wreq                                                                             |    <0.001 |
|           wreq_throttl                                                                            |    <0.001 |
|         sobel_urem_10ns_8IfE_U3                                                                   |     0.003 |
|           sobel_urem_10ns_8IfE_div_U                                                              |     0.003 |
|             sobel_urem_10ns_8IfE_div_u_0                                                          |     0.003 |
|         sobel_urem_10ns_8IfE_U5                                                                   |     0.002 |
|           sobel_urem_10ns_8IfE_div_U                                                              |     0.002 |
|             sobel_urem_10ns_8IfE_div_u_0                                                          |     0.002 |
|         sobel_urem_10ns_8IfE_U8                                                                   |     0.002 |
|           sobel_urem_10ns_8IfE_div_U                                                              |     0.002 |
|             sobel_urem_10ns_8IfE_div_u_0                                                          |     0.002 |
|         sobel_urem_11ns_8JfO_U10                                                                  |     0.003 |
|           sobel_urem_11ns_8JfO_div_U                                                              |     0.003 |
|             sobel_urem_11ns_8JfO_div_u_0                                                          |     0.002 |
|         sobel_urem_11ns_8JfO_U9                                                                   |     0.003 |
|           sobel_urem_11ns_8JfO_div_U                                                              |     0.003 |
|             sobel_urem_11ns_8JfO_div_u_0                                                          |     0.003 |
|         sobel_urem_12ns_8Hfu_U1                                                                   |     0.001 |
|           sobel_urem_12ns_8Hfu_div_U                                                              |     0.001 |
|             sobel_urem_12ns_8Hfu_div_u_0                                                          |     0.001 |
|         sobel_urem_12ns_8Hfu_U2                                                                   |     0.001 |
|           sobel_urem_12ns_8Hfu_div_U                                                              |     0.001 |
|             sobel_urem_12ns_8Hfu_div_u_0                                                          |     0.001 |
|         sobel_urem_12ns_8Hfu_U4                                                                   |     0.003 |
|           sobel_urem_12ns_8Hfu_div_U                                                              |     0.003 |
|             sobel_urem_12ns_8Hfu_div_u_0                                                          |     0.003 |
|         sobel_urem_12ns_8Hfu_U6                                                                   |     0.003 |
|           sobel_urem_12ns_8Hfu_div_U                                                              |     0.003 |
|             sobel_urem_12ns_8Hfu_div_u_0                                                          |     0.003 |
|         sobel_urem_12ns_8Hfu_U7                                                                   |     0.003 |
|           sobel_urem_12ns_8Hfu_div_U                                                              |     0.003 |
|             sobel_urem_12ns_8Hfu_div_u_0                                                          |     0.003 |
+---------------------------------------------------------------------------------------------------+-----------+


