16:01:26 INFO  : Registering command handlers for SDK TCF services
16:01:26 INFO  : Launching XSCT server: xsct -n -interactive /home/inf2013/nxiromeritis/embedded/ce435_2/lab2_interrupt_arm/lab2_interrupt_arm.sdk/temp_xsdb_launch_script.tcl
16:01:27 INFO  : XSCT server has started successfully.
16:01:27 INFO  : Successfully done setting XSCT server connection channel  
16:01:27 INFO  : Successfully done setting SDK workspace  
16:01:27 INFO  : Processing command line option -hwspec /home/inf2013/nxiromeritis/embedded/ce435_2/lab2_interrupt_arm/lab2_interrupt_arm.sdk/lab2_simple_arm_wrapper.hdf.
17:54:46 INFO  : Connected to target on host '127.0.0.1' and port '3121'.
17:54:46 INFO  : 'targets -set -filter {jtag_cable_name =~ "Digilent Zed 210248650917" && level==0} -index 1' command is executed.
17:54:51 INFO  : FPGA configured successfully with bitstream "/home/inf2013/nxiromeritis/embedded/ce435_2/lab2_interrupt_arm/lab2_interrupt_arm.sdk/lab2_simple_arm_wrapper_hw_platform_0/lab2_simple_arm_wrapper.bit"
17:55:18 INFO  : 'targets -set -filter {jtag_cable_name =~ "Digilent Zed 210248650917" && level==0} -index 1' command is executed.
17:55:18 INFO  : 'fpga -state' command is executed.
17:55:18 INFO  : Connected to target on host '127.0.0.1' and port '3121'.
17:55:19 INFO  : Jtag cable 'Digilent Zed 210248650917' is selected.
17:55:19 INFO  : 'jtag frequency' command is executed.
17:55:19 INFO  : Sourcing of '/home/inf2013/nxiromeritis/embedded/ce435_2/lab2_interrupt_arm/lab2_interrupt_arm.sdk/lab2_simple_arm_wrapper_hw_platform_0/ps7_init.tcl' is done.
17:55:19 INFO  : Context for 'APU' is selected.
17:55:19 INFO  : Hardware design information is loaded from '/home/inf2013/nxiromeritis/embedded/ce435_2/lab2_interrupt_arm/lab2_interrupt_arm.sdk/lab2_simple_arm_wrapper_hw_platform_0/system.hdf'.
17:55:19 INFO  : Context for 'APU' is selected.
17:55:19 INFO  : 'stop' command is executed.
17:55:23 INFO  : 'ps7_init' command is executed.
17:55:23 INFO  : 'ps7_post_config' command is executed.
17:55:23 INFO  : Context for processor 'ps7_cortexa9_0' is selected.
17:55:23 INFO  : Processor reset is completed for 'ps7_cortexa9_0'.
17:55:23 INFO  : Context for processor 'ps7_cortexa9_0' is selected.
17:55:25 ERROR : Memory write error at 0x100000. AP transaction timeout
17:55:25 INFO  : ----------------XSDB Script----------------
connect -url tcp:127.0.0.1:3121
source /home/inf2013/nxiromeritis/embedded/ce435_2/lab2_interrupt_arm/lab2_interrupt_arm.sdk/lab2_simple_arm_wrapper_hw_platform_0/ps7_init.tcl
targets -set -nocase -filter {name =~"APU*" && jtag_cable_name =~ "Digilent Zed 210248650917"} -index 0
loadhw /home/inf2013/nxiromeritis/embedded/ce435_2/lab2_interrupt_arm/lab2_interrupt_arm.sdk/lab2_simple_arm_wrapper_hw_platform_0/system.hdf
targets -set -nocase -filter {name =~"APU*" && jtag_cable_name =~ "Digilent Zed 210248650917"} -index 0
stop
ps7_init
ps7_post_config
targets -set -nocase -filter {name =~ "ARM*#0" && jtag_cable_name =~ "Digilent Zed 210248650917"} -index 0
rst -processor
targets -set -nocase -filter {name =~ "ARM*#0" && jtag_cable_name =~ "Digilent Zed 210248650917"} -index 0
dow /home/inf2013/nxiromeritis/embedded/ce435_2/lab2_interrupt_arm/lab2_interrupt_arm.sdk/lab2_interrupt/Debug/lab2_interrupt.elf
----------------End of Script----------------

17:56:18 INFO  : 'targets -set -filter {jtag_cable_name =~ "Digilent Zed 210248650917" && level==0} -index 1' command is executed.
17:56:18 INFO  : 'fpga -state' command is executed.
17:56:49 INFO  : Connected to target on host '127.0.0.1' and port '3121'.
17:56:49 INFO  : 'targets -set -filter {jtag_cable_name =~ "Digilent Zed 210248650917" && level==0} -index 1' command is executed.
17:56:49 ERROR : Cannot find memory context of target ARM_DAP
18:08:47 INFO  : Registering command handlers for SDK TCF services
18:08:48 INFO  : Launching XSCT server: xsct -n -interactive /home/inf2013/nxiromeritis/embedded/ce435_2/lab2_interrupt_arm/lab2_interrupt_arm.sdk/temp_xsdb_launch_script.tcl
18:08:51 INFO  : XSCT server has started successfully.
18:08:57 INFO  : Successfully done setting XSCT server connection channel  
18:08:57 INFO  : Successfully done setting SDK workspace  
18:08:57 INFO  : Processing command line option -hwspec /home/inf2013/nxiromeritis/embedded/ce435_2/lab2_interrupt_arm/lab2_interrupt_arm.sdk/lab2_simple_arm_wrapper.hdf.
18:08:57 INFO  : Checking for hwspec changes in the project lab2_simple_arm_wrapper_hw_platform_0.
18:09:02 INFO  : SDK has detected change in the last modified timestamps for source hardware specification file Source:1489507603000,  Project:1489499925000
18:09:02 INFO  : The hardware specification for project 'lab2_simple_arm_wrapper_hw_platform_0' is different from /home/inf2013/nxiromeritis/embedded/ce435_2/lab2_interrupt_arm/lab2_interrupt_arm.sdk/lab2_simple_arm_wrapper.hdf.
18:09:02 INFO  : Copied contents of /home/inf2013/nxiromeritis/embedded/ce435_2/lab2_interrupt_arm/lab2_interrupt_arm.sdk/lab2_simple_arm_wrapper.hdf into /lab2_simple_arm_wrapper_hw_platform_0/system.hdf.
18:09:07 INFO  : Synchronizing projects in the workspace with the hardware platform specification changes.
18:09:15 INFO  : 
18:09:16 INFO  : Updating hardware inferred compiler options for lab2_interrupt.
18:09:16 INFO  : Clearing existing target manager status.
18:13:03 INFO  : Refreshed build settings on project lab2_interrupt
18:13:59 INFO  : Connected to target on host '127.0.0.1' and port '3121'.
18:13:59 INFO  : 'targets -set -filter {jtag_cable_name =~ "Digilent Zed 210248650917" && level==0} -index 1' command is executed.
18:14:01 INFO  : FPGA configured successfully with bitstream "/home/inf2013/nxiromeritis/embedded/ce435_2/lab2_interrupt_arm/lab2_interrupt_arm.sdk/lab2_simple_arm_wrapper_hw_platform_0/lab2_simple_arm_wrapper.bit"
18:14:47 INFO  : 'targets -set -filter {jtag_cable_name =~ "Digilent Zed 210248650917" && level==0} -index 1' command is executed.
18:14:47 INFO  : 'fpga -state' command is executed.
18:14:47 INFO  : Connected to target on host '127.0.0.1' and port '3121'.
18:14:47 INFO  : Jtag cable 'Digilent Zed 210248650917' is selected.
18:14:47 INFO  : 'jtag frequency' command is executed.
18:14:47 INFO  : Sourcing of '/home/inf2013/nxiromeritis/embedded/ce435_2/lab2_interrupt_arm/lab2_interrupt_arm.sdk/lab2_simple_arm_wrapper_hw_platform_0/ps7_init.tcl' is done.
18:14:48 INFO  : Context for 'APU' is selected.
18:14:48 INFO  : Hardware design information is loaded from '/home/inf2013/nxiromeritis/embedded/ce435_2/lab2_interrupt_arm/lab2_interrupt_arm.sdk/lab2_simple_arm_wrapper_hw_platform_0/system.hdf'.
18:14:48 INFO  : Context for 'APU' is selected.
18:14:48 INFO  : 'stop' command is executed.
18:14:48 INFO  : 'ps7_init' command is executed.
18:14:48 INFO  : 'ps7_post_config' command is executed.
18:14:48 INFO  : Context for processor 'ps7_cortexa9_0' is selected.
18:14:48 INFO  : Processor reset is completed for 'ps7_cortexa9_0'.
18:14:49 INFO  : Context for processor 'ps7_cortexa9_0' is selected.
18:14:49 INFO  : The application '/home/inf2013/nxiromeritis/embedded/ce435_2/lab2_interrupt_arm/lab2_interrupt_arm.sdk/lab2_interrupt/Debug/lab2_interrupt.elf' is downloaded to processor 'ps7_cortexa9_0'.
18:14:49 INFO  : ----------------XSDB Script----------------
connect -url tcp:127.0.0.1:3121
source /home/inf2013/nxiromeritis/embedded/ce435_2/lab2_interrupt_arm/lab2_interrupt_arm.sdk/lab2_simple_arm_wrapper_hw_platform_0/ps7_init.tcl
targets -set -nocase -filter {name =~"APU*" && jtag_cable_name =~ "Digilent Zed 210248650917"} -index 0
loadhw /home/inf2013/nxiromeritis/embedded/ce435_2/lab2_interrupt_arm/lab2_interrupt_arm.sdk/lab2_simple_arm_wrapper_hw_platform_0/system.hdf
targets -set -nocase -filter {name =~"APU*" && jtag_cable_name =~ "Digilent Zed 210248650917"} -index 0
stop
ps7_init
ps7_post_config
targets -set -nocase -filter {name =~ "ARM*#0" && jtag_cable_name =~ "Digilent Zed 210248650917"} -index 0
rst -processor
targets -set -nocase -filter {name =~ "ARM*#0" && jtag_cable_name =~ "Digilent Zed 210248650917"} -index 0
dow /home/inf2013/nxiromeritis/embedded/ce435_2/lab2_interrupt_arm/lab2_interrupt_arm.sdk/lab2_interrupt/Debug/lab2_interrupt.elf
----------------End of Script----------------

18:14:49 INFO  : Memory regions updated for context APU
18:14:49 INFO  : Context for processor 'ps7_cortexa9_0' is selected.
18:14:49 INFO  : 'con' command is executed.
18:14:49 INFO  : ----------------XSDB Script (After Launch)----------------
targets -set -nocase -filter {name =~ "ARM*#0" && jtag_cable_name =~ "Digilent Zed 210248650917"} -index 0
con
----------------End of Script----------------

18:14:49 INFO  : Launch script is exported to file '/home/inf2013/nxiromeritis/embedded/ce435_2/lab2_interrupt_arm/lab2_interrupt_arm.sdk/.sdk/launch_scripts/xilinx_c-c++_application_(system_debugger)/system_debugger_using_debug_lab2_interrupt.elf_on_local.tcl'
18:54:39 INFO  : Launching XSCT server: xsct -n -interactive /home/nikolas/vivado_proj/Lab_2_interupt/lab2_interrupt_arm/lab2_interrupt_arm.sdk/temp_xsdb_launch_script.tcl
18:54:39 ERROR : (XSDB Server)awk: symbol lookup error: awk: undefined symbol: mpfr_z_sub

18:54:40 INFO  : XSCT server has started successfully.
18:54:41 INFO  : Successfully done setting XSCT server connection channel  
18:54:41 INFO  : Successfully done setting SDK workspace  
18:54:45 INFO  : Registering command handlers for SDK TCF services
18:54:45 INFO  : Processing command line option -hwspec /home/nikolas/vivado_proj/Lab_2_interupt/lab2_interrupt_arm/lab2_interrupt_arm.sdk/lab2_simple_arm_wrapper.hdf.
19:17:55 INFO  : Registering command handlers for SDK TCF services
19:17:55 INFO  : Launching XSCT server: xsct -n -interactive /home/nikolas/vivado_proj/Lab_2_interupt/lab2_interrupt_arm/lab2_interrupt_arm.sdk/temp_xsdb_launch_script.tcl
19:17:56 ERROR : (XSDB Server)awk: symbol lookup error: awk: undefined symbol: mpfr_z_sub

19:17:58 INFO  : XSCT server has started successfully.
19:17:58 INFO  : Successfully done setting XSCT server connection channel  
19:17:58 INFO  : Successfully done setting SDK workspace  
19:17:58 INFO  : Processing command line option -hwspec /home/nikolas/vivado_proj/Lab_2_interupt/lab2_interrupt_arm/lab2_interrupt_arm.sdk/lab2_simple_arm_wrapper.hdf.
19:17:58 INFO  : Checking for hwspec changes in the project lab2_simple_arm_wrapper_hw_platform_1.
21:08:07 INFO  : Launching XSCT server: xsct -n -interactive /home/nikolas/vivado_proj/Lab_2_interupt/lab2_interrupt_arm/lab2_interrupt_arm.sdk/temp_xsdb_launch_script.tcl
21:08:07 ERROR : (XSDB Server)awk: symbol lookup error: awk: undefined symbol: mpfr_z_sub

21:08:08 INFO  : XSCT server has started successfully.
21:08:08 INFO  : Successfully done setting XSCT server connection channel  
21:08:09 INFO  : Successfully done setting SDK workspace  
21:08:12 INFO  : Registering command handlers for SDK TCF services
21:08:12 INFO  : Processing command line option -hwspec /home/nikolas/vivado_proj/Lab_2_interupt/lab2_interrupt_arm/lab2_interrupt_arm.sdk/lab2_simple_arm_wrapper.hdf.
21:08:13 INFO  : Checking for hwspec changes in the project lab2_simple_arm_wrapper_hw_platform_1.
19:53:00 INFO  : Launching XSCT server: xsct -n -interactive /home/nikolas/vivado_proj/Lab_2_interupt/lab2_interrupt_arm/lab2_interrupt_arm.sdk/temp_xsdb_launch_script.tcl
19:53:01 ERROR : (XSDB Server)awk: symbol lookup error: awk: undefined symbol: mpfr_z_sub

19:53:02 INFO  : XSCT server has started successfully.
19:53:02 INFO  : Successfully done setting XSCT server connection channel  
19:53:02 INFO  : Successfully done setting SDK workspace  
19:53:06 INFO  : Registering command handlers for SDK TCF services
19:53:06 INFO  : Processing command line option -hwspec /home/nikolas/vivado_proj/Lab_2_interupt/lab2_interrupt_arm/lab2_interrupt_arm.sdk/lab2_simple_arm_wrapper.hdf.
19:53:07 INFO  : Checking for hwspec changes in the project lab2_simple_arm_wrapper_hw_platform_1.
20:32:15 INFO  : Connected to target on host '127.0.0.1' and port '3121'.
20:32:15 INFO  : 'targets -set -filter {jtag_cable_name =~ "Digilent Zed 210248650934" && level==0} -index 1' command is executed.
20:32:19 INFO  : FPGA configured successfully with bitstream "/home/nikolas/vivado_proj/Lab_2_interupt/lab2_interrupt_arm/lab2_interrupt_arm.sdk/lab2_simple_arm_wrapper_hw_platform_0/lab2_simple_arm_wrapper.bit"
20:34:47 INFO  : 'targets -set -filter {jtag_cable_name =~ "Digilent Zed 210248650934" && level==0} -index 1' command is executed.
20:34:47 INFO  : 'fpga -state' command is executed.
20:34:47 INFO  : Connected to target on host '127.0.0.1' and port '3121'.
20:34:47 INFO  : Jtag cable 'Digilent Zed 210248650934' is selected.
20:34:47 INFO  : 'jtag frequency' command is executed.
20:34:47 INFO  : Sourcing of '/home/nikolas/vivado_proj/Lab_2_interupt/lab2_interrupt_arm/lab2_interrupt_arm.sdk/lab2_simple_arm_wrapper_hw_platform_0/ps7_init.tcl' is done.
20:34:47 INFO  : Context for 'APU' is selected.
20:34:47 INFO  : Hardware design information is loaded from '/home/nikolas/vivado_proj/Lab_2_interupt/lab2_interrupt_arm/lab2_interrupt_arm.sdk/lab2_simple_arm_wrapper_hw_platform_0/system.hdf'.
20:34:48 INFO  : Context for 'APU' is selected.
20:34:48 INFO  : 'stop' command is executed.
20:34:48 INFO  : 'ps7_init' command is executed.
20:34:48 INFO  : 'ps7_post_config' command is executed.
20:34:48 INFO  : Context for processor 'ps7_cortexa9_0' is selected.
20:34:48 INFO  : Processor reset is completed for 'ps7_cortexa9_0'.
20:34:48 INFO  : Context for processor 'ps7_cortexa9_0' is selected.
20:34:48 INFO  : The application '/home/nikolas/vivado_proj/Lab_2_interupt/lab2_interrupt_arm/lab2_interrupt_arm.sdk/lab2_interrupt/Debug/lab2_interrupt.elf' is downloaded to processor 'ps7_cortexa9_0'.
20:34:48 INFO  : ----------------XSDB Script----------------
connect -url tcp:127.0.0.1:3121
source /home/nikolas/vivado_proj/Lab_2_interupt/lab2_interrupt_arm/lab2_interrupt_arm.sdk/lab2_simple_arm_wrapper_hw_platform_0/ps7_init.tcl
targets -set -nocase -filter {name =~"APU*" && jtag_cable_name =~ "Digilent Zed 210248650934"} -index 0
loadhw /home/nikolas/vivado_proj/Lab_2_interupt/lab2_interrupt_arm/lab2_interrupt_arm.sdk/lab2_simple_arm_wrapper_hw_platform_0/system.hdf
targets -set -nocase -filter {name =~"APU*" && jtag_cable_name =~ "Digilent Zed 210248650934"} -index 0
stop
ps7_init
ps7_post_config
targets -set -nocase -filter {name =~ "ARM*#0" && jtag_cable_name =~ "Digilent Zed 210248650934"} -index 0
rst -processor
targets -set -nocase -filter {name =~ "ARM*#0" && jtag_cable_name =~ "Digilent Zed 210248650934"} -index 0
dow /home/nikolas/vivado_proj/Lab_2_interupt/lab2_interrupt_arm/lab2_interrupt_arm.sdk/lab2_interrupt/Debug/lab2_interrupt.elf
----------------End of Script----------------

20:34:48 INFO  : Memory regions updated for context APU
20:34:48 INFO  : Context for processor 'ps7_cortexa9_0' is selected.
20:34:48 INFO  : 'con' command is executed.
20:34:48 INFO  : ----------------XSDB Script (After Launch)----------------
targets -set -nocase -filter {name =~ "ARM*#0" && jtag_cable_name =~ "Digilent Zed 210248650934"} -index 0
con
----------------End of Script----------------

20:34:48 INFO  : Launch script is exported to file '/home/nikolas/vivado_proj/Lab_2_interupt/lab2_interrupt_arm/lab2_interrupt_arm.sdk/.sdk/launch_scripts/xilinx_c-c++_application_(system_debugger)/system_debugger_using_debug_lab2_interrupt.elf_on_local.tcl'
20:38:43 INFO  : Connected to target on host '127.0.0.1' and port '3121'.
20:38:43 INFO  : 'targets -set -filter {jtag_cable_name =~ "Digilent Zed 210248650934" && level==0} -index 1' command is executed.
20:38:47 INFO  : FPGA configured successfully with bitstream "/home/nikolas/vivado_proj/Lab_2_interupt/lab2_interrupt_arm/lab2_interrupt_arm.sdk/lab2_simple_arm_wrapper_hw_platform_0/lab2_simple_arm_wrapper.bit"
20:39:07 INFO  : Disconnected from the channel tcfchan#1.
20:39:08 INFO  : 'targets -set -filter {jtag_cable_name =~ "Digilent Zed 210248650934" && level==0} -index 1' command is executed.
20:39:08 INFO  : 'fpga -state' command is executed.
20:39:08 INFO  : Connected to target on host '127.0.0.1' and port '3121'.
20:39:08 INFO  : Jtag cable 'Digilent Zed 210248650934' is selected.
20:39:08 INFO  : 'jtag frequency' command is executed.
20:39:09 INFO  : Sourcing of '/home/nikolas/vivado_proj/Lab_2_interupt/lab2_interrupt_arm/lab2_interrupt_arm.sdk/lab2_simple_arm_wrapper_hw_platform_0/ps7_init.tcl' is done.
20:39:09 INFO  : Context for 'APU' is selected.
20:39:10 INFO  : Hardware design information is loaded from '/home/nikolas/vivado_proj/Lab_2_interupt/lab2_interrupt_arm/lab2_interrupt_arm.sdk/lab2_simple_arm_wrapper_hw_platform_0/system.hdf'.
20:39:10 INFO  : Context for 'APU' is selected.
20:39:10 INFO  : 'stop' command is executed.
20:39:11 INFO  : 'ps7_init' command is executed.
20:39:11 INFO  : 'ps7_post_config' command is executed.
20:39:11 INFO  : Context for processor 'ps7_cortexa9_0' is selected.
20:39:11 INFO  : Processor reset is completed for 'ps7_cortexa9_0'.
20:39:11 INFO  : Context for processor 'ps7_cortexa9_0' is selected.
20:39:11 INFO  : The application '/home/nikolas/vivado_proj/Lab_2_interupt/lab2_interrupt_arm/lab2_interrupt_arm.sdk/lab2_interrupt/Debug/lab2_interrupt.elf' is downloaded to processor 'ps7_cortexa9_0'.
20:39:11 INFO  : ----------------XSDB Script----------------
connect -url tcp:127.0.0.1:3121
source /home/nikolas/vivado_proj/Lab_2_interupt/lab2_interrupt_arm/lab2_interrupt_arm.sdk/lab2_simple_arm_wrapper_hw_platform_0/ps7_init.tcl
targets -set -nocase -filter {name =~"APU*" && jtag_cable_name =~ "Digilent Zed 210248650934"} -index 0
loadhw /home/nikolas/vivado_proj/Lab_2_interupt/lab2_interrupt_arm/lab2_interrupt_arm.sdk/lab2_simple_arm_wrapper_hw_platform_0/system.hdf
targets -set -nocase -filter {name =~"APU*" && jtag_cable_name =~ "Digilent Zed 210248650934"} -index 0
stop
ps7_init
ps7_post_config
targets -set -nocase -filter {name =~ "ARM*#0" && jtag_cable_name =~ "Digilent Zed 210248650934"} -index 0
rst -processor
targets -set -nocase -filter {name =~ "ARM*#0" && jtag_cable_name =~ "Digilent Zed 210248650934"} -index 0
dow /home/nikolas/vivado_proj/Lab_2_interupt/lab2_interrupt_arm/lab2_interrupt_arm.sdk/lab2_interrupt/Debug/lab2_interrupt.elf
----------------End of Script----------------

20:39:11 INFO  : Memory regions updated for context APU
20:39:11 INFO  : Context for processor 'ps7_cortexa9_0' is selected.
20:39:11 INFO  : 'con' command is executed.
20:39:11 INFO  : ----------------XSDB Script (After Launch)----------------
targets -set -nocase -filter {name =~ "ARM*#0" && jtag_cable_name =~ "Digilent Zed 210248650934"} -index 0
con
----------------End of Script----------------

20:39:11 INFO  : Launch script is exported to file '/home/nikolas/vivado_proj/Lab_2_interupt/lab2_interrupt_arm/lab2_interrupt_arm.sdk/.sdk/launch_scripts/xilinx_c-c++_application_(system_debugger)/system_debugger_using_debug_lab2_interrupt.elf_on_local.tcl'
20:39:47 INFO  : Disconnected from the channel tcfchan#2.
20:39:48 INFO  : 'targets -set -filter {jtag_cable_name =~ "Digilent Zed 210248650934" && level==0} -index 1' command is executed.
20:39:48 INFO  : 'fpga -state' command is executed.
20:39:48 INFO  : Connected to target on host '127.0.0.1' and port '3121'.
20:39:48 INFO  : Jtag cable 'Digilent Zed 210248650934' is selected.
20:39:48 INFO  : 'jtag frequency' command is executed.
20:39:48 INFO  : Sourcing of '/home/nikolas/vivado_proj/Lab_2_interupt/lab2_interrupt_arm/lab2_interrupt_arm.sdk/lab2_simple_arm_wrapper_hw_platform_0/ps7_init.tcl' is done.
20:39:48 INFO  : Context for 'APU' is selected.
20:39:48 INFO  : Hardware design information is loaded from '/home/nikolas/vivado_proj/Lab_2_interupt/lab2_interrupt_arm/lab2_interrupt_arm.sdk/lab2_simple_arm_wrapper_hw_platform_0/system.hdf'.
20:39:49 INFO  : Context for 'APU' is selected.
20:39:49 INFO  : 'stop' command is executed.
20:39:49 INFO  : 'ps7_init' command is executed.
20:39:49 INFO  : 'ps7_post_config' command is executed.
20:39:49 INFO  : Context for processor 'ps7_cortexa9_0' is selected.
20:39:49 INFO  : Processor reset is completed for 'ps7_cortexa9_0'.
20:39:49 INFO  : Context for processor 'ps7_cortexa9_0' is selected.
20:39:49 INFO  : The application '/home/nikolas/vivado_proj/Lab_2_interupt/lab2_interrupt_arm/lab2_interrupt_arm.sdk/lab2_interrupt/Debug/lab2_interrupt.elf' is downloaded to processor 'ps7_cortexa9_0'.
20:39:49 INFO  : ----------------XSDB Script----------------
connect -url tcp:127.0.0.1:3121
source /home/nikolas/vivado_proj/Lab_2_interupt/lab2_interrupt_arm/lab2_interrupt_arm.sdk/lab2_simple_arm_wrapper_hw_platform_0/ps7_init.tcl
targets -set -nocase -filter {name =~"APU*" && jtag_cable_name =~ "Digilent Zed 210248650934"} -index 0
loadhw /home/nikolas/vivado_proj/Lab_2_interupt/lab2_interrupt_arm/lab2_interrupt_arm.sdk/lab2_simple_arm_wrapper_hw_platform_0/system.hdf
targets -set -nocase -filter {name =~"APU*" && jtag_cable_name =~ "Digilent Zed 210248650934"} -index 0
stop
ps7_init
ps7_post_config
targets -set -nocase -filter {name =~ "ARM*#0" && jtag_cable_name =~ "Digilent Zed 210248650934"} -index 0
rst -processor
targets -set -nocase -filter {name =~ "ARM*#0" && jtag_cable_name =~ "Digilent Zed 210248650934"} -index 0
dow /home/nikolas/vivado_proj/Lab_2_interupt/lab2_interrupt_arm/lab2_interrupt_arm.sdk/lab2_interrupt/Debug/lab2_interrupt.elf
----------------End of Script----------------

20:39:49 INFO  : Memory regions updated for context APU
20:39:49 INFO  : Context for processor 'ps7_cortexa9_0' is selected.
20:39:49 INFO  : 'con' command is executed.
20:39:49 INFO  : ----------------XSDB Script (After Launch)----------------
targets -set -nocase -filter {name =~ "ARM*#0" && jtag_cable_name =~ "Digilent Zed 210248650934"} -index 0
con
----------------End of Script----------------

20:39:49 INFO  : Launch script is exported to file '/home/nikolas/vivado_proj/Lab_2_interupt/lab2_interrupt_arm/lab2_interrupt_arm.sdk/.sdk/launch_scripts/xilinx_c-c++_application_(system_debugger)/system_debugger_using_debug_lab2_interrupt.elf_on_local.tcl'
20:41:29 INFO  : Connected to target on host '127.0.0.1' and port '3121'.
20:41:29 INFO  : 'targets -set -filter {jtag_cable_name =~ "Digilent Zed 210248650934" && level==0} -index 1' command is executed.
20:41:35 INFO  : FPGA configured successfully with bitstream "/home/nikolas/vivado_proj/Lab_2_interupt/lab2_interrupt_arm/lab2_interrupt_arm.sdk/lab2_simple_arm_wrapper_hw_platform_0/lab2_simple_arm_wrapper.bit"
20:41:56 INFO  : Disconnected from the channel tcfchan#3.
20:41:57 INFO  : 'targets -set -filter {jtag_cable_name =~ "Digilent Zed 210248650934" && level==0} -index 1' command is executed.
20:41:57 INFO  : 'fpga -state' command is executed.
20:41:57 INFO  : Connected to target on host '127.0.0.1' and port '3121'.
20:41:58 INFO  : Jtag cable 'Digilent Zed 210248650934' is selected.
20:41:58 INFO  : 'jtag frequency' command is executed.
20:41:58 INFO  : Sourcing of '/home/nikolas/vivado_proj/Lab_2_interupt/lab2_interrupt_arm/lab2_interrupt_arm.sdk/lab2_simple_arm_wrapper_hw_platform_0/ps7_init.tcl' is done.
20:41:58 INFO  : Context for 'APU' is selected.
20:41:58 INFO  : Hardware design information is loaded from '/home/nikolas/vivado_proj/Lab_2_interupt/lab2_interrupt_arm/lab2_interrupt_arm.sdk/lab2_simple_arm_wrapper_hw_platform_0/system.hdf'.
20:41:58 INFO  : Context for 'APU' is selected.
20:41:58 INFO  : 'stop' command is executed.
20:41:58 INFO  : 'ps7_init' command is executed.
20:41:58 INFO  : 'ps7_post_config' command is executed.
20:41:58 INFO  : Context for processor 'ps7_cortexa9_0' is selected.
20:41:58 INFO  : Processor reset is completed for 'ps7_cortexa9_0'.
20:41:58 INFO  : Context for processor 'ps7_cortexa9_0' is selected.
20:41:58 INFO  : The application '/home/nikolas/vivado_proj/Lab_2_interupt/lab2_interrupt_arm/lab2_interrupt_arm.sdk/lab2_interrupt/Debug/lab2_interrupt.elf' is downloaded to processor 'ps7_cortexa9_0'.
20:41:58 INFO  : ----------------XSDB Script----------------
connect -url tcp:127.0.0.1:3121
source /home/nikolas/vivado_proj/Lab_2_interupt/lab2_interrupt_arm/lab2_interrupt_arm.sdk/lab2_simple_arm_wrapper_hw_platform_0/ps7_init.tcl
targets -set -nocase -filter {name =~"APU*" && jtag_cable_name =~ "Digilent Zed 210248650934"} -index 0
loadhw /home/nikolas/vivado_proj/Lab_2_interupt/lab2_interrupt_arm/lab2_interrupt_arm.sdk/lab2_simple_arm_wrapper_hw_platform_0/system.hdf
targets -set -nocase -filter {name =~"APU*" && jtag_cable_name =~ "Digilent Zed 210248650934"} -index 0
stop
ps7_init
ps7_post_config
targets -set -nocase -filter {name =~ "ARM*#0" && jtag_cable_name =~ "Digilent Zed 210248650934"} -index 0
rst -processor
targets -set -nocase -filter {name =~ "ARM*#0" && jtag_cable_name =~ "Digilent Zed 210248650934"} -index 0
dow /home/nikolas/vivado_proj/Lab_2_interupt/lab2_interrupt_arm/lab2_interrupt_arm.sdk/lab2_interrupt/Debug/lab2_interrupt.elf
----------------End of Script----------------

20:41:58 INFO  : Memory regions updated for context APU
20:41:58 INFO  : Context for processor 'ps7_cortexa9_0' is selected.
20:41:58 INFO  : 'con' command is executed.
20:41:58 INFO  : ----------------XSDB Script (After Launch)----------------
targets -set -nocase -filter {name =~ "ARM*#0" && jtag_cable_name =~ "Digilent Zed 210248650934"} -index 0
con
----------------End of Script----------------

20:41:58 INFO  : Launch script is exported to file '/home/nikolas/vivado_proj/Lab_2_interupt/lab2_interrupt_arm/lab2_interrupt_arm.sdk/.sdk/launch_scripts/xilinx_c-c++_application_(system_debugger)/system_debugger_using_debug_lab2_interrupt.elf_on_local.tcl'
20:44:09 INFO  : Connected to target on host '127.0.0.1' and port '3121'.
20:44:48 INFO  : Connected to target on host '127.0.0.1' and port '3121'.
20:44:48 INFO  : 'targets -set -filter {jtag_cable_name =~ "Digilent Zed 210248650934" && level==0} -index 1' command is executed.
20:44:54 INFO  : FPGA configured successfully with bitstream "/home/nikolas/vivado_proj/Lab_2_interupt/lab2_interrupt_arm/lab2_interrupt_arm.sdk/lab2_simple_arm_wrapper_hw_platform_0/lab2_simple_arm_wrapper.bit"
20:45:25 INFO  : Disconnected from the channel tcfchan#4.
20:45:27 INFO  : 'targets -set -filter {jtag_cable_name =~ "Digilent Zed 210248650934" && level==0} -index 1' command is executed.
20:45:27 INFO  : 'fpga -state' command is executed.
20:45:27 INFO  : Connected to target on host '127.0.0.1' and port '3121'.
20:45:27 INFO  : Jtag cable 'Digilent Zed 210248650934' is selected.
20:45:27 INFO  : 'jtag frequency' command is executed.
20:45:27 INFO  : Sourcing of '/home/nikolas/vivado_proj/Lab_2_interupt/lab2_interrupt_arm/lab2_interrupt_arm.sdk/lab2_simple_arm_wrapper_hw_platform_0/ps7_init.tcl' is done.
20:45:27 INFO  : Context for 'APU' is selected.
20:45:27 INFO  : Hardware design information is loaded from '/home/nikolas/vivado_proj/Lab_2_interupt/lab2_interrupt_arm/lab2_interrupt_arm.sdk/lab2_simple_arm_wrapper_hw_platform_0/system.hdf'.
20:45:27 INFO  : Context for 'APU' is selected.
20:45:27 INFO  : 'stop' command is executed.
20:45:27 INFO  : 'ps7_init' command is executed.
20:45:27 INFO  : 'ps7_post_config' command is executed.
20:45:27 INFO  : Context for processor 'ps7_cortexa9_0' is selected.
20:45:27 INFO  : Processor reset is completed for 'ps7_cortexa9_0'.
20:45:27 INFO  : Context for processor 'ps7_cortexa9_0' is selected.
20:45:27 INFO  : The application '/home/nikolas/vivado_proj/Lab_2_interupt/lab2_interrupt_arm/lab2_interrupt_arm.sdk/lab2_interrupt/Debug/lab2_interrupt.elf' is downloaded to processor 'ps7_cortexa9_0'.
20:45:27 INFO  : ----------------XSDB Script----------------
connect -url tcp:127.0.0.1:3121
source /home/nikolas/vivado_proj/Lab_2_interupt/lab2_interrupt_arm/lab2_interrupt_arm.sdk/lab2_simple_arm_wrapper_hw_platform_0/ps7_init.tcl
targets -set -nocase -filter {name =~"APU*" && jtag_cable_name =~ "Digilent Zed 210248650934"} -index 0
loadhw /home/nikolas/vivado_proj/Lab_2_interupt/lab2_interrupt_arm/lab2_interrupt_arm.sdk/lab2_simple_arm_wrapper_hw_platform_0/system.hdf
targets -set -nocase -filter {name =~"APU*" && jtag_cable_name =~ "Digilent Zed 210248650934"} -index 0
stop
ps7_init
ps7_post_config
targets -set -nocase -filter {name =~ "ARM*#0" && jtag_cable_name =~ "Digilent Zed 210248650934"} -index 0
rst -processor
targets -set -nocase -filter {name =~ "ARM*#0" && jtag_cable_name =~ "Digilent Zed 210248650934"} -index 0
dow /home/nikolas/vivado_proj/Lab_2_interupt/lab2_interrupt_arm/lab2_interrupt_arm.sdk/lab2_interrupt/Debug/lab2_interrupt.elf
----------------End of Script----------------

20:45:27 INFO  : Memory regions updated for context APU
20:45:27 INFO  : Context for processor 'ps7_cortexa9_0' is selected.
20:45:27 INFO  : 'con' command is executed.
20:45:27 INFO  : ----------------XSDB Script (After Launch)----------------
targets -set -nocase -filter {name =~ "ARM*#0" && jtag_cable_name =~ "Digilent Zed 210248650934"} -index 0
con
----------------End of Script----------------

20:45:27 INFO  : Launch script is exported to file '/home/nikolas/vivado_proj/Lab_2_interupt/lab2_interrupt_arm/lab2_interrupt_arm.sdk/.sdk/launch_scripts/xilinx_c-c++_application_(system_debugger)/system_debugger_using_debug_lab2_interrupt.elf_on_local.tcl'
20:45:57 INFO  : Disconnected from the channel tcfchan#5.
20:45:58 INFO  : 'targets -set -filter {jtag_cable_name =~ "Digilent Zed 210248650934" && level==0} -index 1' command is executed.
20:45:58 INFO  : 'fpga -state' command is executed.
20:45:58 INFO  : Connected to target on host '127.0.0.1' and port '3121'.
20:45:58 INFO  : Jtag cable 'Digilent Zed 210248650934' is selected.
20:45:58 INFO  : 'jtag frequency' command is executed.
20:45:58 INFO  : Sourcing of '/home/nikolas/vivado_proj/Lab_2_interupt/lab2_interrupt_arm/lab2_interrupt_arm.sdk/lab2_simple_arm_wrapper_hw_platform_0/ps7_init.tcl' is done.
20:45:58 INFO  : Context for 'APU' is selected.
20:45:58 INFO  : Hardware design information is loaded from '/home/nikolas/vivado_proj/Lab_2_interupt/lab2_interrupt_arm/lab2_interrupt_arm.sdk/lab2_simple_arm_wrapper_hw_platform_0/system.hdf'.
20:45:58 INFO  : Context for 'APU' is selected.
20:45:58 INFO  : 'stop' command is executed.
20:45:58 INFO  : 'ps7_init' command is executed.
20:45:58 INFO  : 'ps7_post_config' command is executed.
20:45:58 INFO  : Context for processor 'ps7_cortexa9_0' is selected.
20:45:58 INFO  : Processor reset is completed for 'ps7_cortexa9_0'.
20:45:59 INFO  : Context for processor 'ps7_cortexa9_0' is selected.
20:45:59 INFO  : The application '/home/nikolas/vivado_proj/Lab_2_interupt/lab2_interrupt_arm/lab2_interrupt_arm.sdk/lab2_interrupt/Debug/lab2_interrupt.elf' is downloaded to processor 'ps7_cortexa9_0'.
20:45:59 INFO  : ----------------XSDB Script----------------
connect -url tcp:127.0.0.1:3121
source /home/nikolas/vivado_proj/Lab_2_interupt/lab2_interrupt_arm/lab2_interrupt_arm.sdk/lab2_simple_arm_wrapper_hw_platform_0/ps7_init.tcl
targets -set -nocase -filter {name =~"APU*" && jtag_cable_name =~ "Digilent Zed 210248650934"} -index 0
loadhw /home/nikolas/vivado_proj/Lab_2_interupt/lab2_interrupt_arm/lab2_interrupt_arm.sdk/lab2_simple_arm_wrapper_hw_platform_0/system.hdf
targets -set -nocase -filter {name =~"APU*" && jtag_cable_name =~ "Digilent Zed 210248650934"} -index 0
stop
ps7_init
ps7_post_config
targets -set -nocase -filter {name =~ "ARM*#0" && jtag_cable_name =~ "Digilent Zed 210248650934"} -index 0
rst -processor
targets -set -nocase -filter {name =~ "ARM*#0" && jtag_cable_name =~ "Digilent Zed 210248650934"} -index 0
dow /home/nikolas/vivado_proj/Lab_2_interupt/lab2_interrupt_arm/lab2_interrupt_arm.sdk/lab2_interrupt/Debug/lab2_interrupt.elf
----------------End of Script----------------

20:45:59 INFO  : Memory regions updated for context APU
20:45:59 INFO  : Context for processor 'ps7_cortexa9_0' is selected.
20:45:59 INFO  : 'con' command is executed.
20:45:59 INFO  : ----------------XSDB Script (After Launch)----------------
targets -set -nocase -filter {name =~ "ARM*#0" && jtag_cable_name =~ "Digilent Zed 210248650934"} -index 0
con
----------------End of Script----------------

20:45:59 INFO  : Launch script is exported to file '/home/nikolas/vivado_proj/Lab_2_interupt/lab2_interrupt_arm/lab2_interrupt_arm.sdk/.sdk/launch_scripts/xilinx_c-c++_application_(system_debugger)/system_debugger_using_debug_lab2_interrupt.elf_on_local.tcl'
20:46:36 INFO  : Connected to target on host '127.0.0.1' and port '3121'.
20:46:36 INFO  : 'targets -set -filter {jtag_cable_name =~ "Digilent Zed 210248650934" && level==0} -index 1' command is executed.
20:46:42 INFO  : FPGA configured successfully with bitstream "/home/nikolas/vivado_proj/Lab_2_interupt/lab2_interrupt_arm/lab2_interrupt_arm.sdk/lab2_simple_arm_wrapper_hw_platform_0/lab2_simple_arm_wrapper.bit"
20:47:26 INFO  : Disconnected from the channel tcfchan#6.
20:47:27 INFO  : 'targets -set -filter {jtag_cable_name =~ "Digilent Zed 210248650934" && level==0} -index 1' command is executed.
20:47:27 INFO  : 'fpga -state' command is executed.
20:47:27 INFO  : Connected to target on host '127.0.0.1' and port '3121'.
20:47:28 INFO  : Jtag cable 'Digilent Zed 210248650934' is selected.
20:47:28 INFO  : 'jtag frequency' command is executed.
20:47:28 INFO  : Sourcing of '/home/nikolas/vivado_proj/Lab_2_interupt/lab2_interrupt_arm/lab2_interrupt_arm.sdk/lab2_simple_arm_wrapper_hw_platform_0/ps7_init.tcl' is done.
20:47:28 INFO  : Context for 'APU' is selected.
20:47:28 INFO  : Hardware design information is loaded from '/home/nikolas/vivado_proj/Lab_2_interupt/lab2_interrupt_arm/lab2_interrupt_arm.sdk/lab2_simple_arm_wrapper_hw_platform_0/system.hdf'.
20:47:28 INFO  : Context for 'APU' is selected.
20:47:28 INFO  : 'stop' command is executed.
20:47:28 INFO  : 'ps7_init' command is executed.
20:47:28 INFO  : 'ps7_post_config' command is executed.
20:47:28 INFO  : Context for processor 'ps7_cortexa9_0' is selected.
20:47:28 INFO  : Processor reset is completed for 'ps7_cortexa9_0'.
20:47:28 INFO  : Context for processor 'ps7_cortexa9_0' is selected.
20:47:28 INFO  : The application '/home/nikolas/vivado_proj/Lab_2_interupt/lab2_interrupt_arm/lab2_interrupt_arm.sdk/lab2_interrupt/Debug/lab2_interrupt.elf' is downloaded to processor 'ps7_cortexa9_0'.
20:47:28 INFO  : ----------------XSDB Script----------------
connect -url tcp:127.0.0.1:3121
source /home/nikolas/vivado_proj/Lab_2_interupt/lab2_interrupt_arm/lab2_interrupt_arm.sdk/lab2_simple_arm_wrapper_hw_platform_0/ps7_init.tcl
targets -set -nocase -filter {name =~"APU*" && jtag_cable_name =~ "Digilent Zed 210248650934"} -index 0
loadhw /home/nikolas/vivado_proj/Lab_2_interupt/lab2_interrupt_arm/lab2_interrupt_arm.sdk/lab2_simple_arm_wrapper_hw_platform_0/system.hdf
targets -set -nocase -filter {name =~"APU*" && jtag_cable_name =~ "Digilent Zed 210248650934"} -index 0
stop
ps7_init
ps7_post_config
targets -set -nocase -filter {name =~ "ARM*#0" && jtag_cable_name =~ "Digilent Zed 210248650934"} -index 0
rst -processor
targets -set -nocase -filter {name =~ "ARM*#0" && jtag_cable_name =~ "Digilent Zed 210248650934"} -index 0
dow /home/nikolas/vivado_proj/Lab_2_interupt/lab2_interrupt_arm/lab2_interrupt_arm.sdk/lab2_interrupt/Debug/lab2_interrupt.elf
----------------End of Script----------------

20:47:28 INFO  : Memory regions updated for context APU
20:47:28 INFO  : Context for processor 'ps7_cortexa9_0' is selected.
20:47:28 INFO  : 'con' command is executed.
20:47:28 INFO  : ----------------XSDB Script (After Launch)----------------
targets -set -nocase -filter {name =~ "ARM*#0" && jtag_cable_name =~ "Digilent Zed 210248650934"} -index 0
con
----------------End of Script----------------

20:47:28 INFO  : Launch script is exported to file '/home/nikolas/vivado_proj/Lab_2_interupt/lab2_interrupt_arm/lab2_interrupt_arm.sdk/.sdk/launch_scripts/xilinx_c-c++_application_(system_debugger)/system_debugger_using_debug_lab2_interrupt.elf_on_local.tcl'
20:51:13 INFO  : Connected to target on host '127.0.0.1' and port '3121'.
20:51:13 INFO  : 'targets -set -filter {jtag_cable_name =~ "Digilent Zed 210248650934" && level==0} -index 1' command is executed.
20:51:18 INFO  : FPGA configured successfully with bitstream "/home/nikolas/vivado_proj/Lab_2_interupt/lab2_interrupt_arm/lab2_interrupt_arm.sdk/lab2_simple_arm_wrapper_hw_platform_0/lab2_simple_arm_wrapper.bit"
20:51:25 INFO  : Connected to target on host '127.0.0.1' and port '3121'.
20:51:26 INFO  : 'targets -set -filter {jtag_cable_name =~ "Digilent Zed 210248650934" && level==0} -index 1' command is executed.
20:51:30 INFO  : FPGA configured successfully with bitstream "/home/nikolas/vivado_proj/Lab_2_interupt/lab2_interrupt_arm/lab2_interrupt_arm.sdk/lab2_simple_arm_wrapper_hw_platform_0/lab2_simple_arm_wrapper.bit"
20:52:09 INFO  : Connected to target on host '127.0.0.1' and port '3121'.
20:52:09 INFO  : 'targets -set -filter {jtag_cable_name =~ "Digilent Zed 210248650934" && level==0} -index 1' command is executed.
20:52:14 INFO  : FPGA configured successfully with bitstream "/home/nikolas/vivado_proj/Lab_2_interupt/lab2_interrupt_arm/lab2_interrupt_arm.sdk/lab2_simple_arm_wrapper_hw_platform_0/lab2_simple_arm_wrapper.bit"
20:52:27 INFO  : Disconnected from the channel tcfchan#7.
20:52:28 INFO  : 'targets -set -filter {jtag_cable_name =~ "Digilent Zed 210248650934" && level==0} -index 1' command is executed.
20:52:28 INFO  : 'fpga -state' command is executed.
20:52:28 INFO  : Connected to target on host '127.0.0.1' and port '3121'.
20:52:28 INFO  : Jtag cable 'Digilent Zed 210248650934' is selected.
20:52:28 INFO  : 'jtag frequency' command is executed.
20:52:28 INFO  : Sourcing of '/home/nikolas/vivado_proj/Lab_2_interupt/lab2_interrupt_arm/lab2_interrupt_arm.sdk/lab2_simple_arm_wrapper_hw_platform_0/ps7_init.tcl' is done.
20:52:28 INFO  : Context for 'APU' is selected.
20:52:28 INFO  : Hardware design information is loaded from '/home/nikolas/vivado_proj/Lab_2_interupt/lab2_interrupt_arm/lab2_interrupt_arm.sdk/lab2_simple_arm_wrapper_hw_platform_0/system.hdf'.
20:52:28 INFO  : Context for 'APU' is selected.
20:52:28 INFO  : 'stop' command is executed.
20:52:29 INFO  : 'ps7_init' command is executed.
20:52:29 INFO  : 'ps7_post_config' command is executed.
20:52:29 INFO  : Context for processor 'ps7_cortexa9_0' is selected.
20:52:29 INFO  : Processor reset is completed for 'ps7_cortexa9_0'.
20:52:29 INFO  : Context for processor 'ps7_cortexa9_0' is selected.
20:52:29 INFO  : The application '/home/nikolas/vivado_proj/Lab_2_interupt/lab2_interrupt_arm/lab2_interrupt_arm.sdk/lab2_interrupt/Debug/lab2_interrupt.elf' is downloaded to processor 'ps7_cortexa9_0'.
20:52:29 INFO  : ----------------XSDB Script----------------
connect -url tcp:127.0.0.1:3121
source /home/nikolas/vivado_proj/Lab_2_interupt/lab2_interrupt_arm/lab2_interrupt_arm.sdk/lab2_simple_arm_wrapper_hw_platform_0/ps7_init.tcl
targets -set -nocase -filter {name =~"APU*" && jtag_cable_name =~ "Digilent Zed 210248650934"} -index 0
loadhw /home/nikolas/vivado_proj/Lab_2_interupt/lab2_interrupt_arm/lab2_interrupt_arm.sdk/lab2_simple_arm_wrapper_hw_platform_0/system.hdf
targets -set -nocase -filter {name =~"APU*" && jtag_cable_name =~ "Digilent Zed 210248650934"} -index 0
stop
ps7_init
ps7_post_config
targets -set -nocase -filter {name =~ "ARM*#0" && jtag_cable_name =~ "Digilent Zed 210248650934"} -index 0
rst -processor
targets -set -nocase -filter {name =~ "ARM*#0" && jtag_cable_name =~ "Digilent Zed 210248650934"} -index 0
dow /home/nikolas/vivado_proj/Lab_2_interupt/lab2_interrupt_arm/lab2_interrupt_arm.sdk/lab2_interrupt/Debug/lab2_interrupt.elf
----------------End of Script----------------

20:52:29 INFO  : Memory regions updated for context APU
20:52:29 INFO  : Context for processor 'ps7_cortexa9_0' is selected.
20:52:29 INFO  : 'con' command is executed.
20:52:29 INFO  : ----------------XSDB Script (After Launch)----------------
targets -set -nocase -filter {name =~ "ARM*#0" && jtag_cable_name =~ "Digilent Zed 210248650934"} -index 0
con
----------------End of Script----------------

20:52:29 INFO  : Launch script is exported to file '/home/nikolas/vivado_proj/Lab_2_interupt/lab2_interrupt_arm/lab2_interrupt_arm.sdk/.sdk/launch_scripts/xilinx_c-c++_application_(system_debugger)/system_debugger_using_debug_lab2_interrupt.elf_on_local.tcl'
20:57:09 INFO  : Connected to target on host '127.0.0.1' and port '3121'.
20:57:09 INFO  : 'targets -set -filter {jtag_cable_name =~ "Digilent Zed 210248650934" && level==0} -index 1' command is executed.
20:57:15 INFO  : FPGA configured successfully with bitstream "/home/nikolas/vivado_proj/Lab_2_interupt/lab2_interrupt_arm/lab2_interrupt_arm.sdk/lab2_simple_arm_wrapper_hw_platform_1/lab2_simple_arm_wrapper.bit"
20:57:27 INFO  : Disconnected from the channel tcfchan#8.
20:57:28 INFO  : Connected to target on host '127.0.0.1' and port '3121'.
20:57:28 INFO  : Jtag cable 'Digilent Zed 210248650934' is selected.
20:57:28 INFO  : 'jtag frequency' command is executed.
20:57:28 INFO  : Sourcing of '/home/nikolas/vivado_proj/Lab_2_interupt/lab2_interrupt_arm/lab2_interrupt_arm.sdk/lab2_simple_arm_wrapper_hw_platform_0/ps7_init.tcl' is done.
20:57:28 INFO  : 'targets -set -filter {jtag_cable_name =~ "Digilent Zed 210248650934" && level==0} -index 1' command is executed.
20:57:33 INFO  : FPGA configured successfully with bitstream "/home/nikolas/vivado_proj/Lab_2_interupt/lab2_interrupt_arm/lab2_interrupt_arm.sdk/lab2_simple_arm_wrapper_hw_platform_0/lab2_simple_arm_wrapper.bit"
20:57:33 INFO  : Context for 'APU' is selected.
20:57:33 INFO  : Hardware design information is loaded from '/home/nikolas/vivado_proj/Lab_2_interupt/lab2_interrupt_arm/lab2_interrupt_arm.sdk/lab2_simple_arm_wrapper_hw_platform_0/system.hdf'.
20:57:33 INFO  : Context for 'APU' is selected.
20:57:33 INFO  : 'stop' command is executed.
20:57:33 INFO  : 'ps7_init' command is executed.
20:57:33 INFO  : 'ps7_post_config' command is executed.
20:57:33 INFO  : Context for processor 'ps7_cortexa9_0' is selected.
20:57:33 INFO  : Processor reset is completed for 'ps7_cortexa9_0'.
20:57:33 INFO  : Context for processor 'ps7_cortexa9_0' is selected.
20:57:33 INFO  : The application '/home/nikolas/vivado_proj/Lab_2_interupt/lab2_interrupt_arm/lab2_interrupt_arm.sdk/lab2_interrupt/Debug/lab2_interrupt.elf' is downloaded to processor 'ps7_cortexa9_0'.
20:57:33 INFO  : ----------------XSDB Script----------------
connect -url tcp:127.0.0.1:3121
source /home/nikolas/vivado_proj/Lab_2_interupt/lab2_interrupt_arm/lab2_interrupt_arm.sdk/lab2_simple_arm_wrapper_hw_platform_0/ps7_init.tcl
targets -set -filter {jtag_cable_name =~ "Digilent Zed 210248650934" && level==0} -index 1
fpga -file /home/nikolas/vivado_proj/Lab_2_interupt/lab2_interrupt_arm/lab2_interrupt_arm.sdk/lab2_simple_arm_wrapper_hw_platform_0/lab2_simple_arm_wrapper.bit
targets -set -nocase -filter {name =~"APU*" && jtag_cable_name =~ "Digilent Zed 210248650934"} -index 0
loadhw /home/nikolas/vivado_proj/Lab_2_interupt/lab2_interrupt_arm/lab2_interrupt_arm.sdk/lab2_simple_arm_wrapper_hw_platform_0/system.hdf
targets -set -nocase -filter {name =~"APU*" && jtag_cable_name =~ "Digilent Zed 210248650934"} -index 0
stop
ps7_init
ps7_post_config
targets -set -nocase -filter {name =~ "ARM*#0" && jtag_cable_name =~ "Digilent Zed 210248650934"} -index 0
rst -processor
targets -set -nocase -filter {name =~ "ARM*#0" && jtag_cable_name =~ "Digilent Zed 210248650934"} -index 0
dow /home/nikolas/vivado_proj/Lab_2_interupt/lab2_interrupt_arm/lab2_interrupt_arm.sdk/lab2_interrupt/Debug/lab2_interrupt.elf
----------------End of Script----------------

20:57:33 INFO  : Memory regions updated for context APU
20:57:34 INFO  : Context for processor 'ps7_cortexa9_0' is selected.
20:57:34 INFO  : 'con' command is executed.
20:57:34 INFO  : ----------------XSDB Script (After Launch)----------------
targets -set -nocase -filter {name =~ "ARM*#0" && jtag_cable_name =~ "Digilent Zed 210248650934"} -index 0
con
----------------End of Script----------------

20:57:34 INFO  : Launch script is exported to file '/home/nikolas/vivado_proj/Lab_2_interupt/lab2_interrupt_arm/lab2_interrupt_arm.sdk/.sdk/launch_scripts/xilinx_c-c++_application_(system_debugger)/system_debugger_using_debug_lab2_interrupt.elf_on_local.tcl'
21:06:17 INFO  : Connected to target on host '127.0.0.1' and port '3121'.
21:06:17 INFO  : 'targets -set -filter {jtag_cable_name =~ "Digilent Zed 210248650934" && level==0} -index 1' command is executed.
21:06:22 INFO  : FPGA configured successfully with bitstream "/home/nikolas/vivado_proj/Lab_2_interupt/lab2_interrupt_arm/lab2_interrupt_arm.sdk/lab2_simple_arm_wrapper_hw_platform_1/lab2_simple_arm_wrapper.bit"
21:06:51 INFO  : 'targets -set -filter {jtag_cable_name =~ "Digilent Zed 210248650934" && level==0} -index 1' command is executed.
21:06:51 INFO  : 'fpga -state' command is executed.
21:06:51 INFO  : Connected to target on host '127.0.0.1' and port '3121'.
21:06:51 INFO  : Jtag cable 'Digilent Zed 210248650934' is selected.
21:06:51 INFO  : 'jtag frequency' command is executed.
21:06:51 INFO  : Sourcing of '/home/nikolas/vivado_proj/Lab_2_interupt/lab2_interrupt_arm/lab2_interrupt_arm.sdk/lab2_simple_arm_wrapper_hw_platform_1/ps7_init.tcl' is done.
21:06:51 INFO  : Context for 'APU' is selected.
21:06:51 INFO  : Hardware design information is loaded from '/home/nikolas/vivado_proj/Lab_2_interupt/lab2_interrupt_arm/lab2_interrupt_arm.sdk/lab2_simple_arm_wrapper_hw_platform_1/system.hdf'.
21:06:51 INFO  : Context for 'APU' is selected.
21:06:51 INFO  : 'stop' command is executed.
21:06:51 INFO  : 'ps7_init' command is executed.
21:06:51 INFO  : 'ps7_post_config' command is executed.
21:06:51 INFO  : Context for processor 'ps7_cortexa9_0' is selected.
21:06:51 INFO  : Processor reset is completed for 'ps7_cortexa9_0'.
21:06:51 INFO  : Context for processor 'ps7_cortexa9_0' is selected.
21:06:52 INFO  : The application '/home/nikolas/vivado_proj/Lab_2_interupt/lab2_interrupt_arm/lab2_interrupt_arm.sdk/Lab2_test/Debug/Lab2_test.elf' is downloaded to processor 'ps7_cortexa9_0'.
21:06:52 INFO  : ----------------XSDB Script----------------
connect -url tcp:127.0.0.1:3121
source /home/nikolas/vivado_proj/Lab_2_interupt/lab2_interrupt_arm/lab2_interrupt_arm.sdk/lab2_simple_arm_wrapper_hw_platform_1/ps7_init.tcl
targets -set -nocase -filter {name =~"APU*" && jtag_cable_name =~ "Digilent Zed 210248650934"} -index 0
loadhw /home/nikolas/vivado_proj/Lab_2_interupt/lab2_interrupt_arm/lab2_interrupt_arm.sdk/lab2_simple_arm_wrapper_hw_platform_1/system.hdf
targets -set -nocase -filter {name =~"APU*" && jtag_cable_name =~ "Digilent Zed 210248650934"} -index 0
stop
ps7_init
ps7_post_config
targets -set -nocase -filter {name =~ "ARM*#0" && jtag_cable_name =~ "Digilent Zed 210248650934"} -index 0
rst -processor
targets -set -nocase -filter {name =~ "ARM*#0" && jtag_cable_name =~ "Digilent Zed 210248650934"} -index 0
dow /home/nikolas/vivado_proj/Lab_2_interupt/lab2_interrupt_arm/lab2_interrupt_arm.sdk/Lab2_test/Debug/Lab2_test.elf
----------------End of Script----------------

21:06:52 INFO  : Memory regions updated for context APU
21:06:52 INFO  : Context for processor 'ps7_cortexa9_0' is selected.
21:06:52 INFO  : 'con' command is executed.
21:06:52 INFO  : ----------------XSDB Script (After Launch)----------------
targets -set -nocase -filter {name =~ "ARM*#0" && jtag_cable_name =~ "Digilent Zed 210248650934"} -index 0
con
----------------End of Script----------------

21:06:52 INFO  : Launch script is exported to file '/home/nikolas/vivado_proj/Lab_2_interupt/lab2_interrupt_arm/lab2_interrupt_arm.sdk/.sdk/launch_scripts/xilinx_c-c++_application_(system_debugger)/system_debugger_using_debug_lab2_test.elf_on_local.tcl'
21:07:11 INFO  : Disconnected from the channel tcfchan#9.
21:07:11 WARN  : channel "tcfchan#9" closed
21:08:04 INFO  : Registering command handlers for SDK TCF services
21:08:05 INFO  : Launching XSCT server: xsct -n -interactive /home/nikolas/vivado_proj/Lab_2_interupt/lab2_interrupt_arm/lab2_interrupt_arm.sdk/temp_xsdb_launch_script.tcl
21:08:05 ERROR : (XSDB Server)awk: symbol lookup error: awk: undefined symbol: mpfr_z_sub

21:08:06 INFO  : XSCT server has started successfully.
21:08:06 INFO  : Successfully done setting XSCT server connection channel  
21:08:06 INFO  : Successfully done setting SDK workspace  
21:08:06 INFO  : Processing command line option -hwspec /home/nikolas/vivado_proj/Lab_2_interupt/lab2_interrupt_arm/lab2_interrupt_arm.sdk/lab2_simple_arm_wrapper.hdf.
21:08:06 INFO  : Checking for hwspec changes in the project lab2_simple_arm_wrapper_hw_platform_1.
21:09:30 INFO  : Connected to target on host '127.0.0.1' and port '3121'.
21:09:30 INFO  : 'targets -set -filter {jtag_cable_name =~ "Digilent Zed 210248650934" && level==0} -index 1' command is executed.
21:09:33 INFO  : FPGA configured successfully with bitstream "/home/nikolas/vivado_proj/Lab_2_interupt/lab2_interrupt_arm/lab2_interrupt_arm.sdk/lab2_simple_arm_wrapper_hw_platform_0/lab2_simple_arm_wrapper.bit"
21:09:48 INFO  : 'targets -set -filter {jtag_cable_name =~ "Digilent Zed 210248650934" && level==0} -index 1' command is executed.
21:09:48 INFO  : 'fpga -state' command is executed.
21:09:48 INFO  : Connected to target on host '127.0.0.1' and port '3121'.
21:09:48 INFO  : Jtag cable 'Digilent Zed 210248650934' is selected.
21:09:48 INFO  : 'jtag frequency' command is executed.
21:09:48 INFO  : Sourcing of '/home/nikolas/vivado_proj/Lab_2_interupt/lab2_interrupt_arm/lab2_interrupt_arm.sdk/lab2_simple_arm_wrapper_hw_platform_1/ps7_init.tcl' is done.
21:09:48 INFO  : Context for 'APU' is selected.
21:09:48 INFO  : Hardware design information is loaded from '/home/nikolas/vivado_proj/Lab_2_interupt/lab2_interrupt_arm/lab2_interrupt_arm.sdk/lab2_simple_arm_wrapper_hw_platform_1/system.hdf'.
21:09:48 INFO  : Context for 'APU' is selected.
21:09:48 INFO  : 'stop' command is executed.
21:09:48 INFO  : 'ps7_init' command is executed.
21:09:48 INFO  : 'ps7_post_config' command is executed.
21:09:48 INFO  : Context for processor 'ps7_cortexa9_0' is selected.
21:09:48 INFO  : Processor reset is completed for 'ps7_cortexa9_0'.
21:09:48 INFO  : Context for processor 'ps7_cortexa9_0' is selected.
21:09:49 INFO  : The application '/home/nikolas/vivado_proj/Lab_2_interupt/lab2_interrupt_arm/lab2_interrupt_arm.sdk/Lab2_test/Debug/Lab2_test.elf' is downloaded to processor 'ps7_cortexa9_0'.
21:09:49 INFO  : ----------------XSDB Script----------------
connect -url tcp:127.0.0.1:3121
source /home/nikolas/vivado_proj/Lab_2_interupt/lab2_interrupt_arm/lab2_interrupt_arm.sdk/lab2_simple_arm_wrapper_hw_platform_1/ps7_init.tcl
targets -set -nocase -filter {name =~"APU*" && jtag_cable_name =~ "Digilent Zed 210248650934"} -index 0
loadhw /home/nikolas/vivado_proj/Lab_2_interupt/lab2_interrupt_arm/lab2_interrupt_arm.sdk/lab2_simple_arm_wrapper_hw_platform_1/system.hdf
targets -set -nocase -filter {name =~"APU*" && jtag_cable_name =~ "Digilent Zed 210248650934"} -index 0
stop
ps7_init
ps7_post_config
targets -set -nocase -filter {name =~ "ARM*#0" && jtag_cable_name =~ "Digilent Zed 210248650934"} -index 0
rst -processor
targets -set -nocase -filter {name =~ "ARM*#0" && jtag_cable_name =~ "Digilent Zed 210248650934"} -index 0
dow /home/nikolas/vivado_proj/Lab_2_interupt/lab2_interrupt_arm/lab2_interrupt_arm.sdk/Lab2_test/Debug/Lab2_test.elf
----------------End of Script----------------

21:09:49 INFO  : Memory regions updated for context APU
21:09:49 INFO  : Context for processor 'ps7_cortexa9_0' is selected.
21:09:49 INFO  : 'con' command is executed.
21:09:49 INFO  : ----------------XSDB Script (After Launch)----------------
targets -set -nocase -filter {name =~ "ARM*#0" && jtag_cable_name =~ "Digilent Zed 210248650934"} -index 0
con
----------------End of Script----------------

21:09:49 INFO  : Launch script is exported to file '/home/nikolas/vivado_proj/Lab_2_interupt/lab2_interrupt_arm/lab2_interrupt_arm.sdk/.sdk/launch_scripts/xilinx_c-c++_application_(system_debugger)/system_debugger_using_debug_lab2_test.elf_on_local.tcl'
21:12:03 INFO  : Disconnected from the channel tcfchan#1.
21:13:14 INFO  : Launching XSCT server: xsct -n -interactive /home/nikolas/vivado_proj/Lab_2_interupt/lab2_interrupt_arm/lab2_interrupt_arm.sdk/temp_xsdb_launch_script.tcl
21:13:15 ERROR : (XSDB Server)awk: symbol lookup error: awk: undefined symbol: mpfr_z_sub

21:13:16 INFO  : XSCT server has started successfully.
21:13:16 INFO  : Successfully done setting XSCT server connection channel  
21:13:16 INFO  : Successfully done setting SDK workspace  
21:13:20 INFO  : Registering command handlers for SDK TCF services
21:13:20 INFO  : Processing command line option -hwspec /home/nikolas/vivado_proj/Lab_2_interupt/lab2_interrupt_arm/lab2_interrupt_arm.sdk/lab2_simple_arm_wrapper.hdf.
21:13:21 INFO  : Checking for hwspec changes in the project lab2_simple_arm_wrapper_hw_platform_1.
21:19:03 INFO  : Registering command handlers for SDK TCF services
21:19:04 INFO  : Launching XSCT server: xsct -n -interactive /home/nikolas/vivado_proj/Lab_2_interupt/lab2_interrupt_arm/lab2_interrupt_arm.sdk/temp_xsdb_launch_script.tcl
21:19:04 ERROR : (XSDB Server)awk: symbol lookup error: awk: undefined symbol: mpfr_z_sub

21:19:05 INFO  : XSCT server has started successfully.
21:19:05 INFO  : Successfully done setting XSCT server connection channel  
21:19:05 INFO  : Successfully done setting SDK workspace  
21:19:05 INFO  : Processing command line option -hwspec /home/nikolas/vivado_proj/Lab_2_interupt/lab2_interrupt_arm/lab2_interrupt_arm.sdk/lab2_simple_arm_wrapper.hdf.
23:20:39 INFO  : Registering command handlers for SDK TCF services
23:20:40 INFO  : Launching XSCT server: xsct -n -interactive /home/nikolas/vivado_proj/Lab_2_interupt/lab2_interrupt_arm/lab2_interrupt_arm.sdk/temp_xsdb_launch_script.tcl
23:20:40 ERROR : (XSDB Server)awk: symbol lookup error: awk: undefined symbol: mpfr_z_sub

23:20:42 INFO  : XSCT server has started successfully.
23:20:43 INFO  : Successfully done setting XSCT server connection channel  
23:20:43 INFO  : Successfully done setting SDK workspace  
23:20:43 INFO  : Processing command line option -hwspec /home/nikolas/vivado_proj/Lab_2_interupt/lab2_interrupt_arm/lab2_interrupt_arm.sdk/lab2_simple_arm_wrapper.hdf.
23:20:43 INFO  : Checking for hwspec changes in the project lab2_simple_arm_wrapper_hw_platform_0.
