
*** Running vivado
    with args -log ARM_axi_gpio_0_2.vds -m64 -product Vivado -mode batch -messageDb vivado.pb -notrace -source ARM_axi_gpio_0_2.tcl

awk: symbol lookup error: awk: undefined symbol: mpfr_z_sub

****** Vivado v2016.4 (64-bit)
  **** SW Build 1756540 on Mon Jan 23 19:11:19 MST 2017
  **** IP Build 1755317 on Mon Jan 23 20:30:07 MST 2017
    ** Copyright 1986-2016 Xilinx, Inc. All Rights Reserved.

source ARM_axi_gpio_0_2.tcl -notrace
awk: symbol lookup error: awk: undefined symbol: mpfr_z_sub
Starting RTL Elaboration : Time (s): cpu = 00:00:06 ; elapsed = 00:00:07 . Memory (MB): peak = 1071.574 ; gain = 141.086 ; free physical = 1113 ; free virtual = 7921
INFO: [Synth 8-638] synthesizing module 'ARM_axi_gpio_0_2' [/home/nikolas/vivado_proj/Lab_2/Lab_2.srcs/sources_1/bd/ARM/ip/ARM_axi_gpio_0_2/synth/ARM_axi_gpio_0_2.vhd:86]
INFO: [Synth 8-638] synthesizing module 'axi_gpio' [/home/nikolas/vivado_proj/Lab_2/Lab_2.srcs/sources_1/bd/ARM/ipshared/4f16/hdl/axi_gpio_v2_0_vh_rfs.vhd:1091]
INFO: [Synth 8-638] synthesizing module 'axi_lite_ipif' [/home/nikolas/vivado_proj/Lab_2/Lab_2.srcs/sources_1/bd/ARM/ipshared/0ba0/hdl/axi_lite_ipif_v3_0_vh_rfs.vhd:2948]
INFO: [Synth 8-638] synthesizing module 'slave_attachment' [/home/nikolas/vivado_proj/Lab_2/Lab_2.srcs/sources_1/bd/ARM/ipshared/0ba0/hdl/axi_lite_ipif_v3_0_vh_rfs.vhd:2341]
INFO: [Synth 8-638] synthesizing module 'address_decoder' [/home/nikolas/vivado_proj/Lab_2/Lab_2.srcs/sources_1/bd/ARM/ipshared/0ba0/hdl/axi_lite_ipif_v3_0_vh_rfs.vhd:1775]
INFO: [Synth 8-638] synthesizing module 'pselect_f' [/home/nikolas/vivado_proj/Lab_2/Lab_2.srcs/sources_1/bd/ARM/ipshared/0ba0/hdl/axi_lite_ipif_v3_0_vh_rfs.vhd:1534]
INFO: [Synth 8-256] done synthesizing module 'pselect_f' (1#1) [/home/nikolas/vivado_proj/Lab_2/Lab_2.srcs/sources_1/bd/ARM/ipshared/0ba0/hdl/axi_lite_ipif_v3_0_vh_rfs.vhd:1534]
INFO: [Synth 8-638] synthesizing module 'pselect_f__parameterized0' [/home/nikolas/vivado_proj/Lab_2/Lab_2.srcs/sources_1/bd/ARM/ipshared/0ba0/hdl/axi_lite_ipif_v3_0_vh_rfs.vhd:1534]
INFO: [Synth 8-256] done synthesizing module 'pselect_f__parameterized0' (1#1) [/home/nikolas/vivado_proj/Lab_2/Lab_2.srcs/sources_1/bd/ARM/ipshared/0ba0/hdl/axi_lite_ipif_v3_0_vh_rfs.vhd:1534]
INFO: [Synth 8-638] synthesizing module 'pselect_f__parameterized1' [/home/nikolas/vivado_proj/Lab_2/Lab_2.srcs/sources_1/bd/ARM/ipshared/0ba0/hdl/axi_lite_ipif_v3_0_vh_rfs.vhd:1534]
INFO: [Synth 8-256] done synthesizing module 'pselect_f__parameterized1' (1#1) [/home/nikolas/vivado_proj/Lab_2/Lab_2.srcs/sources_1/bd/ARM/ipshared/0ba0/hdl/axi_lite_ipif_v3_0_vh_rfs.vhd:1534]
INFO: [Synth 8-638] synthesizing module 'pselect_f__parameterized2' [/home/nikolas/vivado_proj/Lab_2/Lab_2.srcs/sources_1/bd/ARM/ipshared/0ba0/hdl/axi_lite_ipif_v3_0_vh_rfs.vhd:1534]
INFO: [Synth 8-256] done synthesizing module 'pselect_f__parameterized2' (1#1) [/home/nikolas/vivado_proj/Lab_2/Lab_2.srcs/sources_1/bd/ARM/ipshared/0ba0/hdl/axi_lite_ipif_v3_0_vh_rfs.vhd:1534]
INFO: [Synth 8-256] done synthesizing module 'address_decoder' (2#1) [/home/nikolas/vivado_proj/Lab_2/Lab_2.srcs/sources_1/bd/ARM/ipshared/0ba0/hdl/axi_lite_ipif_v3_0_vh_rfs.vhd:1775]
INFO: [Synth 8-256] done synthesizing module 'slave_attachment' (3#1) [/home/nikolas/vivado_proj/Lab_2/Lab_2.srcs/sources_1/bd/ARM/ipshared/0ba0/hdl/axi_lite_ipif_v3_0_vh_rfs.vhd:2341]
INFO: [Synth 8-256] done synthesizing module 'axi_lite_ipif' (4#1) [/home/nikolas/vivado_proj/Lab_2/Lab_2.srcs/sources_1/bd/ARM/ipshared/0ba0/hdl/axi_lite_ipif_v3_0_vh_rfs.vhd:2948]
INFO: [Synth 8-638] synthesizing module 'GPIO_Core' [/home/nikolas/vivado_proj/Lab_2/Lab_2.srcs/sources_1/bd/ARM/ipshared/4f16/hdl/axi_gpio_v2_0_vh_rfs.vhd:173]
INFO: [Synth 8-638] synthesizing module 'cdc_sync' [/home/nikolas/vivado_proj/Lab_2/Lab_2.srcs/sources_1/bd/ARM/ipshared/52cb/hdl/lib_cdc_v1_0_rfs.vhd:106]
INFO: [Synth 8-256] done synthesizing module 'cdc_sync' (5#1) [/home/nikolas/vivado_proj/Lab_2/Lab_2.srcs/sources_1/bd/ARM/ipshared/52cb/hdl/lib_cdc_v1_0_rfs.vhd:106]
INFO: [Synth 8-256] done synthesizing module 'GPIO_Core' (6#1) [/home/nikolas/vivado_proj/Lab_2/Lab_2.srcs/sources_1/bd/ARM/ipshared/4f16/hdl/axi_gpio_v2_0_vh_rfs.vhd:173]
INFO: [Synth 8-256] done synthesizing module 'axi_gpio' (7#1) [/home/nikolas/vivado_proj/Lab_2/Lab_2.srcs/sources_1/bd/ARM/ipshared/4f16/hdl/axi_gpio_v2_0_vh_rfs.vhd:1091]
INFO: [Synth 8-256] done synthesizing module 'ARM_axi_gpio_0_2' (8#1) [/home/nikolas/vivado_proj/Lab_2/Lab_2.srcs/sources_1/bd/ARM/ip/ARM_axi_gpio_0_2/synth/ARM_axi_gpio_0_2.vhd:86]
Finished RTL Elaboration : Time (s): cpu = 00:00:07 ; elapsed = 00:00:08 . Memory (MB): peak = 1114.043 ; gain = 183.555 ; free physical = 1046 ; free virtual = 7854
Finished RTL Optimization Phase 1 : Time (s): cpu = 00:00:08 ; elapsed = 00:00:08 . Memory (MB): peak = 1114.043 ; gain = 183.555 ; free physical = 1046 ; free virtual = 7854
INFO: [Device 21-403] Loading part xc7z020clg484-1
Constraint Validation Runtime : Time (s): cpu = 00:00:00.03 ; elapsed = 00:00:00.03 . Memory (MB): peak = 1466.621 ; gain = 0.000 ; free physical = 744 ; free virtual = 7525
Finished Constraint Validation : Time (s): cpu = 00:00:20 ; elapsed = 00:00:20 . Memory (MB): peak = 1466.621 ; gain = 536.133 ; free physical = 700 ; free virtual = 7506
Finished Loading Part and Timing Information : Time (s): cpu = 00:00:20 ; elapsed = 00:00:20 . Memory (MB): peak = 1466.621 ; gain = 536.133 ; free physical = 700 ; free virtual = 7506
Finished applying 'set_property' XDC Constraints : Time (s): cpu = 00:00:20 ; elapsed = 00:00:20 . Memory (MB): peak = 1466.621 ; gain = 536.133 ; free physical = 699 ; free virtual = 7505
Finished RTL Optimization Phase 2 : Time (s): cpu = 00:00:20 ; elapsed = 00:00:21 . Memory (MB): peak = 1466.621 ; gain = 536.133 ; free physical = 684 ; free virtual = 7490
Finished Cross Boundary and Area Optimization : Time (s): cpu = 00:00:21 ; elapsed = 00:00:22 . Memory (MB): peak = 1466.621 ; gain = 536.133 ; free physical = 674 ; free virtual = 7480
Finished Applying XDC Timing Constraints : Time (s): cpu = 00:00:31 ; elapsed = 00:00:32 . Memory (MB): peak = 1466.621 ; gain = 536.133 ; free physical = 1141 ; free virtual = 7948
Finished Timing Optimization : Time (s): cpu = 00:00:31 ; elapsed = 00:00:32 . Memory (MB): peak = 1466.621 ; gain = 536.133 ; free physical = 1131 ; free virtual = 7938
Finished Technology Mapping : Time (s): cpu = 00:00:31 ; elapsed = 00:00:32 . Memory (MB): peak = 1466.621 ; gain = 536.133 ; free physical = 1121 ; free virtual = 7928
Finished IO Insertion : Time (s): cpu = 00:00:32 ; elapsed = 00:00:33 . Memory (MB): peak = 1466.621 ; gain = 536.133 ; free physical = 1118 ; free virtual = 7924
Finished Renaming Generated Instances : Time (s): cpu = 00:00:32 ; elapsed = 00:00:33 . Memory (MB): peak = 1466.621 ; gain = 536.133 ; free physical = 1118 ; free virtual = 7924
Finished Rebuilding User Hierarchy : Time (s): cpu = 00:00:32 ; elapsed = 00:00:33 . Memory (MB): peak = 1466.621 ; gain = 536.133 ; free physical = 1118 ; free virtual = 7925
Finished Renaming Generated Ports : Time (s): cpu = 00:00:32 ; elapsed = 00:00:33 . Memory (MB): peak = 1466.621 ; gain = 536.133 ; free physical = 1118 ; free virtual = 7925
Finished Handling Custom Attributes : Time (s): cpu = 00:00:32 ; elapsed = 00:00:33 . Memory (MB): peak = 1466.621 ; gain = 536.133 ; free physical = 1118 ; free virtual = 7924
Finished Renaming Generated Nets : Time (s): cpu = 00:00:32 ; elapsed = 00:00:33 . Memory (MB): peak = 1466.621 ; gain = 536.133 ; free physical = 1118 ; free virtual = 7924

Report Cell Usage: 
+------+-----+------+
|      |Cell |Count |
+------+-----+------+
|1     |LUT1 |     2|
|2     |LUT2 |     5|
|3     |LUT3 |     4|
|4     |LUT4 |     3|
|5     |LUT5 |    11|
|6     |LUT6 |    38|
|7     |FDR  |   128|
|8     |FDRE |   181|
|9     |FDSE |    32|
+------+-----+------+
Finished Writing Synthesis Report : Time (s): cpu = 00:00:32 ; elapsed = 00:00:33 . Memory (MB): peak = 1466.621 ; gain = 536.133 ; free physical = 1118 ; free virtual = 7924
synth_design: Time (s): cpu = 00:00:32 ; elapsed = 00:00:32 . Memory (MB): peak = 1466.629 ; gain = 468.637 ; free physical = 1099 ; free virtual = 7906
