#! /usr/bin/vvp
:ivl_version "0.9.7 " "(v0_9_7)";
:vpi_time_precision - 12;
:vpi_module "system";
:vpi_module "v2005_math";
:vpi_module "va_math";
S_0x23489f0 .scope module, "TB2" "TB2" 2 14;
 .timescale -9 -12;
P_0x235d0a8 .param/l "N" 2 15, +C4<0100>;
P_0x235d0d0 .param/l "ONE" 2 21, C4<1>;
v0x2385820_0 .var "clk", 0 0;
v0x23858c0_0 .net "leds", 3 0, L_0x2385a20; 1 drivers
v0x2385970_0 .var "rst", 0 0;
S_0x2336690 .scope module, "DUT" "gray_Nbits" 2 49, 3 7, S_0x23489f0;
 .timescale 0 0;
P_0x2336788 .param/l "N" 3 8, +C4<0100>;
P_0x23367b0 .param/l "SIZE" 3 9, +C4<0101>;
P_0x23367d8 .param/l "Zeros" 3 10, C4<00000>;
v0x2336810_0 .net "clk", 0 0, v0x2385820_0; 1 drivers
v0x2385280_0 .net "clk_en", 0 0, C4<1>; 1 drivers
v0x2385320_0 .alias "gray_out", 3 0, v0x23858c0_0;
v0x23853c0_0 .var/i "i", 31 0;
v0x2385470_0 .var/i "j", 31 0;
v0x2385510_0 .var "or_res", 2 1;
v0x23855f0_0 .net "rst", 0 0, v0x2385970_0; 1 drivers
v0x2385690_0 .var "state", 4 0;
v0x2385780_0 .var "toogle", 4 0;
E_0x2348c20 .event edge, v0x2385690_0, v0x23853c0_0, v0x2385510_0;
E_0x2348600/0 .event negedge, v0x23855f0_0;
E_0x2348600/1 .event posedge, v0x2336810_0;
E_0x2348600 .event/or E_0x2348600/0, E_0x2348600/1;
L_0x2385a20 .part v0x2385690_0, 1, 4;
    .scope S_0x2336690;
T_0 ;
    %wait E_0x2348600;
    %load/v 8, v0x23855f0_0, 1;
    %cmpi/u 8, 0, 1;
    %jmp/0xz  T_0.0, 4;
    %ix/load 0, 1, 0;
    %ix/load 1, 4, 0;
    %assign/v0/x1 v0x2385690_0, 0, 1;
    %ix/load 0, 4, 0;
    %ix/load 1, 0, 0;
    %assign/v0/x1 v0x2385690_0, 0, 0;
    %jmp T_0.1;
T_0.0 ;
    %set/v v0x2385470_0, 0, 32;
T_0.2 ;
    %load/v 8, v0x2385470_0, 32;
   %cmpi/s 8, 5, 32;
    %jmp/0xz T_0.3, 5;
    %ix/getv/s 1, v0x2385470_0;
    %jmp/1 T_0.4, 4;
    %load/x1p 8, v0x2385780_0, 1;
    %jmp T_0.5;
T_0.4 ;
    %mov 8, 2, 1;
T_0.5 ;
; Save base=8 wid=1 in lookaside.
    %jmp/0xz  T_0.6, 8;
    %ix/getv/s 1, v0x2385470_0;
    %jmp/1 T_0.8, 4;
    %load/x1p 8, v0x2385690_0, 1;
    %jmp T_0.9;
T_0.8 ;
    %mov 8, 2, 1;
T_0.9 ;
; Save base=8 wid=1 in lookaside.
    %inv 8, 1;
    %ix/getv/s 1, v0x2385470_0;
    %jmp/1 t_0, 4;
    %ix/load 0, 1, 0;
    %assign/v0/x1 v0x2385690_0, 0, 8;
t_0 ;
T_0.6 ;
    %ix/load 0, 1, 0;
    %load/vp0/s 8, v0x2385470_0, 32;
    %set/v v0x2385470_0, 8, 32;
    %jmp T_0.2;
T_0.3 ;
T_0.1 ;
    %jmp T_0;
    .thread T_0;
    .scope S_0x2336690;
T_1 ;
    %wait E_0x2348c20;
    %ix/load 0, 1, 0;
    %ix/load 1, 0, 0;
    %assign/v0/x1 v0x2385780_0, 0, 1;
    %load/v 8, v0x2385690_0, 1; Only need 1 of 5 bits
; Save base=8 wid=1 in lookaside.
    %ix/load 0, 1, 0;
    %ix/load 1, 1, 0;
    %assign/v0/x1 v0x2385780_0, 0, 8;
    %load/v 8, v0x2385690_0, 1; Only need 1 of 5 bits
; Save base=8 wid=1 in lookaside.
    %ix/load 0, 1, 0;
    %ix/load 1, 0, 0;
    %assign/v0/x1 v0x2385510_0, 0, 8;
    %movi 8, 2, 32;
    %set/v v0x23853c0_0, 8, 32;
T_1.0 ;
    %load/v 8, v0x23853c0_0, 32;
   %cmpi/s 8, 3, 32;
    %jmp/0xz T_1.1, 5;
    %load/v 41, v0x23853c0_0, 32;
    %subi 41, 1, 32;
    %mov 8, 41, 32;
    %mov 40, 39, 1;
    %subi 8, 1, 33;
    %ix/get/s 1, 8, 33;
    %jmp/1 T_1.2, 4;
    %load/x1p 8, v0x2385510_0, 1;
    %jmp T_1.3;
T_1.2 ;
    %mov 8, 2, 1;
T_1.3 ;
; Save base=8 wid=1 in lookaside.
    %load/v 9, v0x23853c0_0, 32;
    %subi 9, 1, 32;
    %ix/get/s 1, 9, 32;
    %jmp/1 T_1.4, 4;
    %load/x1p 9, v0x2385690_0, 1;
    %jmp T_1.5;
T_1.4 ;
    %mov 9, 2, 1;
T_1.5 ;
; Save base=9 wid=1 in lookaside.
    %or 8, 9, 1;
    %load/v 9, v0x23853c0_0, 32;
    %mov 41, 40, 1;
    %subi 9, 1, 33;
    %ix/get/s 1, 9, 33;
    %jmp/1 t_1, 4;
    %ix/load 0, 1, 0;
    %assign/v0/x1 v0x2385510_0, 0, 8;
t_1 ;
    %ix/load 0, 1, 0;
    %load/vp0/s 8, v0x23853c0_0, 32;
    %set/v v0x23853c0_0, 8, 32;
    %jmp T_1.0;
T_1.1 ;
    %movi 8, 2, 32;
    %set/v v0x23853c0_0, 8, 32;
T_1.6 ;
    %load/v 8, v0x23853c0_0, 32;
   %cmpi/s 8, 4, 32;
    %jmp/0xz T_1.7, 5;
    %load/v 8, v0x23853c0_0, 32;
    %subi 8, 1, 32;
    %ix/get/s 1, 8, 32;
    %jmp/1 T_1.8, 4;
    %load/x1p 8, v0x2385690_0, 1;
    %jmp T_1.9;
T_1.8 ;
    %mov 8, 2, 1;
T_1.9 ;
; Save base=8 wid=1 in lookaside.
    %load/v 42, v0x23853c0_0, 32;
    %subi 42, 1, 32;
    %mov 9, 42, 32;
    %mov 41, 40, 1;
    %subi 9, 1, 33;
    %ix/get/s 1, 9, 33;
    %jmp/1 T_1.10, 4;
    %load/x1p 9, v0x2385510_0, 1;
    %jmp T_1.11;
T_1.10 ;
    %mov 9, 2, 1;
T_1.11 ;
; Save base=9 wid=1 in lookaside.
    %cmpi/u 9, 0, 1;
    %mov 9, 4, 1;
    %and 8, 9, 1;
    %jmp/0xz  T_1.12, 8;
    %ix/getv/s 1, v0x23853c0_0;
    %jmp/1 t_2, 4;
    %ix/load 0, 1, 0;
    %assign/v0/x1 v0x2385780_0, 0, 1;
t_2 ;
    %jmp T_1.13;
T_1.12 ;
    %ix/getv/s 1, v0x23853c0_0;
    %jmp/1 t_3, 4;
    %ix/load 0, 1, 0;
    %assign/v0/x1 v0x2385780_0, 0, 0;
t_3 ;
T_1.13 ;
    %ix/load 0, 1, 0;
    %load/vp0/s 8, v0x23853c0_0, 32;
    %set/v v0x23853c0_0, 8, 32;
    %jmp T_1.6;
T_1.7 ;
    %load/v 8, v0x2385690_0, 3; Select 3 out of 5 bits
    %mov 11, 0, 1;
    %cmpi/u 8, 0, 4;
    %jmp/0xz  T_1.14, 4;
    %ix/load 0, 1, 0;
    %ix/load 1, 4, 0;
    %assign/v0/x1 v0x2385780_0, 0, 1;
    %jmp T_1.15;
T_1.14 ;
    %ix/load 0, 1, 0;
    %ix/load 1, 4, 0;
    %assign/v0/x1 v0x2385780_0, 0, 0;
T_1.15 ;
    %jmp T_1;
    .thread T_1, $push;
    .scope S_0x23489f0;
T_2 ;
    %vpi_call 2 27 "$dumpfile", "test.vcd";
    %vpi_call 2 28 "$dumpvars", 1'sb0, S_0x23489f0;
    %set/v v0x2385820_0, 1, 1;
    %set/v v0x2385970_0, 0, 1;
    %delay 5000, 0;
    %set/v v0x2385970_0, 1, 1;
    %delay 5000, 0;
    %delay 640000, 0;
    %vpi_call 2 37 "$finish";
    %end;
    .thread T_2;
    .scope S_0x23489f0;
T_3 ;
    %delay 5000, 0;
    %load/v 8, v0x2385820_0, 1;
    %inv 8, 1;
    %set/v v0x2385820_0, 8, 1;
    %jmp T_3;
    .thread T_3;
# The file index is used to find the file name in the following table.
:file_names 4;
    "N/A";
    "<interactive>";
    "TB2_Gray.v";
    "GrayCounter_Nbits.v";
