#-----------------------------------------------------------
# Webtalk v2016.4 (64-bit)
# SW Build 1756540 on Mon Jan 23 19:11:19 MST 2017
# 
# Start of session at: Tue Mar 14 17:57:33 2017
# Process ID: 19886
# Current directory: /home/inf2013/nxiromeritis/embedded/ce435_2/lab2_interrupt_arm/lab2_interrupt_arm.sdk/webtalk
# Command line: wbtcv -mode batch -source sdk_webtalk.tcl
# Log file: /home/inf2013/nxiromeritis/embedded/ce435_2/lab2_interrupt_arm/lab2_interrupt_arm.sdk/webtalk/webtalk.log
# Journal file: /home/inf2013/nxiromeritis/embedded/ce435_2/lab2_interrupt_arm/lab2_interrupt_arm.sdk/webtalk/webtalk.jou
#-----------------------------------------------------------
source sdk_webtalk.tcl
# webtalk_init -webtalk_dir /home/inf2013/nxiromeritis/embedded/ce435_2/lab2_interrupt_arm/lab2_interrupt_arm.sdk/webtalk
# webtalk_register_client -client project
# webtalk_add_data -client project -key date_generated -value "2017-03-14 17:57:33" -context "software_version_and_target_device"
# webtalk_add_data -client project -key product_version -value "SDK v2016.4" -context "software_version_and_target_device"
# webtalk_add_data -client project -key build_version -value "2016.4" -context "software_version_and_target_device"
# webtalk_add_data -client project -key os_platform -value "amd64" -context "software_version_and_target_device"
# webtalk_add_data -client project -key registration_id -value "174166739_174166740_210572977_465" -context "software_version_and_target_device"
# webtalk_add_data -client project -key tool_flow -value "SDK" -context "software_version_and_target_device"
# webtalk_add_data -client project -key beta -value "false" -context "software_version_and_target_device"
# webtalk_add_data -client project -key route_design -value "NA" -context "software_version_and_target_device"
# webtalk_add_data -client project -key target_family -value "NA" -context "software_version_and_target_device"
# webtalk_add_data -client project -key target_device -value "NA" -context "software_version_and_target_device"
# webtalk_add_data -client project -key target_package -value "NA" -context "software_version_and_target_device"
# webtalk_add_data -client project -key target_speed -value "NA" -context "software_version_and_target_device"
# webtalk_add_data -client project -key random_id -value "9t6j706fu1v7kal7gh517vk7e7" -context "software_version_and_target_device"
# webtalk_add_data -client project -key project_id -value "2016.4_2" -context "software_version_and_target_device"
# webtalk_add_data -client project -key project_iteration -value "2" -context "software_version_and_target_device"
# webtalk_add_data -client project -key os_name -value "SUSE LINUX" -context "user_environment"
# webtalk_add_data -client project -key os_release -value "openSUSE Leap 42.1 (x86_64)" -context "user_environment"
# webtalk_add_data -client project -key cpu_name -value "Intel(R) Xeon(R) CPU           E5606  @ 2.13GHz" -context "user_environment"
# webtalk_add_data -client project -key cpu_speed -value "1729.000 MHz" -context "user_environment"
# webtalk_add_data -client project -key total_processors -value "1" -context "user_environment"
# webtalk_add_data -client project -key system_ram -value "6.000 GB" -context "user_environment"
# webtalk_register_client -client sdk
# webtalk_add_data -client sdk -key uid -value "1489500111000" -context "sdk\\\\hardware/1489500111000"
# webtalk_add_data -client sdk -key isZynq -value "true" -context "sdk\\\\hardware/1489500111000"
# webtalk_add_data -client sdk -key isZynqMP -value "false" -context "sdk\\\\hardware/1489500111000"
# webtalk_add_data -client sdk -key Processors -value "2" -context "sdk\\\\hardware/1489500111000"
# webtalk_add_data -client sdk -key VivadoVersion -value "2016.4" -context "sdk\\\\hardware/1489500111000"
# webtalk_add_data -client sdk -key Arch -value "zynq" -context "sdk\\\\hardware/1489500111000"
# webtalk_add_data -client sdk -key Device -value "7z020" -context "sdk\\\\hardware/1489500111000"
# webtalk_add_data -client sdk -key IsHandoff -value "true" -context "sdk\\\\hardware/1489500111000"
# webtalk_add_data -client sdk -key os -value "NA" -context "sdk\\\\hardware/1489500111000"
# webtalk_add_data -client sdk -key apptemplate -value "NA" -context "sdk\\\\hardware/1489500111000"
# webtalk_add_data -client sdk -key RecordType -value "HWCreation" -context "sdk\\\\hardware/1489500111000"
# webtalk_add_data -client sdk -key uid -value "1489500223000" -context "sdk\\\\bsp/1489500223000"
# webtalk_add_data -client sdk -key hwid -value "1489500111000" -context "sdk\\\\bsp/1489500223000"
# webtalk_add_data -client sdk -key os -value "standalone" -context "sdk\\\\bsp/1489500223000"
# webtalk_add_data -client sdk -key apptemplate -value "null" -context "sdk\\\\bsp/1489500223000"
# webtalk_add_data -client sdk -key RecordType -value "BSPCreation" -context "sdk\\\\bsp/1489500223000"
# webtalk_add_data -client sdk -key uid -value "1489500300000" -context "sdk\\\\application/1489500300000"
# webtalk_add_data -client sdk -key hwid -value "1489500111000" -context "sdk\\\\application/1489500300000"
# webtalk_add_data -client sdk -key bspid -value "1489500223000" -context "sdk\\\\application/1489500300000"
# webtalk_add_data -client sdk -key newbsp -value "false" -context "sdk\\\\application/1489500300000"
# webtalk_add_data -client sdk -key os -value "standalone" -context "sdk\\\\application/1489500300000"
# webtalk_add_data -client sdk -key apptemplate -value "empty_application" -context "sdk\\\\application/1489500300000"
# webtalk_add_data -client sdk -key RecordType -value "APPCreation" -context "sdk\\\\application/1489500300000"
# webtalk_add_data -client sdk -key LangUsed -value "C" -context "sdk\\\\application/1489500300000"
# webtalk_add_data -client sdk -key Procused -value "ps7_cortexa9" -context "sdk\\\\application/1489500300000"
# webtalk_add_data -client sdk -key projSize -value "194.1875" -context "sdk\\\\application/1489500300000"
# webtalk_add_data -client sdk -key uid -value "NA" -context "sdk\\\\bsp/1489507053210"
# webtalk_add_data -client sdk -key RecordType -value "ToolUsage" -context "sdk\\\\bsp/1489507053210"
# webtalk_add_data -client sdk -key BootgenCount -value "0" -context "sdk\\\\bsp/1489507053210"
# webtalk_add_data -client sdk -key DebugCount -value "2" -context "sdk\\\\bsp/1489507053210"
# webtalk_add_data -client sdk -key PerfCount -value "0" -context "sdk\\\\bsp/1489507053210"
# webtalk_add_data -client sdk -key FlashCount -value "0" -context "sdk\\\\bsp/1489507053210"
# webtalk_add_data -client sdk -key CrossTriggCount -value "0" -context "sdk\\\\bsp/1489507053210"
# webtalk_add_data -client sdk -key QemuDebugCount -value "0" -context "sdk\\\\bsp/1489507053210"
# webtalk_transmit -clientid 1091871615 -regid "174166739_174166740_210572977_465" -xml /home/inf2013/nxiromeritis/embedded/ce435_2/lab2_interrupt_arm/lab2_interrupt_arm.sdk/webtalk/usage_statistics_ext_sdk.xml -html /home/inf2013/nxiromeritis/embedded/ce435_2/lab2_interrupt_arm/lab2_interrupt_arm.sdk/webtalk/usage_statistics_ext_sdk.html -wdm /home/inf2013/nxiromeritis/embedded/ce435_2/lab2_interrupt_arm/lab2_interrupt_arm.sdk/webtalk/sdk_webtalk.wdm -intro "<H3>SDK Usage Report</H3><BR>"
# webtalk_terminate
INFO: [Common 17-206] Exiting Webtalk at Tue Mar 14 17:57:33 2017...
