#-----------------------------------------------------------
# Webtalk v2016.4 (64-bit)
# SW Build 1756540 on Mon Jan 23 19:11:19 MST 2017
# 
# Start of session at: Tue Mar 14 19:54:34 2017
# Process ID: 17310
# Current directory: /home/nikolas/vivado_proj/Lab_2_interupt/lab2_interrupt_arm/lab2_interrupt_arm.sdk/webtalk
# Command line: wbtcv -mode batch -source sdk_webtalk.tcl
# Log file: /home/nikolas/vivado_proj/Lab_2_interupt/lab2_interrupt_arm/lab2_interrupt_arm.sdk/webtalk/webtalk.log
# Journal file: /home/nikolas/vivado_proj/Lab_2_interupt/lab2_interrupt_arm/lab2_interrupt_arm.sdk/webtalk/webtalk.jou
#-----------------------------------------------------------
source sdk_webtalk.tcl
# webtalk_init -webtalk_dir /home/nikolas/vivado_proj/Lab_2_interupt/lab2_interrupt_arm/lab2_interrupt_arm.sdk/webtalk
# webtalk_register_client -client project
# webtalk_add_data -client project -key date_generated -value "2017-03-14 19:54:33" -context "software_version_and_target_device"
# webtalk_add_data -client project -key product_version -value "SDK v2016.4" -context "software_version_and_target_device"
# webtalk_add_data -client project -key build_version -value "2016.4" -context "software_version_and_target_device"
# webtalk_add_data -client project -key os_platform -value "amd64" -context "software_version_and_target_device"
# webtalk_add_data -client project -key registration_id -value "174166739_174166740_210572977_465" -context "software_version_and_target_device"
# webtalk_add_data -client project -key tool_flow -value "SDK" -context "software_version_and_target_device"
# webtalk_add_data -client project -key beta -value "false" -context "software_version_and_target_device"
# webtalk_add_data -client project -key route_design -value "NA" -context "software_version_and_target_device"
# webtalk_add_data -client project -key target_family -value "NA" -context "software_version_and_target_device"
# webtalk_add_data -client project -key target_device -value "NA" -context "software_version_and_target_device"
# webtalk_add_data -client project -key target_package -value "NA" -context "software_version_and_target_device"
# webtalk_add_data -client project -key target_speed -value "NA" -context "software_version_and_target_device"
# webtalk_add_data -client project -key random_id -value "pcdlgcurvilclpg6s5p4dof445" -context "software_version_and_target_device"
# webtalk_add_data -client project -key project_id -value "2016.4_3" -context "software_version_and_target_device"
# webtalk_add_data -client project -key project_iteration -value "3" -context "software_version_and_target_device"
# webtalk_add_data -client project -key os_name -value "Ubuntu" -context "user_environment"
# webtalk_add_data -client project -key os_release -value "Ubuntu 16.04.2 LTS" -context "user_environment"
# webtalk_add_data -client project -key cpu_name -value "Intel(R) Core(TM) i5-6200U CPU @ 2.30GHz" -context "user_environment"
# webtalk_add_data -client project -key cpu_speed -value "2519.156 MHz" -context "user_environment"
# webtalk_add_data -client project -key total_processors -value "1" -context "user_environment"
# webtalk_add_data -client project -key system_ram -value "8.000 GB" -context "user_environment"
# webtalk_register_client -client sdk
# webtalk_add_data -client sdk -key uid -value "1489512053000" -context "sdk\\\\bsp/1489512053000"
# webtalk_add_data -client sdk -key hwid -value "1489500111000" -context "sdk\\\\bsp/1489512053000"
# webtalk_add_data -client sdk -key os -value "standalone" -context "sdk\\\\bsp/1489512053000"
# webtalk_add_data -client sdk -key apptemplate -value "null" -context "sdk\\\\bsp/1489512053000"
# webtalk_add_data -client sdk -key RecordType -value "BSPCreation" -context "sdk\\\\bsp/1489512053000"
# webtalk_add_data -client sdk -key uid -value "NA" -context "sdk\\\\bsp/1489514073919"
# webtalk_add_data -client sdk -key RecordType -value "ToolUsage" -context "sdk\\\\bsp/1489514073919"
# webtalk_add_data -client sdk -key BootgenCount -value "0" -context "sdk\\\\bsp/1489514073919"
# webtalk_add_data -client sdk -key DebugCount -value "0" -context "sdk\\\\bsp/1489514073919"
# webtalk_add_data -client sdk -key PerfCount -value "0" -context "sdk\\\\bsp/1489514073919"
# webtalk_add_data -client sdk -key FlashCount -value "0" -context "sdk\\\\bsp/1489514073919"
# webtalk_add_data -client sdk -key CrossTriggCount -value "0" -context "sdk\\\\bsp/1489514073919"
# webtalk_add_data -client sdk -key QemuDebugCount -value "0" -context "sdk\\\\bsp/1489514073919"
# webtalk_transmit -clientid 1437175602 -regid "174166739_174166740_210572977_465" -xml /home/nikolas/vivado_proj/Lab_2_interupt/lab2_interrupt_arm/lab2_interrupt_arm.sdk/webtalk/usage_statistics_ext_sdk.xml -html /home/nikolas/vivado_proj/Lab_2_interupt/lab2_interrupt_arm/lab2_interrupt_arm.sdk/webtalk/usage_statistics_ext_sdk.html -wdm /home/nikolas/vivado_proj/Lab_2_interupt/lab2_interrupt_arm/lab2_interrupt_arm.sdk/webtalk/sdk_webtalk.wdm -intro "<H3>SDK Usage Report</H3><BR>"
# webtalk_terminate
INFO: [Common 17-206] Exiting Webtalk at Tue Mar 14 19:54:34 2017...
