11:35:38 INFO  : Registering command handlers for SDK TCF services
11:35:39 INFO  : Launching XSCT server: xsct -n -interactive /home/inf2013/nxiromeritis/embedded/ce435_2/lab2_simple_arm/lab2_simple_arm.sdk/temp_xsdb_launch_script.tcl
11:35:40 INFO  : XSCT server has started successfully.
11:35:40 INFO  : Successfully done setting XSCT server connection channel  
11:35:40 INFO  : Successfully done setting SDK workspace  
11:35:40 INFO  : Processing command line option -hwspec /home/inf2013/nxiromeritis/embedded/ce435_2/lab2_simple_arm/lab2_simple_arm.sdk/lab2_simple_arm_wrapper.hdf.
12:04:29 INFO  : Connected to target on host '127.0.0.1' and port '3121'.
12:04:30 INFO  : 'targets -set -filter {jtag_cable_name =~ "Digilent Zed 210248650917" && level==0} -index 1' command is executed.
12:04:35 INFO  : FPGA configured successfully with bitstream "/home/inf2013/nxiromeritis/embedded/ce435_2/lab2_simple_arm/lab2_simple_arm.sdk/lab2_simple_arm_wrapper_hw_platform_0/lab2_simple_arm_wrapper.bit"
12:06:59 INFO  : Connected to target on host '127.0.0.1' and port '3121'.
12:06:59 INFO  : 'targets -set -filter {jtag_cable_name =~ "Digilent Zed 210248650917" && level==0} -index 1' command is executed.
12:07:03 INFO  : FPGA configured successfully with bitstream "/home/inf2013/nxiromeritis/embedded/ce435_2/lab2_simple_arm/lab2_simple_arm.sdk/lab2_simple_arm_wrapper_hw_platform_0/lab2_simple_arm_wrapper.bit"
12:20:47 INFO  : Connected to target on host '127.0.0.1' and port '3121'.
12:20:47 INFO  : 'targets -set -filter {jtag_cable_name =~ "Digilent Zed 210248650917" && level==0} -index 1' command is executed.
12:20:51 INFO  : FPGA configured successfully with bitstream "/home/inf2013/nxiromeritis/embedded/ce435_2/lab2_simple_arm/lab2_simple_arm.sdk/lab2_simple_arm_wrapper_hw_platform_0/lab2_simple_arm_wrapper.bit"
12:22:08 INFO  : Connected to target on host '127.0.0.1' and port '3121'.
12:22:12 INFO  : Connected to target on host '127.0.0.1' and port '3121'.
12:22:12 INFO  : 'targets -set -filter {jtag_cable_name =~ "Digilent Zed 210248650917" && level==0} -index 1' command is executed.
12:22:16 INFO  : FPGA configured successfully with bitstream "/home/inf2013/nxiromeritis/embedded/ce435_2/lab2_simple_arm/lab2_simple_arm.sdk/lab2_simple_arm_wrapper_hw_platform_0/lab2_simple_arm_wrapper.bit"
12:29:33 INFO  : Connected to target on host '127.0.0.1' and port '3121'.
12:29:33 INFO  : 'targets -set -filter {jtag_cable_name =~ "Digilent Zed 210248650917" && level==0} -index 1' command is executed.
12:29:38 INFO  : FPGA configured successfully with bitstream "/home/inf2013/nxiromeritis/embedded/ce435_2/lab2_simple_arm/lab2_simple_arm.sdk/lab2_simple_arm_wrapper_hw_platform_0/lab2_simple_arm_wrapper.bit"
12:30:26 ERROR : Unexpected error while launching program.
java.lang.IllegalArgumentException: Path for project must have only one segment.
	at org.eclipse.core.runtime.Assert.isLegal(Assert.java:63)
	at org.eclipse.core.internal.resources.WorkspaceRoot.getProject(WorkspaceRoot.java:147)
	at org.eclipse.cdt.debug.core.CDebugUtils.verifyCProject(CDebugUtils.java:618)
	at org.eclipse.cdt.debug.core.CDebugUtils.verifyProgramPath(CDebugUtils.java:655)
	at org.eclipse.cdt.debug.core.CDebugUtils.verifyProgramPath(CDebugUtils.java:707)
	at com.xilinx.sdk.debug.core.XilinxAppLaunchConfigurationDelegate.runApplication(XilinxAppLaunchConfigurationDelegate.java:578)
	at com.xilinx.sdk.debug.core.XilinxAppLaunchConfigurationDelegate.launch(XilinxAppLaunchConfigurationDelegate.java:309)
	at com.xilinx.sdk.debug.ui.XilinxAppLaunchDelegateWrapper.launch(XilinxAppLaunchDelegateWrapper.java:31)
	at org.eclipse.debug.internal.core.LaunchConfiguration.launch(LaunchConfiguration.java:885)
	at org.eclipse.debug.internal.core.LaunchConfiguration.launch(LaunchConfiguration.java:739)
	at org.eclipse.debug.internal.ui.DebugUIPlugin.buildAndLaunch(DebugUIPlugin.java:1039)
	at org.eclipse.debug.internal.ui.DebugUIPlugin$8.run(DebugUIPlugin.java:1256)
	at org.eclipse.core.internal.jobs.Worker.run(Worker.java:55)
12:31:58 INFO  : Processor reset is completed for ps7_cortexa9_0
12:31:58 ERROR : Unexpected error while launching program.
java.lang.RuntimeException: Failed to download ELF file


    Cannot access DDR: the controller is held in reset

	at com.xilinx.sdk.targetmanager.internal.TM.downloadELF(TM.java:686)
	at com.xilinx.sdk.debug.core.internal.AppRunner.run(AppRunner.java:129)
	at com.xilinx.sdk.debug.core.XilinxAppLaunchConfigurationDelegate.runApplication(XilinxAppLaunchConfigurationDelegate.java:637)
	at com.xilinx.sdk.debug.core.XilinxAppLaunchConfigurationDelegate.launch(XilinxAppLaunchConfigurationDelegate.java:309)
	at com.xilinx.sdk.debug.ui.XilinxAppLaunchDelegateWrapper.launch(XilinxAppLaunchDelegateWrapper.java:31)
	at org.eclipse.debug.internal.core.LaunchConfiguration.launch(LaunchConfiguration.java:885)
	at org.eclipse.debug.internal.core.LaunchConfiguration.launch(LaunchConfiguration.java:739)
	at org.eclipse.debug.internal.ui.DebugUIPlugin.buildAndLaunch(DebugUIPlugin.java:1039)
	at org.eclipse.debug.internal.ui.DebugUIPlugin$8.run(DebugUIPlugin.java:1256)
	at org.eclipse.core.internal.jobs.Worker.run(Worker.java:55)
12:34:44 INFO  : Connected to target on host '127.0.0.1' and port '3121'.
12:34:44 INFO  : 'targets -set -filter {jtag_cable_name =~ "Digilent Zed 210248650917" && level==0} -index 1' command is executed.
12:34:49 INFO  : FPGA configured successfully with bitstream "/home/inf2013/nxiromeritis/embedded/ce435_2/lab2_simple_arm/lab2_simple_arm.sdk/lab2_simple_arm_wrapper_hw_platform_0/lab2_simple_arm_wrapper.bit"
12:35:09 ERROR : Unexpected error while launching program.
java.lang.IllegalArgumentException: Path for project must have only one segment.
	at org.eclipse.core.runtime.Assert.isLegal(Assert.java:63)
	at org.eclipse.core.internal.resources.WorkspaceRoot.getProject(WorkspaceRoot.java:147)
	at org.eclipse.cdt.debug.core.CDebugUtils.verifyCProject(CDebugUtils.java:618)
	at org.eclipse.cdt.debug.core.CDebugUtils.verifyProgramPath(CDebugUtils.java:655)
	at org.eclipse.cdt.debug.core.CDebugUtils.verifyProgramPath(CDebugUtils.java:707)
	at com.xilinx.sdk.debug.core.XilinxAppLaunchConfigurationDelegate.runApplication(XilinxAppLaunchConfigurationDelegate.java:578)
	at com.xilinx.sdk.debug.core.XilinxAppLaunchConfigurationDelegate.launch(XilinxAppLaunchConfigurationDelegate.java:309)
	at com.xilinx.sdk.debug.ui.XilinxAppLaunchDelegateWrapper.launch(XilinxAppLaunchDelegateWrapper.java:31)
	at org.eclipse.debug.internal.core.LaunchConfiguration.launch(LaunchConfiguration.java:885)
	at org.eclipse.debug.internal.core.LaunchConfiguration.launch(LaunchConfiguration.java:739)
	at org.eclipse.debug.internal.ui.DebugUIPlugin.buildAndLaunch(DebugUIPlugin.java:1039)
	at org.eclipse.debug.internal.ui.DebugUIPlugin$8.run(DebugUIPlugin.java:1256)
	at org.eclipse.core.internal.jobs.Worker.run(Worker.java:55)
12:36:17 INFO  : Connected to target on host '127.0.0.1' and port '3121'.
12:36:17 INFO  : 'targets -set -filter {jtag_cable_name =~ "Digilent Zed 210248650917" && level==0} -index 1' command is executed.
12:36:21 INFO  : FPGA configured successfully with bitstream "/home/inf2013/nxiromeritis/embedded/ce435_2/lab2_simple_arm/lab2_simple_arm.sdk/lab2_simple_arm_wrapper_hw_platform_0/lab2_simple_arm_wrapper.bit"
12:42:04 INFO  : Connected to target on host '127.0.0.1' and port '3121'.
12:42:04 INFO  : 'targets -set -filter {jtag_cable_name =~ "Digilent Zed 210248650917" && level==0} -index 1' command is executed.
12:42:07 INFO  : FPGA configured successfully with bitstream "/home/inf2013/nxiromeritis/embedded/ce435_2/lab2_simple_arm/lab2_simple_arm.sdk/lab2_simple_arm_wrapper_hw_platform_0/lab2_simple_arm_wrapper.bit"
12:42:17 ERROR : Unexpected error while launching program.
java.lang.RuntimeException: Error while running ps7_init method.
No Elf file associated with target


	at com.xilinx.sdk.targetmanager.internal.TM.run_ps7_init(TM.java:1089)
	at com.xilinx.sdk.debug.core.XilinxAppLaunchConfigurationDelegate.runTargetSetup(XilinxAppLaunchConfigurationDelegate.java:514)
	at com.xilinx.sdk.debug.core.XilinxAppLaunchConfigurationDelegate.runApplication(XilinxAppLaunchConfigurationDelegate.java:616)
	at com.xilinx.sdk.debug.core.XilinxAppLaunchConfigurationDelegate.launch(XilinxAppLaunchConfigurationDelegate.java:309)
	at com.xilinx.sdk.debug.ui.XilinxAppLaunchDelegateWrapper.launch(XilinxAppLaunchDelegateWrapper.java:31)
	at org.eclipse.debug.internal.core.LaunchConfiguration.launch(LaunchConfiguration.java:885)
	at org.eclipse.debug.internal.core.LaunchConfiguration.launch(LaunchConfiguration.java:739)
	at org.eclipse.debug.internal.ui.DebugUIPlugin.buildAndLaunch(DebugUIPlugin.java:1039)
	at org.eclipse.debug.internal.ui.DebugUIPlugin$8.run(DebugUIPlugin.java:1256)
	at org.eclipse.core.internal.jobs.Worker.run(Worker.java:55)
12:45:00 INFO  : Connected to target on host '127.0.0.1' and port '3121'.
12:45:00 INFO  : 'targets -set -filter {jtag_cable_name =~ "Digilent Zed 210248650917" && level==0} -index 1' command is executed.
12:45:04 INFO  : FPGA configured successfully with bitstream "/home/inf2013/nxiromeritis/embedded/ce435_2/lab2_simple_arm/lab2_simple_arm.sdk/lab2_simple_arm_wrapper_hw_platform_0/lab2_simple_arm_wrapper.bit"
12:45:12 INFO  : Processor reset is completed for ps7_cortexa9_0
12:45:12 ERROR : Unexpected error while opening JTAG UART: 
java.lang.RuntimeException: Error while opening JTAG UART server: MDM Uart NOT Present in the System
Could not detect MDM peripheral on hardware. Please check:
    1. If FPGA is configured correctly
    2. MDM Core is instantiated in the design
    3. If the correct FPGA is referred, in case of multiple FPGAs
    4. If the correct MDM is referred, in case of a multiple MDM system
    

	at com.xilinx.sdk.targetmanager.internal.TM.startJTAGUARTServer(TM.java:951)
	at com.xilinx.sdk.debug.core.internal.comm.JTAGUARTStreamsProxy.<init>(JTAGUARTStreamsProxy.java:32)
	at com.xilinx.sdk.debug.core.internal.RemoteProcess.createStreamsProxy(RemoteProcess.java:164)
	at com.xilinx.sdk.debug.core.internal.RemoteProcess.<init>(RemoteProcess.java:65)
	at com.xilinx.sdk.debug.core.internal.AppRunner.run(AppRunner.java:91)
	at com.xilinx.sdk.debug.core.XilinxAppLaunchConfigurationDelegate.runApplication(XilinxAppLaunchConfigurationDelegate.java:637)
	at com.xilinx.sdk.debug.core.XilinxAppLaunchConfigurationDelegate.launch(XilinxAppLaunchConfigurationDelegate.java:309)
	at com.xilinx.sdk.debug.ui.XilinxAppLaunchDelegateWrapper.launch(XilinxAppLaunchDelegateWrapper.java:31)
	at org.eclipse.debug.internal.core.LaunchConfiguration.launch(LaunchConfiguration.java:885)
	at org.eclipse.debug.internal.core.LaunchConfiguration.launch(LaunchConfiguration.java:739)
	at org.eclipse.debug.internal.ui.DebugUIPlugin.buildAndLaunch(DebugUIPlugin.java:1039)
	at org.eclipse.debug.internal.ui.DebugUIPlugin$8.run(DebugUIPlugin.java:1256)
	at org.eclipse.core.internal.jobs.Worker.run(Worker.java:55)
12:45:12 ERROR : Unexpected error while launching program.
java.lang.RuntimeException: Failed to download ELF file


    Cannot access DDR: the controller is held in reset

	at com.xilinx.sdk.targetmanager.internal.TM.downloadELF(TM.java:686)
	at com.xilinx.sdk.debug.core.internal.AppRunner.run(AppRunner.java:129)
	at com.xilinx.sdk.debug.core.XilinxAppLaunchConfigurationDelegate.runApplication(XilinxAppLaunchConfigurationDelegate.java:637)
	at com.xilinx.sdk.debug.core.XilinxAppLaunchConfigurationDelegate.launch(XilinxAppLaunchConfigurationDelegate.java:309)
	at com.xilinx.sdk.debug.ui.XilinxAppLaunchDelegateWrapper.launch(XilinxAppLaunchDelegateWrapper.java:31)
	at org.eclipse.debug.internal.core.LaunchConfiguration.launch(LaunchConfiguration.java:885)
	at org.eclipse.debug.internal.core.LaunchConfiguration.launch(LaunchConfiguration.java:739)
	at org.eclipse.debug.internal.ui.DebugUIPlugin.buildAndLaunch(DebugUIPlugin.java:1039)
	at org.eclipse.debug.internal.ui.DebugUIPlugin$8.run(DebugUIPlugin.java:1256)
	at org.eclipse.core.internal.jobs.Worker.run(Worker.java:55)
12:48:14 INFO  : Connected to target on host '127.0.0.1' and port '3121'.
12:48:14 INFO  : 'targets -set -filter {jtag_cable_name =~ "Digilent Zed 210248650917" && level==0} -index 1' command is executed.
12:48:20 INFO  : FPGA configured successfully with bitstream "/home/inf2013/nxiromeritis/embedded/ce435_2/lab2_simple_arm/lab2_simple_arm.sdk/lab2_simple_arm_wrapper_hw_platform_0/lab2_simple_arm_wrapper.bit"
12:49:15 INFO  : Connected to target on host '127.0.0.1' and port '3121'.
12:49:15 INFO  : 'targets -set -filter {jtag_cable_name =~ "Digilent Zed 210248650917" && level==0} -index 1' command is executed.
12:49:20 INFO  : FPGA configured successfully with bitstream "/home/inf2013/nxiromeritis/embedded/ce435_2/lab2_simple_arm/lab2_simple_arm.sdk/lab2_simple_arm_wrapper_hw_platform_0/lab2_simple_arm_wrapper.bit"
12:52:51 INFO  : Connected to target on host '127.0.0.1' and port '3121'.
12:52:51 INFO  : 'targets -set -filter {jtag_cable_name =~ "Digilent Zed 210248650917" && level==0} -index 1' command is executed.
12:52:56 INFO  : FPGA configured successfully with bitstream "/home/inf2013/nxiromeritis/embedded/ce435_2/lab2_simple_arm/lab2_simple_arm.sdk/lab2_simple_arm_wrapper_hw_platform_0/lab2_simple_arm_wrapper.bit"
12:55:20 INFO  : Connected to target on host '127.0.0.1' and port '3121'.
12:55:20 INFO  : 'targets -set -filter {jtag_cable_name =~ "Digilent Zed 210248650917" && level==0} -index 1' command is executed.
12:55:26 INFO  : FPGA configured successfully with bitstream "/home/inf2013/nxiromeritis/embedded/ce435_2/lab2_simple_arm/lab2_simple_arm.sdk/lab2_simple_arm_wrapper_hw_platform_0/lab2_simple_arm_wrapper.bit"
12:58:35 ERROR : (XSDB Server)invalid command name "rst-debug_sys"

13:01:21 ERROR : Unable to open XSCT Console view: {}
java.lang.NullPointerException
	at org.eclipse.ui.internal.WorkbenchPage.busyShowView(WorkbenchPage.java:1270)
	at org.eclipse.ui.internal.WorkbenchPage$12.run(WorkbenchPage.java:4211)
	at org.eclipse.swt.custom.BusyIndicator.showWhile(BusyIndicator.java:70)
	at org.eclipse.ui.internal.WorkbenchPage.showView(WorkbenchPage.java:4207)
	at org.eclipse.ui.internal.WorkbenchPage.showView(WorkbenchPage.java:4187)
	at com.xilinx.sdk.targetmanager.ui.xsdb.ViewXSDBHandler.execute(ViewXSDBHandler.java:25)
	at org.eclipse.ui.internal.handlers.HandlerProxy.execute(HandlerProxy.java:295)
	at org.eclipse.ui.internal.handlers.E4HandlerProxy.execute(E4HandlerProxy.java:90)
	at sun.reflect.GeneratedMethodAccessor59.invoke(Unknown Source)
	at sun.reflect.DelegatingMethodAccessorImpl.invoke(DelegatingMethodAccessorImpl.java:43)
	at java.lang.reflect.Method.invoke(Method.java:497)
	at org.eclipse.e4.core.internal.di.MethodRequestor.execute(MethodRequestor.java:56)
	at org.eclipse.e4.core.internal.di.InjectorImpl.invokeUsingClass(InjectorImpl.java:252)
	at org.eclipse.e4.core.internal.di.InjectorImpl.invoke(InjectorImpl.java:234)
	at org.eclipse.e4.core.contexts.ContextInjectionFactory.invoke(ContextInjectionFactory.java:132)
	at org.eclipse.e4.core.commands.internal.HandlerServiceHandler.execute(HandlerServiceHandler.java:152)
	at org.eclipse.core.commands.Command.executeWithChecks(Command.java:493)
	at org.eclipse.core.commands.ParameterizedCommand.executeWithChecks(ParameterizedCommand.java:486)
	at org.eclipse.e4.core.commands.internal.HandlerServiceImpl.executeHandler(HandlerServiceImpl.java:210)
	at org.eclipse.e4.ui.workbench.renderers.swt.HandledContributionItem.executeItem(HandledContributionItem.java:799)
	at org.eclipse.e4.ui.workbench.renderers.swt.HandledContributionItem.handleWidgetSelection(HandledContributionItem.java:675)
	at org.eclipse.e4.ui.workbench.renderers.swt.HandledContributionItem.access$7(HandledContributionItem.java:659)
	at org.eclipse.e4.ui.workbench.renderers.swt.HandledContributionItem$4.handleEvent(HandledContributionItem.java:592)
	at org.eclipse.swt.widgets.EventTable.sendEvent(EventTable.java:84)
	at org.eclipse.swt.widgets.Display.sendEvent(Display.java:4481)
	at org.eclipse.swt.widgets.Widget.sendEvent(Widget.java:1327)
	at org.eclipse.swt.widgets.Display.runDeferredEvents(Display.java:3819)
	at org.eclipse.swt.widgets.Display.readAndDispatch(Display.java:3430)
	at org.eclipse.e4.ui.internal.workbench.swt.PartRenderingEngine$4.run(PartRenderingEngine.java:1127)
	at org.eclipse.core.databinding.observable.Realm.runWithDefault(Realm.java:337)
	at org.eclipse.e4.ui.internal.workbench.swt.PartRenderingEngine.run(PartRenderingEngine.java:1018)
	at org.eclipse.e4.ui.internal.workbench.E4Workbench.createAndRunUI(E4Workbench.java:156)
	at org.eclipse.ui.internal.Workbench$5.run(Workbench.java:654)
	at org.eclipse.core.databinding.observable.Realm.runWithDefault(Realm.java:337)
	at org.eclipse.ui.internal.Workbench.createAndRunWorkbench(Workbench.java:598)
	at org.eclipse.ui.PlatformUI.createAndRunWorkbench(PlatformUI.java:150)
	at org.eclipse.ui.internal.ide.application.IDEApplication.start(IDEApplication.java:139)
	at org.eclipse.equinox.internal.app.EclipseAppHandle.run(EclipseAppHandle.java:196)
	at org.eclipse.core.runtime.internal.adaptor.EclipseAppLauncher.runApplication(EclipseAppLauncher.java:134)
	at org.eclipse.core.runtime.internal.adaptor.EclipseAppLauncher.start(EclipseAppLauncher.java:104)
	at org.eclipse.core.runtime.adaptor.EclipseStarter.run(EclipseStarter.java:380)
	at org.eclipse.core.runtime.adaptor.EclipseStarter.run(EclipseStarter.java:235)
	at sun.reflect.NativeMethodAccessorImpl.invoke0(Native Method)
	at sun.reflect.NativeMethodAccessorImpl.invoke(NativeMethodAccessorImpl.java:62)
	at sun.reflect.DelegatingMethodAccessorImpl.invoke(DelegatingMethodAccessorImpl.java:43)
	at java.lang.reflect.Method.invoke(Method.java:497)
	at org.eclipse.equinox.launcher.Main.invokeFramework(Main.java:669)
	at org.eclipse.equinox.launcher.Main.basicRun(Main.java:608)
	at org.eclipse.equinox.launcher.Main.run(Main.java:1515)
	at org.eclipse.equinox.launcher.Main.main(Main.java:1488)
13:01:31 ERROR : (XSDB Server)bad option '-debug_sys': -processor -cores -dap -system -srst -jtag-timeout -timeout -help

13:01:46 ERROR : (XSDB Server)bad option '--help': -processor -cores -dap -system -srst -jtag-timeout -timeout -help

13:05:28 INFO  : Connected to target on host '127.0.0.1' and port '3121'.
13:05:28 INFO  : 'targets -set -filter {jtag_cable_name =~ "Digilent Zed 210248650917" && level==0} -index 1' command is executed.
13:05:32 INFO  : FPGA configured successfully with bitstream "/home/inf2013/nxiromeritis/embedded/ce435_2/lab2_simple_arm/lab2_simple_arm.sdk/lab2_simple_arm_wrapper_hw_platform_0/lab2_simple_arm_wrapper.bit"
13:09:41 INFO  : Connected to target on host '127.0.0.1' and port '3121'.
13:09:50 INFO  : Connected to target on host '127.0.0.1' and port '3121'.
13:09:50 INFO  : 'targets -set -filter {jtag_cable_name =~ "Digilent Zed 210248650917" && level==0} -index 1' command is executed.
13:09:54 INFO  : FPGA configured successfully with bitstream "/home/inf2013/nxiromeritis/embedded/ce435_2/lab2_simple_arm/lab2_simple_arm.sdk/lab2_simple_arm_wrapper_hw_platform_0/lab2_simple_arm_wrapper.bit"
13:13:28 INFO  : Launching QEMU with command '/opt/Xilinx/SDK/2016.4/bin/qemu-system-aarch64 -nographic -M arm-generic-fdt -dtb /opt/Xilinx/SDK/2016.4/data/qemu/zynqMP/zcu102/zynqmp-qemu-arm.dtb -gdb tcp::1137 -S'
13:13:28 INFO  : Launching tcfgdbclient with command 'tcfgdbclient -s tcp::1138 -S'
13:13:29 ERROR : (QEMU Process )audio: Unknown audio driver `pa'
audio: Run with -audio-help to list available drivers
audio: Could not init `oss' audio driver

13:13:31 INFO  : Connected to target on host 'localhost' and port '1138'.
13:13:31 INFO  : 'tcf send_command tcfchan#2 GdbClient connect "o{host s port s}" eA {{host localhost port 1137 architecture aarch64}}' command is executed.
13:13:31 INFO  : ----------------XSDB Script----------------
----------------End of Script----------------

13:19:27 INFO  : Inferring section assignments and sizes from elf file: /home/inf2013/nxiromeritis/embedded/ce435_2/lab2_simple_arm/lab2_simple_arm.sdk/lab2_simple/Debug/lab2_simple.elf
13:20:27 INFO  : Connected to target on host '127.0.0.1' and port '3121'.
13:20:27 INFO  : 'targets -set -filter {jtag_cable_name =~ "Digilent Zed 210248650917" && level==0} -index 1' command is executed.
13:20:30 INFO  : FPGA configured successfully with bitstream "/home/inf2013/nxiromeritis/embedded/ce435_2/lab2_simple_arm/lab2_simple_arm.sdk/lab2_simple_arm_wrapper_hw_platform_0/lab2_simple_arm_wrapper.bit"
13:22:56 INFO  : Connected to target on host '127.0.0.1' and port '3121'.
13:23:01 INFO  : Connected to target on host '127.0.0.1' and port '3121'.
13:23:02 INFO  : 'targets -set -filter {jtag_cable_name =~ "Digilent Zed 210248650917" && level==0} -index 1' command is executed.
13:23:04 INFO  : FPGA configured successfully with bitstream "/home/inf2013/nxiromeritis/embedded/ce435_2/lab2_simple_arm/lab2_simple_arm.sdk/lab2_simple_arm_wrapper_hw_platform_0/lab2_simple_arm_wrapper.bit"
13:27:40 INFO  : 'targets -set -filter {jtag_cable_name =~ "Digilent Zed 210248650917" && level==0} -index 1' command is executed.
13:27:40 INFO  : 'fpga -state' command is executed.
13:27:40 INFO  : Connected to target on host '127.0.0.1' and port '3121'.
13:27:41 INFO  : Jtag cable 'Digilent Zed 210248650917' is selected.
13:27:41 INFO  : 'jtag frequency' command is executed.
13:27:41 INFO  : Sourcing of '/home/inf2013/nxiromeritis/embedded/ce435_2/lab2_simple_arm/lab2_simple_arm.sdk/lab2_simple_arm_wrapper_hw_platform_0/ps7_init.tcl' is done.
13:27:41 INFO  : Context for 'APU' is selected.
13:27:41 INFO  : Hardware design information is loaded from '/home/inf2013/nxiromeritis/embedded/ce435_2/lab2_simple_arm/lab2_simple_arm.sdk/lab2_simple_arm_wrapper_hw_platform_0/system.hdf'.
13:27:41 INFO  : Context for 'APU' is selected.
13:27:41 INFO  : 'stop' command is executed.
13:27:42 INFO  : 'ps7_init' command is executed.
13:27:42 INFO  : 'ps7_post_config' command is executed.
13:27:42 INFO  : Context for processor 'ps7_cortexa9_0' is selected.
13:27:42 INFO  : Processor reset is completed for 'ps7_cortexa9_0'.
13:27:42 INFO  : Context for processor 'ps7_cortexa9_0' is selected.
13:27:42 INFO  : The application '/home/inf2013/nxiromeritis/embedded/ce435_2/lab2_simple_arm/lab2_simple_arm.sdk/lab2_simple/Debug/lab2_simple.elf' is downloaded to processor 'ps7_cortexa9_0'.
13:27:42 INFO  : ----------------XSDB Script----------------
connect -url tcp:127.0.0.1:3121
source /home/inf2013/nxiromeritis/embedded/ce435_2/lab2_simple_arm/lab2_simple_arm.sdk/lab2_simple_arm_wrapper_hw_platform_0/ps7_init.tcl
targets -set -nocase -filter {name =~"APU*" && jtag_cable_name =~ "Digilent Zed 210248650917"} -index 0
loadhw /home/inf2013/nxiromeritis/embedded/ce435_2/lab2_simple_arm/lab2_simple_arm.sdk/lab2_simple_arm_wrapper_hw_platform_0/system.hdf
targets -set -nocase -filter {name =~"APU*" && jtag_cable_name =~ "Digilent Zed 210248650917"} -index 0
stop
ps7_init
ps7_post_config
targets -set -nocase -filter {name =~ "ARM*#0" && jtag_cable_name =~ "Digilent Zed 210248650917"} -index 0
rst -processor
targets -set -nocase -filter {name =~ "ARM*#0" && jtag_cable_name =~ "Digilent Zed 210248650917"} -index 0
dow /home/inf2013/nxiromeritis/embedded/ce435_2/lab2_simple_arm/lab2_simple_arm.sdk/lab2_simple/Debug/lab2_simple.elf
----------------End of Script----------------

13:27:42 INFO  : Memory regions updated for context APU
13:27:42 INFO  : Context for processor 'ps7_cortexa9_0' is selected.
13:27:42 INFO  : 'con' command is executed.
13:27:42 INFO  : ----------------XSDB Script (After Launch)----------------
targets -set -nocase -filter {name =~ "ARM*#0" && jtag_cable_name =~ "Digilent Zed 210248650917"} -index 0
con
----------------End of Script----------------

13:27:42 INFO  : Launch script is exported to file '/home/inf2013/nxiromeritis/embedded/ce435_2/lab2_simple_arm/lab2_simple_arm.sdk/.sdk/launch_scripts/xilinx_c-c++_application_(system_debugger)/system_debugger_using_debug_lab2_simple.elf_on_local.tcl'
13:28:58 INFO  : Connected to target on host '127.0.0.1' and port '3121'.
13:28:58 INFO  : 'targets -set -filter {jtag_cable_name =~ "Digilent Zed 210248650917" && level==0} -index 1' command is executed.
13:29:00 INFO  : FPGA configured successfully with bitstream "/home/inf2013/nxiromeritis/embedded/ce435_2/lab2_simple_arm/lab2_simple_arm.sdk/lab2_simple_arm_wrapper_hw_platform_0/lab2_simple_arm_wrapper.bit"
13:29:32 INFO  : QEMU process is terminated.
13:29:32 INFO  : tcfgdbclient process is terminated.
13:29:32 INFO  : Disconnected from the channel tcfchan#1.
13:29:33 INFO  : 'targets -set -filter {jtag_cable_name =~ "Digilent Zed 210248650917" && level==0} -index 1' command is executed.
13:29:33 INFO  : 'fpga -state' command is executed.
13:29:33 INFO  : Connected to target on host '127.0.0.1' and port '3121'.
13:29:33 INFO  : Jtag cable 'Digilent Zed 210248650917' is selected.
13:29:33 INFO  : 'jtag frequency' command is executed.
13:29:33 INFO  : Sourcing of '/home/inf2013/nxiromeritis/embedded/ce435_2/lab2_simple_arm/lab2_simple_arm.sdk/lab2_simple_arm_wrapper_hw_platform_0/ps7_init.tcl' is done.
13:29:33 INFO  : Context for 'APU' is selected.
13:29:36 INFO  : Hardware design information is loaded from '/home/inf2013/nxiromeritis/embedded/ce435_2/lab2_simple_arm/lab2_simple_arm.sdk/lab2_simple_arm_wrapper_hw_platform_0/system.hdf'.
13:29:36 INFO  : Context for 'APU' is selected.
13:29:36 INFO  : 'stop' command is executed.
13:29:37 INFO  : 'ps7_init' command is executed.
13:29:37 INFO  : 'ps7_post_config' command is executed.
13:29:37 INFO  : Context for processor 'ps7_cortexa9_0' is selected.
13:29:37 INFO  : Processor reset is completed for 'ps7_cortexa9_0'.
13:29:37 INFO  : Context for processor 'ps7_cortexa9_0' is selected.
13:29:37 INFO  : The application '/home/inf2013/nxiromeritis/embedded/ce435_2/lab2_simple_arm/lab2_simple_arm.sdk/lab2_simple/Debug/lab2_simple.elf' is downloaded to processor 'ps7_cortexa9_0'.
13:29:37 INFO  : ----------------XSDB Script----------------
connect -url tcp:127.0.0.1:3121
source /home/inf2013/nxiromeritis/embedded/ce435_2/lab2_simple_arm/lab2_simple_arm.sdk/lab2_simple_arm_wrapper_hw_platform_0/ps7_init.tcl
targets -set -nocase -filter {name =~"APU*" && jtag_cable_name =~ "Digilent Zed 210248650917"} -index 0
loadhw /home/inf2013/nxiromeritis/embedded/ce435_2/lab2_simple_arm/lab2_simple_arm.sdk/lab2_simple_arm_wrapper_hw_platform_0/system.hdf
targets -set -nocase -filter {name =~"APU*" && jtag_cable_name =~ "Digilent Zed 210248650917"} -index 0
stop
ps7_init
ps7_post_config
targets -set -nocase -filter {name =~ "ARM*#0" && jtag_cable_name =~ "Digilent Zed 210248650917"} -index 0
rst -processor
targets -set -nocase -filter {name =~ "ARM*#0" && jtag_cable_name =~ "Digilent Zed 210248650917"} -index 0
dow /home/inf2013/nxiromeritis/embedded/ce435_2/lab2_simple_arm/lab2_simple_arm.sdk/lab2_simple/Debug/lab2_simple.elf
----------------End of Script----------------

13:29:37 INFO  : Memory regions updated for context APU
13:29:38 INFO  : Context for processor 'ps7_cortexa9_0' is selected.
13:29:38 INFO  : 'con' command is executed.
13:29:38 INFO  : ----------------XSDB Script (After Launch)----------------
targets -set -nocase -filter {name =~ "ARM*#0" && jtag_cable_name =~ "Digilent Zed 210248650917"} -index 0
con
----------------End of Script----------------

13:29:38 INFO  : Launch script is exported to file '/home/inf2013/nxiromeritis/embedded/ce435_2/lab2_simple_arm/lab2_simple_arm.sdk/.sdk/launch_scripts/xilinx_c-c++_application_(system_debugger)/system_debugger_using_debug_lab2_simple.elf_on_local.tcl'
13:51:35 INFO  : Disconnected from the channel tcfchan#3.
13:51:40 ERROR : Unexpected error while parsing XMD response ￿: com.google.gson.JsonSyntaxException: com.google.gson.stream.MalformedJsonException: invalid number or unquoted string near 
