Copyright 1986-2016 Xilinx, Inc. All Rights Reserved.
-------------------------------------------------------------------------------------------
| Tool Version : Vivado v.2016.4 (lin64) Build 1756540 Mon Jan 23 19:11:19 MST 2017
| Date         : Mon May 22 13:52:21 2017
| Host         : Elsa running 64-bit Ubuntu 16.04.2 LTS
| Command      : report_control_sets -verbose -file system_wrapper_control_sets_placed.rpt
| Design       : system_wrapper
| Device       : xc7z020
-------------------------------------------------------------------------------------------

Control Set Information

Table of Contents
-----------------
1. Summary
2. Flip-Flop Distribution
3. Detailed Control Set Information

1. Summary
----------

+----------------------------------------------------------+-------+
|                          Status                          | Count |
+----------------------------------------------------------+-------+
| Number of unique control sets                            |   121 |
| Unused register locations in slices containing registers |   136 |
+----------------------------------------------------------+-------+


2. Flip-Flop Distribution
-------------------------

+--------------+-----------------------+------------------------+-----------------+--------------+
| Clock Enable | Synchronous Set/Reset | Asynchronous Set/Reset | Total Registers | Total Slices |
+--------------+-----------------------+------------------------+-----------------+--------------+
| No           | No                    | No                     |             134 |           45 |
| No           | No                    | Yes                    |               0 |            0 |
| No           | Yes                   | No                     |             106 |           31 |
| Yes          | No                    | No                     |             525 |          147 |
| Yes          | No                    | Yes                    |               0 |            0 |
| Yes          | Yes                   | No                     |            1299 |          366 |
+--------------+-----------------------+------------------------+-----------------+--------------+


3. Detailed Control Set Information
-----------------------------------

+-----------------------------------------------+-------------------------------------------------------------------------------------------------------------------------------------------------------------+----------------------------------------------------------------------------------------------------------------------------------------+------------------+----------------+
|                  Clock Signal                 |                                                                        Enable Signal                                                                        |                                                            Set/Reset Signal                                                            | Slice Load Count | Bel Load Count |
+-----------------------------------------------+-------------------------------------------------------------------------------------------------------------------------------------------------------------+----------------------------------------------------------------------------------------------------------------------------------------+------------------+----------------+
|  system_i/processing_system7_0/inst/FCLK_CLK0 | system_i/ps7_0_axi_periph/s00_couplers/auto_pc/inst/gen_axilite.gen_b2s_conv.axilite_b2s/WR.b_channel_0/bid_fifo_0/bresp_push                               |                                                                                                                                        |                1 |              2 |
|  system_i/processing_system7_0/inst/FCLK_CLK0 | system_i/ps7_0_axi_periph/s00_couplers/auto_pc/inst/gen_axilite.gen_b2s_conv.axilite_b2s/WR.aw_channel_0/aw_cmd_fsm_0/E[0]                                  | system_i/ps7_0_axi_periph/s00_couplers/auto_pc/inst/gen_axilite.gen_b2s_conv.axilite_b2s/WR.aw_channel_0/aw_cmd_fsm_0/axlen_cnt_reg[7] |                1 |              4 |
|  system_i/processing_system7_0/inst/FCLK_CLK0 | system_i/ZedboardOLED_0/inst/ZedboardOLED_v1_0_S00_AXI_inst/after_char_state[94]_i_1_n_0                                                                    | system_i/ZedboardOLED_0/inst/ZedboardOLED_v1_0_S00_AXI_inst/temp_index[3]_i_1_n_0                                                      |                1 |              4 |
|  system_i/processing_system7_0/inst/FCLK_CLK0 |                                                                                                                                                             | system_i/ps7_0_axi_periph/s00_couplers/auto_pc/inst/gen_axilite.gen_b2s_conv.axilite_b2s/SI_REG/ar_pipe/m_valid_i_reg_0                |                2 |              4 |
|  system_i/processing_system7_0/inst/FCLK_CLK0 |                                                                                                                                                             | system_i/ps7_0_axi_periph/s00_couplers/auto_pc/inst/gen_axilite.gen_b2s_conv.axilite_b2s/SI_REG/aw_pipe/s_ready_i_reg_0                |                2 |              4 |
|  system_i/processing_system7_0/inst/FCLK_CLK0 | system_i/ps7_0_axi_periph/s00_couplers/auto_pc/inst/gen_axilite.gen_b2s_conv.axilite_b2s/RD.ar_channel_0/ar_cmd_fsm_0/axlen_cnt_reg[3][0]                   | system_i/ps7_0_axi_periph/s00_couplers/auto_pc/inst/gen_axilite.gen_b2s_conv.axilite_b2s/RD.ar_channel_0/ar_cmd_fsm_0/axlen_cnt_reg[7] |                1 |              4 |
|  system_i/processing_system7_0/inst/FCLK_CLK0 | system_i/ZedboardOLED_0/inst/ZedboardOLED_v1_0_S00_AXI_inst/after_state[102]_i_1_n_0                                                                        | system_i/ZedboardOLED_0/inst/ZedboardOLED_v1_0_S00_AXI_inst/after_state[62]_i_1_n_0                                                    |                3 |              4 |
|  system_i/processing_system7_0/inst/FCLK_CLK0 | system_i/ZedboardOLED_0/inst/ZedboardOLED_v1_0_S00_AXI_inst/after_state[102]_i_1_n_0                                                                        | system_i/ZedboardOLED_0/inst/ZedboardOLED_v1_0_S00_AXI_inst/after_state[60]_i_1_n_0                                                    |                4 |              5 |
|  system_i/processing_system7_0/inst/FCLK_CLK0 | system_i/ZedboardOLED_0/inst/ZedboardOLED_v1_0_S00_AXI_inst/DELAY_COMP/current_state                                                                        | system_i/ZedboardOLED_0/inst/ZedboardOLED_v1_0_S00_AXI_inst/RST_internal_reg_n_0                                                       |                2 |              5 |
|  system_i/processing_system7_0/inst/FCLK_CLK0 | system_i/ZedboardOLED_0/inst/ZedboardOLED_v1_0_S00_AXI_inst/axi_arready_i_1_n_0                                                                             | system_i/ZedboardOLED_0/inst/ZedboardOLED_v1_0_S00_AXI_inst/axi_awready_i_1_n_0                                                        |                1 |              5 |
|  system_i/processing_system7_0/inst/FCLK_CLK0 | system_i/ZedboardOLED_0/inst/ZedboardOLED_v1_0_S00_AXI_inst/axi_awready_i_2_n_0                                                                             | system_i/ZedboardOLED_0/inst/ZedboardOLED_v1_0_S00_AXI_inst/axi_awready_i_1_n_0                                                        |                1 |              5 |
|  system_i/processing_system7_0/inst/FCLK_CLK0 | system_i/ZedboardOLED_0/inst/ZedboardOLED_v1_0_S00_AXI_inst/SPI_COMP/temp_sdo                                                                               | system_i/ZedboardOLED_0/inst/ZedboardOLED_v1_0_S00_AXI_inst/SPI_COMP/temp_sdo_i_1_n_0                                                  |                2 |              5 |
|  system_i/processing_system7_0/inst/FCLK_CLK0 |                                                                                                                                                             | system_i/ZedboardOLED_0/inst/ZedboardOLED_v1_0_S00_AXI_inst/axi_awready_i_1_n_0                                                        |                3 |              5 |
|  system_i/processing_system7_0/inst/FCLK_CLK0 |                                                                                                                                                             | system_i/ZedboardOLED_0/inst/ZedboardOLED_v1_0_S00_AXI_inst/SPI_COMP/current_state[24]_i_1__1_n_0                                      |                1 |              5 |
|  system_i/processing_system7_0/inst/FCLK_CLK0 |                                                                                                                                                             | system_i/rst_ps7_0_100M/U0/EXT_LPF/lpf_int                                                                                             |                1 |              5 |
|  system_i/processing_system7_0/inst/FCLK_CLK0 | system_i/rst_ps7_0_100M/U0/SEQ/seq_cnt_en                                                                                                                   | system_i/rst_ps7_0_100M/U0/SEQ/SEQ_COUNTER/clear                                                                                       |                1 |              6 |
|  system_i/processing_system7_0/inst/FCLK_CLK0 | system_i/ZedboardOLED_0/inst/ZedboardOLED_v1_0_S00_AXI_inst/SPI_COMP/current_state                                                                          | system_i/ZedboardOLED_0/inst/ZedboardOLED_v1_0_S00_AXI_inst/RST_internal_reg_n_0                                                       |                3 |              6 |
|  system_i/processing_system7_0/inst/FCLK_CLK0 | system_i/ZedboardOLED_0/inst/ZedboardOLED_v1_0_S00_AXI_inst/slv_reg1[23]                                                                                    | system_i/ZedboardOLED_0/inst/ZedboardOLED_v1_0_S00_AXI_inst/axi_awready_i_1_n_0                                                        |                2 |              8 |
|  system_i/processing_system7_0/inst/FCLK_CLK0 | system_i/ZedboardOLED_0/inst/ZedboardOLED_v1_0_S00_AXI_inst/slv_reg9[15]                                                                                    | system_i/ZedboardOLED_0/inst/ZedboardOLED_v1_0_S00_AXI_inst/axi_awready_i_1_n_0                                                        |                4 |              8 |
|  system_i/processing_system7_0/inst/FCLK_CLK0 | system_i/ZedboardOLED_0/inst/ZedboardOLED_v1_0_S00_AXI_inst/slv_reg9[23]                                                                                    | system_i/ZedboardOLED_0/inst/ZedboardOLED_v1_0_S00_AXI_inst/axi_awready_i_1_n_0                                                        |                4 |              8 |
|  system_i/processing_system7_0/inst/FCLK_CLK0 | system_i/ZedboardOLED_0/inst/ZedboardOLED_v1_0_S00_AXI_inst/slv_reg9[31]                                                                                    | system_i/ZedboardOLED_0/inst/ZedboardOLED_v1_0_S00_AXI_inst/axi_awready_i_1_n_0                                                        |                4 |              8 |
|  system_i/processing_system7_0/inst/FCLK_CLK0 | system_i/ZedboardOLED_0/inst/ZedboardOLED_v1_0_S00_AXI_inst/slv_reg9[7]                                                                                     | system_i/ZedboardOLED_0/inst/ZedboardOLED_v1_0_S00_AXI_inst/axi_awready_i_1_n_0                                                        |                3 |              8 |
|  system_i/processing_system7_0/inst/FCLK_CLK0 | system_i/ZedboardOLED_0/inst/ZedboardOLED_v1_0_S00_AXI_inst/slv_reg0[7]                                                                                     | system_i/ZedboardOLED_0/inst/ZedboardOLED_v1_0_S00_AXI_inst/axi_awready_i_1_n_0                                                        |                2 |              8 |
|  system_i/processing_system7_0/inst/FCLK_CLK0 | system_i/ZedboardOLED_0/inst/ZedboardOLED_v1_0_S00_AXI_inst/slv_reg0[15]                                                                                    | system_i/ZedboardOLED_0/inst/ZedboardOLED_v1_0_S00_AXI_inst/axi_awready_i_1_n_0                                                        |                2 |              8 |
|  system_i/processing_system7_0/inst/FCLK_CLK0 | system_i/ZedboardOLED_0/inst/ZedboardOLED_v1_0_S00_AXI_inst/slv_reg0[23]                                                                                    | system_i/ZedboardOLED_0/inst/ZedboardOLED_v1_0_S00_AXI_inst/axi_awready_i_1_n_0                                                        |                2 |              8 |
|  system_i/processing_system7_0/inst/FCLK_CLK0 | system_i/ZedboardOLED_0/inst/ZedboardOLED_v1_0_S00_AXI_inst/slv_reg0[31]                                                                                    | system_i/ZedboardOLED_0/inst/ZedboardOLED_v1_0_S00_AXI_inst/axi_awready_i_1_n_0                                                        |                2 |              8 |
|  system_i/processing_system7_0/inst/FCLK_CLK0 | system_i/ZedboardOLED_0/inst/ZedboardOLED_v1_0_S00_AXI_inst/slv_reg1[7]                                                                                     | system_i/ZedboardOLED_0/inst/ZedboardOLED_v1_0_S00_AXI_inst/axi_awready_i_1_n_0                                                        |                2 |              8 |
|  system_i/processing_system7_0/inst/FCLK_CLK0 | system_i/ZedboardOLED_0/inst/ZedboardOLED_v1_0_S00_AXI_inst/slv_reg1[15]                                                                                    | system_i/ZedboardOLED_0/inst/ZedboardOLED_v1_0_S00_AXI_inst/axi_awready_i_1_n_0                                                        |                2 |              8 |
|  system_i/processing_system7_0/inst/FCLK_CLK0 | system_i/ZedboardOLED_0/inst/ZedboardOLED_v1_0_S00_AXI_inst/slv_reg7[23]                                                                                    | system_i/ZedboardOLED_0/inst/ZedboardOLED_v1_0_S00_AXI_inst/axi_awready_i_1_n_0                                                        |                3 |              8 |
|  system_i/processing_system7_0/inst/FCLK_CLK0 | system_i/ZedboardOLED_0/inst/ZedboardOLED_v1_0_S00_AXI_inst/slv_reg1[31]                                                                                    | system_i/ZedboardOLED_0/inst/ZedboardOLED_v1_0_S00_AXI_inst/axi_awready_i_1_n_0                                                        |                2 |              8 |
|  system_i/processing_system7_0/inst/FCLK_CLK0 | system_i/ZedboardOLED_0/inst/ZedboardOLED_v1_0_S00_AXI_inst/slv_reg10[7]                                                                                    | system_i/ZedboardOLED_0/inst/ZedboardOLED_v1_0_S00_AXI_inst/axi_awready_i_1_n_0                                                        |                3 |              8 |
|  system_i/processing_system7_0/inst/FCLK_CLK0 | system_i/ZedboardOLED_0/inst/ZedboardOLED_v1_0_S00_AXI_inst/slv_reg10[15]                                                                                   | system_i/ZedboardOLED_0/inst/ZedboardOLED_v1_0_S00_AXI_inst/axi_awready_i_1_n_0                                                        |                2 |              8 |
|  system_i/processing_system7_0/inst/FCLK_CLK0 | system_i/ZedboardOLED_0/inst/ZedboardOLED_v1_0_S00_AXI_inst/slv_reg10[23]                                                                                   | system_i/ZedboardOLED_0/inst/ZedboardOLED_v1_0_S00_AXI_inst/axi_awready_i_1_n_0                                                        |                1 |              8 |
|  system_i/processing_system7_0/inst/FCLK_CLK0 | system_i/ZedboardOLED_0/inst/ZedboardOLED_v1_0_S00_AXI_inst/slv_reg10[31]                                                                                   | system_i/ZedboardOLED_0/inst/ZedboardOLED_v1_0_S00_AXI_inst/axi_awready_i_1_n_0                                                        |                2 |              8 |
|  system_i/processing_system7_0/inst/FCLK_CLK0 | system_i/ZedboardOLED_0/inst/ZedboardOLED_v1_0_S00_AXI_inst/slv_reg11[7]                                                                                    | system_i/ZedboardOLED_0/inst/ZedboardOLED_v1_0_S00_AXI_inst/axi_awready_i_1_n_0                                                        |                3 |              8 |
|  system_i/processing_system7_0/inst/FCLK_CLK0 | system_i/ZedboardOLED_0/inst/ZedboardOLED_v1_0_S00_AXI_inst/slv_reg11[15]                                                                                   | system_i/ZedboardOLED_0/inst/ZedboardOLED_v1_0_S00_AXI_inst/axi_awready_i_1_n_0                                                        |                2 |              8 |
|  system_i/processing_system7_0/inst/FCLK_CLK0 | system_i/ZedboardOLED_0/inst/ZedboardOLED_v1_0_S00_AXI_inst/slv_reg11[23]                                                                                   | system_i/ZedboardOLED_0/inst/ZedboardOLED_v1_0_S00_AXI_inst/axi_awready_i_1_n_0                                                        |                1 |              8 |
|  system_i/processing_system7_0/inst/FCLK_CLK0 | system_i/ZedboardOLED_0/inst/ZedboardOLED_v1_0_S00_AXI_inst/slv_reg11[31]                                                                                   | system_i/ZedboardOLED_0/inst/ZedboardOLED_v1_0_S00_AXI_inst/axi_awready_i_1_n_0                                                        |                1 |              8 |
|  system_i/processing_system7_0/inst/FCLK_CLK0 | system_i/ZedboardOLED_0/inst/ZedboardOLED_v1_0_S00_AXI_inst/slv_reg12[7]                                                                                    | system_i/ZedboardOLED_0/inst/ZedboardOLED_v1_0_S00_AXI_inst/axi_awready_i_1_n_0                                                        |                2 |              8 |
|  system_i/processing_system7_0/inst/FCLK_CLK0 | system_i/ZedboardOLED_0/inst/ZedboardOLED_v1_0_S00_AXI_inst/slv_reg12[15]                                                                                   | system_i/ZedboardOLED_0/inst/ZedboardOLED_v1_0_S00_AXI_inst/axi_awready_i_1_n_0                                                        |                4 |              8 |
|  system_i/processing_system7_0/inst/FCLK_CLK0 | system_i/ZedboardOLED_0/inst/ZedboardOLED_v1_0_S00_AXI_inst/slv_reg12[23]                                                                                   | system_i/ZedboardOLED_0/inst/ZedboardOLED_v1_0_S00_AXI_inst/axi_awready_i_1_n_0                                                        |                4 |              8 |
|  system_i/processing_system7_0/inst/FCLK_CLK0 | system_i/ZedboardOLED_0/inst/ZedboardOLED_v1_0_S00_AXI_inst/slv_reg5[15]                                                                                    | system_i/ZedboardOLED_0/inst/ZedboardOLED_v1_0_S00_AXI_inst/axi_awready_i_1_n_0                                                        |                2 |              8 |
|  system_i/processing_system7_0/inst/FCLK_CLK0 | system_i/ZedboardOLED_0/inst/ZedboardOLED_v1_0_S00_AXI_inst/slv_reg2[7]                                                                                     | system_i/ZedboardOLED_0/inst/ZedboardOLED_v1_0_S00_AXI_inst/axi_awready_i_1_n_0                                                        |                4 |              8 |
|  system_i/processing_system7_0/inst/FCLK_CLK0 | system_i/ZedboardOLED_0/inst/ZedboardOLED_v1_0_S00_AXI_inst/slv_reg2[15]                                                                                    | system_i/ZedboardOLED_0/inst/ZedboardOLED_v1_0_S00_AXI_inst/axi_awready_i_1_n_0                                                        |                4 |              8 |
|  system_i/processing_system7_0/inst/FCLK_CLK0 | system_i/ZedboardOLED_0/inst/ZedboardOLED_v1_0_S00_AXI_inst/slv_reg2[23]                                                                                    | system_i/ZedboardOLED_0/inst/ZedboardOLED_v1_0_S00_AXI_inst/axi_awready_i_1_n_0                                                        |                2 |              8 |
|  system_i/processing_system7_0/inst/FCLK_CLK0 | system_i/ZedboardOLED_0/inst/ZedboardOLED_v1_0_S00_AXI_inst/slv_reg2[31]                                                                                    | system_i/ZedboardOLED_0/inst/ZedboardOLED_v1_0_S00_AXI_inst/axi_awready_i_1_n_0                                                        |                3 |              8 |
|  system_i/processing_system7_0/inst/FCLK_CLK0 | system_i/ZedboardOLED_0/inst/ZedboardOLED_v1_0_S00_AXI_inst/slv_reg3[7]                                                                                     | system_i/ZedboardOLED_0/inst/ZedboardOLED_v1_0_S00_AXI_inst/axi_awready_i_1_n_0                                                        |                2 |              8 |
|  system_i/processing_system7_0/inst/FCLK_CLK0 | system_i/ZedboardOLED_0/inst/ZedboardOLED_v1_0_S00_AXI_inst/slv_reg3[15]                                                                                    | system_i/ZedboardOLED_0/inst/ZedboardOLED_v1_0_S00_AXI_inst/axi_awready_i_1_n_0                                                        |                2 |              8 |
|  system_i/processing_system7_0/inst/FCLK_CLK0 | system_i/ZedboardOLED_0/inst/ZedboardOLED_v1_0_S00_AXI_inst/slv_reg3[23]                                                                                    | system_i/ZedboardOLED_0/inst/ZedboardOLED_v1_0_S00_AXI_inst/axi_awready_i_1_n_0                                                        |                2 |              8 |
|  system_i/processing_system7_0/inst/FCLK_CLK0 | system_i/ZedboardOLED_0/inst/ZedboardOLED_v1_0_S00_AXI_inst/slv_reg3[31]                                                                                    | system_i/ZedboardOLED_0/inst/ZedboardOLED_v1_0_S00_AXI_inst/axi_awready_i_1_n_0                                                        |                2 |              8 |
|  system_i/processing_system7_0/inst/FCLK_CLK0 | system_i/ZedboardOLED_0/inst/ZedboardOLED_v1_0_S00_AXI_inst/slv_reg4[7]                                                                                     | system_i/ZedboardOLED_0/inst/ZedboardOLED_v1_0_S00_AXI_inst/axi_awready_i_1_n_0                                                        |                3 |              8 |
|  system_i/processing_system7_0/inst/FCLK_CLK0 | system_i/ZedboardOLED_0/inst/ZedboardOLED_v1_0_S00_AXI_inst/slv_reg4[15]                                                                                    | system_i/ZedboardOLED_0/inst/ZedboardOLED_v1_0_S00_AXI_inst/axi_awready_i_1_n_0                                                        |                2 |              8 |
|  system_i/processing_system7_0/inst/FCLK_CLK0 | system_i/ZedboardOLED_0/inst/ZedboardOLED_v1_0_S00_AXI_inst/slv_reg4[23]                                                                                    | system_i/ZedboardOLED_0/inst/ZedboardOLED_v1_0_S00_AXI_inst/axi_awready_i_1_n_0                                                        |                2 |              8 |
|  system_i/processing_system7_0/inst/FCLK_CLK0 | system_i/ZedboardOLED_0/inst/ZedboardOLED_v1_0_S00_AXI_inst/slv_reg4[31]                                                                                    | system_i/ZedboardOLED_0/inst/ZedboardOLED_v1_0_S00_AXI_inst/axi_awready_i_1_n_0                                                        |                2 |              8 |
|  system_i/processing_system7_0/inst/FCLK_CLK0 | system_i/ZedboardOLED_0/inst/ZedboardOLED_v1_0_S00_AXI_inst/slv_reg5[7]                                                                                     | system_i/ZedboardOLED_0/inst/ZedboardOLED_v1_0_S00_AXI_inst/axi_awready_i_1_n_0                                                        |                4 |              8 |
|  system_i/processing_system7_0/inst/FCLK_CLK0 | system_i/ZedboardOLED_0/inst/ZedboardOLED_v1_0_S00_AXI_inst/slv_reg8[31]                                                                                    | system_i/ZedboardOLED_0/inst/ZedboardOLED_v1_0_S00_AXI_inst/axi_awready_i_1_n_0                                                        |                4 |              8 |
|  system_i/processing_system7_0/inst/FCLK_CLK0 | system_i/ZedboardOLED_0/inst/ZedboardOLED_v1_0_S00_AXI_inst/slv_reg5[23]                                                                                    | system_i/ZedboardOLED_0/inst/ZedboardOLED_v1_0_S00_AXI_inst/axi_awready_i_1_n_0                                                        |                3 |              8 |
|  system_i/processing_system7_0/inst/FCLK_CLK0 | system_i/ZedboardOLED_0/inst/ZedboardOLED_v1_0_S00_AXI_inst/slv_reg5[31]                                                                                    | system_i/ZedboardOLED_0/inst/ZedboardOLED_v1_0_S00_AXI_inst/axi_awready_i_1_n_0                                                        |                3 |              8 |
|  system_i/processing_system7_0/inst/FCLK_CLK0 | system_i/ZedboardOLED_0/inst/ZedboardOLED_v1_0_S00_AXI_inst/slv_reg6[7]                                                                                     | system_i/ZedboardOLED_0/inst/ZedboardOLED_v1_0_S00_AXI_inst/axi_awready_i_1_n_0                                                        |                4 |              8 |
|  system_i/processing_system7_0/inst/FCLK_CLK0 | system_i/ZedboardOLED_0/inst/ZedboardOLED_v1_0_S00_AXI_inst/slv_reg6[15]                                                                                    | system_i/ZedboardOLED_0/inst/ZedboardOLED_v1_0_S00_AXI_inst/axi_awready_i_1_n_0                                                        |                3 |              8 |
|  system_i/processing_system7_0/inst/FCLK_CLK0 | system_i/ZedboardOLED_0/inst/ZedboardOLED_v1_0_S00_AXI_inst/slv_reg6[23]                                                                                    | system_i/ZedboardOLED_0/inst/ZedboardOLED_v1_0_S00_AXI_inst/axi_awready_i_1_n_0                                                        |                3 |              8 |
|  system_i/processing_system7_0/inst/FCLK_CLK0 | system_i/ZedboardOLED_0/inst/ZedboardOLED_v1_0_S00_AXI_inst/slv_reg6[31]                                                                                    | system_i/ZedboardOLED_0/inst/ZedboardOLED_v1_0_S00_AXI_inst/axi_awready_i_1_n_0                                                        |                2 |              8 |
|  system_i/processing_system7_0/inst/FCLK_CLK0 | system_i/ZedboardOLED_0/inst/ZedboardOLED_v1_0_S00_AXI_inst/slv_reg7[7]                                                                                     | system_i/ZedboardOLED_0/inst/ZedboardOLED_v1_0_S00_AXI_inst/axi_awready_i_1_n_0                                                        |                2 |              8 |
|  system_i/processing_system7_0/inst/FCLK_CLK0 | system_i/ZedboardOLED_0/inst/ZedboardOLED_v1_0_S00_AXI_inst/slv_reg7[15]                                                                                    | system_i/ZedboardOLED_0/inst/ZedboardOLED_v1_0_S00_AXI_inst/axi_awready_i_1_n_0                                                        |                2 |              8 |
|  system_i/processing_system7_0/inst/FCLK_CLK0 | system_i/ZedboardOLED_0/inst/ZedboardOLED_v1_0_S00_AXI_inst/slv_reg15[7]                                                                                    | system_i/ZedboardOLED_0/inst/ZedboardOLED_v1_0_S00_AXI_inst/axi_awready_i_1_n_0                                                        |                4 |              8 |
|  system_i/processing_system7_0/inst/FCLK_CLK0 | system_i/ZedboardOLED_0/inst/ZedboardOLED_v1_0_S00_AXI_inst/slv_reg7[31]                                                                                    | system_i/ZedboardOLED_0/inst/ZedboardOLED_v1_0_S00_AXI_inst/axi_awready_i_1_n_0                                                        |                5 |              8 |
|  system_i/processing_system7_0/inst/FCLK_CLK0 | system_i/ZedboardOLED_0/inst/ZedboardOLED_v1_0_S00_AXI_inst/slv_reg8[7]                                                                                     | system_i/ZedboardOLED_0/inst/ZedboardOLED_v1_0_S00_AXI_inst/axi_awready_i_1_n_0                                                        |                4 |              8 |
|  system_i/processing_system7_0/inst/FCLK_CLK0 | system_i/ZedboardOLED_0/inst/ZedboardOLED_v1_0_S00_AXI_inst/slv_reg8[15]                                                                                    | system_i/ZedboardOLED_0/inst/ZedboardOLED_v1_0_S00_AXI_inst/axi_awready_i_1_n_0                                                        |                5 |              8 |
|  system_i/processing_system7_0/inst/FCLK_CLK0 | system_i/ZedboardOLED_0/inst/ZedboardOLED_v1_0_S00_AXI_inst/slv_reg8[23]                                                                                    | system_i/ZedboardOLED_0/inst/ZedboardOLED_v1_0_S00_AXI_inst/axi_awready_i_1_n_0                                                        |                3 |              8 |
|  system_i/processing_system7_0/inst/FCLK_CLK0 | system_i/ZedboardOLED_0/inst/ZedboardOLED_v1_0_S00_AXI_inst/slv_reg15[31]                                                                                   | system_i/ZedboardOLED_0/inst/ZedboardOLED_v1_0_S00_AXI_inst/axi_awready_i_1_n_0                                                        |                2 |              8 |
|  system_i/processing_system7_0/inst/FCLK_CLK0 | system_i/ZedboardOLED_0/inst/ZedboardOLED_v1_0_S00_AXI_inst/SPI_COMP/shift_register                                                                         |                                                                                                                                        |                1 |              8 |
|  system_i/processing_system7_0/inst/FCLK_CLK0 | system_i/ps7_0_axi_periph/s00_couplers/auto_pc/inst/gen_axilite.gen_b2s_conv.axilite_b2s/WR.b_channel_0/mhandshake_r                                        | system_i/ps7_0_axi_periph/s00_couplers/auto_pc/inst/gen_axilite.gen_b2s_conv.axilite_b2s/WR.b_channel_0/bid_fifo_0/SR[0]               |                2 |              8 |
|  system_i/processing_system7_0/inst/FCLK_CLK0 | system_i/ps7_0_axi_periph/s00_couplers/auto_pc/inst/gen_axilite.gen_b2s_conv.axilite_b2s/WR.aw_channel_0/aw_cmd_fsm_0/wrap_boundary_axaddr_r_reg[0][0]      |                                                                                                                                        |                4 |              8 |
|  system_i/processing_system7_0/inst/FCLK_CLK0 | system_i/ps7_0_axi_periph/s00_couplers/auto_pc/inst/gen_axilite.gen_b2s_conv.axilite_b2s/WR.aw_channel_0/cmd_translator_0/incr_cmd_0/axaddr_incr[0]_i_1_n_0 |                                                                                                                                        |                2 |              8 |
|  system_i/processing_system7_0/inst/FCLK_CLK0 | system_i/ps7_0_axi_periph/s00_couplers/auto_pc/inst/gen_axilite.gen_b2s_conv.axilite_b2s/RD.ar_channel_0/ar_cmd_fsm_0/axaddr_incr_reg[11]                   |                                                                                                                                        |                2 |              8 |
|  system_i/processing_system7_0/inst/FCLK_CLK0 | system_i/ZedboardOLED_0/inst/ZedboardOLED_v1_0_S00_AXI_inst/slv_reg16[23]_i_1_n_0                                                                           | system_i/ZedboardOLED_0/inst/ZedboardOLED_v1_0_S00_AXI_inst/axi_awready_i_1_n_0                                                        |                2 |              8 |
|  system_i/processing_system7_0/inst/FCLK_CLK0 | system_i/ZedboardOLED_0/inst/ZedboardOLED_v1_0_S00_AXI_inst/slv_reg16[31]_i_1_n_0                                                                           | system_i/ZedboardOLED_0/inst/ZedboardOLED_v1_0_S00_AXI_inst/axi_awready_i_1_n_0                                                        |                2 |              8 |
|  system_i/processing_system7_0/inst/FCLK_CLK0 | system_i/ZedboardOLED_0/inst/ZedboardOLED_v1_0_S00_AXI_inst/slv_reg16[7]_i_1_n_0                                                                            | system_i/ZedboardOLED_0/inst/ZedboardOLED_v1_0_S00_AXI_inst/axi_awready_i_1_n_0                                                        |                2 |              8 |
|  system_i/processing_system7_0/inst/FCLK_CLK0 | system_i/ps7_0_axi_periph/s00_couplers/auto_pc/inst/gen_axilite.gen_b2s_conv.axilite_b2s/RD.ar_channel_0/ar_cmd_fsm_0/E[0]                                  |                                                                                                                                        |                2 |              8 |
|  system_i/processing_system7_0/inst/FCLK_CLK0 | system_i/ZedboardOLED_0/inst/ZedboardOLED_v1_0_S00_AXI_inst/slv_reg16[15]_i_1_n_0                                                                           | system_i/ZedboardOLED_0/inst/ZedboardOLED_v1_0_S00_AXI_inst/axi_awready_i_1_n_0                                                        |                2 |              8 |
|  system_i/processing_system7_0/inst/FCLK_CLK0 | system_i/ZedboardOLED_0/inst/ZedboardOLED_v1_0_S00_AXI_inst/temp_spi_data[7]_i_1_n_0                                                                        |                                                                                                                                        |                4 |              8 |
|  system_i/processing_system7_0/inst/FCLK_CLK0 | system_i/ZedboardOLED_0/inst/ZedboardOLED_v1_0_S00_AXI_inst/slv_reg15[23]                                                                                   | system_i/ZedboardOLED_0/inst/ZedboardOLED_v1_0_S00_AXI_inst/axi_awready_i_1_n_0                                                        |                4 |              8 |
|  system_i/processing_system7_0/inst/FCLK_CLK0 | system_i/ZedboardOLED_0/inst/ZedboardOLED_v1_0_S00_AXI_inst/slv_reg15[15]                                                                                   | system_i/ZedboardOLED_0/inst/ZedboardOLED_v1_0_S00_AXI_inst/axi_awready_i_1_n_0                                                        |                2 |              8 |
|  system_i/processing_system7_0/inst/FCLK_CLK0 | system_i/ZedboardOLED_0/inst/ZedboardOLED_v1_0_S00_AXI_inst/slv_reg12[31]                                                                                   | system_i/ZedboardOLED_0/inst/ZedboardOLED_v1_0_S00_AXI_inst/axi_awready_i_1_n_0                                                        |                3 |              8 |
|  system_i/processing_system7_0/inst/FCLK_CLK0 | system_i/ZedboardOLED_0/inst/ZedboardOLED_v1_0_S00_AXI_inst/slv_reg14[31]                                                                                   | system_i/ZedboardOLED_0/inst/ZedboardOLED_v1_0_S00_AXI_inst/axi_awready_i_1_n_0                                                        |                2 |              8 |
|  system_i/processing_system7_0/inst/FCLK_CLK0 | system_i/ZedboardOLED_0/inst/ZedboardOLED_v1_0_S00_AXI_inst/slv_reg14[23]                                                                                   | system_i/ZedboardOLED_0/inst/ZedboardOLED_v1_0_S00_AXI_inst/axi_awready_i_1_n_0                                                        |                2 |              8 |
|  system_i/processing_system7_0/inst/FCLK_CLK0 | system_i/ZedboardOLED_0/inst/ZedboardOLED_v1_0_S00_AXI_inst/slv_reg14[15]                                                                                   | system_i/ZedboardOLED_0/inst/ZedboardOLED_v1_0_S00_AXI_inst/axi_awready_i_1_n_0                                                        |                1 |              8 |
|  system_i/processing_system7_0/inst/FCLK_CLK0 | system_i/ZedboardOLED_0/inst/ZedboardOLED_v1_0_S00_AXI_inst/slv_reg14[7]                                                                                    | system_i/ZedboardOLED_0/inst/ZedboardOLED_v1_0_S00_AXI_inst/axi_awready_i_1_n_0                                                        |                3 |              8 |
|  system_i/processing_system7_0/inst/FCLK_CLK0 | system_i/ZedboardOLED_0/inst/ZedboardOLED_v1_0_S00_AXI_inst/slv_reg13[31]                                                                                   | system_i/ZedboardOLED_0/inst/ZedboardOLED_v1_0_S00_AXI_inst/axi_awready_i_1_n_0                                                        |                2 |              8 |
|  system_i/processing_system7_0/inst/FCLK_CLK0 | system_i/ZedboardOLED_0/inst/ZedboardOLED_v1_0_S00_AXI_inst/slv_reg13[23]                                                                                   | system_i/ZedboardOLED_0/inst/ZedboardOLED_v1_0_S00_AXI_inst/axi_awready_i_1_n_0                                                        |                1 |              8 |
|  system_i/processing_system7_0/inst/FCLK_CLK0 | system_i/ZedboardOLED_0/inst/ZedboardOLED_v1_0_S00_AXI_inst/slv_reg13[15]                                                                                   | system_i/ZedboardOLED_0/inst/ZedboardOLED_v1_0_S00_AXI_inst/axi_awready_i_1_n_0                                                        |                2 |              8 |
|  system_i/processing_system7_0/inst/FCLK_CLK0 | system_i/ZedboardOLED_0/inst/ZedboardOLED_v1_0_S00_AXI_inst/slv_reg13[7]                                                                                    | system_i/ZedboardOLED_0/inst/ZedboardOLED_v1_0_S00_AXI_inst/axi_awready_i_1_n_0                                                        |                3 |              8 |
|  system_i/processing_system7_0/inst/FCLK_CLK0 |                                                                                                                                                             | system_i/ps7_0_axi_periph/xbar/inst/gen_sasd.crossbar_sasd_0/addr_arbiter_inst/SR[0]                                                   |                5 |              9 |
|  system_i/processing_system7_0/inst/FCLK_CLK0 | system_i/ZedboardOLED_0/inst/ZedboardOLED_v1_0_S00_AXI_inst/after_char_state[94]_i_1_n_0                                                                    |                                                                                                                                        |                6 |             10 |
|  system_i/processing_system7_0/inst/FCLK_CLK0 | system_i/ZedboardOLED_0/inst/ZedboardOLED_v1_0_S00_AXI_inst/temp_addr[10]_i_1_n_0                                                                           |                                                                                                                                        |                4 |             11 |
|  system_i/processing_system7_0/inst/FCLK_CLK0 | system_i/ZedboardOLED_0/inst/ZedboardOLED_v1_0_S00_AXI_inst/temp_page[1]_i_1_n_0                                                                            |                                                                                                                                        |                4 |             12 |
|  system_i/processing_system7_0/inst/FCLK_CLK0 | system_i/ZedboardOLED_0/inst/ZedboardOLED_v1_0_S00_AXI_inst/RST_internal_reg_n_0                                                                            |                                                                                                                                        |                3 |             12 |
|  system_i/processing_system7_0/inst/FCLK_CLK0 | system_i/ZedboardOLED_0/inst/ZedboardOLED_v1_0_S00_AXI_inst/DELAY_COMP/ms_counter                                                                           | system_i/ZedboardOLED_0/inst/ZedboardOLED_v1_0_S00_AXI_inst/DELAY_COMP/current_state[27]_i_2__0_n_0                                    |                3 |             12 |
|  system_i/processing_system7_0/inst/FCLK_CLK0 | system_i/ps7_0_axi_periph/s00_couplers/auto_pc/inst/gen_axilite.gen_b2s_conv.axilite_b2s/RD.r_channel_0/r_push_r                                            |                                                                                                                                        |                4 |             13 |
|  system_i/processing_system7_0/inst/FCLK_CLK0 | system_i/ps7_0_axi_periph/s00_couplers/auto_pc/inst/gen_axilite.gen_b2s_conv.axilite_b2s/SI_REG/b_pipe/skid_buffer_reg[0]_0                                 |                                                                                                                                        |                3 |             14 |
|  system_i/processing_system7_0/inst/FCLK_CLK0 | system_i/ps7_0_axi_periph/s00_couplers/auto_pc/inst/gen_axilite.gen_b2s_conv.axilite_b2s/SI_REG/b_pipe/p_1_in                                               |                                                                                                                                        |                2 |             14 |
|  system_i/processing_system7_0/inst/FCLK_CLK0 | system_i/ps7_0_axi_periph/s00_couplers/auto_pc/inst/gen_axilite.gen_b2s_conv.axilite_b2s/WR.aw_channel_0/aw_cmd_fsm_0/E[0]                                  |                                                                                                                                        |                7 |             16 |
|  system_i/processing_system7_0/inst/FCLK_CLK0 | system_i/ps7_0_axi_periph/s00_couplers/auto_pc/inst/gen_axilite.gen_b2s_conv.axilite_b2s/WR.aw_channel_0/aw_cmd_fsm_0/b_push                                |                                                                                                                                        |                3 |             16 |
|  system_i/processing_system7_0/inst/FCLK_CLK0 | system_i/ps7_0_axi_periph/s00_couplers/auto_pc/inst/gen_axilite.gen_b2s_conv.axilite_b2s/RD.ar_channel_0/ar_cmd_fsm_0/axlen_cnt_reg[3][0]                   |                                                                                                                                        |                7 |             16 |
|  system_i/processing_system7_0/inst/FCLK_CLK0 |                                                                                                                                                             | system_i/ZedboardOLED_0/inst/ZedboardOLED_v1_0_S00_AXI_inst/DELAY_COMP/current_state[27]_i_2__0_n_0                                    |                5 |             17 |
|  system_i/processing_system7_0/inst/FCLK_CLK0 | system_i/ps7_0_axi_periph/xbar/inst/gen_sasd.crossbar_sasd_0/addr_arbiter_inst/p_0_in1_in                                                                   | system_i/ps7_0_axi_periph/xbar/inst/gen_sasd.crossbar_sasd_0/addr_arbiter_inst/SR[0]                                                   |                6 |             21 |
|  system_i/processing_system7_0/inst/FCLK_CLK0 | system_i/ps7_0_axi_periph/xbar/inst/gen_sasd.crossbar_sasd_0/reg_slice_r/aa_rready                                                                          | system_i/ps7_0_axi_periph/xbar/inst/gen_sasd.crossbar_sasd_0/reg_slice_r/skid_buffer[34]_i_1_n_0                                       |                7 |             32 |
|  system_i/processing_system7_0/inst/FCLK_CLK0 | system_i/ZedboardOLED_0/inst/ZedboardOLED_v1_0_S00_AXI_inst/slv_reg_rden                                                                                    | system_i/ZedboardOLED_0/inst/ZedboardOLED_v1_0_S00_AXI_inst/axi_awready_i_1_n_0                                                        |                9 |             32 |
|  system_i/processing_system7_0/inst/FCLK_CLK0 | system_i/ps7_0_axi_periph/s00_couplers/auto_pc/inst/gen_axilite.gen_b2s_conv.axilite_b2s/RD.r_channel_0/rd_data_fifo_0/wr_en0                               |                                                                                                                                        |                9 |             34 |
|  system_i/processing_system7_0/inst/FCLK_CLK0 | system_i/ps7_0_axi_periph/xbar/inst/gen_sasd.crossbar_sasd_0/addr_arbiter_inst/E[0]                                                                         |                                                                                                                                        |               10 |             35 |
|  system_i/processing_system7_0/inst/FCLK_CLK0 | system_i/ps7_0_axi_periph/s00_couplers/auto_pc/inst/gen_axilite.gen_b2s_conv.axilite_b2s/WR.aw_channel_0/aw_cmd_fsm_0/m_payload_i_reg[0][0]                 |                                                                                                                                        |                8 |             44 |
|  system_i/processing_system7_0/inst/FCLK_CLK0 | system_i/ps7_0_axi_periph/s00_couplers/auto_pc/inst/gen_axilite.gen_b2s_conv.axilite_b2s/RD.ar_channel_0/ar_cmd_fsm_0/m_payload_i_reg[0]_1[0]               |                                                                                                                                        |                8 |             44 |
|  system_i/processing_system7_0/inst/FCLK_CLK0 | system_i/ps7_0_axi_periph/s00_couplers/auto_pc/inst/gen_axilite.gen_b2s_conv.axilite_b2s/SI_REG/ar_pipe/s_axi_arready                                       |                                                                                                                                        |                6 |             44 |
|  system_i/processing_system7_0/inst/FCLK_CLK0 | system_i/ps7_0_axi_periph/s00_couplers/auto_pc/inst/gen_axilite.gen_b2s_conv.axilite_b2s/SI_REG/aw_pipe/s_axi_awready                                       |                                                                                                                                        |                7 |             44 |
|  system_i/processing_system7_0/inst/FCLK_CLK0 | system_i/ps7_0_axi_periph/s00_couplers/auto_pc/inst/gen_axilite.gen_b2s_conv.axilite_b2s/SI_REG/r_pipe/skid_buffer_reg[0]_0                                 |                                                                                                                                        |                8 |             47 |
|  system_i/processing_system7_0/inst/FCLK_CLK0 | system_i/ps7_0_axi_periph/s00_couplers/auto_pc/inst/gen_axilite.gen_b2s_conv.axilite_b2s/SI_REG/r_pipe/p_1_in                                               |                                                                                                                                        |                7 |             47 |
|  system_i/processing_system7_0/inst/FCLK_CLK0 |                                                                                                                                                             | system_i/ps7_0_axi_periph/s00_couplers/auto_pc/inst/gen_axilite.gen_b2s_conv.axilite_b2s/areset_d1                                     |               12 |             57 |
|  system_i/processing_system7_0/inst/FCLK_CLK0 | system_i/ZedboardOLED_0/inst/ZedboardOLED_v1_0_S00_AXI_inst/after_state[102]_i_1_n_0                                                                        |                                                                                                                                        |               42 |             67 |
|  system_i/processing_system7_0/inst/FCLK_CLK0 | system_i/ZedboardOLED_0/inst/ZedboardOLED_v1_0_S00_AXI_inst/DELAY_COMP/current_state_reg[9]_rep__1                                                          | system_i/ZedboardOLED_0/inst/ZedboardOLED_v1_0_S00_AXI_inst/RST_internal_reg_n_0                                                       |               42 |             85 |
|  system_i/processing_system7_0/inst/FCLK_CLK0 |                                                                                                                                                             |                                                                                                                                        |               46 |            135 |
|  system_i/processing_system7_0/inst/FCLK_CLK0 | system_i/ZedboardOLED_0/inst/ZedboardOLED_v1_0_S00_AXI_inst/current_screen[3][0][7]_i_2_n_0                                                                 | system_i/ZedboardOLED_0/inst/ZedboardOLED_v1_0_S00_AXI_inst/current_screen[3][0][7]_i_1_n_0                                            |              100 |            512 |
+-----------------------------------------------+-------------------------------------------------------------------------------------------------------------------------------------------------------------+----------------------------------------------------------------------------------------------------------------------------------------+------------------+----------------+


+--------+-----------------------+
| Fanout | Number of ControlSets |
+--------+-----------------------+
| 2      |                     1 |
| 4      |                     6 |
| 5      |                     8 |
| 6      |                     2 |
| 8      |                    75 |
| 9      |                     1 |
| 10     |                     1 |
| 11     |                     1 |
| 12     |                     3 |
| 13     |                     1 |
| 14     |                     2 |
| 16+    |                    20 |
+--------+-----------------------+


